Running "module reset". Resetting modules to system default. The following $MODULEPATH directories have been removed: None
A conda environment has been detected CONDA_PREFIX=
/u/avroy/.conda/envs/toptagger_env 
anaconda3_gpu is loaded. Consider running conda deactivate and reloading it.

Currently Loaded Modules:
  1) cue-login-env/1.0   4) gcc/11.2.0    7) openmpi/4.1.2
  2) default             5) cuda/11.6.1   8) cudnn/8.4.1.50
  3) modtree/gpu         6) ucx/1.11.2    9) anaconda3_gpu/4.13.0

 

/u/avroy/UQ_XAI_Studies/models/PFIN_UQ/model/jobsub
total 192K
-rw-rw----+ 1 avroy delta_bbhj  925 Mar 31 16:58 jobsubmitter_dummy.py
-rw-rw----+ 1 avroy delta_bbhj  15K May 18 13:59 jobsubmitter.py
-rw-rw----+ 1 avroy delta_bbhj 1.1K May 18 14:02 UQPFIN-run-JNqgmerged_0.1_baseline.slurm
-rw-rw----+ 1 avroy delta_bbhj 1.1K May 18 14:02 UQPFIN-run-JNqgmerged_0.1_skiptop.slurm
-rw-rw----+ 1 avroy delta_bbhj 1.1K May 18 14:02 UQPFIN-run-JNqgmerged_0.1_skipwz.slurm
-rw-rw----+ 1 avroy delta_bbhj 1.1K May 18 14:02 UQPFIN-run-JNqgmerged_0_baseline.slurm
-rw-rw----+ 1 avroy delta_bbhj 1.1K May 18 14:02 UQPFIN-run-JNqgmerged_0_skiptop.slurm
-rw-rw----+ 1 avroy delta_bbhj 1.1K May 18 14:02 UQPFIN-run-JNqgmerged_0_skipwz.slurm
-rw-rw----+ 1 avroy delta_bbhj 1.1K May 18 14:02 UQPFIN-run-JNqgmerged_nominal_baseline.slurm
-rw-rw----+ 1 avroy delta_bbhj 1.1K May 18 14:02 UQPFIN-run-JNqgmerged_nominal_skiptop.slurm
-rw-rw----+ 1 avroy delta_bbhj 1.1K May 18 14:02 UQPFIN-run-JNqgmerged_nominal_skipwz.slurm
-rw-rw----+ 1 avroy delta_bbhj 1.1K May 18 14:02 UQPFIN-run-JNqgmerged_softmax_baseline_0.slurm
-rw-rw----+ 1 avroy delta_bbhj 1.1K May 18 14:02 UQPFIN-run-JNqgmerged_softmax_baseline_1.slurm
-rw-rw----+ 1 avroy delta_bbhj 1.1K May 18 14:02 UQPFIN-run-JNqgmerged_softmax_baseline_2.slurm
-rw-rw----+ 1 avroy delta_bbhj 1.1K May 18 14:02 UQPFIN-run-JNqgmerged_softmax_baseline_3.slurm
-rw-rw----+ 1 avroy delta_bbhj 1.1K May 18 14:02 UQPFIN-run-JNqgmerged_softmax_baseline_4.slurm
-rw-rw----+ 1 avroy delta_bbhj 1.1K May 18 14:02 UQPFIN-run-JNqgmerged_softmax_baseline_5.slurm
-rw-rw----+ 1 avroy delta_bbhj 1.1K May 18 14:02 UQPFIN-run-JNqgmerged_softmax_baseline_6.slurm
-rw-rw----+ 1 avroy delta_bbhj 1.1K May 18 14:02 UQPFIN-run-JNqgmerged_softmax_baseline_7.slurm
-rw-rw----+ 1 avroy delta_bbhj 1.1K May 18 14:02 UQPFIN-run-JNqgmerged_softmax_baseline_8.slurm
-rw-rw----+ 1 avroy delta_bbhj 1.1K May 18 14:02 UQPFIN-run-JNqgmerged_softmax_baseline_9.slurm
-rw-rw----+ 1 avroy delta_bbhj 1.2K May 18 14:02 UQPFIN-run-JNqgmerged_softmax_dropout_baseline.slurm
-rw-rw----+ 1 avroy delta_bbhj 1.2K May 18 14:02 UQPFIN-run-JNqgmerged_softmax_dropout_skiptop.slurm
-rw-rw----+ 1 avroy delta_bbhj 1.2K May 18 14:02 UQPFIN-run-JNqgmerged_softmax_dropout_skipwz.slurm
-rw-rw----+ 1 avroy delta_bbhj 1.1K May 18 14:02 UQPFIN-run-JNqgmerged_softmax_skiptop_0.slurm
-rw-rw----+ 1 avroy delta_bbhj 1.1K May 18 14:02 UQPFIN-run-JNqgmerged_softmax_skiptop_1.slurm
-rw-rw----+ 1 avroy delta_bbhj 1.1K May 18 14:02 UQPFIN-run-JNqgmerged_softmax_skiptop_2.slurm
-rw-rw----+ 1 avroy delta_bbhj 1.1K May 18 14:02 UQPFIN-run-JNqgmerged_softmax_skiptop_3.slurm
-rw-rw----+ 1 avroy delta_bbhj 1.1K May 18 14:02 UQPFIN-run-JNqgmerged_softmax_skiptop_4.slurm
-rw-rw----+ 1 avroy delta_bbhj 1.1K May 18 14:02 UQPFIN-run-JNqgmerged_softmax_skiptop_5.slurm
-rw-rw----+ 1 avroy delta_bbhj 1.1K May 18 14:02 UQPFIN-run-JNqgmerged_softmax_skiptop_6.slurm
-rw-rw----+ 1 avroy delta_bbhj 1.1K May 18 14:02 UQPFIN-run-JNqgmerged_softmax_skiptop_7.slurm
-rw-rw----+ 1 avroy delta_bbhj 1.1K May 18 14:02 UQPFIN-run-JNqgmerged_softmax_skiptop_8.slurm
-rw-rw----+ 1 avroy delta_bbhj 1.1K May 18 14:02 UQPFIN-run-JNqgmerged_softmax_skiptop_9.slurm
-rw-rw----+ 1 avroy delta_bbhj 1.1K May 18 14:02 UQPFIN-run-JNqgmerged_softmax_skipwz_0.slurm
-rw-rw----+ 1 avroy delta_bbhj 1.1K May 18 14:02 UQPFIN-run-JNqgmerged_softmax_skipwz_1.slurm
-rw-rw----+ 1 avroy delta_bbhj 1.1K May 18 14:02 UQPFIN-run-JNqgmerged_softmax_skipwz_2.slurm
-rw-rw----+ 1 avroy delta_bbhj 1.1K May 18 14:02 UQPFIN-run-JNqgmerged_softmax_skipwz_3.slurm
-rw-rw----+ 1 avroy delta_bbhj 1.1K May 18 14:02 UQPFIN-run-JNqgmerged_softmax_skipwz_4.slurm
-rw-rw----+ 1 avroy delta_bbhj 1.1K May 18 14:02 UQPFIN-run-JNqgmerged_softmax_skipwz_5.slurm
-rw-rw----+ 1 avroy delta_bbhj 1.1K May 18 14:02 UQPFIN-run-JNqgmerged_softmax_skipwz_6.slurm
-rw-rw----+ 1 avroy delta_bbhj 1.1K May 18 14:02 UQPFIN-run-JNqgmerged_softmax_skipwz_7.slurm
-rw-rw----+ 1 avroy delta_bbhj 1.1K May 18 14:02 UQPFIN-run-JNqgmerged_softmax_skipwz_8.slurm
-rw-rw----+ 1 avroy delta_bbhj 1.1K May 18 14:02 UQPFIN-run-JNqgmerged_softmax_skipwz_9.slurm
-rw-------+ 1 avroy delta_bbhj  969 May 15 09:44 UQPFIN-run.slurm
/projects/bbhj/avroy/UQ_XAI_Studies/models/PFIN_UQ/model
total 132K
drwxr-s---+ 2 avroy delta_bbhj  12K May 18 18:09 jobouts
drwxr-s---+ 2 avroy delta_bbhj 4.0K May 18 14:02 jobsub
-rw-rw----+ 1 avroy delta_bbhj 8.4K May 15 14:46 PFINDataset.py
drwxrws---+ 2 avroy delta_bbhj 4.0K May 18 09:47 __pycache__
drwxrws---+ 2 avroy delta_bbhj  12K May 18 18:07 trained_model_dicts
drwxr-s---+ 2 avroy delta_bbhj 4.0K Mar 31 15:09 trained_model_dicts_old
drwxrws---+ 2 avroy delta_bbhj  20K May 18 18:09 trained_models
drwxr-s---+ 2 avroy delta_bbhj 4.0K Mar 31 15:10 trained_models_old
-rw-rw----+ 1 avroy delta_bbhj  23K May 18 15:52 train_mod.py
-rw-rw----+ 1 avroy delta_bbhj  20K May 18 13:50 train.py
-rw-rw----+ 1 avroy delta_bbhj  13K May  5 09:36 UQPFIN.py
job is starting on gpua014.delta.ncsa.illinois.edu
# conda environments:
#
base                     /sw/external/python/anaconda3
toptagger_env         *  /u/avroy/.conda/envs/toptagger_env

/sw/external/python/anaconda3_gpu/bin/python
==========================================================================================
Layer (type:depth-idx)                   Output Shape              Param #
==========================================================================================
UQPFIN                                   [1, 3]                    --
├─Sequential: 1-1                        [30, 64]                  --
│    └─Sequential: 2-1                   [30, 100]                 --
│    │    └─Linear: 3-1                  [30, 100]                 400
│    │    └─ReLU: 3-2                    [30, 100]                 --
│    └─Sequential: 2-2                   [30, 100]                 --
│    │    └─Linear: 3-3                  [30, 100]                 10,100
│    │    └─ReLU: 3-4                    [30, 100]                 --
│    └─Sequential: 2-3                   [30, 64]                  --
│    │    └─Linear: 3-5                  [30, 64]                  6,464
│    │    └─ReLU: 3-6                    [30, 64]                  --
├─Sequential: 1-2                        [435, 64]                 --
│    └─Sequential: 2-4                   [435, 128]                --
│    │    └─Linear: 3-7                  [435, 128]                640
│    │    └─ReLU: 3-8                    [435, 128]                --
│    └─Sequential: 2-5                   [435, 128]                --
│    │    └─Linear: 3-9                  [435, 128]                16,512
│    │    └─ReLU: 3-10                   [435, 128]                --
│    └─Sequential: 2-6                   [435, 64]                 --
│    │    └─Linear: 3-11                 [435, 64]                 8,256
│    │    └─ReLU: 3-12                   [435, 64]                 --
├─Sequential: 1-3                        [30, 64]                  --
│    └─Sequential: 2-7                   [30, 128]                 --
│    │    └─Linear: 3-13                 [30, 128]                 8,704
│    │    └─ReLU: 3-14                   [30, 128]                 --
│    └─Sequential: 2-8                   [30, 128]                 --
│    │    └─Linear: 3-15                 [30, 128]                 16,512
│    │    └─ReLU: 3-16                   [30, 128]                 --
│    └─Sequential: 2-9                   [30, 64]                  --
│    │    └─Linear: 3-17                 [30, 64]                  8,256
│    │    └─ReLU: 3-18                   [30, 64]                  --
├─Sequential: 1-4                        [1, 3]                    --
│    └─Sequential: 2-10                  [1, 64]                   --
│    │    └─Linear: 3-19                 [1, 64]                   4,160
│    │    └─ReLU: 3-20                   [1, 64]                   --
│    └─Sequential: 2-11                  [1, 100]                  --
│    │    └─Linear: 3-21                 [1, 100]                  6,500
│    │    └─ReLU: 3-22                   [1, 100]                  --
│    └─Sequential: 2-12                  [1, 100]                  --
│    │    └─Linear: 3-23                 [1, 100]                  10,100
│    │    └─ReLU: 3-24                   [1, 100]                  --
│    └─Linear: 2-13                      [1, 3]                    303
│    └─ReLU: 2-14                        [1, 3]                    --
==========================================================================================
Total params: 96,907
Trainable params: 96,907
Non-trainable params: 0
Total mult-adds (M): 12.59
==========================================================================================
Input size (MB): 0.00
Forward/backward pass size (MB): 1.26
Params size (MB): 0.39
Estimated Total Size (MB): 1.64
==========================================================================================
data type:  JNqgmerged
m_logic, pt_logic, eta_logic:  AND AND AND
m1, m2, pt1, pt2, eta1, eta2:  0.0 10000.0 0.0 10000.0 -6.0 6.0
skip labels:  [1]
classes:  3
Epoch 0
Best Validation Accuracy: 0
Current Validation Accuracy: 0.5615743138270326
Current Validation Loss: 0.0029474163772662387
Saving best model based on accuracy
Epoch 1
Best Validation Accuracy: 0.5615743138270326
Current Validation Accuracy: 0.5779483075184784
Current Validation Loss: 0.0027401380597644313
Saving best model based on accuracy
Epoch 2
Best Validation Accuracy: 0.5779483075184784
Current Validation Accuracy: 0.560077209170943
Current Validation Loss: 0.0027250463141149555
Epoch 3
Best Validation Accuracy: 0.5779483075184784
Current Validation Accuracy: 0.5815922037568853
Current Validation Loss: 0.0025678983912012917
Saving best model based on accuracy
Epoch 4
Best Validation Accuracy: 0.5815922037568853
Current Validation Accuracy: 0.5882491408125794
Current Validation Loss: 0.0025318203282880445
Saving best model based on accuracy
Epoch 5
Best Validation Accuracy: 0.5882491408125794
Current Validation Accuracy: 0.5947554258274093
Current Validation Loss: 0.0026306779089073223
Saving best model based on accuracy
Epoch 6
Best Validation Accuracy: 0.5947554258274093
Current Validation Accuracy: 0.8494044536509581
Current Validation Loss: 0.0015553812252802283
Saving best model based on accuracy
Epoch 7
Best Validation Accuracy: 0.8494044536509581
Current Validation Accuracy: 0.8463819970811167
Current Validation Loss: 0.0015608648089645081
Epoch 8
Best Validation Accuracy: 0.8494044536509581
Current Validation Accuracy: 0.8307424320888847
Current Validation Loss: 0.0016758889157715605
Epoch 9
Best Validation Accuracy: 0.8494044536509581
Current Validation Accuracy: 0.8578127206817004
Current Validation Loss: 0.0014386874692127207
Saving best model based on accuracy
Epoch 10
Best Validation Accuracy: 0.8578127206817004
Current Validation Accuracy: 0.8570217974671626
Current Validation Loss: 0.001448691592794102
Epoch 11
Best Validation Accuracy: 0.8578127206817004
Current Validation Accuracy: 0.8556847606044913
Current Validation Loss: 0.0014474348180133865
Epoch 12
Best Validation Accuracy: 0.8578127206817004
Current Validation Accuracy: 0.8639612070994774
Current Validation Loss: 0.0013684187624437773
Saving best model based on accuracy
Epoch 13
Best Validation Accuracy: 0.8639612070994774
Current Validation Accuracy: 0.8588013746998728
Current Validation Loss: 0.0014223676957258436
Epoch 14
Best Validation Accuracy: 0.8639612070994774
Current Validation Accuracy: 0.8671343157101832
Current Validation Loss: 0.0013454091544149286
Saving best model based on accuracy
Epoch 15
Best Validation Accuracy: 0.8671343157101832
Current Validation Accuracy: 0.8548373428746292
Current Validation Loss: 0.0014565441085201138
Epoch 16
Best Validation Accuracy: 0.8671343157101832
Current Validation Accuracy: 0.8628689798032108
Current Validation Loss: 0.0013659789367649472
Epoch 17
Best Validation Accuracy: 0.8671343157101832
Current Validation Accuracy: 0.8640647803775717
Current Validation Loss: 0.0013610302085880056
Epoch 18
Best Validation Accuracy: 0.8671343157101832
Current Validation Accuracy: 0.8693281860552705
Current Validation Loss: 0.0013143024575737797
Saving best model based on accuracy
Epoch 19
Best Validation Accuracy: 0.8693281860552705
Current Validation Accuracy: 0.8608728402617579
Current Validation Loss: 0.0013859915707240553
Epoch 20
Best Validation Accuracy: 0.8693281860552705
Current Validation Accuracy: 0.8636410715126407
Current Validation Loss: 0.0013651356185920987
Epoch 21
Best Validation Accuracy: 0.8693281860552705
Current Validation Accuracy: 0.8660985829292406
Current Validation Loss: 0.00133023205326414
Epoch 22
Best Validation Accuracy: 0.8693281860552705
Current Validation Accuracy: 0.86417776940822
Current Validation Loss: 0.0013541615563234554
Epoch 23
Best Validation Accuracy: 0.8693281860552705
Current Validation Accuracy: 0.8678404971517348
Current Validation Loss: 0.0013155982495308327
Epoch 24
Best Validation Accuracy: 0.8693281860552705
Current Validation Accuracy: 0.8648462878395555
Current Validation Loss: 0.0013434619028562318
Epoch 25
Best Validation Accuracy: 0.8693281860552705
Current Validation Accuracy: 0.866249234970105
Current Validation Loss: 0.0013259756586701064
Epoch 26
Best Validation Accuracy: 0.8693281860552705
Current Validation Accuracy: 0.8691775340144061
Current Validation Loss: 0.0013037311691813794
Epoch 27
Best Validation Accuracy: 0.8693281860552705
Current Validation Accuracy: 0.865834941857728
Current Validation Loss: 0.0013295141783010252
Epoch 28
Best Validation Accuracy: 0.8693281860552705
Current Validation Accuracy: 0.8675391930700062
Current Validation Loss: 0.0013156224947674768
Epoch 29
Best Validation Accuracy: 0.8693281860552705
Current Validation Accuracy: 0.8707123016807118
Current Validation Loss: 0.0012856204176873991
Saving best model based on accuracy
Epoch 30
Best Validation Accuracy: 0.8707123016807118
Current Validation Accuracy: 0.8686690833764888
Current Validation Loss: 0.001310422199408071
Epoch 31
Best Validation Accuracy: 0.8707123016807118
Current Validation Accuracy: 0.8700061202391601
Current Validation Loss: 0.0012869570009856905
Epoch 32
Best Validation Accuracy: 0.8707123016807118
Current Validation Accuracy: 0.8691963655195142
Current Validation Loss: 0.0013009107222042315
Epoch 33
Best Validation Accuracy: 0.8707123016807118
Current Validation Accuracy: 0.854319476484158
Current Validation Loss: 0.0014594766298237675
Epoch 34
Best Validation Accuracy: 0.8707123016807118
Current Validation Accuracy: 0.8703827503413211
Current Validation Loss: 0.0012848660291619042
Epoch 35
Best Validation Accuracy: 0.8707123016807118
Current Validation Accuracy: 0.8691210394990819
Current Validation Loss: 0.0012994726735102884
Epoch 36
Best Validation Accuracy: 0.8707123016807118
Current Validation Accuracy: 0.8718045289769785
Current Validation Loss: 0.001272025767942308
Saving best model based on accuracy
Epoch 37
Best Validation Accuracy: 0.8718045289769785
Current Validation Accuracy: 0.8551857257191281
Current Validation Loss: 0.001418897231348793
Epoch 38
Best Validation Accuracy: 0.8718045289769785
Current Validation Accuracy: 0.8721529118214774
Current Validation Loss: 0.0012629249566670252
Saving best model based on accuracy
Epoch 39
Best Validation Accuracy: 0.8721529118214774
Current Validation Accuracy: 0.8721623275740313
Current Validation Loss: 0.0012598783456865585
Validation Accuracy has not changed much, will stop in 4 epochs if this continues
Saving best model based on accuracy
Epoch 40
Best Validation Accuracy: 0.8721623275740313
Current Validation Accuracy: 0.8685278470881785
Current Validation Loss: 0.001300518170295869
Epoch 41
Best Validation Accuracy: 0.8721623275740313
Current Validation Accuracy: 0.8746951650110635
Current Validation Loss: 0.0012424306843606414
Saving best model based on accuracy
Epoch 42
Best Validation Accuracy: 0.8746951650110635
Current Validation Accuracy: 0.8694694223435808
Current Validation Loss: 0.001293123256104527
Epoch 43
Best Validation Accuracy: 0.8746951650110635
Current Validation Accuracy: 0.8738665787863095
Current Validation Loss: 0.001246989263714182
Epoch 44
Best Validation Accuracy: 0.8746951650110635
Current Validation Accuracy: 0.8714561461324797
Current Validation Loss: 0.0012675570481117935
Epoch 45
Best Validation Accuracy: 0.8746951650110635
Current Validation Accuracy: 0.8697613106727555
Current Validation Loss: 0.0012854811194353726
Epoch 46
Best Validation Accuracy: 0.8746951650110635
Current Validation Accuracy: 0.8632173626477097
Current Validation Loss: 0.0013499758552906682
Epoch 47
Best Validation Accuracy: 0.8746951650110635
Current Validation Accuracy: 0.8745539287227532
Current Validation Loss: 0.0012410607389752506
Epoch 48
Best Validation Accuracy: 0.8746951650110635
Current Validation Accuracy: 0.8655430535285533
Current Validation Loss: 0.0013356740412349098
Epoch 49
Best Validation Accuracy: 0.8746951650110635
Current Validation Accuracy: 0.8693093545501624
Current Validation Loss: 0.0012854843966946651
Epoch 50
Best Validation Accuracy: 0.8746951650110635
Current Validation Accuracy: 0.8723223953674497
Current Validation Loss: 0.0012548228429482991
Epoch 51
Best Validation Accuracy: 0.8746951650110635
Current Validation Accuracy: 0.8685843416035026
Current Validation Loss: 0.0012929439717253679
Epoch 52
Best Validation Accuracy: 0.8746951650110635
Current Validation Accuracy: 0.8756461560190199
Current Validation Loss: 0.0012331240770422937
Saving best model based on accuracy
Epoch 53
Best Validation Accuracy: 0.8756461560190199
Current Validation Accuracy: 0.8658066946000659
Current Validation Loss: 0.001328294285385012
Epoch 54
Best Validation Accuracy: 0.8756461560190199
Current Validation Accuracy: 0.8681982957487877
Current Validation Loss: 0.001297112781291212
Epoch 55
Best Validation Accuracy: 0.8756461560190199
Current Validation Accuracy: 0.8745539287227532
Current Validation Loss: 0.0012427165062547285
Epoch 56
Best Validation Accuracy: 0.8756461560190199
Current Validation Accuracy: 0.8684995998305165
Current Validation Loss: 0.0012957487321103127
Epoch 57
Best Validation Accuracy: 0.8756461560190199
Current Validation Accuracy: 0.8743467821665647
Current Validation Loss: 0.0012423861249008061
Epoch 58
Best Validation Accuracy: 0.8756461560190199
Current Validation Accuracy: 0.8683677792947602
Current Validation Loss: 0.0012966451618632243
Epoch 59
Best Validation Accuracy: 0.8756461560190199
Current Validation Accuracy: 0.8595169718939786
Current Validation Loss: 0.0013803391263880168
Epoch 60
Best Validation Accuracy: 0.8756461560190199
Current Validation Accuracy: 0.8718610234923027
Current Validation Loss: 0.0012614889468947382
Epoch 61
Best Validation Accuracy: 0.8756461560190199
Current Validation Accuracy: 0.8682171272538958
Current Validation Loss: 0.0012990031962250817
Epoch 62
Best Validation Accuracy: 0.8756461560190199
Current Validation Accuracy: 0.8709476954945624
Current Validation Loss: 0.001276257622938451
Epoch 63
Best Validation Accuracy: 0.8756461560190199
Current Validation Accuracy: 0.8735841062096888
Current Validation Loss: 0.0012498059112144209
Epoch 64
Best Validation Accuracy: 0.8756461560190199
Current Validation Accuracy: 0.8733298808907302
Current Validation Loss: 0.0012521658380188392
Epoch 65
Best Validation Accuracy: 0.8756461560190199
Current Validation Accuracy: 0.8743091191563486
Current Validation Loss: 0.0012388894487631692
Epoch 66
Best Validation Accuracy: 0.8756461560190199
Current Validation Accuracy: 0.8702415140530106
Current Validation Loss: 0.0012852975045224322
Epoch 67
Best Validation Accuracy: 0.8756461560190199
Current Validation Accuracy: 0.872830846005367
Current Validation Loss: 0.0012503936171930146
Epoch 68
Best Validation Accuracy: 0.8756461560190199
Current Validation Accuracy: 0.865448896003013
Current Validation Loss: 0.001332493080161654
Epoch 69
Best Validation Accuracy: 0.8756461560190199
Current Validation Accuracy: 0.8755237512358175
Current Validation Loss: 0.0012265106922410246
Epoch 70
Best Validation Accuracy: 0.8756461560190199
Current Validation Accuracy: 0.8719081022550728
Current Validation Loss: 0.001259421220349253
Epoch 71
Best Validation Accuracy: 0.8756461560190199
Current Validation Accuracy: 0.8704298291040912
Current Validation Loss: 0.0012748953707221202
Epoch 72
Best Validation Accuracy: 0.8756461560190199
Current Validation Accuracy: 0.8738195000235394
Current Validation Loss: 0.001246131301139473
Epoch 73
Best Validation Accuracy: 0.8756461560190199
Current Validation Accuracy: 0.8737159267454452
Current Validation Loss: 0.0012459628306777176
Epoch 74
Best Validation Accuracy: 0.8756461560190199
Current Validation Accuracy: 0.8741113883527141
Current Validation Loss: 0.001244855446895409
Epoch 75
Best Validation Accuracy: 0.8756461560190199
Current Validation Accuracy: 0.8762205169248152
Current Validation Loss: 0.0012212163025834154
Saving best model based on accuracy
Epoch 76
Best Validation Accuracy: 0.8762205169248152
Current Validation Accuracy: 0.8767383833152865
Current Validation Loss: 0.001213912115074148
Saving best model based on accuracy
Epoch 77
Best Validation Accuracy: 0.8767383833152865
Current Validation Accuracy: 0.8711077632879808
Current Validation Loss: 0.0012752303058361078
Epoch 78
Best Validation Accuracy: 0.8767383833152865
Current Validation Accuracy: 0.8748081540417117
Current Validation Loss: 0.0012353214816428427
Epoch 79
Best Validation Accuracy: 0.8767383833152865
Current Validation Accuracy: 0.8735935219622428
Current Validation Loss: 0.0012536433430457934
Epoch 80
Best Validation Accuracy: 0.8767383833152865
Current Validation Accuracy: 0.8737818370133232
Current Validation Loss: 0.0012476155178273367
Epoch 81
Best Validation Accuracy: 0.8767383833152865
Current Validation Accuracy: 0.8750341321030083
Current Validation Loss: 0.0012288577604538517
Epoch 82
Best Validation Accuracy: 0.8767383833152865
Current Validation Accuracy: 0.8774539805093922
Current Validation Loss: 0.0012107845829523282
Saving best model based on accuracy
Epoch 83
Best Validation Accuracy: 0.8774539805093922
Current Validation Accuracy: 0.8718045289769785
Current Validation Loss: 0.0012606483576667158
Epoch 84
Best Validation Accuracy: 0.8774539805093922
Current Validation Accuracy: 0.874092556847606
Current Validation Loss: 0.0012446058532521694
Epoch 85
Best Validation Accuracy: 0.8774539805093922
Current Validation Accuracy: 0.8759286285956405
Current Validation Loss: 0.0012244220224119817
Epoch 86
Best Validation Accuracy: 0.8774539805093922
Current Validation Accuracy: 0.8758250553175463
Current Validation Loss: 0.0012238187441902866
Epoch 87
Best Validation Accuracy: 0.8774539805093922
Current Validation Accuracy: 0.8726236994491785
Current Validation Loss: 0.0012558623489633824
Epoch 88
Best Validation Accuracy: 0.8774539805093922
Current Validation Accuracy: 0.8750435478555624
Current Validation Loss: 0.0012330851516258491
Epoch 89
Best Validation Accuracy: 0.8774539805093922
Current Validation Accuracy: 0.8726613624593945
Current Validation Loss: 0.0012528943612685418
Epoch 90
Best Validation Accuracy: 0.8774539805093922
Current Validation Accuracy: 0.8767101360576244
Current Validation Loss: 0.0012234063576935857
Epoch 91
Best Validation Accuracy: 0.8774539805093922
Current Validation Accuracy: 0.8764747422437739
Current Validation Loss: 0.0012232219542629116
Epoch 92
Best Validation Accuracy: 0.8774539805093922
Current Validation Accuracy: 0.8771244291700014
Current Validation Loss: 0.0012169879579643965
Epoch 93
Best Validation Accuracy: 0.8774539805093922
Current Validation Accuracy: 0.8739324890541876
Current Validation Loss: 0.0012452451298339102
Epoch 94
Best Validation Accuracy: 0.8774539805093922
Current Validation Accuracy: 0.8730474083141095
Current Validation Loss: 0.0012509365596372099
Epoch 95
Best Validation Accuracy: 0.8774539805093922
Current Validation Accuracy: 0.8758533025752083
Current Validation Loss: 0.0012255717338823587
Epoch 96
Best Validation Accuracy: 0.8774539805093922
Current Validation Accuracy: 0.874892895814698
Current Validation Loss: 0.0012357695686307018
Epoch 97
Best Validation Accuracy: 0.8774539805093922
Current Validation Accuracy: 0.8742149616308084
Current Validation Loss: 0.0012456682011668199
Epoch 98
Best Validation Accuracy: 0.8774539805093922
Current Validation Accuracy: 0.8767666305729486
Current Validation Loss: 0.001216407240469753
Epoch 99
[[7.78858795e+01 0.00000000e+00 0.00000000e+00]
 [0.00000000e+00 0.00000000e+00 1.47966492e+02]
 [9.43915081e+00 0.00000000e+00 0.00000000e+00]
 [0.00000000e+00 1.08837051e+02 0.00000000e+00]
 [0.00000000e+00 4.80232716e+00 1.61283687e-01]
 [0.00000000e+00 1.14973457e+02 0.00000000e+00]
 [5.18698883e+00 0.00000000e+00 0.00000000e+00]
 [5.52776957e+00 0.00000000e+00 0.00000000e+00]
 [0.00000000e+00 0.00000000e+00 1.04597885e+02]
 [0.00000000e+00 1.25092216e+02 0.00000000e+00]
 [0.00000000e+00 0.00000000e+00 8.85519485e+01]
 [0.00000000e+00 5.49571037e+01 0.00000000e+00]
 [0.00000000e+00 1.19268280e+02 0.00000000e+00]
 [7.42235756e+00 0.00000000e+00 0.00000000e+00]
 [0.00000000e+00 0.00000000e+00 1.04000000e+02]
 [0.00000000e+00 1.21106825e+01 0.00000000e+00]
 [0.00000000e+00 6.51275864e+01 0.00000000e+00]
 [3.06419926e+01 0.00000000e+00 0.00000000e+00]
 [0.00000000e+00 0.00000000e+00 1.96424149e+02]
 [2.75104594e+00 4.96043295e-01 3.86073649e-01]]
[[0.9752738  0.0123631  0.0123631 ]
 [0.00662399 0.00662399 0.98675203]
 [0.8392173  0.08039134 0.08039134]
 [0.00894158 0.9821168  0.00894158]
 [0.12557118 0.7286051  0.14582378]
 [0.00847648 0.983047   0.00847648]
 [0.75570995 0.12214503 0.12214503]
 [0.7654721  0.11726397 0.11726397]
 [0.00929386 0.00929386 0.9814123 ]
 [0.00780688 0.9843862  0.00780688]
 [0.01092276 0.01092276 0.9781545 ]
 [0.01725414 0.9654917  0.01725414]
 [0.00817874 0.9836425  0.00817874]
 [0.8081048  0.09594758 0.09594758]
 [0.00934579 0.00934579 0.9813084 ]
 [0.06617834 0.8676433  0.06617834]
 [0.01467834 0.97064334 0.01467834]
 [0.94055057 0.02972476 0.02972476]
 [0.00501444 0.00501444 0.9899711 ]
 [0.5654989  0.22553998 0.2089612 ]]
[[1. 0. 0.]
 [0. 0. 1.]
 [1. 0. 0.]
 [0. 1. 0.]
 [0. 1. 0.]
 [0. 1. 0.]
 [0. 1. 0.]
 [0. 0. 1.]
 [0. 0. 1.]
 [0. 1. 0.]
 [0. 0. 1.]
 [0. 1. 0.]
 [0. 1. 0.]
 [1. 0. 0.]
 [0. 0. 1.]
 [0. 1. 0.]
 [0. 1. 0.]
 [1. 0. 0.]
 [0. 0. 1.]
 [0. 1. 0.]]
Best Validation Accuracy: 0.8774539805093922
Current Validation Accuracy: 0.8709006167317923
Current Validation Loss: 0.0012783429627532784
Saving last model
