Running "module reset". Resetting modules to system default. The following $MODULEPATH directories have been removed: None
A conda environment has been detected CONDA_PREFIX=
/u/avroy/.conda/envs/toptagger_env 
anaconda3_gpu is loaded. Consider running conda deactivate and reloading it.

Currently Loaded Modules:
  1) cue-login-env/1.0   4) gcc/11.2.0    7) openmpi/4.1.2
  2) default             5) cuda/11.6.1   8) cudnn/8.4.1.50
  3) modtree/gpu         6) ucx/1.11.2    9) anaconda3_gpu/4.13.0

 

/u/avroy/UQ_XAI_Studies/models/PFIN_UQ/model/jobsub
total 192K
-rw-rw----+ 1 avroy delta_bbhj  925 Mar 31 16:58 jobsubmitter_dummy.py
-rw-rw----+ 1 avroy delta_bbhj  15K May 18 13:59 jobsubmitter.py
-rw-rw----+ 1 avroy delta_bbhj 1.1K May 18 14:02 UQPFIN-run-JNqgmerged_0.1_baseline.slurm
-rw-rw----+ 1 avroy delta_bbhj 1.1K May 18 14:02 UQPFIN-run-JNqgmerged_0.1_skiptop.slurm
-rw-rw----+ 1 avroy delta_bbhj 1.1K May 18 14:02 UQPFIN-run-JNqgmerged_0.1_skipwz.slurm
-rw-rw----+ 1 avroy delta_bbhj 1.1K May 18 14:02 UQPFIN-run-JNqgmerged_0_baseline.slurm
-rw-rw----+ 1 avroy delta_bbhj 1.1K May 18 14:02 UQPFIN-run-JNqgmerged_0_skiptop.slurm
-rw-rw----+ 1 avroy delta_bbhj 1.1K May 18 14:02 UQPFIN-run-JNqgmerged_0_skipwz.slurm
-rw-rw----+ 1 avroy delta_bbhj 1.1K May 18 14:02 UQPFIN-run-JNqgmerged_nominal_baseline.slurm
-rw-rw----+ 1 avroy delta_bbhj 1.1K May 18 14:02 UQPFIN-run-JNqgmerged_nominal_skiptop.slurm
-rw-rw----+ 1 avroy delta_bbhj 1.1K May 18 14:02 UQPFIN-run-JNqgmerged_nominal_skipwz.slurm
-rw-rw----+ 1 avroy delta_bbhj 1.1K May 18 14:02 UQPFIN-run-JNqgmerged_softmax_baseline_0.slurm
-rw-rw----+ 1 avroy delta_bbhj 1.1K May 18 14:02 UQPFIN-run-JNqgmerged_softmax_baseline_1.slurm
-rw-rw----+ 1 avroy delta_bbhj 1.1K May 18 14:02 UQPFIN-run-JNqgmerged_softmax_baseline_2.slurm
-rw-rw----+ 1 avroy delta_bbhj 1.1K May 18 14:02 UQPFIN-run-JNqgmerged_softmax_baseline_3.slurm
-rw-rw----+ 1 avroy delta_bbhj 1.1K May 18 14:02 UQPFIN-run-JNqgmerged_softmax_baseline_4.slurm
-rw-rw----+ 1 avroy delta_bbhj 1.1K May 18 14:02 UQPFIN-run-JNqgmerged_softmax_baseline_5.slurm
-rw-rw----+ 1 avroy delta_bbhj 1.1K May 18 14:02 UQPFIN-run-JNqgmerged_softmax_baseline_6.slurm
-rw-rw----+ 1 avroy delta_bbhj 1.1K May 18 14:02 UQPFIN-run-JNqgmerged_softmax_baseline_7.slurm
-rw-rw----+ 1 avroy delta_bbhj 1.1K May 18 14:02 UQPFIN-run-JNqgmerged_softmax_baseline_8.slurm
-rw-rw----+ 1 avroy delta_bbhj 1.1K May 18 14:02 UQPFIN-run-JNqgmerged_softmax_baseline_9.slurm
-rw-rw----+ 1 avroy delta_bbhj 1.2K May 18 14:02 UQPFIN-run-JNqgmerged_softmax_dropout_baseline.slurm
-rw-rw----+ 1 avroy delta_bbhj 1.2K May 18 14:02 UQPFIN-run-JNqgmerged_softmax_dropout_skiptop.slurm
-rw-rw----+ 1 avroy delta_bbhj 1.2K May 18 14:02 UQPFIN-run-JNqgmerged_softmax_dropout_skipwz.slurm
-rw-rw----+ 1 avroy delta_bbhj 1.1K May 18 14:02 UQPFIN-run-JNqgmerged_softmax_skiptop_0.slurm
-rw-rw----+ 1 avroy delta_bbhj 1.1K May 18 14:02 UQPFIN-run-JNqgmerged_softmax_skiptop_1.slurm
-rw-rw----+ 1 avroy delta_bbhj 1.1K May 18 14:02 UQPFIN-run-JNqgmerged_softmax_skiptop_2.slurm
-rw-rw----+ 1 avroy delta_bbhj 1.1K May 18 14:02 UQPFIN-run-JNqgmerged_softmax_skiptop_3.slurm
-rw-rw----+ 1 avroy delta_bbhj 1.1K May 18 14:02 UQPFIN-run-JNqgmerged_softmax_skiptop_4.slurm
-rw-rw----+ 1 avroy delta_bbhj 1.1K May 18 14:02 UQPFIN-run-JNqgmerged_softmax_skiptop_5.slurm
-rw-rw----+ 1 avroy delta_bbhj 1.1K May 18 14:02 UQPFIN-run-JNqgmerged_softmax_skiptop_6.slurm
-rw-rw----+ 1 avroy delta_bbhj 1.1K May 18 14:02 UQPFIN-run-JNqgmerged_softmax_skiptop_7.slurm
-rw-rw----+ 1 avroy delta_bbhj 1.1K May 18 14:02 UQPFIN-run-JNqgmerged_softmax_skiptop_8.slurm
-rw-rw----+ 1 avroy delta_bbhj 1.1K May 18 14:02 UQPFIN-run-JNqgmerged_softmax_skiptop_9.slurm
-rw-rw----+ 1 avroy delta_bbhj 1.1K May 18 14:02 UQPFIN-run-JNqgmerged_softmax_skipwz_0.slurm
-rw-rw----+ 1 avroy delta_bbhj 1.1K May 18 14:02 UQPFIN-run-JNqgmerged_softmax_skipwz_1.slurm
-rw-rw----+ 1 avroy delta_bbhj 1.1K May 18 14:02 UQPFIN-run-JNqgmerged_softmax_skipwz_2.slurm
-rw-rw----+ 1 avroy delta_bbhj 1.1K May 18 14:02 UQPFIN-run-JNqgmerged_softmax_skipwz_3.slurm
-rw-rw----+ 1 avroy delta_bbhj 1.1K May 18 14:02 UQPFIN-run-JNqgmerged_softmax_skipwz_4.slurm
-rw-rw----+ 1 avroy delta_bbhj 1.1K May 18 14:02 UQPFIN-run-JNqgmerged_softmax_skipwz_5.slurm
-rw-rw----+ 1 avroy delta_bbhj 1.1K May 18 14:02 UQPFIN-run-JNqgmerged_softmax_skipwz_6.slurm
-rw-rw----+ 1 avroy delta_bbhj 1.1K May 18 14:02 UQPFIN-run-JNqgmerged_softmax_skipwz_7.slurm
-rw-rw----+ 1 avroy delta_bbhj 1.1K May 18 14:02 UQPFIN-run-JNqgmerged_softmax_skipwz_8.slurm
-rw-rw----+ 1 avroy delta_bbhj 1.1K May 18 14:02 UQPFIN-run-JNqgmerged_softmax_skipwz_9.slurm
-rw-------+ 1 avroy delta_bbhj  969 May 15 09:44 UQPFIN-run.slurm
/projects/bbhj/avroy/UQ_XAI_Studies/models/PFIN_UQ/model
total 176K
drwxr-s---+ 2 avroy delta_bbhj  12K May 18 14:51 jobouts
drwxr-s---+ 2 avroy delta_bbhj 4.0K May 18 14:02 jobsub
-rw-rw----+ 1 avroy delta_bbhj 8.4K May 15 14:46 PFINDataset.py
drwxrws---+ 2 avroy delta_bbhj 4.0K May 18 09:47 __pycache__
drwxrws---+ 2 avroy delta_bbhj  12K May 18 14:32 trained_model_dicts
drwxr-s---+ 2 avroy delta_bbhj 4.0K Mar 31 15:09 trained_model_dicts_old
drwxrws---+ 2 avroy delta_bbhj  20K May 18 14:34 trained_models
drwxr-s---+ 2 avroy delta_bbhj 4.0K Mar 31 15:10 trained_models_old
-rw-rw----+ 1 avroy delta_bbhj  23K May 18 11:00 train_mod.py
-rw-rw----+ 1 avroy delta_bbhj  23K May 18 10:56 train_mod.py~
-rw-rw----+ 1 avroy delta_bbhj  20K May 18 13:50 train.py
-rw-rw----+ 1 avroy delta_bbhj  20K May 18 13:41 train.py~
-rw-rw----+ 1 avroy delta_bbhj  13K May  5 09:36 UQPFIN.py
job is starting on gpua049.delta.ncsa.illinois.edu
# conda environments:
#
base                     /sw/external/python/anaconda3
toptagger_env         *  /u/avroy/.conda/envs/toptagger_env

/sw/external/python/anaconda3_gpu/bin/python
==========================================================================================
Layer (type:depth-idx)                   Output Shape              Param #
==========================================================================================
UQPFIN                                   [1, 4]                    --
├─Sequential: 1-1                        [30, 64]                  --
│    └─Sequential: 2-1                   [30, 100]                 --
│    │    └─Linear: 3-1                  [30, 100]                 400
│    │    └─ReLU: 3-2                    [30, 100]                 --
│    └─Sequential: 2-2                   [30, 100]                 --
│    │    └─Linear: 3-3                  [30, 100]                 10,100
│    │    └─ReLU: 3-4                    [30, 100]                 --
│    └─Sequential: 2-3                   [30, 64]                  --
│    │    └─Linear: 3-5                  [30, 64]                  6,464
│    │    └─ReLU: 3-6                    [30, 64]                  --
├─Sequential: 1-2                        [435, 64]                 --
│    └─Sequential: 2-4                   [435, 128]                --
│    │    └─Linear: 3-7                  [435, 128]                640
│    │    └─ReLU: 3-8                    [435, 128]                --
│    └─Sequential: 2-5                   [435, 128]                --
│    │    └─Linear: 3-9                  [435, 128]                16,512
│    │    └─ReLU: 3-10                   [435, 128]                --
│    └─Sequential: 2-6                   [435, 64]                 --
│    │    └─Linear: 3-11                 [435, 64]                 8,256
│    │    └─ReLU: 3-12                   [435, 64]                 --
├─Sequential: 1-3                        [30, 64]                  --
│    └─Sequential: 2-7                   [30, 128]                 --
│    │    └─Linear: 3-13                 [30, 128]                 8,704
│    │    └─ReLU: 3-14                   [30, 128]                 --
│    └─Sequential: 2-8                   [30, 128]                 --
│    │    └─Linear: 3-15                 [30, 128]                 16,512
│    │    └─ReLU: 3-16                   [30, 128]                 --
│    └─Sequential: 2-9                   [30, 64]                  --
│    │    └─Linear: 3-17                 [30, 64]                  8,256
│    │    └─ReLU: 3-18                   [30, 64]                  --
├─Sequential: 1-4                        [1, 4]                    --
│    └─Sequential: 2-10                  [1, 64]                   --
│    │    └─Linear: 3-19                 [1, 64]                   4,160
│    │    └─ReLU: 3-20                   [1, 64]                   --
│    └─Sequential: 2-11                  [1, 100]                  --
│    │    └─Linear: 3-21                 [1, 100]                  6,500
│    │    └─ReLU: 3-22                   [1, 100]                  --
│    └─Sequential: 2-12                  [1, 100]                  --
│    │    └─Linear: 3-23                 [1, 100]                  10,100
│    │    └─ReLU: 3-24                   [1, 100]                  --
│    └─Linear: 2-13                      [1, 4]                    404
│    └─Softmax: 2-14                     [1, 4]                    --
==========================================================================================
Total params: 97,008
Trainable params: 97,008
Non-trainable params: 0
Total mult-adds (M): 12.59
==========================================================================================
Input size (MB): 0.00
Forward/backward pass size (MB): 1.26
Params size (MB): 0.39
Estimated Total Size (MB): 1.64
==========================================================================================
data type:  JNqgmerged
m_logic, pt_logic, eta_logic:  AND AND AND
m1, m2, pt1, pt2, eta1, eta2:  0.0 10000.0 0.0 10000.0 -6.0 6.0
skip labels:  []
classes:  4
Epoch 0
Best Validation Accuracy: 0
Current Validation Accuracy: 0.7675736242362741
Current Validation Loss: 0.0025865070912834335
Saving best model based on accuracy
Epoch 1
Best Validation Accuracy: 0.7675736242362741
Current Validation Accuracy: 0.7905400167720203
Current Validation Loss: 0.0024332231198634226
Saving best model based on accuracy
Epoch 2
Best Validation Accuracy: 0.7905400167720203
Current Validation Accuracy: 0.7981297083218819
Current Validation Loss: 0.0022758911387899864
Saving best model based on accuracy
Epoch 3
Best Validation Accuracy: 0.7981297083218819
Current Validation Accuracy: 0.8113288654926253
Current Validation Loss: 0.0021663794238830315
Saving best model based on accuracy
Epoch 4
Best Validation Accuracy: 0.8113288654926253
Current Validation Accuracy: 0.8223293376461386
Current Validation Loss: 0.002048856760794682
Saving best model based on accuracy
Epoch 5
Best Validation Accuracy: 0.8223293376461386
Current Validation Accuracy: 0.823907880735432
Current Validation Loss: 0.0020230652602108044
Saving best model based on accuracy
Epoch 6
Best Validation Accuracy: 0.823907880735432
Current Validation Accuracy: 0.8307223948753726
Current Validation Loss: 0.0019281901483271043
Saving best model based on accuracy
Epoch 7
Best Validation Accuracy: 0.8307223948753726
Current Validation Accuracy: 0.8330831624419498
Current Validation Loss: 0.0018982929851513461
Saving best model based on accuracy
Epoch 8
Best Validation Accuracy: 0.8330831624419498
Current Validation Accuracy: 0.8312932073317689
Current Validation Loss: 0.001918991455903066
Epoch 9
Best Validation Accuracy: 0.8330831624419498
Current Validation Accuracy: 0.8372409321860708
Current Validation Loss: 0.0018527428714039302
Saving best model based on accuracy
Epoch 10
Best Validation Accuracy: 0.8372409321860708
Current Validation Accuracy: 0.8256132710372578
Current Validation Loss: 0.0019869118762784292
Epoch 11
Best Validation Accuracy: 0.8372409321860708
Current Validation Accuracy: 0.8341261284116614
Current Validation Loss: 0.0018862847321972833
Epoch 12
Best Validation Accuracy: 0.8372409321860708
Current Validation Accuracy: 0.8332945744628373
Current Validation Loss: 0.0018888959184658717
Epoch 13
Best Validation Accuracy: 0.8372409321860708
Current Validation Accuracy: 0.8399751943228825
Current Validation Loss: 0.0018330042356651832
Saving best model based on accuracy
Epoch 14
Best Validation Accuracy: 0.8399751943228825
Current Validation Accuracy: 0.8388688047469046
Current Validation Loss: 0.0018274100121444161
Epoch 15
Best Validation Accuracy: 0.8399751943228825
Current Validation Accuracy: 0.833661021965709
Current Validation Loss: 0.0018790904675763396
Epoch 16
Best Validation Accuracy: 0.8399751943228825
Current Validation Accuracy: 0.8377201327667492
Current Validation Loss: 0.0018487619512614745
Epoch 17
Best Validation Accuracy: 0.8399751943228825
Current Validation Accuracy: 0.834083846007484
Current Validation Loss: 0.0018730964601284769
Epoch 18
Best Validation Accuracy: 0.8399751943228825
Current Validation Accuracy: 0.8435198692064297
Current Validation Loss: 0.0017777619768944617
Saving best model based on accuracy
Epoch 19
Best Validation Accuracy: 0.8435198692064297
Current Validation Accuracy: 0.8397426410999063
Current Validation Loss: 0.001817715822376385
Epoch 20
Best Validation Accuracy: 0.8435198692064297
Current Validation Accuracy: 0.8387983340732754
Current Validation Loss: 0.001827227680602304
Epoch 21
Best Validation Accuracy: 0.8435198692064297
Current Validation Accuracy: 0.8388969930163562
Current Validation Loss: 0.001818220539133274
Epoch 22
Best Validation Accuracy: 0.8435198692064297
Current Validation Accuracy: 0.8401372768722296
Current Validation Loss: 0.0018169021021836498
Epoch 23
Best Validation Accuracy: 0.8435198692064297
Current Validation Accuracy: 0.8358808481850278
Current Validation Loss: 0.0018783288640119007
Epoch 24
Best Validation Accuracy: 0.8435198692064297
Current Validation Accuracy: 0.8350774825056553
Current Validation Loss: 0.0018756776846702767
Epoch 25
Best Validation Accuracy: 0.8435198692064297
Current Validation Accuracy: 0.8414339372670063
Current Validation Loss: 0.0017950572031718353
Epoch 26
Best Validation Accuracy: 0.8435198692064297
Current Validation Accuracy: 0.8434141631959859
Current Validation Loss: 0.0017615525014554904
Epoch 27
Best Validation Accuracy: 0.8435198692064297
Current Validation Accuracy: 0.8428715390090414
Current Validation Loss: 0.0017712139599765303
Epoch 28
Best Validation Accuracy: 0.8435198692064297
Current Validation Accuracy: 0.8412789017850222
Current Validation Loss: 0.001790274838445642
Epoch 29
Best Validation Accuracy: 0.8435198692064297
Current Validation Accuracy: 0.8451336476325377
Current Validation Loss: 0.0017504276202265896
Saving best model based on accuracy
Epoch 30
Best Validation Accuracy: 0.8451336476325377
Current Validation Accuracy: 0.8461554724001606
Current Validation Loss: 0.0017432381318571398
Saving best model based on accuracy
Epoch 31
Best Validation Accuracy: 0.8461554724001606
Current Validation Accuracy: 0.8422513970811047
Current Validation Loss: 0.0017671908678141895
Epoch 32
Best Validation Accuracy: 0.8461554724001606
Current Validation Accuracy: 0.8389322283531708
Current Validation Loss: 0.0018073659172500188
Epoch 33
Best Validation Accuracy: 0.8461554724001606
Current Validation Accuracy: 0.844344376087891
Current Validation Loss: 0.0017650649400446012
Epoch 34
Best Validation Accuracy: 0.8461554724001606
Current Validation Accuracy: 0.8429701979521222
Current Validation Loss: 0.0017758132797261587
Epoch 35
Best Validation Accuracy: 0.8461554724001606
Current Validation Accuracy: 0.841377560728103
Current Validation Loss: 0.0017789790706585864
Epoch 36
Best Validation Accuracy: 0.8461554724001606
Current Validation Accuracy: 0.8448165296012065
Current Validation Loss: 0.0017546366476466082
Epoch 37
Best Validation Accuracy: 0.8461554724001606
Current Validation Accuracy: 0.8391224991719696
Current Validation Loss: 0.0018291642924387992
Epoch 38
Best Validation Accuracy: 0.8461554724001606
Current Validation Accuracy: 0.8467967555301861
Current Validation Loss: 0.0017288427944301902
Saving best model based on accuracy
Epoch 39
Best Validation Accuracy: 0.8467967555301861
Current Validation Accuracy: 0.8482202631374953
Current Validation Loss: 0.0017141169759770758
Saving best model based on accuracy
Epoch 40
Best Validation Accuracy: 0.8482202631374953
Current Validation Accuracy: 0.8436819517557769
Current Validation Loss: 0.0017647841524478173
Epoch 41
Best Validation Accuracy: 0.8482202631374953
Current Validation Accuracy: 0.845619895280579
Current Validation Loss: 0.001743492262375682
Epoch 42
Best Validation Accuracy: 0.8482202631374953
Current Validation Accuracy: 0.8455494246069498
Current Validation Loss: 0.0017514122450391115
Epoch 43
Best Validation Accuracy: 0.8482202631374953
Current Validation Accuracy: 0.8440554463260115
Current Validation Loss: 0.0017683168217446014
Epoch 44
Best Validation Accuracy: 0.8482202631374953
Current Validation Accuracy: 0.8393198170581313
Current Validation Loss: 0.001821018725875773
Epoch 45
Best Validation Accuracy: 0.8482202631374953
Current Validation Accuracy: 0.8477058272200024
Current Validation Loss: 0.001724387886036906
Epoch 46
Best Validation Accuracy: 0.8482202631374953
Current Validation Accuracy: 0.8443232348858023
Current Validation Loss: 0.0017569156964693882
Epoch 47
Best Validation Accuracy: 0.8482202631374953
Current Validation Accuracy: 0.8472407207740499
Current Validation Loss: 0.0017225859801599545
Epoch 48
Best Validation Accuracy: 0.8482202631374953
Current Validation Accuracy: 0.8444148467615202
Current Validation Loss: 0.001753229964084649
Epoch 49
Best Validation Accuracy: 0.8482202631374953
Current Validation Accuracy: 0.8447390118602144
Current Validation Loss: 0.0017459513936473878
Epoch 50
Best Validation Accuracy: 0.8482202631374953
Current Validation Accuracy: 0.844774247197029
Current Validation Loss: 0.0017457027681461773
Epoch 51
Best Validation Accuracy: 0.8482202631374953
Current Validation Accuracy: 0.843928599113479
Current Validation Loss: 0.001774918110395183
Epoch 52
Best Validation Accuracy: 0.8482202631374953
Current Validation Accuracy: 0.846388025623137
Current Validation Loss: 0.0017311263311484135
Epoch 53
Best Validation Accuracy: 0.8482202631374953
Current Validation Accuracy: 0.8469024615406299
Current Validation Loss: 0.0017300176764808437
Epoch 54
Best Validation Accuracy: 0.8482202631374953
Current Validation Accuracy: 0.8467333319239199
Current Validation Loss: 0.0017336730865362168
Epoch 55
Best Validation Accuracy: 0.8482202631374953
Current Validation Accuracy: 0.8481216041944145
Current Validation Loss: 0.001715121615387747
Epoch 56
Best Validation Accuracy: 0.8482202631374953
Current Validation Accuracy: 0.8455071422027723
Current Validation Loss: 0.001741228576440809
Epoch 57
Best Validation Accuracy: 0.8482202631374953
Current Validation Accuracy: 0.8406023833181822
Current Validation Loss: 0.0017828918883685634
Epoch 58
Best Validation Accuracy: 0.8482202631374953
Current Validation Accuracy: 0.8470927323594286
Current Validation Loss: 0.0017200571761439058
Epoch 59
Best Validation Accuracy: 0.8482202631374953
Current Validation Accuracy: 0.8446262587824077
Current Validation Loss: 0.0017587742520241588
Epoch 60
Best Validation Accuracy: 0.8482202631374953
Current Validation Accuracy: 0.8471350147636061
Current Validation Loss: 0.001716124440444507
Epoch 61
Best Validation Accuracy: 0.8482202631374953
Current Validation Accuracy: 0.8442457171448102
Current Validation Loss: 0.0017616774115000562
Epoch 62
Best Validation Accuracy: 0.8482202631374953
Current Validation Accuracy: 0.8448799532074727
Current Validation Loss: 0.0017441796422946424
Epoch 63
Best Validation Accuracy: 0.8482202631374953
Current Validation Accuracy: 0.8428010683354122
Current Validation Loss: 0.0017770785068987299
Epoch 64
Best Validation Accuracy: 0.8482202631374953
Current Validation Accuracy: 0.8485373811688266
Current Validation Loss: 0.0017089468387289156
Saving best model based on accuracy
Epoch 65
Best Validation Accuracy: 0.8485373811688266
Current Validation Accuracy: 0.8477622037589058
Current Validation Loss: 0.001719952900883518
Epoch 66
Best Validation Accuracy: 0.8485373811688266
Current Validation Accuracy: 0.8468531320690894
Current Validation Loss: 0.0017275413461253462
Epoch 67
Best Validation Accuracy: 0.8485373811688266
Current Validation Accuracy: 0.8460286251876281
Current Validation Loss: 0.001738928851880151
Epoch 68
Best Validation Accuracy: 0.8485373811688266
Current Validation Accuracy: 0.846211848939064
Current Validation Loss: 0.0017358669468329343
Epoch 69
Best Validation Accuracy: 0.8485373811688266
Current Validation Accuracy: 0.8472407207740499
Current Validation Loss: 0.0017203841851364016
Epoch 70
Best Validation Accuracy: 0.8485373811688266
Current Validation Accuracy: 0.845274588979796
Current Validation Loss: 0.0017505159447559638
Epoch 71
Best Validation Accuracy: 0.8485373811688266
Current Validation Accuracy: 0.8469940734163478
Current Validation Loss: 0.0017187358919670587
Epoch 72
Best Validation Accuracy: 0.8485373811688266
Current Validation Accuracy: 0.8421527381380238
Current Validation Loss: 0.001778936116108006
Epoch 73
Best Validation Accuracy: 0.8485373811688266
Current Validation Accuracy: 0.8413282312565625
Current Validation Loss: 0.0017851073192940046
Epoch 74
Best Validation Accuracy: 0.8485373811688266
Current Validation Accuracy: 0.8477128742873653
Current Validation Loss: 0.0017133038249357584
Epoch 75
Best Validation Accuracy: 0.8485373811688266
Current Validation Accuracy: 0.8456480835500306
Current Validation Loss: 0.0017393909696485819
Epoch 76
Best Validation Accuracy: 0.8485373811688266
Current Validation Accuracy: 0.8461695665348865
Current Validation Loss: 0.001730193571571477
Epoch 77
Best Validation Accuracy: 0.8485373811688266
Current Validation Accuracy: 0.8470434028878882
Current Validation Loss: 0.0017273476391155567
Epoch 78
Best Validation Accuracy: 0.8485373811688266
Current Validation Accuracy: 0.8468460850017265
Current Validation Loss: 0.001727238549590241
Epoch 79
Best Validation Accuracy: 0.8485373811688266
Current Validation Accuracy: 0.8465289669703953
Current Validation Loss: 0.001726110833600642
Epoch 80
Best Validation Accuracy: 0.8485373811688266
Current Validation Accuracy: 0.8455564716743127
Current Validation Loss: 0.0017556004026637205
Epoch 81
Best Validation Accuracy: 0.8485373811688266
Current Validation Accuracy: 0.8460850017265314
Current Validation Loss: 0.0017350762056561587
Epoch 82
Best Validation Accuracy: 0.8485373811688266
Current Validation Accuracy: 0.8498058532941516
Current Validation Loss: 0.001696612841936653
Saving best model based on accuracy
Epoch 83
Best Validation Accuracy: 0.8498058532941516
Current Validation Accuracy: 0.8463034608147819
Current Validation Loss: 0.0017299328386864666
Epoch 84
Best Validation Accuracy: 0.8498058532941516
Current Validation Accuracy: 0.8419554202518622
Current Validation Loss: 0.0018103109339273602
Epoch 85
Best Validation Accuracy: 0.8498058532941516
Current Validation Accuracy: 0.8398906295145275
Current Validation Loss: 0.0018022389498218866
Epoch 86
Best Validation Accuracy: 0.8498058532941516
Current Validation Accuracy: 0.8480158981839707
Current Validation Loss: 0.0017133152732800195
Epoch 87
Best Validation Accuracy: 0.8498058532941516
Current Validation Accuracy: 0.845443718596506
Current Validation Loss: 0.0017438955847024421
Epoch 88
Best Validation Accuracy: 0.8498058532941516
Current Validation Accuracy: 0.8453309655186994
Current Validation Loss: 0.001751737581020465
Epoch 89
Best Validation Accuracy: 0.8498058532941516
Current Validation Accuracy: 0.8461625194675236
Current Validation Loss: 0.0017303202382147366
Epoch 90
Best Validation Accuracy: 0.8498058532941516
Current Validation Accuracy: 0.8493759821850138
Current Validation Loss: 0.001701755631774206
Epoch 91
Best Validation Accuracy: 0.8498058532941516
Current Validation Accuracy: 0.8493689351176508
Current Validation Loss: 0.0016979990058048312
Epoch 92
Best Validation Accuracy: 0.8498058532941516
Current Validation Accuracy: 0.8466276259134761
Current Validation Loss: 0.001724769235548608
Epoch 93
Best Validation Accuracy: 0.8498058532941516
Current Validation Accuracy: 0.8463527902863224
Current Validation Loss: 0.0017338134770793147
Epoch 94
Best Validation Accuracy: 0.8498058532941516
Current Validation Accuracy: 0.8482836867437615
Current Validation Loss: 0.0017162660425870625
Epoch 95
Best Validation Accuracy: 0.8498058532941516
Current Validation Accuracy: 0.8477622037589058
Current Validation Loss: 0.0017116645321295222
Epoch 96
Best Validation Accuracy: 0.8498058532941516
Current Validation Accuracy: 0.8454578127312319
Current Validation Loss: 0.0017410601477347003
Epoch 97
Best Validation Accuracy: 0.8498058532941516
Current Validation Accuracy: 0.8475930741421958
Current Validation Loss: 0.0017309410645911475
Epoch 98
Best Validation Accuracy: 0.8498058532941516
Current Validation Accuracy: 0.8488615462675208
Current Validation Loss: 0.0017092059317857812
Epoch 99
[[8.96698184e-05 1.14519440e-03 5.40552101e-05 9.98711109e-01]
 [2.93276086e-02 2.69675720e-03 4.42722552e-02 9.23703313e-01]
 [3.42423189e-03 1.75691750e-02 9.66464996e-01 1.25416424e-02]
 [9.31702852e-01 1.81749538e-02 3.00302859e-02 2.00919490e-02]
 [3.95356156e-02 9.60461557e-01 1.40965039e-06 1.39745907e-06]
 [1.41789598e-04 1.00173829e-02 9.87684131e-01 2.15665554e-03]
 [1.48803622e-01 8.39049399e-01 6.74834521e-03 5.39865810e-03]
 [1.75880291e-03 9.98222649e-01 2.86634895e-06 1.57144241e-05]
 [7.35692859e-01 1.70508698e-02 1.18512422e-01 1.28743872e-01]
 [1.16633746e-04 1.37228230e-02 9.80825603e-01 5.33493981e-03]
 [9.94714916e-01 2.45751883e-03 1.64405478e-03 1.18339830e-03]
 [5.85105317e-03 1.11669849e-03 6.29565679e-04 9.92402673e-01]
 [8.74499977e-01 1.52282575e-02 5.07013090e-02 5.95704727e-02]
 [9.40133929e-01 1.30503885e-02 3.01973186e-02 1.66184045e-02]
 [3.45473677e-01 1.23920903e-01 2.54099190e-01 2.76506245e-01]
 [9.95174825e-01 1.71048113e-03 2.17181421e-03 9.42846586e-04]
 [9.11245704e-01 5.09760752e-02 1.59029793e-02 2.18752678e-02]
 [9.33555663e-01 6.64083436e-02 6.61904460e-06 2.94710044e-05]
 [7.51117524e-03 9.92484152e-01 1.32345644e-06 3.36419998e-06]
 [1.12947426e-03 1.46823563e-03 2.72325095e-04 9.97129977e-01]]
[[8.96698184e-05 1.14519440e-03 5.40552101e-05 9.98711109e-01]
 [2.93276086e-02 2.69675720e-03 4.42722552e-02 9.23703313e-01]
 [3.42423189e-03 1.75691750e-02 9.66464996e-01 1.25416424e-02]
 [9.31702852e-01 1.81749538e-02 3.00302859e-02 2.00919490e-02]
 [3.95356156e-02 9.60461557e-01 1.40965039e-06 1.39745907e-06]
 [1.41789598e-04 1.00173829e-02 9.87684131e-01 2.15665554e-03]
 [1.48803622e-01 8.39049399e-01 6.74834521e-03 5.39865810e-03]
 [1.75880291e-03 9.98222649e-01 2.86634895e-06 1.57144241e-05]
 [7.35692859e-01 1.70508698e-02 1.18512422e-01 1.28743872e-01]
 [1.16633746e-04 1.37228230e-02 9.80825603e-01 5.33493981e-03]
 [9.94714916e-01 2.45751883e-03 1.64405478e-03 1.18339830e-03]
 [5.85105317e-03 1.11669849e-03 6.29565679e-04 9.92402673e-01]
 [8.74499977e-01 1.52282575e-02 5.07013090e-02 5.95704727e-02]
 [9.40133929e-01 1.30503885e-02 3.01973186e-02 1.66184045e-02]
 [3.45473677e-01 1.23920903e-01 2.54099190e-01 2.76506245e-01]
 [9.95174825e-01 1.71048113e-03 2.17181421e-03 9.42846586e-04]
 [9.11245704e-01 5.09760752e-02 1.59029793e-02 2.18752678e-02]
 [9.33555663e-01 6.64083436e-02 6.61904460e-06 2.94710044e-05]
 [7.51117524e-03 9.92484152e-01 1.32345644e-06 3.36419998e-06]
 [1.12947426e-03 1.46823563e-03 2.72325095e-04 9.97129977e-01]]
[[0. 0. 0. 1.]
 [0. 0. 0. 1.]
 [0. 1. 0. 0.]
 [1. 0. 0. 0.]
 [0. 1. 0. 0.]
 [0. 0. 1. 0.]
 [1. 0. 0. 0.]
 [0. 1. 0. 0.]
 [1. 0. 0. 0.]
 [0. 0. 1. 0.]
 [1. 0. 0. 0.]
 [0. 0. 0. 1.]
 [1. 0. 0. 0.]
 [1. 0. 0. 0.]
 [0. 0. 0. 1.]
 [1. 0. 0. 0.]
 [0. 0. 1. 0.]
 [1. 0. 0. 0.]
 [0. 1. 0. 0.]
 [0. 0. 0. 1.]]
Best Validation Accuracy: 0.8498058532941516
Current Validation Accuracy: 0.848502145832012
Current Validation Loss: 0.001711261201402003
Saving last model
