Running "module reset". Resetting modules to system default. The following $MODULEPATH directories have been removed: None
A conda environment has been detected CONDA_PREFIX=
/sw/external/python/anaconda3 
anaconda3_gpu is loaded. Consider running conda deactivate and reloading it.

Currently Loaded Modules:
  1) cue-login-env/1.0   4) gcc/11.2.0    7) openmpi/4.1.2
  2) default             5) cuda/11.6.1   8) cudnn/8.4.1.50
  3) modtree/gpu         6) ucx/1.11.2    9) anaconda3_gpu/4.13.0

 

/u/avroy/UQ_XAI_Studies/models/PFIN_UQ/model/jobsub
total 508K
-rw-rw----+ 1 avroy delta_bbhj  925 Mar 31 16:58 jobsubmitter_dummy.py
-rw-rw----+ 1 avroy delta_bbhj 5.2K May 27 21:16 jobsubmitter_jetclass_1gpu.py
-rw-rw----+ 1 avroy delta_bbhj  15K May 27 21:04 jobsubmitter_jetclass_1gpu.py~
-rw-rw----+ 1 avroy delta_bbhj  743 May 19 01:04 jobsubmitter_jetclass.py
-rw-rw----+ 1 avroy delta_bbhj  15K May 18 13:59 jobsubmitter.py
-rw-rw----+ 1 avroy delta_bbhj 1.2K May 19 13:52 UQPFIN-jetclass-run-jetclass20M_0_baseline.slurm
-rw-------+ 1 avroy delta_bbhj  973 May 19 00:59 UQPFIN-jetclass-run.slurm
-rw-rw----+ 1 avroy delta_bbhj 1.1K May 27 21:18 UQPFIN-run-jetclass_0.1_baseline.slurm
-rw-rw----+ 1 avroy delta_bbhj 1.1K May 27 21:18 UQPFIN-run-jetclass_0.1_skiph.slurm
-rw-rw----+ 1 avroy delta_bbhj 1.1K May 27 21:18 UQPFIN-run-jetclass_0.1_skiptop.slurm
-rw-rw----+ 1 avroy delta_bbhj 1.1K May 27 21:18 UQPFIN-run-jetclass_0.1_skiptwz.slurm
-rw-rw----+ 1 avroy delta_bbhj 1.1K May 27 21:18 UQPFIN-run-jetclass_0.1_skipwz.slurm
-rw-rw----+ 1 avroy delta_bbhj 1.1K May 27 21:18 UQPFIN-run-jetclass_0_baseline.slurm
-rw-rw----+ 1 avroy delta_bbhj 1.1K May 27 21:18 UQPFIN-run-jetclass_0_skiph.slurm
-rw-rw----+ 1 avroy delta_bbhj 1.1K May 27 21:18 UQPFIN-run-jetclass_0_skiptop.slurm
-rw-rw----+ 1 avroy delta_bbhj 1.1K May 27 21:18 UQPFIN-run-jetclass_0_skiptwz.slurm
-rw-rw----+ 1 avroy delta_bbhj 1.1K May 27 21:18 UQPFIN-run-jetclass_0_skipwz.slurm
-rw-rw----+ 1 avroy delta_bbhj 1.1K May 27 21:18 UQPFIN-run-jetclass_nominal_baseline.slurm
-rw-rw----+ 1 avroy delta_bbhj 1.1K May 27 21:18 UQPFIN-run-jetclass_nominal_skiph.slurm
-rw-rw----+ 1 avroy delta_bbhj 1.1K May 27 21:18 UQPFIN-run-jetclass_nominal_skiptop.slurm
-rw-rw----+ 1 avroy delta_bbhj 1.1K May 27 21:18 UQPFIN-run-jetclass_nominal_skiptwz.slurm
-rw-rw----+ 1 avroy delta_bbhj 1.1K May 27 21:18 UQPFIN-run-jetclass_nominal_skipwz.slurm
-rw-rw----+ 1 avroy delta_bbhj 1.1K May 27 21:18 UQPFIN-run-jetclass_softmax_baseline_0.slurm
-rw-rw----+ 1 avroy delta_bbhj 1.1K May 27 21:18 UQPFIN-run-jetclass_softmax_baseline_1.slurm
-rw-rw----+ 1 avroy delta_bbhj 1.1K May 27 21:18 UQPFIN-run-jetclass_softmax_baseline_2.slurm
-rw-rw----+ 1 avroy delta_bbhj 1.1K May 27 21:18 UQPFIN-run-jetclass_softmax_baseline_3.slurm
-rw-rw----+ 1 avroy delta_bbhj 1.1K May 27 21:18 UQPFIN-run-jetclass_softmax_baseline_4.slurm
-rw-rw----+ 1 avroy delta_bbhj 1.1K May 27 21:18 UQPFIN-run-jetclass_softmax_baseline_5.slurm
-rw-rw----+ 1 avroy delta_bbhj 1.1K May 27 21:18 UQPFIN-run-jetclass_softmax_baseline_6.slurm
-rw-rw----+ 1 avroy delta_bbhj 1.1K May 27 21:18 UQPFIN-run-jetclass_softmax_baseline_7.slurm
-rw-rw----+ 1 avroy delta_bbhj 1.1K May 27 21:18 UQPFIN-run-jetclass_softmax_baseline_8.slurm
-rw-rw----+ 1 avroy delta_bbhj 1.1K May 27 21:18 UQPFIN-run-jetclass_softmax_baseline_9.slurm
-rw-rw----+ 1 avroy delta_bbhj 1.2K May 27 21:18 UQPFIN-run-jetclass_softmax_dropout_baseline.slurm
-rw-rw----+ 1 avroy delta_bbhj 1.2K May 27 21:18 UQPFIN-run-jetclass_softmax_dropout_skiph.slurm
-rw-rw----+ 1 avroy delta_bbhj 1.2K May 27 21:18 UQPFIN-run-jetclass_softmax_dropout_skiptop.slurm
-rw-rw----+ 1 avroy delta_bbhj 1.2K May 27 21:18 UQPFIN-run-jetclass_softmax_dropout_skiptwz.slurm
-rw-rw----+ 1 avroy delta_bbhj 1.2K May 27 21:18 UQPFIN-run-jetclass_softmax_dropout_skipwz.slurm
-rw-rw----+ 1 avroy delta_bbhj 1.2K May 27 21:18 UQPFIN-run-jetclass_softmax_skiph_0.slurm
-rw-rw----+ 1 avroy delta_bbhj 1.2K May 27 21:18 UQPFIN-run-jetclass_softmax_skiph_1.slurm
-rw-rw----+ 1 avroy delta_bbhj 1.2K May 27 21:18 UQPFIN-run-jetclass_softmax_skiph_2.slurm
-rw-rw----+ 1 avroy delta_bbhj 1.2K May 27 21:18 UQPFIN-run-jetclass_softmax_skiph_3.slurm
-rw-rw----+ 1 avroy delta_bbhj 1.2K May 27 21:18 UQPFIN-run-jetclass_softmax_skiph_4.slurm
-rw-rw----+ 1 avroy delta_bbhj 1.2K May 27 21:18 UQPFIN-run-jetclass_softmax_skiph_5.slurm
-rw-rw----+ 1 avroy delta_bbhj 1.2K May 27 21:18 UQPFIN-run-jetclass_softmax_skiph_6.slurm
-rw-rw----+ 1 avroy delta_bbhj 1.2K May 27 21:18 UQPFIN-run-jetclass_softmax_skiph_7.slurm
-rw-rw----+ 1 avroy delta_bbhj 1.2K May 27 21:18 UQPFIN-run-jetclass_softmax_skiph_8.slurm
-rw-rw----+ 1 avroy delta_bbhj 1.2K May 27 21:18 UQPFIN-run-jetclass_softmax_skiph_9.slurm
-rw-rw----+ 1 avroy delta_bbhj 1.2K May 27 21:18 UQPFIN-run-jetclass_softmax_skiptop_0.slurm
-rw-rw----+ 1 avroy delta_bbhj 1.2K May 27 21:18 UQPFIN-run-jetclass_softmax_skiptop_1.slurm
-rw-rw----+ 1 avroy delta_bbhj 1.2K May 27 21:18 UQPFIN-run-jetclass_softmax_skiptop_2.slurm
-rw-rw----+ 1 avroy delta_bbhj 1.2K May 27 21:18 UQPFIN-run-jetclass_softmax_skiptop_3.slurm
-rw-rw----+ 1 avroy delta_bbhj 1.2K May 27 21:18 UQPFIN-run-jetclass_softmax_skiptop_4.slurm
-rw-rw----+ 1 avroy delta_bbhj 1.2K May 27 21:18 UQPFIN-run-jetclass_softmax_skiptop_5.slurm
-rw-rw----+ 1 avroy delta_bbhj 1.2K May 27 21:18 UQPFIN-run-jetclass_softmax_skiptop_6.slurm
-rw-rw----+ 1 avroy delta_bbhj 1.2K May 27 21:18 UQPFIN-run-jetclass_softmax_skiptop_7.slurm
-rw-rw----+ 1 avroy delta_bbhj 1.2K May 27 21:18 UQPFIN-run-jetclass_softmax_skiptop_8.slurm
-rw-rw----+ 1 avroy delta_bbhj 1.2K May 27 21:18 UQPFIN-run-jetclass_softmax_skiptop_9.slurm
-rw-rw----+ 1 avroy delta_bbhj 1.2K May 27 21:18 UQPFIN-run-jetclass_softmax_skiptwz_0.slurm
-rw-rw----+ 1 avroy delta_bbhj 1.2K May 27 21:18 UQPFIN-run-jetclass_softmax_skiptwz_1.slurm
-rw-rw----+ 1 avroy delta_bbhj 1.2K May 27 21:18 UQPFIN-run-jetclass_softmax_skiptwz_2.slurm
-rw-rw----+ 1 avroy delta_bbhj 1.2K May 27 21:18 UQPFIN-run-jetclass_softmax_skiptwz_3.slurm
-rw-rw----+ 1 avroy delta_bbhj 1.2K May 27 21:18 UQPFIN-run-jetclass_softmax_skiptwz_4.slurm
-rw-rw----+ 1 avroy delta_bbhj 1.2K May 27 21:18 UQPFIN-run-jetclass_softmax_skiptwz_5.slurm
-rw-rw----+ 1 avroy delta_bbhj 1.2K May 27 21:18 UQPFIN-run-jetclass_softmax_skiptwz_6.slurm
-rw-rw----+ 1 avroy delta_bbhj 1.2K May 27 21:18 UQPFIN-run-jetclass_softmax_skiptwz_7.slurm
-rw-rw----+ 1 avroy delta_bbhj 1.2K May 27 21:18 UQPFIN-run-jetclass_softmax_skiptwz_8.slurm
-rw-rw----+ 1 avroy delta_bbhj 1.2K May 27 21:18 UQPFIN-run-jetclass_softmax_skiptwz_9.slurm
-rw-rw----+ 1 avroy delta_bbhj 1.2K May 27 21:18 UQPFIN-run-jetclass_softmax_skipwz_0.slurm
-rw-rw----+ 1 avroy delta_bbhj 1.2K May 27 21:18 UQPFIN-run-jetclass_softmax_skipwz_1.slurm
-rw-rw----+ 1 avroy delta_bbhj 1.2K May 27 21:18 UQPFIN-run-jetclass_softmax_skipwz_2.slurm
-rw-rw----+ 1 avroy delta_bbhj 1.2K May 27 21:18 UQPFIN-run-jetclass_softmax_skipwz_3.slurm
-rw-rw----+ 1 avroy delta_bbhj 1.2K May 27 21:18 UQPFIN-run-jetclass_softmax_skipwz_4.slurm
-rw-rw----+ 1 avroy delta_bbhj 1.2K May 27 21:18 UQPFIN-run-jetclass_softmax_skipwz_5.slurm
-rw-rw----+ 1 avroy delta_bbhj 1.2K May 27 21:18 UQPFIN-run-jetclass_softmax_skipwz_6.slurm
-rw-rw----+ 1 avroy delta_bbhj 1.2K May 27 21:18 UQPFIN-run-jetclass_softmax_skipwz_7.slurm
-rw-rw----+ 1 avroy delta_bbhj 1.2K May 27 21:18 UQPFIN-run-jetclass_softmax_skipwz_8.slurm
-rw-rw----+ 1 avroy delta_bbhj 1.2K May 27 21:18 UQPFIN-run-jetclass_softmax_skipwz_9.slurm
-rw-rw----+ 1 avroy delta_bbhj 1.1K May 18 14:02 UQPFIN-run-JNqgmerged_0.1_baseline.slurm
-rw-rw----+ 1 avroy delta_bbhj 1.1K May 18 14:02 UQPFIN-run-JNqgmerged_0.1_skiptop.slurm
-rw-rw----+ 1 avroy delta_bbhj 1.1K May 18 14:02 UQPFIN-run-JNqgmerged_0.1_skipwz.slurm
-rw-rw----+ 1 avroy delta_bbhj 1.1K May 18 14:02 UQPFIN-run-JNqgmerged_0_baseline.slurm
-rw-rw----+ 1 avroy delta_bbhj 1.1K May 18 14:02 UQPFIN-run-JNqgmerged_0_skiptop.slurm
-rw-rw----+ 1 avroy delta_bbhj 1.1K May 18 14:02 UQPFIN-run-JNqgmerged_0_skipwz.slurm
-rw-rw----+ 1 avroy delta_bbhj 1.1K May 18 14:02 UQPFIN-run-JNqgmerged_nominal_baseline.slurm
-rw-rw----+ 1 avroy delta_bbhj 1.1K May 18 14:02 UQPFIN-run-JNqgmerged_nominal_skiptop.slurm
-rw-rw----+ 1 avroy delta_bbhj 1.1K May 18 14:02 UQPFIN-run-JNqgmerged_nominal_skipwz.slurm
-rw-rw----+ 1 avroy delta_bbhj 1.1K May 18 14:02 UQPFIN-run-JNqgmerged_softmax_baseline_0.slurm
-rw-rw----+ 1 avroy delta_bbhj 1.1K May 18 14:02 UQPFIN-run-JNqgmerged_softmax_baseline_1.slurm
-rw-rw----+ 1 avroy delta_bbhj 1.1K May 18 14:02 UQPFIN-run-JNqgmerged_softmax_baseline_2.slurm
-rw-rw----+ 1 avroy delta_bbhj 1.1K May 18 14:02 UQPFIN-run-JNqgmerged_softmax_baseline_3.slurm
-rw-rw----+ 1 avroy delta_bbhj 1.1K May 18 14:02 UQPFIN-run-JNqgmerged_softmax_baseline_4.slurm
-rw-rw----+ 1 avroy delta_bbhj 1.1K May 18 14:02 UQPFIN-run-JNqgmerged_softmax_baseline_5.slurm
-rw-rw----+ 1 avroy delta_bbhj 1.1K May 18 14:02 UQPFIN-run-JNqgmerged_softmax_baseline_6.slurm
-rw-rw----+ 1 avroy delta_bbhj 1.1K May 18 14:02 UQPFIN-run-JNqgmerged_softmax_baseline_7.slurm
-rw-rw----+ 1 avroy delta_bbhj 1.1K May 18 14:02 UQPFIN-run-JNqgmerged_softmax_baseline_8.slurm
-rw-rw----+ 1 avroy delta_bbhj 1.1K May 18 14:02 UQPFIN-run-JNqgmerged_softmax_baseline_9.slurm
-rw-rw----+ 1 avroy delta_bbhj 1.2K May 18 14:02 UQPFIN-run-JNqgmerged_softmax_dropout_baseline.slurm
-rw-rw----+ 1 avroy delta_bbhj 1.2K May 18 14:02 UQPFIN-run-JNqgmerged_softmax_dropout_skiptop.slurm
-rw-rw----+ 1 avroy delta_bbhj 1.2K May 18 14:02 UQPFIN-run-JNqgmerged_softmax_dropout_skipwz.slurm
-rw-rw----+ 1 avroy delta_bbhj 1.1K May 18 14:02 UQPFIN-run-JNqgmerged_softmax_skiptop_0.slurm
-rw-rw----+ 1 avroy delta_bbhj 1.1K May 18 14:02 UQPFIN-run-JNqgmerged_softmax_skiptop_1.slurm
-rw-rw----+ 1 avroy delta_bbhj 1.1K May 18 14:02 UQPFIN-run-JNqgmerged_softmax_skiptop_2.slurm
-rw-rw----+ 1 avroy delta_bbhj 1.1K May 18 14:02 UQPFIN-run-JNqgmerged_softmax_skiptop_3.slurm
-rw-rw----+ 1 avroy delta_bbhj 1.1K May 18 14:02 UQPFIN-run-JNqgmerged_softmax_skiptop_4.slurm
-rw-rw----+ 1 avroy delta_bbhj 1.1K May 18 14:02 UQPFIN-run-JNqgmerged_softmax_skiptop_5.slurm
-rw-rw----+ 1 avroy delta_bbhj 1.1K May 18 14:02 UQPFIN-run-JNqgmerged_softmax_skiptop_6.slurm
-rw-rw----+ 1 avroy delta_bbhj 1.1K May 18 14:02 UQPFIN-run-JNqgmerged_softmax_skiptop_7.slurm
-rw-rw----+ 1 avroy delta_bbhj 1.1K May 18 14:02 UQPFIN-run-JNqgmerged_softmax_skiptop_8.slurm
-rw-rw----+ 1 avroy delta_bbhj 1.1K May 18 14:02 UQPFIN-run-JNqgmerged_softmax_skiptop_9.slurm
-rw-rw----+ 1 avroy delta_bbhj 1.1K May 18 14:02 UQPFIN-run-JNqgmerged_softmax_skipwz_0.slurm
-rw-rw----+ 1 avroy delta_bbhj 1.1K May 18 14:02 UQPFIN-run-JNqgmerged_softmax_skipwz_1.slurm
-rw-rw----+ 1 avroy delta_bbhj 1.1K May 18 14:02 UQPFIN-run-JNqgmerged_softmax_skipwz_2.slurm
-rw-rw----+ 1 avroy delta_bbhj 1.1K May 18 14:02 UQPFIN-run-JNqgmerged_softmax_skipwz_3.slurm
-rw-rw----+ 1 avroy delta_bbhj 1.1K May 18 14:02 UQPFIN-run-JNqgmerged_softmax_skipwz_4.slurm
-rw-rw----+ 1 avroy delta_bbhj 1.1K May 18 14:02 UQPFIN-run-JNqgmerged_softmax_skipwz_5.slurm
-rw-rw----+ 1 avroy delta_bbhj 1.1K May 18 14:02 UQPFIN-run-JNqgmerged_softmax_skipwz_6.slurm
-rw-rw----+ 1 avroy delta_bbhj 1.1K May 18 14:02 UQPFIN-run-JNqgmerged_softmax_skipwz_7.slurm
-rw-rw----+ 1 avroy delta_bbhj 1.1K May 18 14:02 UQPFIN-run-JNqgmerged_softmax_skipwz_8.slurm
-rw-rw----+ 1 avroy delta_bbhj 1.1K May 18 14:02 UQPFIN-run-JNqgmerged_softmax_skipwz_9.slurm
-rw-------+ 1 avroy delta_bbhj  969 May 15 09:44 UQPFIN-run.slurm
/projects/bbhj/avroy/UQ_XAI_Studies/models/PFIN_UQ/model
total 208K
drwxr-s---+ 2 avroy delta_bbhj  16K May 28 22:52 jobouts
drwxr-s---+ 2 avroy delta_bbhj  16K May 27 21:18 jobsub
-rw-rw----+ 1 avroy delta_bbhj 8.4K May 18 21:37 PFINDataset.py
-rw-rw----+ 1 avroy delta_bbhj 8.4K May 15 14:46 PFINDataset.py~
drwxrws---+ 2 avroy delta_bbhj 4.0K May 18 21:38 __pycache__
drwxrws---+ 2 avroy delta_bbhj  20K May 28 22:50 trained_model_dicts
drwxr-s---+ 2 avroy delta_bbhj 4.0K Mar 31 15:09 trained_model_dicts_old
drwxrws---+ 2 avroy delta_bbhj  40K May 28 22:52 trained_models
drwxr-s---+ 2 avroy delta_bbhj 4.0K Mar 31 15:10 trained_models_old
-rw-rw----+ 1 avroy delta_bbhj  23K May 18 15:52 train_mod.py
-rw-rw----+ 1 avroy delta_bbhj  20K May 27 21:06 train.py
-rw-rw----+ 1 avroy delta_bbhj  20K May 18 13:50 train.py~
-rw-rw----+ 1 avroy delta_bbhj  13K May  5 09:36 UQPFIN.py
job is starting on gpua047.delta.ncsa.illinois.edu
# conda environments:
#
base                     /sw/external/python/anaconda3
toptagger_env         *  /u/avroy/.conda/envs/toptagger_env

/sw/external/python/anaconda3_gpu/bin/python
==========================================================================================
Layer (type:depth-idx)                   Output Shape              Param #
==========================================================================================
UQPFIN                                   [1, 5]                    --
├─Sequential: 1-1                        [60, 64]                  --
│    └─Sequential: 2-1                   [60, 100]                 --
│    │    └─Linear: 3-1                  [60, 100]                 1,200
│    │    └─ReLU: 3-2                    [60, 100]                 --
│    └─Sequential: 2-2                   [60, 100]                 --
│    │    └─Linear: 3-3                  [60, 100]                 10,100
│    │    └─ReLU: 3-4                    [60, 100]                 --
│    └─Sequential: 2-3                   [60, 64]                  --
│    │    └─Linear: 3-5                  [60, 64]                  6,464
│    │    └─ReLU: 3-6                    [60, 64]                  --
├─Sequential: 1-2                        [1770, 64]                --
│    └─Sequential: 2-4                   [1770, 128]               --
│    │    └─Linear: 3-7                  [1770, 128]               640
│    │    └─ReLU: 3-8                    [1770, 128]               --
│    └─Sequential: 2-5                   [1770, 128]               --
│    │    └─Linear: 3-9                  [1770, 128]               16,512
│    │    └─ReLU: 3-10                   [1770, 128]               --
│    └─Sequential: 2-6                   [1770, 64]                --
│    │    └─Linear: 3-11                 [1770, 64]                8,256
│    │    └─ReLU: 3-12                   [1770, 64]                --
├─Sequential: 1-3                        [60, 64]                  --
│    └─Sequential: 2-7                   [60, 128]                 --
│    │    └─Linear: 3-13                 [60, 128]                 9,728
│    │    └─ReLU: 3-14                   [60, 128]                 --
│    └─Sequential: 2-8                   [60, 128]                 --
│    │    └─Linear: 3-15                 [60, 128]                 16,512
│    │    └─ReLU: 3-16                   [60, 128]                 --
│    └─Sequential: 2-9                   [60, 64]                  --
│    │    └─Linear: 3-17                 [60, 64]                  8,256
│    │    └─ReLU: 3-18                   [60, 64]                  --
├─Sequential: 1-4                        [1, 5]                    --
│    └─Sequential: 2-10                  [1, 64]                   --
│    │    └─Linear: 3-19                 [1, 64]                   4,160
│    │    └─ReLU: 3-20                   [1, 64]                   --
│    └─Sequential: 2-11                  [1, 100]                  --
│    │    └─Linear: 3-21                 [1, 100]                  6,500
│    │    └─ReLU: 3-22                   [1, 100]                  --
│    └─Sequential: 2-12                  [1, 100]                  --
│    │    └─Linear: 3-23                 [1, 100]                  10,100
│    │    └─ReLU: 3-24                   [1, 100]                  --
│    └─Linear: 2-13                      [1, 5]                    505
│    └─ReLU: 2-14                        [1, 5]                    --
==========================================================================================
Total params: 98,933
Trainable params: 98,933
Non-trainable params: 0
Total mult-adds (M): 48.13
==========================================================================================
Input size (MB): 0.00
Forward/backward pass size (MB): 4.81
Params size (MB): 0.40
Estimated Total Size (MB): 5.21
==========================================================================================
data type:  jetclass
m_logic, pt_logic, eta_logic:  AND AND AND
m1, m2, pt1, pt2, eta1, eta2:  0.0 10000.0 0.0 10000.0 -6.0 6.0
skip labels:  [1, 2, 3, 4, 5]
classes:  5
Epoch 0
Best Validation Accuracy: 0
Current Validation Accuracy: 0.8050713788161445
Current Validation Loss: 0.00022049035648187218
Saving best model based on accuracy
Epoch 1
Best Validation Accuracy: 0.8050713788161445
Current Validation Accuracy: 0.8128858179139611
Current Validation Loss: 0.0002108640407367857
Saving best model based on accuracy
Epoch 2
Best Validation Accuracy: 0.8128858179139611
Current Validation Accuracy: 0.8155820396006309
Current Validation Loss: 0.00020709009393606417
Saving best model based on accuracy
Epoch 3
Best Validation Accuracy: 0.8155820396006309
Current Validation Accuracy: 0.8195733284226202
Current Validation Loss: 0.00020336820059338822
Saving best model based on accuracy
Epoch 4
Best Validation Accuracy: 0.8195733284226202
Current Validation Accuracy: 0.8212617196569973
Current Validation Loss: 0.00020157790003771077
Saving best model based on accuracy
Epoch 5
Best Validation Accuracy: 0.8212617196569973
Current Validation Accuracy: 0.8218612136400394
Current Validation Loss: 0.0002007893525089106
Saving best model based on accuracy
Epoch 6
Best Validation Accuracy: 0.8218612136400394
Current Validation Accuracy: 0.822698903896811
Current Validation Loss: 0.00019989179613235237
Saving best model based on accuracy
Epoch 7
Best Validation Accuracy: 0.822698903896811
Current Validation Accuracy: 0.8216210157169508
Current Validation Loss: 0.00020080229729392272
Epoch 8
Best Validation Accuracy: 0.822698903896811
Current Validation Accuracy: 0.8224747191685949
Current Validation Loss: 0.0001998796541980009
Epoch 9
Best Validation Accuracy: 0.822698903896811
Current Validation Accuracy: 0.8225958189548188
Current Validation Loss: 0.00019968035031696653
Epoch 10
Best Validation Accuracy: 0.822698903896811
Current Validation Accuracy: 0.8227409385333515
Current Validation Loss: 0.00019958753161478863
Saving best model based on accuracy
Epoch 11
Best Validation Accuracy: 0.8227409385333515
Current Validation Accuracy: 0.8231562807753589
Current Validation Loss: 0.0001990016384823259
Saving best model based on accuracy
Epoch 12
Best Validation Accuracy: 0.8231562807753589
Current Validation Accuracy: 0.8243022250334275
Current Validation Loss: 0.0001980627023976736
Saving best model based on accuracy
Epoch 13
Best Validation Accuracy: 0.8243022250334275
Current Validation Accuracy: 0.8253280703299519
Current Validation Loss: 0.00019712485089366354
Saving best model based on accuracy
Epoch 14
Best Validation Accuracy: 0.8253280703299519
Current Validation Accuracy: 0.8245914633658135
Current Validation Loss: 0.0001978183310852269
Epoch 15
Best Validation Accuracy: 0.8253280703299519
Current Validation Accuracy: 0.8254341577459827
Current Validation Loss: 0.00019702409513415377
Saving best model based on accuracy
Epoch 16
Best Validation Accuracy: 0.8254341577459827
Current Validation Accuracy: 0.826362923048592
Current Validation Loss: 0.00019623490446282765
Saving best model based on accuracy
Epoch 17
Best Validation Accuracy: 0.826362923048592
Current Validation Accuracy: 0.8257794422604225
Current Validation Loss: 0.0001967672354926553
Epoch 18
Best Validation Accuracy: 0.826362923048592
Current Validation Accuracy: 0.8258595082347855
Current Validation Loss: 0.00019661638728936452
Epoch 19
Best Validation Accuracy: 0.826362923048592
Current Validation Accuracy: 0.8255582600062451
Current Validation Loss: 0.00019703947819365347
Epoch 20
Best Validation Accuracy: 0.826362923048592
Current Validation Accuracy: 0.8260636764694108
Current Validation Loss: 0.00019647977995427432
Epoch 21
Best Validation Accuracy: 0.826362923048592
Current Validation Accuracy: 0.8267172149851477
Current Validation Loss: 0.00019592835885853807
Saving best model based on accuracy
Epoch 22
Best Validation Accuracy: 0.8267172149851477
Current Validation Accuracy: 0.8268963626027847
Current Validation Loss: 0.00019575926809086824
Saving best model based on accuracy
Epoch 23
Best Validation Accuracy: 0.8268963626027847
Current Validation Accuracy: 0.8267682570438041
Current Validation Loss: 0.00019579130941422627
Epoch 24
Best Validation Accuracy: 0.8268963626027847
Current Validation Accuracy: 0.8268963626027847
Current Validation Loss: 0.00019560188976510694
Epoch 25
Best Validation Accuracy: 0.8268963626027847
Current Validation Accuracy: 0.8273457328838963
Current Validation Loss: 0.00019525599766299868
Saving best model based on accuracy
Epoch 26
Best Validation Accuracy: 0.8273457328838963
Current Validation Accuracy: 0.8265911110755262
Current Validation Loss: 0.00019586838204862099
Epoch 27
Best Validation Accuracy: 0.8273457328838963
Current Validation Accuracy: 0.8265360657181517
Current Validation Loss: 0.0001959056123726425
Epoch 28
Best Validation Accuracy: 0.8273457328838963
Current Validation Accuracy: 0.8267652545697655
Current Validation Loss: 0.00019556365842050282
Epoch 29
[[4.8049965e+04 1.4657755e+03 9.9092639e+02 0.0000000e+00 0.0000000e+00]
 [0.0000000e+00 0.0000000e+00 0.0000000e+00 0.0000000e+00 9.3361602e+04]
 [0.0000000e+00 0.0000000e+00 0.0000000e+00 0.0000000e+00 1.7732775e+05]
 [3.5215029e+03 8.1196670e+03 1.0445967e+04 0.0000000e+00 0.0000000e+00]
 [9.8763690e+02 9.3089424e+03 8.6007695e+03 2.4221278e+02 0.0000000e+00]
 [4.1187113e+04 2.3230096e+02 1.9499646e+02 0.0000000e+00 0.0000000e+00]
 [0.0000000e+00 1.0810143e+04 5.8903081e+03 0.0000000e+00 0.0000000e+00]
 [4.9257113e+04 5.0018768e+02 2.1489294e+02 0.0000000e+00 0.0000000e+00]
 [2.5799868e+03 1.4454485e+03 7.0596191e+02 1.0735927e+04 0.0000000e+00]
 [7.6472906e+02 1.4737285e+04 4.0966901e+02 0.0000000e+00 0.0000000e+00]
 [2.5954141e+04 0.0000000e+00 0.0000000e+00 0.0000000e+00 0.0000000e+00]
 [1.4587300e+03 6.4553290e+02 1.1395752e+02 5.3631809e+04 0.0000000e+00]
 [2.1677950e+02 5.2636786e+02 7.2664441e+02 5.1892809e+04 0.0000000e+00]
 [1.3016100e+03 1.1306084e+04 1.0937670e+03 0.0000000e+00 0.0000000e+00]
 [2.2441684e+04 1.8058250e+03 2.5101721e+03 8.7327510e+03 0.0000000e+00]
 [0.0000000e+00 0.0000000e+00 0.0000000e+00 0.0000000e+00 6.0484125e+04]
 [4.3295082e+04 0.0000000e+00 0.0000000e+00 0.0000000e+00 0.0000000e+00]
 [0.0000000e+00 0.0000000e+00 0.0000000e+00 5.2998188e+04 0.0000000e+00]
 [1.6663459e+03 8.6568750e+03 9.6453906e+03 0.0000000e+00 0.0000000e+00]
 [0.0000000e+00 3.4309186e+02 0.0000000e+00 3.3581535e+04 3.5035708e+03]]
[[9.5128447e-01 2.9038351e-02 1.9637570e-02 1.9797406e-05 1.9797406e-05]
 [1.0710468e-05 1.0710468e-05 1.0710468e-05 1.0710468e-05 9.9995714e-01]
 [5.6391164e-06 5.6391164e-06 5.6391164e-06 5.6391164e-06 9.9997747e-01]
 [1.5944600e-01 3.6758178e-01 4.7288167e-01 4.5264973e-05 4.5264973e-05]
 [5.1640611e-02 4.8629695e-01 4.4930613e-01 1.2704014e-02 5.2234154e-05]
 [9.8963714e-01 5.6055808e-03 4.7092559e-03 2.4027251e-05 2.4027251e-05]
 [5.9860700e-05 6.4716256e-01 3.5265782e-01 5.9860700e-05 5.9860700e-05]
 [9.8561180e-01 1.0028328e-02 4.3198289e-03 2.0009125e-05 2.0009125e-05]
 [1.6681314e-01 9.3486182e-02 4.5692030e-02 6.9394404e-01 6.4631531e-05]
 [4.8108581e-02 9.2596459e-01 2.5801167e-02 6.2827159e-05 6.2827159e-05]
 [9.9984592e-01 3.8522077e-05 3.8522077e-05 3.8522077e-05 3.8522077e-05]
 [2.6134264e-02 1.1575196e-02 2.0581409e-03 9.6021456e-01 1.7903491e-05]
 [4.0807435e-03 9.8817982e-03 1.3634572e-02 9.7238415e-01 1.8737961e-05]
 [9.5036201e-02 8.2494557e-01 7.9872333e-02 7.2958297e-05 7.2958297e-05]
 [6.3226968e-01 5.0903030e-02 7.0746347e-02 2.4605283e-01 2.8172641e-05]
 [1.6531898e-05 1.6531898e-05 1.6531898e-05 1.6531898e-05 9.9993390e-01]
 [9.9990761e-01 2.3094644e-05 2.3094644e-05 2.3094644e-05 2.3094644e-05]
 [1.8866789e-05 1.8866789e-05 1.8866789e-05 9.9992454e-01 1.8866789e-05]
 [8.3477437e-02 4.3346569e-01 4.8295677e-01 5.0066057e-05 5.0066057e-05]
 [2.6714255e-05 9.1921575e-03 2.6714255e-05 8.9713240e-01 9.3621992e-02]]
[[1. 0. 0. 0. 0.]
 [0. 0. 0. 0. 1.]
 [0. 0. 0. 0. 1.]
 [0. 0. 1. 0. 0.]
 [0. 1. 0. 0. 0.]
 [1. 0. 0. 0. 0.]
 [0. 1. 0. 0. 0.]
 [1. 0. 0. 0. 0.]
 [1. 0. 0. 0. 0.]
 [0. 1. 0. 0. 0.]
 [1. 0. 0. 0. 0.]
 [1. 0. 0. 0. 0.]
 [0. 0. 0. 1. 0.]
 [0. 1. 0. 0. 0.]
 [1. 0. 0. 0. 0.]
 [0. 0. 0. 0. 1.]
 [1. 0. 0. 0. 0.]
 [0. 0. 0. 1. 0.]
 [0. 1. 0. 0. 0.]
 [0. 0. 0. 1. 0.]]
Best Validation Accuracy: 0.8273457328838963
Current Validation Accuracy: 0.8273737559749234
Current Validation Loss: 0.0001951115283001429
Saving best model based on accuracy
Saving last model
