Running "module reset". Resetting modules to system default. The following $MODULEPATH directories have been removed: None
A conda environment has been detected CONDA_PREFIX=
/sw/external/python/anaconda3 
anaconda3_gpu is loaded. Consider running conda deactivate and reloading it.

Currently Loaded Modules:
  1) cue-login-env/1.0   4) gcc/11.2.0    7) openmpi/4.1.2
  2) default             5) cuda/11.6.1   8) cudnn/8.4.1.50
  3) modtree/gpu         6) ucx/1.11.2    9) anaconda3_gpu/4.13.0

 

/u/avroy/UQ_XAI_Studies/models/PFIN_UQ/model/jobsub
total 508K
-rw-rw----+ 1 avroy delta_bbhj  925 Mar 31 16:58 jobsubmitter_dummy.py
-rw-rw----+ 1 avroy delta_bbhj 5.2K May 27 21:16 jobsubmitter_jetclass_1gpu.py
-rw-rw----+ 1 avroy delta_bbhj  15K May 27 21:04 jobsubmitter_jetclass_1gpu.py~
-rw-rw----+ 1 avroy delta_bbhj  743 May 19 01:04 jobsubmitter_jetclass.py
-rw-rw----+ 1 avroy delta_bbhj  15K May 18 13:59 jobsubmitter.py
-rw-rw----+ 1 avroy delta_bbhj 1.2K May 19 13:52 UQPFIN-jetclass-run-jetclass20M_0_baseline.slurm
-rw-------+ 1 avroy delta_bbhj  973 May 19 00:59 UQPFIN-jetclass-run.slurm
-rw-rw----+ 1 avroy delta_bbhj 1.1K May 27 21:18 UQPFIN-run-jetclass_0.1_baseline.slurm
-rw-rw----+ 1 avroy delta_bbhj 1.1K May 27 21:18 UQPFIN-run-jetclass_0.1_skiph.slurm
-rw-rw----+ 1 avroy delta_bbhj 1.1K May 27 21:18 UQPFIN-run-jetclass_0.1_skiptop.slurm
-rw-rw----+ 1 avroy delta_bbhj 1.1K May 27 21:18 UQPFIN-run-jetclass_0.1_skiptwz.slurm
-rw-rw----+ 1 avroy delta_bbhj 1.1K May 27 21:18 UQPFIN-run-jetclass_0.1_skipwz.slurm
-rw-rw----+ 1 avroy delta_bbhj 1.1K May 27 21:18 UQPFIN-run-jetclass_0_baseline.slurm
-rw-rw----+ 1 avroy delta_bbhj 1.1K May 27 21:18 UQPFIN-run-jetclass_0_skiph.slurm
-rw-rw----+ 1 avroy delta_bbhj 1.1K May 27 21:18 UQPFIN-run-jetclass_0_skiptop.slurm
-rw-rw----+ 1 avroy delta_bbhj 1.1K May 27 21:18 UQPFIN-run-jetclass_0_skiptwz.slurm
-rw-rw----+ 1 avroy delta_bbhj 1.1K May 27 21:18 UQPFIN-run-jetclass_0_skipwz.slurm
-rw-rw----+ 1 avroy delta_bbhj 1.1K May 27 21:18 UQPFIN-run-jetclass_nominal_baseline.slurm
-rw-rw----+ 1 avroy delta_bbhj 1.1K May 27 21:18 UQPFIN-run-jetclass_nominal_skiph.slurm
-rw-rw----+ 1 avroy delta_bbhj 1.1K May 27 21:18 UQPFIN-run-jetclass_nominal_skiptop.slurm
-rw-rw----+ 1 avroy delta_bbhj 1.1K May 27 21:18 UQPFIN-run-jetclass_nominal_skiptwz.slurm
-rw-rw----+ 1 avroy delta_bbhj 1.1K May 27 21:18 UQPFIN-run-jetclass_nominal_skipwz.slurm
-rw-rw----+ 1 avroy delta_bbhj 1.1K May 27 21:18 UQPFIN-run-jetclass_softmax_baseline_0.slurm
-rw-rw----+ 1 avroy delta_bbhj 1.1K May 27 21:18 UQPFIN-run-jetclass_softmax_baseline_1.slurm
-rw-rw----+ 1 avroy delta_bbhj 1.1K May 27 21:18 UQPFIN-run-jetclass_softmax_baseline_2.slurm
-rw-rw----+ 1 avroy delta_bbhj 1.1K May 27 21:18 UQPFIN-run-jetclass_softmax_baseline_3.slurm
-rw-rw----+ 1 avroy delta_bbhj 1.1K May 27 21:18 UQPFIN-run-jetclass_softmax_baseline_4.slurm
-rw-rw----+ 1 avroy delta_bbhj 1.1K May 27 21:18 UQPFIN-run-jetclass_softmax_baseline_5.slurm
-rw-rw----+ 1 avroy delta_bbhj 1.1K May 27 21:18 UQPFIN-run-jetclass_softmax_baseline_6.slurm
-rw-rw----+ 1 avroy delta_bbhj 1.1K May 27 21:18 UQPFIN-run-jetclass_softmax_baseline_7.slurm
-rw-rw----+ 1 avroy delta_bbhj 1.1K May 27 21:18 UQPFIN-run-jetclass_softmax_baseline_8.slurm
-rw-rw----+ 1 avroy delta_bbhj 1.1K May 27 21:18 UQPFIN-run-jetclass_softmax_baseline_9.slurm
-rw-rw----+ 1 avroy delta_bbhj 1.2K May 27 21:18 UQPFIN-run-jetclass_softmax_dropout_baseline.slurm
-rw-rw----+ 1 avroy delta_bbhj 1.2K May 27 21:18 UQPFIN-run-jetclass_softmax_dropout_skiph.slurm
-rw-rw----+ 1 avroy delta_bbhj 1.2K May 27 21:18 UQPFIN-run-jetclass_softmax_dropout_skiptop.slurm
-rw-rw----+ 1 avroy delta_bbhj 1.2K May 27 21:18 UQPFIN-run-jetclass_softmax_dropout_skiptwz.slurm
-rw-rw----+ 1 avroy delta_bbhj 1.2K May 27 21:18 UQPFIN-run-jetclass_softmax_dropout_skipwz.slurm
-rw-rw----+ 1 avroy delta_bbhj 1.2K May 27 21:18 UQPFIN-run-jetclass_softmax_skiph_0.slurm
-rw-rw----+ 1 avroy delta_bbhj 1.2K May 27 21:18 UQPFIN-run-jetclass_softmax_skiph_1.slurm
-rw-rw----+ 1 avroy delta_bbhj 1.2K May 27 21:18 UQPFIN-run-jetclass_softmax_skiph_2.slurm
-rw-rw----+ 1 avroy delta_bbhj 1.2K May 27 21:18 UQPFIN-run-jetclass_softmax_skiph_3.slurm
-rw-rw----+ 1 avroy delta_bbhj 1.2K May 27 21:18 UQPFIN-run-jetclass_softmax_skiph_4.slurm
-rw-rw----+ 1 avroy delta_bbhj 1.2K May 27 21:18 UQPFIN-run-jetclass_softmax_skiph_5.slurm
-rw-rw----+ 1 avroy delta_bbhj 1.2K May 27 21:18 UQPFIN-run-jetclass_softmax_skiph_6.slurm
-rw-rw----+ 1 avroy delta_bbhj 1.2K May 27 21:18 UQPFIN-run-jetclass_softmax_skiph_7.slurm
-rw-rw----+ 1 avroy delta_bbhj 1.2K May 27 21:18 UQPFIN-run-jetclass_softmax_skiph_8.slurm
-rw-rw----+ 1 avroy delta_bbhj 1.2K May 27 21:18 UQPFIN-run-jetclass_softmax_skiph_9.slurm
-rw-rw----+ 1 avroy delta_bbhj 1.2K May 27 21:18 UQPFIN-run-jetclass_softmax_skiptop_0.slurm
-rw-rw----+ 1 avroy delta_bbhj 1.2K May 27 21:18 UQPFIN-run-jetclass_softmax_skiptop_1.slurm
-rw-rw----+ 1 avroy delta_bbhj 1.2K May 27 21:18 UQPFIN-run-jetclass_softmax_skiptop_2.slurm
-rw-rw----+ 1 avroy delta_bbhj 1.2K May 27 21:18 UQPFIN-run-jetclass_softmax_skiptop_3.slurm
-rw-rw----+ 1 avroy delta_bbhj 1.2K May 27 21:18 UQPFIN-run-jetclass_softmax_skiptop_4.slurm
-rw-rw----+ 1 avroy delta_bbhj 1.2K May 27 21:18 UQPFIN-run-jetclass_softmax_skiptop_5.slurm
-rw-rw----+ 1 avroy delta_bbhj 1.2K May 27 21:18 UQPFIN-run-jetclass_softmax_skiptop_6.slurm
-rw-rw----+ 1 avroy delta_bbhj 1.2K May 27 21:18 UQPFIN-run-jetclass_softmax_skiptop_7.slurm
-rw-rw----+ 1 avroy delta_bbhj 1.2K May 27 21:18 UQPFIN-run-jetclass_softmax_skiptop_8.slurm
-rw-rw----+ 1 avroy delta_bbhj 1.2K May 27 21:18 UQPFIN-run-jetclass_softmax_skiptop_9.slurm
-rw-rw----+ 1 avroy delta_bbhj 1.2K May 27 21:18 UQPFIN-run-jetclass_softmax_skiptwz_0.slurm
-rw-rw----+ 1 avroy delta_bbhj 1.2K May 27 21:18 UQPFIN-run-jetclass_softmax_skiptwz_1.slurm
-rw-rw----+ 1 avroy delta_bbhj 1.2K May 27 21:18 UQPFIN-run-jetclass_softmax_skiptwz_2.slurm
-rw-rw----+ 1 avroy delta_bbhj 1.2K May 27 21:18 UQPFIN-run-jetclass_softmax_skiptwz_3.slurm
-rw-rw----+ 1 avroy delta_bbhj 1.2K May 27 21:18 UQPFIN-run-jetclass_softmax_skiptwz_4.slurm
-rw-rw----+ 1 avroy delta_bbhj 1.2K May 27 21:18 UQPFIN-run-jetclass_softmax_skiptwz_5.slurm
-rw-rw----+ 1 avroy delta_bbhj 1.2K May 27 21:18 UQPFIN-run-jetclass_softmax_skiptwz_6.slurm
-rw-rw----+ 1 avroy delta_bbhj 1.2K May 27 21:18 UQPFIN-run-jetclass_softmax_skiptwz_7.slurm
-rw-rw----+ 1 avroy delta_bbhj 1.2K May 27 21:18 UQPFIN-run-jetclass_softmax_skiptwz_8.slurm
-rw-rw----+ 1 avroy delta_bbhj 1.2K May 27 21:18 UQPFIN-run-jetclass_softmax_skiptwz_9.slurm
-rw-rw----+ 1 avroy delta_bbhj 1.2K May 27 21:18 UQPFIN-run-jetclass_softmax_skipwz_0.slurm
-rw-rw----+ 1 avroy delta_bbhj 1.2K May 27 21:18 UQPFIN-run-jetclass_softmax_skipwz_1.slurm
-rw-rw----+ 1 avroy delta_bbhj 1.2K May 27 21:18 UQPFIN-run-jetclass_softmax_skipwz_2.slurm
-rw-rw----+ 1 avroy delta_bbhj 1.2K May 27 21:18 UQPFIN-run-jetclass_softmax_skipwz_3.slurm
-rw-rw----+ 1 avroy delta_bbhj 1.2K May 27 21:18 UQPFIN-run-jetclass_softmax_skipwz_4.slurm
-rw-rw----+ 1 avroy delta_bbhj 1.2K May 27 21:18 UQPFIN-run-jetclass_softmax_skipwz_5.slurm
-rw-rw----+ 1 avroy delta_bbhj 1.2K May 27 21:18 UQPFIN-run-jetclass_softmax_skipwz_6.slurm
-rw-rw----+ 1 avroy delta_bbhj 1.2K May 27 21:18 UQPFIN-run-jetclass_softmax_skipwz_7.slurm
-rw-rw----+ 1 avroy delta_bbhj 1.2K May 27 21:18 UQPFIN-run-jetclass_softmax_skipwz_8.slurm
-rw-rw----+ 1 avroy delta_bbhj 1.2K May 27 21:18 UQPFIN-run-jetclass_softmax_skipwz_9.slurm
-rw-rw----+ 1 avroy delta_bbhj 1.1K May 18 14:02 UQPFIN-run-JNqgmerged_0.1_baseline.slurm
-rw-rw----+ 1 avroy delta_bbhj 1.1K May 18 14:02 UQPFIN-run-JNqgmerged_0.1_skiptop.slurm
-rw-rw----+ 1 avroy delta_bbhj 1.1K May 18 14:02 UQPFIN-run-JNqgmerged_0.1_skipwz.slurm
-rw-rw----+ 1 avroy delta_bbhj 1.1K May 18 14:02 UQPFIN-run-JNqgmerged_0_baseline.slurm
-rw-rw----+ 1 avroy delta_bbhj 1.1K May 18 14:02 UQPFIN-run-JNqgmerged_0_skiptop.slurm
-rw-rw----+ 1 avroy delta_bbhj 1.1K May 18 14:02 UQPFIN-run-JNqgmerged_0_skipwz.slurm
-rw-rw----+ 1 avroy delta_bbhj 1.1K May 18 14:02 UQPFIN-run-JNqgmerged_nominal_baseline.slurm
-rw-rw----+ 1 avroy delta_bbhj 1.1K May 18 14:02 UQPFIN-run-JNqgmerged_nominal_skiptop.slurm
-rw-rw----+ 1 avroy delta_bbhj 1.1K May 18 14:02 UQPFIN-run-JNqgmerged_nominal_skipwz.slurm
-rw-rw----+ 1 avroy delta_bbhj 1.1K May 18 14:02 UQPFIN-run-JNqgmerged_softmax_baseline_0.slurm
-rw-rw----+ 1 avroy delta_bbhj 1.1K May 18 14:02 UQPFIN-run-JNqgmerged_softmax_baseline_1.slurm
-rw-rw----+ 1 avroy delta_bbhj 1.1K May 18 14:02 UQPFIN-run-JNqgmerged_softmax_baseline_2.slurm
-rw-rw----+ 1 avroy delta_bbhj 1.1K May 18 14:02 UQPFIN-run-JNqgmerged_softmax_baseline_3.slurm
-rw-rw----+ 1 avroy delta_bbhj 1.1K May 18 14:02 UQPFIN-run-JNqgmerged_softmax_baseline_4.slurm
-rw-rw----+ 1 avroy delta_bbhj 1.1K May 18 14:02 UQPFIN-run-JNqgmerged_softmax_baseline_5.slurm
-rw-rw----+ 1 avroy delta_bbhj 1.1K May 18 14:02 UQPFIN-run-JNqgmerged_softmax_baseline_6.slurm
-rw-rw----+ 1 avroy delta_bbhj 1.1K May 18 14:02 UQPFIN-run-JNqgmerged_softmax_baseline_7.slurm
-rw-rw----+ 1 avroy delta_bbhj 1.1K May 18 14:02 UQPFIN-run-JNqgmerged_softmax_baseline_8.slurm
-rw-rw----+ 1 avroy delta_bbhj 1.1K May 18 14:02 UQPFIN-run-JNqgmerged_softmax_baseline_9.slurm
-rw-rw----+ 1 avroy delta_bbhj 1.2K May 18 14:02 UQPFIN-run-JNqgmerged_softmax_dropout_baseline.slurm
-rw-rw----+ 1 avroy delta_bbhj 1.2K May 18 14:02 UQPFIN-run-JNqgmerged_softmax_dropout_skiptop.slurm
-rw-rw----+ 1 avroy delta_bbhj 1.2K May 18 14:02 UQPFIN-run-JNqgmerged_softmax_dropout_skipwz.slurm
-rw-rw----+ 1 avroy delta_bbhj 1.1K May 18 14:02 UQPFIN-run-JNqgmerged_softmax_skiptop_0.slurm
-rw-rw----+ 1 avroy delta_bbhj 1.1K May 18 14:02 UQPFIN-run-JNqgmerged_softmax_skiptop_1.slurm
-rw-rw----+ 1 avroy delta_bbhj 1.1K May 18 14:02 UQPFIN-run-JNqgmerged_softmax_skiptop_2.slurm
-rw-rw----+ 1 avroy delta_bbhj 1.1K May 18 14:02 UQPFIN-run-JNqgmerged_softmax_skiptop_3.slurm
-rw-rw----+ 1 avroy delta_bbhj 1.1K May 18 14:02 UQPFIN-run-JNqgmerged_softmax_skiptop_4.slurm
-rw-rw----+ 1 avroy delta_bbhj 1.1K May 18 14:02 UQPFIN-run-JNqgmerged_softmax_skiptop_5.slurm
-rw-rw----+ 1 avroy delta_bbhj 1.1K May 18 14:02 UQPFIN-run-JNqgmerged_softmax_skiptop_6.slurm
-rw-rw----+ 1 avroy delta_bbhj 1.1K May 18 14:02 UQPFIN-run-JNqgmerged_softmax_skiptop_7.slurm
-rw-rw----+ 1 avroy delta_bbhj 1.1K May 18 14:02 UQPFIN-run-JNqgmerged_softmax_skiptop_8.slurm
-rw-rw----+ 1 avroy delta_bbhj 1.1K May 18 14:02 UQPFIN-run-JNqgmerged_softmax_skiptop_9.slurm
-rw-rw----+ 1 avroy delta_bbhj 1.1K May 18 14:02 UQPFIN-run-JNqgmerged_softmax_skipwz_0.slurm
-rw-rw----+ 1 avroy delta_bbhj 1.1K May 18 14:02 UQPFIN-run-JNqgmerged_softmax_skipwz_1.slurm
-rw-rw----+ 1 avroy delta_bbhj 1.1K May 18 14:02 UQPFIN-run-JNqgmerged_softmax_skipwz_2.slurm
-rw-rw----+ 1 avroy delta_bbhj 1.1K May 18 14:02 UQPFIN-run-JNqgmerged_softmax_skipwz_3.slurm
-rw-rw----+ 1 avroy delta_bbhj 1.1K May 18 14:02 UQPFIN-run-JNqgmerged_softmax_skipwz_4.slurm
-rw-rw----+ 1 avroy delta_bbhj 1.1K May 18 14:02 UQPFIN-run-JNqgmerged_softmax_skipwz_5.slurm
-rw-rw----+ 1 avroy delta_bbhj 1.1K May 18 14:02 UQPFIN-run-JNqgmerged_softmax_skipwz_6.slurm
-rw-rw----+ 1 avroy delta_bbhj 1.1K May 18 14:02 UQPFIN-run-JNqgmerged_softmax_skipwz_7.slurm
-rw-rw----+ 1 avroy delta_bbhj 1.1K May 18 14:02 UQPFIN-run-JNqgmerged_softmax_skipwz_8.slurm
-rw-rw----+ 1 avroy delta_bbhj 1.1K May 18 14:02 UQPFIN-run-JNqgmerged_softmax_skipwz_9.slurm
-rw-------+ 1 avroy delta_bbhj  969 May 15 09:44 UQPFIN-run.slurm
/projects/bbhj/avroy/UQ_XAI_Studies/models/PFIN_UQ/model
total 208K
drwxr-s---+ 2 avroy delta_bbhj  16K May 28 22:47 jobouts
drwxr-s---+ 2 avroy delta_bbhj  16K May 27 21:18 jobsub
-rw-rw----+ 1 avroy delta_bbhj 8.4K May 18 21:37 PFINDataset.py
-rw-rw----+ 1 avroy delta_bbhj 8.4K May 15 14:46 PFINDataset.py~
drwxrws---+ 2 avroy delta_bbhj 4.0K May 18 21:38 __pycache__
drwxrws---+ 2 avroy delta_bbhj  20K May 28 21:17 trained_model_dicts
drwxr-s---+ 2 avroy delta_bbhj 4.0K Mar 31 15:09 trained_model_dicts_old
drwxrws---+ 2 avroy delta_bbhj  40K May 28 22:47 trained_models
drwxr-s---+ 2 avroy delta_bbhj 4.0K Mar 31 15:10 trained_models_old
-rw-rw----+ 1 avroy delta_bbhj  23K May 18 15:52 train_mod.py
-rw-rw----+ 1 avroy delta_bbhj  20K May 27 21:06 train.py
-rw-rw----+ 1 avroy delta_bbhj  20K May 18 13:50 train.py~
-rw-rw----+ 1 avroy delta_bbhj  13K May  5 09:36 UQPFIN.py
job is starting on gpua078.delta.ncsa.illinois.edu
# conda environments:
#
base                     /sw/external/python/anaconda3
toptagger_env         *  /u/avroy/.conda/envs/toptagger_env

/sw/external/python/anaconda3_gpu/bin/python
==========================================================================================
Layer (type:depth-idx)                   Output Shape              Param #
==========================================================================================
UQPFIN                                   [1, 8]                    --
├─Sequential: 1-1                        [60, 64]                  --
│    └─Sequential: 2-1                   [60, 100]                 --
│    │    └─Linear: 3-1                  [60, 100]                 1,200
│    │    └─ReLU: 3-2                    [60, 100]                 --
│    └─Sequential: 2-2                   [60, 100]                 --
│    │    └─Linear: 3-3                  [60, 100]                 10,100
│    │    └─ReLU: 3-4                    [60, 100]                 --
│    └─Sequential: 2-3                   [60, 64]                  --
│    │    └─Linear: 3-5                  [60, 64]                  6,464
│    │    └─ReLU: 3-6                    [60, 64]                  --
├─Sequential: 1-2                        [1770, 64]                --
│    └─Sequential: 2-4                   [1770, 128]               --
│    │    └─Linear: 3-7                  [1770, 128]               640
│    │    └─ReLU: 3-8                    [1770, 128]               --
│    └─Sequential: 2-5                   [1770, 128]               --
│    │    └─Linear: 3-9                  [1770, 128]               16,512
│    │    └─ReLU: 3-10                   [1770, 128]               --
│    └─Sequential: 2-6                   [1770, 64]                --
│    │    └─Linear: 3-11                 [1770, 64]                8,256
│    │    └─ReLU: 3-12                   [1770, 64]                --
├─Sequential: 1-3                        [60, 64]                  --
│    └─Sequential: 2-7                   [60, 128]                 --
│    │    └─Linear: 3-13                 [60, 128]                 9,728
│    │    └─ReLU: 3-14                   [60, 128]                 --
│    └─Sequential: 2-8                   [60, 128]                 --
│    │    └─Linear: 3-15                 [60, 128]                 16,512
│    │    └─ReLU: 3-16                   [60, 128]                 --
│    └─Sequential: 2-9                   [60, 64]                  --
│    │    └─Linear: 3-17                 [60, 64]                  8,256
│    │    └─ReLU: 3-18                   [60, 64]                  --
├─Sequential: 1-4                        [1, 8]                    --
│    └─Sequential: 2-10                  [1, 64]                   --
│    │    └─Linear: 3-19                 [1, 64]                   4,160
│    │    └─ReLU: 3-20                   [1, 64]                   --
│    └─Sequential: 2-11                  [1, 100]                  --
│    │    └─Linear: 3-21                 [1, 100]                  6,500
│    │    └─ReLU: 3-22                   [1, 100]                  --
│    └─Sequential: 2-12                  [1, 100]                  --
│    │    └─Linear: 3-23                 [1, 100]                  10,100
│    │    └─ReLU: 3-24                   [1, 100]                  --
│    └─Linear: 2-13                      [1, 8]                    808
│    └─ReLU: 2-14                        [1, 8]                    --
==========================================================================================
Total params: 99,236
Trainable params: 99,236
Non-trainable params: 0
Total mult-adds (M): 48.13
==========================================================================================
Input size (MB): 0.00
Forward/backward pass size (MB): 4.81
Params size (MB): 0.40
Estimated Total Size (MB): 5.21
==========================================================================================
data type:  jetclass
m_logic, pt_logic, eta_logic:  AND AND AND
m1, m2, pt1, pt2, eta1, eta2:  0.0 10000.0 0.0 10000.0 -6.0 6.0
skip labels:  [6, 7]
classes:  8
Epoch 0
Best Validation Accuracy: 0
Current Validation Accuracy: 0.7331302939111307
Current Validation Loss: 0.00018400776513649735
Saving best model based on accuracy
Epoch 1
Best Validation Accuracy: 0.7331302939111307
Current Validation Accuracy: 0.757093614262196
Current Validation Loss: 0.0001685329988517384
Saving best model based on accuracy
Epoch 2
Best Validation Accuracy: 0.757093614262196
Current Validation Accuracy: 0.7639244673341415
Current Validation Loss: 0.00016411966825083998
Saving best model based on accuracy
Epoch 3
Best Validation Accuracy: 0.7639244673341415
Current Validation Accuracy: 0.7692709775966776
Current Validation Loss: 0.00016071777416627902
Saving best model based on accuracy
Epoch 4
Best Validation Accuracy: 0.7692709775966776
Current Validation Accuracy: 0.7715600167817022
Current Validation Loss: 0.0001591502643135406
Saving best model based on accuracy
Epoch 5
Best Validation Accuracy: 0.7715600167817022
Current Validation Accuracy: 0.7737671482548343
Current Validation Loss: 0.0001576589384072605
Saving best model based on accuracy
Epoch 6
Best Validation Accuracy: 0.7737671482548343
Current Validation Accuracy: 0.7748275717614722
Current Validation Loss: 0.00015695735774891458
Saving best model based on accuracy
Epoch 7
Best Validation Accuracy: 0.7748275717614722
Current Validation Accuracy: 0.7744192837014282
Current Validation Loss: 0.00015713783552221664
Epoch 8
Best Validation Accuracy: 0.7748275717614722
Current Validation Accuracy: 0.7769746792625305
Current Validation Loss: 0.0001554424946824225
Saving best model based on accuracy
Epoch 9
Best Validation Accuracy: 0.7769746792625305
Current Validation Accuracy: 0.778044481514805
Current Validation Loss: 0.00015475313877121
Saving best model based on accuracy
Epoch 10
Best Validation Accuracy: 0.778044481514805
Current Validation Accuracy: 0.7783152146388463
Current Validation Loss: 0.00015456038185843963
Saving best model based on accuracy
Epoch 11
Best Validation Accuracy: 0.7783152146388463
Current Validation Accuracy: 0.7847577876414393
Current Validation Loss: 0.0001505300850050394
Saving best model based on accuracy
Epoch 12
Best Validation Accuracy: 0.7847577876414393
Current Validation Accuracy: 0.7788185406546739
Current Validation Loss: 0.000154071275734874
Epoch 13
Best Validation Accuracy: 0.7847577876414393
Current Validation Accuracy: 0.8079520508503083
Current Validation Loss: 0.00013620331584868924
Saving best model based on accuracy
Epoch 14
Best Validation Accuracy: 0.8079520508503083
Current Validation Accuracy: 0.8116422746334317
Current Validation Loss: 0.00013397625125182464
Saving best model based on accuracy
Epoch 15
Best Validation Accuracy: 0.8116422746334317
Current Validation Accuracy: 0.822085820524572
Current Validation Loss: 0.000126994132763129
Saving best model based on accuracy
Epoch 16
Best Validation Accuracy: 0.822085820524572
Current Validation Accuracy: 0.8298245361741345
Current Validation Loss: 0.00012213908635265328
Saving best model based on accuracy
Epoch 17
Best Validation Accuracy: 0.8298245361741345
Current Validation Accuracy: 0.8254071469793248
Current Validation Loss: 0.0001247608937511496
Epoch 18
Best Validation Accuracy: 0.8298245361741345
Current Validation Accuracy: 0.8303497459297807
Current Validation Loss: 0.00012149477229789266
Saving best model based on accuracy
Epoch 19
Best Validation Accuracy: 0.8303497459297807
Current Validation Accuracy: 0.8344457567741117
Current Validation Loss: 0.00011876753717218814
Saving best model based on accuracy
Epoch 20
Best Validation Accuracy: 0.8344457567741117
Current Validation Accuracy: 0.8375632518236971
Current Validation Loss: 0.00011662541324047845
Saving best model based on accuracy
Epoch 21
Best Validation Accuracy: 0.8375632518236971
Current Validation Accuracy: 0.8394783916826782
Current Validation Loss: 0.00011527321804465123
Saving best model based on accuracy
Epoch 22
Best Validation Accuracy: 0.8394783916826782
Current Validation Accuracy: 0.8404962982090972
Current Validation Loss: 0.00011454253510202496
Saving best model based on accuracy
Epoch 23
Best Validation Accuracy: 0.8404962982090972
Current Validation Accuracy: 0.8413203773256944
Current Validation Loss: 0.00011378457957437946
Saving best model based on accuracy
Epoch 24
Best Validation Accuracy: 0.8413203773256944
Current Validation Accuracy: 0.8418705970697047
Current Validation Loss: 0.00011350835095285594
Saving best model based on accuracy
Epoch 25
Best Validation Accuracy: 0.8418705970697047
Current Validation Accuracy: 0.842921016580997
Current Validation Loss: 0.00011279579543441046
Saving best model based on accuracy
Epoch 26
Best Validation Accuracy: 0.842921016580997
Current Validation Accuracy: 0.8426634137008467
Current Validation Loss: 0.00011298493591841686
Epoch 27
Best Validation Accuracy: 0.842921016580997
Current Validation Accuracy: 0.8435300097976629
Current Validation Loss: 0.00011230037882172343
Saving best model based on accuracy
Epoch 28
Best Validation Accuracy: 0.8435300097976629
Current Validation Accuracy: 0.8432755331660582
Current Validation Loss: 0.00011250566515510135
Epoch 29
[[2.38809253e+03 0.00000000e+00 0.00000000e+00 0.00000000e+00
  0.00000000e+00 0.00000000e+00 0.00000000e+00 0.00000000e+00]
 [8.09515991e+01 0.00000000e+00 3.64165680e+02 8.28651672e+02
  1.73939850e+02 0.00000000e+00 0.00000000e+00 0.00000000e+00]
 [0.00000000e+00 0.00000000e+00 0.00000000e+00 0.00000000e+00
  0.00000000e+00 0.00000000e+00 0.00000000e+00 1.96155945e+03]
 [4.22452736e+01 2.32720280e+00 9.73762054e+01 0.00000000e+00
  0.00000000e+00 7.98151489e+02 0.00000000e+00 0.00000000e+00]
 [0.00000000e+00 0.00000000e+00 0.00000000e+00 0.00000000e+00
  0.00000000e+00 0.00000000e+00 0.00000000e+00 1.80053430e+03]
 [0.00000000e+00 0.00000000e+00 0.00000000e+00 0.00000000e+00
  2.52210913e+03 0.00000000e+00 0.00000000e+00 0.00000000e+00]
 [2.95629297e+03 0.00000000e+00 0.00000000e+00 0.00000000e+00
  0.00000000e+00 0.00000000e+00 0.00000000e+00 0.00000000e+00]
 [0.00000000e+00 0.00000000e+00 8.42275391e+01 1.72849751e+01
  2.09471094e+03 0.00000000e+00 0.00000000e+00 0.00000000e+00]
 [2.99808472e+03 0.00000000e+00 0.00000000e+00 0.00000000e+00
  0.00000000e+00 0.00000000e+00 0.00000000e+00 0.00000000e+00]
 [0.00000000e+00 0.00000000e+00 2.33384445e+02 1.22045914e+02
  8.25569031e+02 0.00000000e+00 8.08013439e+00 0.00000000e+00]
 [2.16300098e+03 0.00000000e+00 0.00000000e+00 0.00000000e+00
  0.00000000e+00 0.00000000e+00 0.00000000e+00 0.00000000e+00]
 [3.08702679e+01 0.00000000e+00 8.67401428e+01 1.45723785e+02
  1.23284204e+03 0.00000000e+00 2.14814587e+01 0.00000000e+00]
 [0.00000000e+00 0.00000000e+00 0.00000000e+00 0.00000000e+00
  0.00000000e+00 2.75560376e+03 0.00000000e+00 0.00000000e+00]
 [1.17714966e+02 0.00000000e+00 0.00000000e+00 6.02404594e+01
  8.23341003e+02 0.00000000e+00 4.33605194e+02 0.00000000e+00]
 [0.00000000e+00 1.27551174e+00 3.96268539e+01 0.00000000e+00
  0.00000000e+00 0.00000000e+00 1.86044092e+03 0.00000000e+00]
 [0.00000000e+00 0.00000000e+00 0.00000000e+00 0.00000000e+00
  0.00000000e+00 1.26195007e+03 0.00000000e+00 9.64167709e+01]
 [1.03273148e+02 0.00000000e+00 5.30574341e+02 1.31394974e+02
  3.92924713e+02 0.00000000e+00 0.00000000e+00 0.00000000e+00]
 [3.13826080e+02 4.38142578e+02 9.12237701e+01 0.00000000e+00
  0.00000000e+00 0.00000000e+00 0.00000000e+00 0.00000000e+00]
 [0.00000000e+00 0.00000000e+00 0.00000000e+00 0.00000000e+00
  0.00000000e+00 2.41582446e+03 0.00000000e+00 0.00000000e+00]
 [0.00000000e+00 2.17246799e+01 2.12010529e+02 2.13563522e+02
  2.01246533e+03 0.00000000e+00 2.92335453e+01 0.00000000e+00]]
[[9.97078598e-01 4.17346164e-04 4.17346164e-04 4.17346164e-04
  4.17346164e-04 4.17346164e-04 4.17346164e-04 4.17346164e-04]
 [5.62966950e-02 6.86950574e-04 2.50850767e-01 5.69929659e-01
  1.20175026e-01 6.86950574e-04 6.86950574e-04 6.86950574e-04]
 [5.07727731e-04 5.07727731e-04 5.07727731e-04 5.07727731e-04
  5.07727731e-04 5.07727731e-04 5.07727731e-04 9.96445894e-01]
 [4.56125587e-02 3.50933685e-03 1.03761405e-01 1.05474086e-03
  1.05474086e-03 8.42897773e-01 1.05474086e-03 1.05474086e-03]
 [5.52933954e-04 5.52933954e-04 5.52933954e-04 5.52933954e-04
  5.52933954e-04 5.52933954e-04 5.52933954e-04 9.96129453e-01]
 [3.95239855e-04 3.95239855e-04 3.95239855e-04 3.95239855e-04
  9.97233331e-01 3.95239855e-04 3.95239855e-04 3.95239855e-04]
 [9.97638583e-01 3.37348582e-04 3.37348582e-04 3.37348582e-04
  3.37348582e-04 3.37348582e-04 3.37348582e-04 3.37348582e-04]
 [4.53674525e-04 4.53674525e-04 3.86655629e-02 8.29542708e-03
  9.50770676e-01 4.53674525e-04 4.53674525e-04 4.53674525e-04]
 [9.97671366e-01 3.32658616e-04 3.32658616e-04 3.32658616e-04
  3.32658616e-04 3.32658616e-04 3.32658616e-04 3.32658616e-04]
 [8.35366372e-04 8.35366372e-04 1.95796877e-01 1.02788419e-01
  6.90487921e-01 8.35366372e-04 7.58523867e-03 8.35366372e-04]
 [9.96775687e-01 4.60617011e-04 4.60617011e-04 4.60617011e-04
  4.60617011e-04 4.60617011e-04 4.60617011e-04 4.60617011e-04]
 [2.08895262e-02 6.55454991e-04 5.75097166e-02 9.61708426e-02
  8.08727980e-01 6.55454991e-04 1.47355851e-02 6.55454991e-04]
 [3.61846382e-04 3.61846382e-04 3.61846382e-04 3.61846382e-04
  3.61846382e-04 9.97467101e-01 3.61846382e-04 3.61846382e-04]
 [8.22751671e-02 6.93047943e-04 6.93047943e-04 4.24425751e-02
  5.71307838e-01 6.93047943e-04 3.01202238e-01 6.93047943e-04]
 [5.23740309e-04 1.19177718e-03 2.12779213e-02 5.23740309e-04
  5.23740309e-04 5.23740309e-04 9.74911630e-01 5.23740309e-04]
 [7.31867913e-04 7.31867913e-04 7.31867913e-04 7.31867913e-04
  7.31867913e-04 9.24312592e-01 7.31867913e-04 7.12962076e-02]
 [8.94152671e-02 8.57510022e-04 4.55830336e-01 1.13530017e-01
  3.37794393e-01 8.57510022e-04 8.57510022e-04 8.57510022e-04]
 [3.69864762e-01 5.15914619e-01 1.08346567e-01 1.17482257e-03
  1.17482257e-03 1.17482257e-03 1.17482257e-03 1.17482257e-03]
 [4.12571128e-04 4.12571128e-04 4.12571128e-04 4.12571128e-04
  4.12571128e-04 9.97111976e-01 4.12571128e-04 4.12571128e-04]
 [4.00480960e-04 9.10080224e-03 8.53066593e-02 8.59286040e-02
  8.06354523e-01 4.00480960e-04 1.21079599e-02 4.00480960e-04]]
[[1. 0. 0. 0. 0. 0. 0. 0.]
 [0. 0. 0. 1. 0. 0. 0. 0.]
 [0. 0. 0. 0. 0. 0. 0. 1.]
 [0. 0. 0. 0. 0. 1. 0. 0.]
 [0. 0. 0. 0. 0. 0. 0. 1.]
 [0. 0. 0. 0. 1. 0. 0. 0.]
 [1. 0. 0. 0. 0. 0. 0. 0.]
 [0. 0. 0. 0. 1. 0. 0. 0.]
 [1. 0. 0. 0. 0. 0. 0. 0.]
 [1. 0. 0. 0. 0. 0. 0. 0.]
 [1. 0. 0. 0. 0. 0. 0. 0.]
 [0. 0. 0. 0. 1. 0. 0. 0.]
 [0. 0. 0. 0. 0. 1. 0. 0.]
 [1. 0. 0. 0. 0. 0. 0. 0.]
 [0. 0. 0. 0. 0. 0. 1. 0.]
 [0. 0. 0. 0. 0. 1. 0. 0.]
 [0. 0. 1. 0. 0. 0. 0. 0.]
 [0. 1. 0. 0. 0. 0. 0. 0.]
 [0. 0. 0. 0. 0. 1. 0. 0.]
 [0. 0. 0. 0. 1. 0. 0. 0.]]
Best Validation Accuracy: 0.8435300097976629
Current Validation Accuracy: 0.8442890629445134
Current Validation Loss: 0.0001117364696909057
Saving best model based on accuracy
Saving last model
