Running "module reset". Resetting modules to system default. The following $MODULEPATH directories have been removed: None
A conda environment has been detected CONDA_PREFIX=
/u/avroy/.conda/envs/toptagger_env 
anaconda3_gpu is loaded. Consider running conda deactivate and reloading it.

Currently Loaded Modules:
  1) cue-login-env/1.0   4) gcc/11.2.0    7) openmpi/4.1.2
  2) default             5) cuda/11.6.1   8) cudnn/8.4.1.50
  3) modtree/gpu         6) ucx/1.11.2    9) anaconda3_gpu/4.13.0

 

/u/avroy/UQ_XAI_Studies/models/PFIN_UQ/model/jobsub
total 192K
-rw-rw----+ 1 avroy delta_bbhj  925 Mar 31 16:58 jobsubmitter_dummy.py
-rw-rw----+ 1 avroy delta_bbhj  15K May 18 13:59 jobsubmitter.py
-rw-rw----+ 1 avroy delta_bbhj 1.1K May 18 14:02 UQPFIN-run-JNqgmerged_0.1_baseline.slurm
-rw-rw----+ 1 avroy delta_bbhj 1.1K May 18 14:02 UQPFIN-run-JNqgmerged_0.1_skiptop.slurm
-rw-rw----+ 1 avroy delta_bbhj 1.1K May 18 14:02 UQPFIN-run-JNqgmerged_0.1_skipwz.slurm
-rw-rw----+ 1 avroy delta_bbhj 1.1K May 18 14:02 UQPFIN-run-JNqgmerged_0_baseline.slurm
-rw-rw----+ 1 avroy delta_bbhj 1.1K May 18 14:02 UQPFIN-run-JNqgmerged_0_skiptop.slurm
-rw-rw----+ 1 avroy delta_bbhj 1.1K May 18 14:02 UQPFIN-run-JNqgmerged_0_skipwz.slurm
-rw-rw----+ 1 avroy delta_bbhj 1.1K May 18 14:02 UQPFIN-run-JNqgmerged_nominal_baseline.slurm
-rw-rw----+ 1 avroy delta_bbhj 1.1K May 18 14:02 UQPFIN-run-JNqgmerged_nominal_skiptop.slurm
-rw-rw----+ 1 avroy delta_bbhj 1.1K May 18 14:02 UQPFIN-run-JNqgmerged_nominal_skipwz.slurm
-rw-rw----+ 1 avroy delta_bbhj 1.1K May 18 14:02 UQPFIN-run-JNqgmerged_softmax_baseline_0.slurm
-rw-rw----+ 1 avroy delta_bbhj 1.1K May 18 14:02 UQPFIN-run-JNqgmerged_softmax_baseline_1.slurm
-rw-rw----+ 1 avroy delta_bbhj 1.1K May 18 14:02 UQPFIN-run-JNqgmerged_softmax_baseline_2.slurm
-rw-rw----+ 1 avroy delta_bbhj 1.1K May 18 14:02 UQPFIN-run-JNqgmerged_softmax_baseline_3.slurm
-rw-rw----+ 1 avroy delta_bbhj 1.1K May 18 14:02 UQPFIN-run-JNqgmerged_softmax_baseline_4.slurm
-rw-rw----+ 1 avroy delta_bbhj 1.1K May 18 14:02 UQPFIN-run-JNqgmerged_softmax_baseline_5.slurm
-rw-rw----+ 1 avroy delta_bbhj 1.1K May 18 14:02 UQPFIN-run-JNqgmerged_softmax_baseline_6.slurm
-rw-rw----+ 1 avroy delta_bbhj 1.1K May 18 14:02 UQPFIN-run-JNqgmerged_softmax_baseline_7.slurm
-rw-rw----+ 1 avroy delta_bbhj 1.1K May 18 14:02 UQPFIN-run-JNqgmerged_softmax_baseline_8.slurm
-rw-rw----+ 1 avroy delta_bbhj 1.1K May 18 14:02 UQPFIN-run-JNqgmerged_softmax_baseline_9.slurm
-rw-rw----+ 1 avroy delta_bbhj 1.2K May 18 14:02 UQPFIN-run-JNqgmerged_softmax_dropout_baseline.slurm
-rw-rw----+ 1 avroy delta_bbhj 1.2K May 18 14:02 UQPFIN-run-JNqgmerged_softmax_dropout_skiptop.slurm
-rw-rw----+ 1 avroy delta_bbhj 1.2K May 18 14:02 UQPFIN-run-JNqgmerged_softmax_dropout_skipwz.slurm
-rw-rw----+ 1 avroy delta_bbhj 1.1K May 18 14:02 UQPFIN-run-JNqgmerged_softmax_skiptop_0.slurm
-rw-rw----+ 1 avroy delta_bbhj 1.1K May 18 14:02 UQPFIN-run-JNqgmerged_softmax_skiptop_1.slurm
-rw-rw----+ 1 avroy delta_bbhj 1.1K May 18 14:02 UQPFIN-run-JNqgmerged_softmax_skiptop_2.slurm
-rw-rw----+ 1 avroy delta_bbhj 1.1K May 18 14:02 UQPFIN-run-JNqgmerged_softmax_skiptop_3.slurm
-rw-rw----+ 1 avroy delta_bbhj 1.1K May 18 14:02 UQPFIN-run-JNqgmerged_softmax_skiptop_4.slurm
-rw-rw----+ 1 avroy delta_bbhj 1.1K May 18 14:02 UQPFIN-run-JNqgmerged_softmax_skiptop_5.slurm
-rw-rw----+ 1 avroy delta_bbhj 1.1K May 18 14:02 UQPFIN-run-JNqgmerged_softmax_skiptop_6.slurm
-rw-rw----+ 1 avroy delta_bbhj 1.1K May 18 14:02 UQPFIN-run-JNqgmerged_softmax_skiptop_7.slurm
-rw-rw----+ 1 avroy delta_bbhj 1.1K May 18 14:02 UQPFIN-run-JNqgmerged_softmax_skiptop_8.slurm
-rw-rw----+ 1 avroy delta_bbhj 1.1K May 18 14:02 UQPFIN-run-JNqgmerged_softmax_skiptop_9.slurm
-rw-rw----+ 1 avroy delta_bbhj 1.1K May 18 14:02 UQPFIN-run-JNqgmerged_softmax_skipwz_0.slurm
-rw-rw----+ 1 avroy delta_bbhj 1.1K May 18 14:02 UQPFIN-run-JNqgmerged_softmax_skipwz_1.slurm
-rw-rw----+ 1 avroy delta_bbhj 1.1K May 18 14:02 UQPFIN-run-JNqgmerged_softmax_skipwz_2.slurm
-rw-rw----+ 1 avroy delta_bbhj 1.1K May 18 14:02 UQPFIN-run-JNqgmerged_softmax_skipwz_3.slurm
-rw-rw----+ 1 avroy delta_bbhj 1.1K May 18 14:02 UQPFIN-run-JNqgmerged_softmax_skipwz_4.slurm
-rw-rw----+ 1 avroy delta_bbhj 1.1K May 18 14:02 UQPFIN-run-JNqgmerged_softmax_skipwz_5.slurm
-rw-rw----+ 1 avroy delta_bbhj 1.1K May 18 14:02 UQPFIN-run-JNqgmerged_softmax_skipwz_6.slurm
-rw-rw----+ 1 avroy delta_bbhj 1.1K May 18 14:02 UQPFIN-run-JNqgmerged_softmax_skipwz_7.slurm
-rw-rw----+ 1 avroy delta_bbhj 1.1K May 18 14:02 UQPFIN-run-JNqgmerged_softmax_skipwz_8.slurm
-rw-rw----+ 1 avroy delta_bbhj 1.1K May 18 14:02 UQPFIN-run-JNqgmerged_softmax_skipwz_9.slurm
-rw-------+ 1 avroy delta_bbhj  969 May 15 09:44 UQPFIN-run.slurm
/projects/bbhj/avroy/UQ_XAI_Studies/models/PFIN_UQ/model
total 156K
drwxr-s---+ 2 avroy delta_bbhj  12K May 18 15:52 jobouts
drwxr-s---+ 2 avroy delta_bbhj 4.0K May 18 14:02 jobsub
-rw-rw----+ 1 avroy delta_bbhj 8.4K May 15 14:46 PFINDataset.py
drwxrws---+ 2 avroy delta_bbhj 4.0K May 18 09:47 __pycache__
drwxrws---+ 2 avroy delta_bbhj  12K May 18 15:50 trained_model_dicts
drwxr-s---+ 2 avroy delta_bbhj 4.0K Mar 31 15:09 trained_model_dicts_old
drwxrws---+ 2 avroy delta_bbhj  20K May 18 15:52 trained_models
drwxr-s---+ 2 avroy delta_bbhj 4.0K Mar 31 15:10 trained_models_old
-rw-rw----+ 1 avroy delta_bbhj  23K May 18 15:52 train_mod.py
-rw-rw----+ 1 avroy delta_bbhj  23K May 18 15:45 train_mod.py~
-rw-rw----+ 1 avroy delta_bbhj  20K May 18 13:50 train.py
-rw-rw----+ 1 avroy delta_bbhj  13K May  5 09:36 UQPFIN.py
job is starting on gpua055.delta.ncsa.illinois.edu
# conda environments:
#
base                     /sw/external/python/anaconda3
toptagger_env         *  /u/avroy/.conda/envs/toptagger_env

/sw/external/python/anaconda3_gpu/bin/python
==========================================================================================
Layer (type:depth-idx)                   Output Shape              Param #
==========================================================================================
UQPFIN                                   [1, 3]                    --
├─Sequential: 1-1                        [30, 64]                  --
│    └─Sequential: 2-1                   [30, 100]                 --
│    │    └─Linear: 3-1                  [30, 100]                 400
│    │    └─ReLU: 3-2                    [30, 100]                 --
│    └─Sequential: 2-2                   [30, 100]                 --
│    │    └─Linear: 3-3                  [30, 100]                 10,100
│    │    └─ReLU: 3-4                    [30, 100]                 --
│    └─Sequential: 2-3                   [30, 64]                  --
│    │    └─Linear: 3-5                  [30, 64]                  6,464
│    │    └─ReLU: 3-6                    [30, 64]                  --
├─Sequential: 1-2                        [435, 64]                 --
│    └─Sequential: 2-4                   [435, 128]                --
│    │    └─Linear: 3-7                  [435, 128]                640
│    │    └─ReLU: 3-8                    [435, 128]                --
│    └─Sequential: 2-5                   [435, 128]                --
│    │    └─Linear: 3-9                  [435, 128]                16,512
│    │    └─ReLU: 3-10                   [435, 128]                --
│    └─Sequential: 2-6                   [435, 64]                 --
│    │    └─Linear: 3-11                 [435, 64]                 8,256
│    │    └─ReLU: 3-12                   [435, 64]                 --
├─Sequential: 1-3                        [30, 64]                  --
│    └─Sequential: 2-7                   [30, 128]                 --
│    │    └─Linear: 3-13                 [30, 128]                 8,704
│    │    └─ReLU: 3-14                   [30, 128]                 --
│    └─Sequential: 2-8                   [30, 128]                 --
│    │    └─Linear: 3-15                 [30, 128]                 16,512
│    │    └─ReLU: 3-16                   [30, 128]                 --
│    └─Sequential: 2-9                   [30, 64]                  --
│    │    └─Linear: 3-17                 [30, 64]                  8,256
│    │    └─ReLU: 3-18                   [30, 64]                  --
├─Sequential: 1-4                        [1, 3]                    --
│    └─Sequential: 2-10                  [1, 64]                   --
│    │    └─Linear: 3-19                 [1, 64]                   4,160
│    │    └─ReLU: 3-20                   [1, 64]                   --
│    └─Sequential: 2-11                  [1, 100]                  --
│    │    └─Linear: 3-21                 [1, 100]                  6,500
│    │    └─ReLU: 3-22                   [1, 100]                  --
│    └─Sequential: 2-12                  [1, 100]                  --
│    │    └─Linear: 3-23                 [1, 100]                  10,100
│    │    └─ReLU: 3-24                   [1, 100]                  --
│    └─Linear: 2-13                      [1, 3]                    303
│    └─Softmax: 2-14                     [1, 3]                    --
==========================================================================================
Total params: 96,907
Trainable params: 96,907
Non-trainable params: 0
Total mult-adds (M): 12.59
==========================================================================================
Input size (MB): 0.00
Forward/backward pass size (MB): 1.26
Params size (MB): 0.39
Estimated Total Size (MB): 1.64
==========================================================================================
data type:  JNqgmerged
m_logic, pt_logic, eta_logic:  AND AND AND
m1, m2, pt1, pt2, eta1, eta2:  0.0 10000.0 0.0 10000.0 -6.0 6.0
skip labels:  [1]
classes:  3
Epoch 0
Best Validation Accuracy: 0
Current Validation Accuracy: 0.8119956687538251
Current Validation Loss: 0.002729733921557652
Saving best model based on accuracy
Epoch 1
Best Validation Accuracy: 0.8119956687538251
Current Validation Accuracy: 0.8418341885975237
Current Validation Loss: 0.0024293912250630506
Saving best model based on accuracy
Epoch 2
Best Validation Accuracy: 0.8418341885975237
Current Validation Accuracy: 0.8081822889694459
Current Validation Loss: 0.0027476512239756183
Epoch 3
Best Validation Accuracy: 0.8418341885975237
Current Validation Accuracy: 0.8538675203615649
Current Validation Loss: 0.0022111793386246446
Saving best model based on accuracy
Epoch 4
Best Validation Accuracy: 0.8538675203615649
Current Validation Accuracy: 0.8431147309448708
Current Validation Loss: 0.0023147937248702843
Epoch 5
Best Validation Accuracy: 0.8538675203615649
Current Validation Accuracy: 0.8593474883480062
Current Validation Loss: 0.00212286802583212
Saving best model based on accuracy
Epoch 6
Best Validation Accuracy: 0.8593474883480062
Current Validation Accuracy: 0.8562402900051787
Current Validation Loss: 0.0021566513988752947
Epoch 7
Best Validation Accuracy: 0.8593474883480062
Current Validation Accuracy: 0.8626712489995763
Current Validation Loss: 0.002056060234097616
Saving best model based on accuracy
Epoch 8
Best Validation Accuracy: 0.8626712489995763
Current Validation Accuracy: 0.8661550774445648
Current Validation Loss: 0.002020563119060884
Saving best model based on accuracy
Epoch 9
Best Validation Accuracy: 0.8661550774445648
Current Validation Accuracy: 0.8679629019349372
Current Validation Loss: 0.0019831902492765284
Saving best model based on accuracy
Epoch 10
Best Validation Accuracy: 0.8679629019349372
Current Validation Accuracy: 0.8527752930652982
Current Validation Loss: 0.002157066233004
Epoch 11
Best Validation Accuracy: 0.8679629019349372
Current Validation Accuracy: 0.8599783437691257
Current Validation Loss: 0.002099279937903079
Epoch 12
Best Validation Accuracy: 0.8679629019349372
Current Validation Accuracy: 0.8690551292312038
Current Validation Loss: 0.001971459125940434
Saving best model based on accuracy
Epoch 13
Best Validation Accuracy: 0.8690551292312038
Current Validation Accuracy: 0.8704957393719693
Current Validation Loss: 0.0019456847686281783
Saving best model based on accuracy
Epoch 14
Best Validation Accuracy: 0.8704957393719693
Current Validation Accuracy: 0.8585848123911304
Current Validation Loss: 0.0021153590618107686
Epoch 15
Best Validation Accuracy: 0.8704957393719693
Current Validation Accuracy: 0.8682077115013418
Current Validation Loss: 0.0019789337379481965
Epoch 16
Best Validation Accuracy: 0.8704957393719693
Current Validation Accuracy: 0.8714090673697096
Current Validation Loss: 0.0019285989489002443
Saving best model based on accuracy
Epoch 17
Best Validation Accuracy: 0.8714090673697096
Current Validation Accuracy: 0.8555152770585189
Current Validation Loss: 0.002164378873788167
Epoch 18
Best Validation Accuracy: 0.8714090673697096
Current Validation Accuracy: 0.8710041900098865
Current Validation Loss: 0.0019344834777169698
Epoch 19
Best Validation Accuracy: 0.8714090673697096
Current Validation Accuracy: 0.8703262558259969
Current Validation Loss: 0.0019394908588454861
Epoch 20
Best Validation Accuracy: 0.8714090673697096
Current Validation Accuracy: 0.8681041382232475
Current Validation Loss: 0.0019921330987023723
Epoch 21
Best Validation Accuracy: 0.8714090673697096
Current Validation Accuracy: 0.8637163975330728
Current Validation Loss: 0.0020217773036416667
Epoch 22
Best Validation Accuracy: 0.8714090673697096
Current Validation Accuracy: 0.8625865072265901
Current Validation Loss: 0.002056102062437888
Epoch 23
Best Validation Accuracy: 0.8714090673697096
Current Validation Accuracy: 0.8723223953674497
Current Validation Loss: 0.0019058026013853164
Saving best model based on accuracy
Epoch 24
Best Validation Accuracy: 0.8723223953674497
Current Validation Accuracy: 0.8708535379690222
Current Validation Loss: 0.0019310370446104523
Epoch 25
Best Validation Accuracy: 0.8723223953674497
Current Validation Accuracy: 0.8653170754672567
Current Validation Loss: 0.0020035400130105473
Epoch 26
Best Validation Accuracy: 0.8723223953674497
Current Validation Accuracy: 0.8706369756602796
Current Validation Loss: 0.0019220039818808946
Epoch 27
Best Validation Accuracy: 0.8723223953674497
Current Validation Accuracy: 0.8717951132244245
Current Validation Loss: 0.0019167997116625217
Epoch 28
Best Validation Accuracy: 0.8723223953674497
Current Validation Accuracy: 0.8686784991290429
Current Validation Loss: 0.001956650301716567
Epoch 29
Best Validation Accuracy: 0.8723223953674497
Current Validation Accuracy: 0.87405489383739
Current Validation Loss: 0.0018777583171674678
Saving best model based on accuracy
Epoch 30
Best Validation Accuracy: 0.87405489383739
Current Validation Accuracy: 0.867077821194859
Current Validation Loss: 0.0019596576331491374
Epoch 31
Best Validation Accuracy: 0.87405489383739
Current Validation Accuracy: 0.8735558589520267
Current Validation Loss: 0.0018855707996236499
Epoch 32
Best Validation Accuracy: 0.87405489383739
Current Validation Accuracy: 0.8694976696012429
Current Validation Loss: 0.0019467409071761343
Epoch 33
Best Validation Accuracy: 0.87405489383739
Current Validation Accuracy: 0.8736217692199049
Current Validation Loss: 0.0018899951173471116
Epoch 34
Best Validation Accuracy: 0.87405489383739
Current Validation Accuracy: 0.8723223953674497
Current Validation Loss: 0.0019014878153694333
Epoch 35
Best Validation Accuracy: 0.87405489383739
Current Validation Accuracy: 0.874478602702321
Current Validation Loss: 0.0018644777863697224
Saving best model based on accuracy
Epoch 36
Best Validation Accuracy: 0.874478602702321
Current Validation Accuracy: 0.8727272727272727
Current Validation Loss: 0.0018961278166869037
Epoch 37
Best Validation Accuracy: 0.874478602702321
Current Validation Accuracy: 0.8737818370133232
Current Validation Loss: 0.0018945445482814263
Epoch 38
Best Validation Accuracy: 0.874478602702321
Current Validation Accuracy: 0.8749588060825761
Current Validation Loss: 0.0018818288742668138
Saving best model based on accuracy
Epoch 39
Best Validation Accuracy: 0.8749588060825761
Current Validation Accuracy: 0.8746198389906313
Current Validation Loss: 0.0018775573906423255
Epoch 40
Best Validation Accuracy: 0.8749588060825761
Current Validation Accuracy: 0.87492114307236
Current Validation Loss: 0.001880471216639491
Epoch 41
Best Validation Accuracy: 0.8749588060825761
Current Validation Accuracy: 0.8734993644367026
Current Validation Loss: 0.001883736996685267
Epoch 42
Best Validation Accuracy: 0.8749588060825761
Current Validation Accuracy: 0.8722094063368014
Current Validation Loss: 0.0018962532716823115
Epoch 43
Best Validation Accuracy: 0.8749588060825761
Current Validation Accuracy: 0.8680382279553693
Current Validation Loss: 0.001981927437845369
Epoch 44
Best Validation Accuracy: 0.8749588060825761
Current Validation Accuracy: 0.8752601101643048
Current Validation Loss: 0.0018611645023396592
Saving best model based on accuracy
Epoch 45
Best Validation Accuracy: 0.8752601101643048
Current Validation Accuracy: 0.8742620403935785
Current Validation Loss: 0.0018745990681124072
Epoch 46
Best Validation Accuracy: 0.8752601101643048
Current Validation Accuracy: 0.8747704910314957
Current Validation Loss: 0.0018813705582957916
Epoch 47
Best Validation Accuracy: 0.8752601101643048
Current Validation Accuracy: 0.8716538769361141
Current Validation Loss: 0.001899593236374432
Epoch 48
Best Validation Accuracy: 0.8752601101643048
Current Validation Accuracy: 0.8759097970905325
Current Validation Loss: 0.0018641848570826497
Saving best model based on accuracy
Epoch 49
Best Validation Accuracy: 0.8759097970905325
Current Validation Accuracy: 0.8738100842709854
Current Validation Loss: 0.001887932036882807
Epoch 50
Best Validation Accuracy: 0.8759097970905325
Current Validation Accuracy: 0.8756838190292359
Current Validation Loss: 0.0018603251605691404
Epoch 51
Best Validation Accuracy: 0.8759097970905325
Current Validation Accuracy: 0.8671719787203992
Current Validation Loss: 0.0019461068096967254
Epoch 52
Best Validation Accuracy: 0.8759097970905325
Current Validation Accuracy: 0.8708064592062521
Current Validation Loss: 0.001939591198709241
Epoch 53
Best Validation Accuracy: 0.8759097970905325
Current Validation Accuracy: 0.8760510333788428
Current Validation Loss: 0.0018557308706925878
Saving best model based on accuracy
Epoch 54
Best Validation Accuracy: 0.8760510333788428
Current Validation Accuracy: 0.8675486088225601
Current Validation Loss: 0.00196040045838477
Epoch 55
Best Validation Accuracy: 0.8760510333788428
Current Validation Accuracy: 0.8669460006591027
Current Validation Loss: 0.0019655461017484186
Epoch 56
Best Validation Accuracy: 0.8760510333788428
Current Validation Accuracy: 0.8735370274469187
Current Validation Loss: 0.0018863122020197208
Epoch 57
Best Validation Accuracy: 0.8760510333788428
Current Validation Accuracy: 0.8743373664140106
Current Validation Loss: 0.0018744139355132878
Epoch 58
Best Validation Accuracy: 0.8760510333788428
Current Validation Accuracy: 0.8756273245139118
Current Validation Loss: 0.0018779080437769814
Epoch 59
Best Validation Accuracy: 0.8760510333788428
Current Validation Accuracy: 0.8751094581234405
Current Validation Loss: 0.0018608791137795615
Epoch 60
Best Validation Accuracy: 0.8760510333788428
Current Validation Accuracy: 0.8648557035921096
Current Validation Loss: 0.0020080088208127025
Epoch 61
Best Validation Accuracy: 0.8760510333788428
Current Validation Accuracy: 0.8749399745774681
Current Validation Loss: 0.0018635244747434126
Epoch 62
Best Validation Accuracy: 0.8760510333788428
Current Validation Accuracy: 0.8721811590791394
Current Validation Loss: 0.0019131831885461704
Epoch 63
Best Validation Accuracy: 0.8760510333788428
Current Validation Accuracy: 0.8730662398192176
Current Validation Loss: 0.0019197923509893116
Epoch 64
Best Validation Accuracy: 0.8760510333788428
Current Validation Accuracy: 0.8752036156489807
Current Validation Loss: 0.0018676730788229415
Epoch 65
Best Validation Accuracy: 0.8760510333788428
Current Validation Accuracy: 0.8740078150746199
Current Validation Loss: 0.0018733935156962241
Epoch 66
Best Validation Accuracy: 0.8760510333788428
Current Validation Accuracy: 0.8751565368862106
Current Validation Loss: 0.001883701724547248
Epoch 67
Best Validation Accuracy: 0.8760510333788428
Current Validation Accuracy: 0.8762770114401394
Current Validation Loss: 0.0018511997423492567
Saving best model based on accuracy
Epoch 68
Best Validation Accuracy: 0.8762770114401394
Current Validation Accuracy: 0.8752036156489807
Current Validation Loss: 0.0018635550912594672
Epoch 69
Best Validation Accuracy: 0.8762770114401394
Current Validation Accuracy: 0.8767854620780566
Current Validation Loss: 0.0018410969890896465
Saving best model based on accuracy
Epoch 70
Best Validation Accuracy: 0.8767854620780566
Current Validation Accuracy: 0.874459771197213
Current Validation Loss: 0.001882915746626345
Epoch 71
Best Validation Accuracy: 0.8767854620780566
Current Validation Accuracy: 0.8746951650110635
Current Validation Loss: 0.001876514975950883
Epoch 72
Best Validation Accuracy: 0.8767854620780566
Current Validation Accuracy: 0.876126359399275
Current Validation Loss: 0.0018537500223855976
Epoch 73
Best Validation Accuracy: 0.8767854620780566
Current Validation Accuracy: 0.8755143354832635
Current Validation Loss: 0.0018599059201416044
Epoch 74
Best Validation Accuracy: 0.8767854620780566
Current Validation Accuracy: 0.8754295937102773
Current Validation Loss: 0.0018692441257647688
Epoch 75
Best Validation Accuracy: 0.8767854620780566
Current Validation Accuracy: 0.8769361141189209
Current Validation Loss: 0.0018520247740662708
Saving best model based on accuracy
Epoch 76
Best Validation Accuracy: 0.8769361141189209
Current Validation Accuracy: 0.8724448001506521
Current Validation Loss: 0.001921046693571644
Epoch 77
Best Validation Accuracy: 0.8769361141189209
Current Validation Accuracy: 0.8713337413492773
Current Validation Loss: 0.0019214016515641478
Epoch 78
Best Validation Accuracy: 0.8769361141189209
Current Validation Accuracy: 0.8771715079327715
Current Validation Loss: 0.0018410620859554778
Saving best model based on accuracy
Epoch 79
Best Validation Accuracy: 0.8771715079327715
Current Validation Accuracy: 0.8721152488112612
Current Validation Loss: 0.001925562713101424
Epoch 80
Best Validation Accuracy: 0.8771715079327715
Current Validation Accuracy: 0.8693658490654865
Current Validation Loss: 0.0019330871758457182
Epoch 81
Best Validation Accuracy: 0.8771715079327715
Current Validation Accuracy: 0.8741867143731463
Current Validation Loss: 0.0018833010904724206
Epoch 82
Best Validation Accuracy: 0.8771715079327715
Current Validation Accuracy: 0.8745256814650911
Current Validation Loss: 0.001868419343230583
Epoch 83
Best Validation Accuracy: 0.8771715079327715
Current Validation Accuracy: 0.8755425827409256
Current Validation Loss: 0.0018639498179053515
Epoch 84
Best Validation Accuracy: 0.8771715079327715
Current Validation Accuracy: 0.8762016854197072
Current Validation Loss: 0.0018605597904748675
Epoch 85
Best Validation Accuracy: 0.8771715079327715
Current Validation Accuracy: 0.8728967562732451
Current Validation Loss: 0.0019085071037046979
Epoch 86
Best Validation Accuracy: 0.8771715079327715
Current Validation Accuracy: 0.877350407231298
Current Validation Loss: 0.001841485722018615
Saving best model based on accuracy
Epoch 87
Best Validation Accuracy: 0.877350407231298
Current Validation Accuracy: 0.33336471917518007
Current Validation Loss: nan
Validation accuracy dropped by more than 10%. Reloading best model
Epoch 88
Best Validation Accuracy: 0.877350407231298
Current Validation Accuracy: 0.33336471917518007
Current Validation Loss: nan
Validation accuracy dropped by more than 10%. Reloading best model
Epoch 89
Best Validation Accuracy: 0.877350407231298
Current Validation Accuracy: 0.33336471917518007
Current Validation Loss: nan
Validation accuracy dropped by more than 10%. Reloading best model
Epoch 90
Best Validation Accuracy: 0.877350407231298
Current Validation Accuracy: 0.33336471917518007
Current Validation Loss: nan
Validation accuracy dropped by more than 10%. Reloading best model
Epoch 91
Best Validation Accuracy: 0.877350407231298
Current Validation Accuracy: 0.33336471917518007
Current Validation Loss: nan
Validation accuracy dropped by more than 10%. Reloading best model
Epoch 92
Best Validation Accuracy: 0.877350407231298
Current Validation Accuracy: 0.33336471917518007
Current Validation Loss: nan
Validation accuracy dropped by more than 10%. Reloading best model
Epoch 93
Best Validation Accuracy: 0.877350407231298
Current Validation Accuracy: 0.33336471917518007
Current Validation Loss: nan
Validation accuracy dropped by more than 10%. Reloading best model
Epoch 94
Best Validation Accuracy: 0.877350407231298
Current Validation Accuracy: 0.33336471917518007
Current Validation Loss: nan
Validation accuracy dropped by more than 10%. Reloading best model
Epoch 95
Best Validation Accuracy: 0.877350407231298
Current Validation Accuracy: 0.33336471917518007
Current Validation Loss: nan
Validation accuracy dropped by more than 10%. Reloading best model
Epoch 96
Best Validation Accuracy: 0.877350407231298
Current Validation Accuracy: 0.33336471917518007
Current Validation Loss: nan
Validation accuracy dropped by more than 10%. Reloading best model
Epoch 97
Best Validation Accuracy: 0.877350407231298
Current Validation Accuracy: 0.33336471917518007
Current Validation Loss: nan
Validation accuracy dropped by more than 10%. Reloading best model
Epoch 98
Best Validation Accuracy: 0.877350407231298
Current Validation Accuracy: 0.33336471917518007
Current Validation Loss: nan
Validation accuracy dropped by more than 10%. Reloading best model
Epoch 99
[[nan nan nan]
 [nan nan nan]
 [nan nan nan]
 [nan nan nan]
 [nan nan nan]
 [nan nan nan]
 [nan nan nan]
 [nan nan nan]
 [nan nan nan]
 [nan nan nan]
 [nan nan nan]
 [nan nan nan]
 [nan nan nan]
 [nan nan nan]
 [nan nan nan]
 [nan nan nan]
 [nan nan nan]
 [nan nan nan]
 [nan nan nan]
 [nan nan nan]]
[[nan nan nan]
 [nan nan nan]
 [nan nan nan]
 [nan nan nan]
 [nan nan nan]
 [nan nan nan]
 [nan nan nan]
 [nan nan nan]
 [nan nan nan]
 [nan nan nan]
 [nan nan nan]
 [nan nan nan]
 [nan nan nan]
 [nan nan nan]
 [nan nan nan]
 [nan nan nan]
 [nan nan nan]
 [nan nan nan]
 [nan nan nan]
 [nan nan nan]]
[[0. 0. 1.]
 [0. 0. 1.]
 [0. 0. 1.]
 [0. 1. 0.]
 [0. 1. 0.]
 [1. 0. 0.]
 [0. 0. 1.]
 [0. 0. 1.]
 [1. 0. 0.]
 [0. 0. 1.]
 [1. 0. 0.]
 [1. 0. 0.]
 [0. 1. 0.]
 [1. 0. 0.]
 [0. 1. 0.]
 [1. 0. 0.]
 [0. 1. 0.]
 [1. 0. 0.]
 [1. 0. 0.]
 [0. 1. 0.]]
Best Validation Accuracy: 0.877350407231298
Current Validation Accuracy: 0.33336471917518007
Current Validation Loss: nan
Validation accuracy dropped by more than 10%. Reloading best model
Saving last model
