Running "module reset". Resetting modules to system default. The following $MODULEPATH directories have been removed: None
A conda environment has been detected CONDA_PREFIX=
/sw/external/python/anaconda3 
anaconda3_gpu is loaded. Consider running conda deactivate and reloading it.

Currently Loaded Modules:
  1) cue-login-env/1.0   4) gcc/11.2.0    7) openmpi/4.1.2
  2) default             5) cuda/11.6.1   8) cudnn/8.4.1.50
  3) modtree/gpu         6) ucx/1.11.2    9) anaconda3_gpu/4.13.0

 

/u/avroy/UQ_XAI_Studies/models/PFIN_UQ/model/jobsub
total 23K
-rw-rw----+ 1 avroy delta_bbhj  925 Mar 31 16:58 jobsubmitter_dummy.py
-rw-rw----+ 1 avroy delta_bbhj  12K May 13 01:23 jobsubmitter.py
-rw-rw----+ 1 avroy delta_bbhj  11K May  6 02:17 jobsubmitter.py~
-rw-rw----+ 1 avroy delta_bbhj 1.2K May 13 01:23 UQPFIN-run-jetclass_trial0_partdata.slurm
-rw-rw----+ 1 avroy delta_bbhj 1.2K May 13 01:23 UQPFIN-run-jetclass_trial1_partdata.slurm
-rw-rw----+ 1 avroy delta_bbhj 1.2K May 13 01:23 UQPFIN-run-jetclass_trial2_partdata.slurm
-rw-rw----+ 1 avroy delta_bbhj 1.2K May 13 01:23 UQPFIN-run-jetclass_trial3_partdata.slurm
-rw-------+ 1 avroy delta_bbhj  969 May  2 10:38 UQPFIN-run.slurm
/projects/bbhj/avroy/UQ_XAI_Studies/models/PFIN_UQ/model
total 108K
drwxr-s---+ 2 avroy delta_bbhj  12K May 13 01:23 jobouts
drwxr-s---+ 2 avroy delta_bbhj 4.0K May 13 01:23 jobsub
-rw-rw----+ 1 avroy delta_bbhj 8.3K May  1 09:53 PFINDataset.py
drwxrws---+ 2 avroy delta_bbhj 4.0K May  5 19:52 __pycache__
drwxrws---+ 2 avroy delta_bbhj  12K May 13 01:19 trained_model_dicts
drwxr-s---+ 2 avroy delta_bbhj 4.0K Mar 31 15:09 trained_model_dicts_old
drwxrws---+ 2 avroy delta_bbhj  20K May 13 01:19 trained_models
drwxr-s---+ 2 avroy delta_bbhj 4.0K Mar 31 15:10 trained_models_old
-rw-rw----+ 1 avroy delta_bbhj  19K May 13 01:18 train.py
-rw-rw----+ 1 avroy delta_bbhj  13K May  5 09:36 UQPFIN.py
job is starting on gpua050.delta.ncsa.illinois.edu
# conda environments:
#
base                     /sw/external/python/anaconda3
toptagger_env         *  /u/avroy/.conda/envs/toptagger_env

/sw/external/python/anaconda3_gpu/bin/python
==========================================================================================
Layer (type:depth-idx)                   Output Shape              Param #
==========================================================================================
UQPFIN                                   [1, 10]                   --
├─Sequential: 1-1                        [60, 128]                 --
│    └─Sequential: 2-1                   [60, 100]                 --
│    │    └─Linear: 3-1                  [60, 100]                 1,200
│    │    └─ReLU: 3-2                    [60, 100]                 --
│    └─Sequential: 2-2                   [60, 100]                 --
│    │    └─Linear: 3-3                  [60, 100]                 10,100
│    │    └─ReLU: 3-4                    [60, 100]                 --
│    └─Sequential: 2-3                   [60, 100]                 --
│    │    └─Linear: 3-5                  [60, 100]                 10,100
│    │    └─ReLU: 3-6                    [60, 100]                 --
│    └─Sequential: 2-4                   [60, 100]                 --
│    │    └─Linear: 3-7                  [60, 100]                 10,100
│    │    └─ReLU: 3-8                    [60, 100]                 --
│    └─Sequential: 2-5                   [60, 128]                 --
│    │    └─Linear: 3-9                  [60, 128]                 12,928
│    │    └─ReLU: 3-10                   [60, 128]                 --
├─Sequential: 1-2                        [1770, 128]               --
│    └─Sequential: 2-6                   [1770, 256]               --
│    │    └─Linear: 3-11                 [1770, 256]               1,280
│    │    └─ReLU: 3-12                   [1770, 256]               --
│    └─Sequential: 2-7                   [1770, 256]               --
│    │    └─Linear: 3-13                 [1770, 256]               65,792
│    │    └─ReLU: 3-14                   [1770, 256]               --
│    └─Sequential: 2-8                   [1770, 128]               --
│    │    └─Linear: 3-15                 [1770, 128]               32,896
│    │    └─ReLU: 3-16                   [1770, 128]               --
├─Sequential: 1-3                        [60, 128]                 --
│    └─Sequential: 2-9                   [60, 256]                 --
│    │    └─Linear: 3-17                 [60, 256]                 35,840
│    │    └─ReLU: 3-18                   [60, 256]                 --
│    └─Sequential: 2-10                  [60, 256]                 --
│    │    └─Linear: 3-19                 [60, 256]                 65,792
│    │    └─ReLU: 3-20                   [60, 256]                 --
│    └─Sequential: 2-11                  [60, 128]                 --
│    │    └─Linear: 3-21                 [60, 128]                 32,896
│    │    └─ReLU: 3-22                   [60, 128]                 --
├─Sequential: 1-4                        [1, 10]                   --
│    └─Sequential: 2-12                  [1, 128]                  --
│    │    └─Linear: 3-23                 [1, 128]                  16,512
│    │    └─ReLU: 3-24                   [1, 128]                  --
│    └─Sequential: 2-13                  [1, 100]                  --
│    │    └─Linear: 3-25                 [1, 100]                  12,900
│    │    └─ReLU: 3-26                   [1, 100]                  --
│    └─Sequential: 2-14                  [1, 100]                  --
│    │    └─Linear: 3-27                 [1, 100]                  10,100
│    │    └─ReLU: 3-28                   [1, 100]                  --
│    └─Sequential: 2-15                  [1, 100]                  --
│    │    └─Linear: 3-29                 [1, 100]                  10,100
│    │    └─ReLU: 3-30                   [1, 100]                  --
│    └─Sequential: 2-16                  [1, 100]                  --
│    │    └─Linear: 3-31                 [1, 100]                  10,100
│    │    └─ReLU: 3-32                   [1, 100]                  --
│    └─Linear: 2-17                      [1, 10]                   1,010
│    └─Softmax: 2-18                     [1, 10]                   --
==========================================================================================
Total params: 339,646
Trainable params: 339,646
Non-trainable params: 0
Total mult-adds (M): 187.74
==========================================================================================
Input size (MB): 0.00
Forward/backward pass size (MB): 9.63
Params size (MB): 1.36
Estimated Total Size (MB): 10.99
==========================================================================================
data type:  jetclass
m_logic, pt_logic, eta_logic:  AND AND AND
m1, m2, pt1, pt2, eta1, eta2:  0.0 10000.0 0.0 10000.0 -6.0 6.0
skip labels:  []
classes:  10
Epoch 0
Best Validation Accuracy: 0
Current Validation Accuracy: 0.6363087020029213
Current Validation Loss: 0.00040093800686777603
Saving best model based on accuracy
Epoch 1
Best Validation Accuracy: 0.6363087020029213
Current Validation Accuracy: 0.6913280108850071
Current Validation Loss: 0.00034510301132029646
Saving best model based on accuracy
Epoch 2
Best Validation Accuracy: 0.6913280108850071
Current Validation Accuracy: 0.7059577405606579
Current Validation Loss: 0.0003310743893390491
Saving best model based on accuracy
Epoch 3
Best Validation Accuracy: 0.7059577405606579
Current Validation Accuracy: 0.7121976109010145
Current Validation Loss: 0.0003242749690026785
Saving best model based on accuracy
Epoch 4
Best Validation Accuracy: 0.7121976109010145
Current Validation Accuracy: 0.7160643896192248
Current Validation Loss: 0.0003198517577727402
Saving best model based on accuracy
Epoch 5
Best Validation Accuracy: 0.7160643896192248
Current Validation Accuracy: 0.711316205454509
Current Validation Loss: 0.00032306179920970664
Epoch 6
Best Validation Accuracy: 0.7160643896192248
Current Validation Accuracy: 0.7171558917101867
Current Validation Loss: 0.00031739626949158867
Saving best model based on accuracy
Epoch 7
Best Validation Accuracy: 0.7171558917101867
Current Validation Accuracy: 0.720054224943474
Current Validation Loss: 0.00031437145977181315
Saving best model based on accuracy
Epoch 8
Best Validation Accuracy: 0.720054224943474
Current Validation Accuracy: 0.7221651959901555
Current Validation Loss: 0.0003116252084123484
Saving best model based on accuracy
Epoch 9
Best Validation Accuracy: 0.7221651959901555
Current Validation Accuracy: 0.7241591131920684
Current Validation Loss: 0.00030941745997892077
Saving best model based on accuracy
Epoch 10
Best Validation Accuracy: 0.7241591131920684
Current Validation Accuracy: 0.7257328371050683
Current Validation Loss: 0.0003076653310149019
Saving best model based on accuracy
Epoch 11
Best Validation Accuracy: 0.7257328371050683
Current Validation Accuracy: 0.7272395301838845
Current Validation Loss: 0.0003062398257126654
Saving best model based on accuracy
Epoch 12
Best Validation Accuracy: 0.7272395301838845
Current Validation Accuracy: 0.729486563819357
Current Validation Loss: 0.0003040452388535242
Saving best model based on accuracy
Epoch 13
Best Validation Accuracy: 0.729486563819357
Current Validation Accuracy: 0.731172339276067
Current Validation Loss: 0.00030231711734568924
Saving best model based on accuracy
Epoch 14
Best Validation Accuracy: 0.731172339276067
Current Validation Accuracy: 0.7321968105328451
Current Validation Loss: 0.00030129248825377946
Saving best model based on accuracy
Epoch 15
Best Validation Accuracy: 0.7321968105328451
Current Validation Accuracy: 0.7328791243972227
Current Validation Loss: 0.00030046921074098216
Saving best model based on accuracy
Epoch 16
Best Validation Accuracy: 0.7328791243972227
Current Validation Accuracy: 0.7331192348480301
Current Validation Loss: 0.000300127824920374
Saving best model based on accuracy
Epoch 17
Best Validation Accuracy: 0.7331192348480301
Current Validation Accuracy: 0.7328040898813454
Current Validation Loss: 0.0003003886150092994
Epoch 18
Best Validation Accuracy: 0.7331192348480301
Current Validation Accuracy: 0.7322928547131681
Current Validation Loss: 0.00030073540981695056
Epoch 19
Best Validation Accuracy: 0.7331192348480301
Current Validation Accuracy: 0.7312193609060168
Current Validation Loss: 0.00030161781217484356
Epoch 20
Best Validation Accuracy: 0.7331192348480301
Current Validation Accuracy: 0.7315475118554535
Current Validation Loss: 0.00030119970742304705
Epoch 21
Best Validation Accuracy: 0.7331192348480301
Current Validation Accuracy: 0.7337755367469035
Current Validation Loss: 0.00029894159397715495
Saving best model based on accuracy
Epoch 22
Best Validation Accuracy: 0.7337755367469035
Current Validation Accuracy: 0.735516337515257
Current Validation Loss: 0.0002970121486191227
Saving best model based on accuracy
Epoch 23
Best Validation Accuracy: 0.735516337515257
Current Validation Accuracy: 0.7359755487524261
Current Validation Loss: 0.0002964382146990886
Saving best model based on accuracy
Epoch 24
Best Validation Accuracy: 0.7359755487524261
Current Validation Accuracy: 0.7369740080437001
Current Validation Loss: 0.0002954402243286955
Saving best model based on accuracy
Epoch 25
Best Validation Accuracy: 0.7369740080437001
Current Validation Accuracy: 0.7375222602397102
Current Validation Loss: 0.0002949247262051243
Saving best model based on accuracy
Epoch 26
Best Validation Accuracy: 0.7375222602397102
Current Validation Accuracy: 0.7376843347940052
Current Validation Loss: 0.0002946109035224677
Saving best model based on accuracy
Epoch 27
Best Validation Accuracy: 0.7376843347940052
Current Validation Accuracy: 0.7380094843628069
Current Validation Loss: 0.00029422967745256585
Saving best model based on accuracy
Epoch 28
Best Validation Accuracy: 0.7380094843628069
Current Validation Accuracy: 0.7379304480060828
Current Validation Loss: 0.00029417131410907466
Validation Accuracy has not changed much, will stop in 4 epochs if this continues
Epoch 29
Best Validation Accuracy: 0.7380094843628069
Current Validation Accuracy: 0.7381755607579487
Current Validation Loss: 0.00029381912426828616
Saving best model based on accuracy
Epoch 30
Best Validation Accuracy: 0.7381755607579487
Current Validation Accuracy: 0.7383996638453688
Current Validation Loss: 0.0002935694276536358
Saving best model based on accuracy
Epoch 31
Best Validation Accuracy: 0.7383996638453688
Current Validation Accuracy: 0.7383366348520319
Current Validation Loss: 0.000293448277757451
Validation Accuracy has not changed much, will stop in 4 epochs if this continues
Epoch 32
Best Validation Accuracy: 0.7383996638453688
Current Validation Accuracy: 0.7386487784380815
Current Validation Loss: 0.00029305894130785253
Saving best model based on accuracy
Epoch 33
Best Validation Accuracy: 0.7386487784380815
Current Validation Accuracy: 0.7386907977669728
Current Validation Loss: 0.00029301558151382894
Validation Accuracy has not changed much, will stop in 4 epochs if this continues
Saving best model based on accuracy
Epoch 34
Best Validation Accuracy: 0.7386907977669728
Current Validation Accuracy: 0.7388738819857135
Current Validation Loss: 0.00029288803190329825
Saving best model based on accuracy
Epoch 35
Best Validation Accuracy: 0.7388738819857135
Current Validation Accuracy: 0.7387818396462372
Current Validation Loss: 0.0002928657913455123
Validation Accuracy has not changed much, will stop in 4 epochs if this continues
Epoch 36
Best Validation Accuracy: 0.7388738819857135
Current Validation Accuracy: 0.738990935830482
Current Validation Loss: 0.00029259611923783293
Saving best model based on accuracy
Epoch 37
Best Validation Accuracy: 0.738990935830482
Current Validation Accuracy: 0.7388658783040198
Current Validation Loss: 0.0002925804252681949
Epoch 38
Best Validation Accuracy: 0.738990935830482
Current Validation Accuracy: 0.7390299537787383
Current Validation Loss: 0.00029245992512310514
Saving best model based on accuracy
Epoch 39
Best Validation Accuracy: 0.7390299537787383
Current Validation Accuracy: 0.7388088520719531
Current Validation Loss: 0.00029251229931909044
Epoch 40
Best Validation Accuracy: 0.7390299537787383
Current Validation Accuracy: 0.7393571042679633
Current Validation Loss: 0.00029200842354667214
Saving best model based on accuracy
Epoch 41
Best Validation Accuracy: 0.7393571042679633
Current Validation Accuracy: 0.740313544230346
Current Validation Loss: 0.00029107916105155395
Saving best model based on accuracy
Epoch 42
Best Validation Accuracy: 0.740313544230346
Current Validation Accuracy: 0.7396372331272385
Current Validation Loss: 0.00029168782326120704
Epoch 43
Best Validation Accuracy: 0.740313544230346
Current Validation Accuracy: 0.7398873481801629
Current Validation Loss: 0.000291546167146521
Epoch 44
Best Validation Accuracy: 0.740313544230346
Current Validation Accuracy: 0.7398923504812214
Current Validation Loss: 0.00029160104499519746
Epoch 45
Best Validation Accuracy: 0.740313544230346
Current Validation Accuracy: 0.739857334373812
Current Validation Loss: 0.0002916052584783903
Epoch 46
Best Validation Accuracy: 0.740313544230346
Current Validation Accuracy: 0.7400204093883186
Current Validation Loss: 0.0002912103717733618
Epoch 47
Best Validation Accuracy: 0.740313544230346
Current Validation Accuracy: 0.7403505612581788
Current Validation Loss: 0.0002909328652035993
Saving best model based on accuracy
Epoch 48
Best Validation Accuracy: 0.7403505612581788
Current Validation Accuracy: 0.7405236408748024
Current Validation Loss: 0.00029081589169945634
Saving best model based on accuracy
Epoch 49
Best Validation Accuracy: 0.7405236408748024
Current Validation Accuracy: 0.7401734798007084
Current Validation Loss: 0.0002911770636812537
Saving last model
