Running "module reset". Resetting modules to system default. The following $MODULEPATH directories have been removed: None
A conda environment has been detected CONDA_PREFIX=
/u/avroy/.conda/envs/toptagger_env 
anaconda3_gpu is loaded. Consider running conda deactivate and reloading it.

Currently Loaded Modules:
  1) cue-login-env/1.0   4) gcc/11.2.0    7) openmpi/4.1.2
  2) default             5) cuda/11.6.1   8) cudnn/8.4.1.50
  3) modtree/gpu         6) ucx/1.11.2    9) anaconda3_gpu/4.13.0

 

/u/avroy/UQ_XAI_Studies/models/PFIN_UQ/model/jobsub
total 192K
-rw-rw----+ 1 avroy delta_bbhj  925 Mar 31 16:58 jobsubmitter_dummy.py
-rw-rw----+ 1 avroy delta_bbhj  15K May 18 13:59 jobsubmitter.py
-rw-rw----+ 1 avroy delta_bbhj 1.1K May 18 14:02 UQPFIN-run-JNqgmerged_0.1_baseline.slurm
-rw-rw----+ 1 avroy delta_bbhj 1.1K May 18 14:02 UQPFIN-run-JNqgmerged_0.1_skiptop.slurm
-rw-rw----+ 1 avroy delta_bbhj 1.1K May 18 14:02 UQPFIN-run-JNqgmerged_0.1_skipwz.slurm
-rw-rw----+ 1 avroy delta_bbhj 1.1K May 18 14:02 UQPFIN-run-JNqgmerged_0_baseline.slurm
-rw-rw----+ 1 avroy delta_bbhj 1.1K May 18 14:02 UQPFIN-run-JNqgmerged_0_skiptop.slurm
-rw-rw----+ 1 avroy delta_bbhj 1.1K May 18 14:02 UQPFIN-run-JNqgmerged_0_skipwz.slurm
-rw-rw----+ 1 avroy delta_bbhj 1.1K May 18 14:02 UQPFIN-run-JNqgmerged_nominal_baseline.slurm
-rw-rw----+ 1 avroy delta_bbhj 1.1K May 18 14:02 UQPFIN-run-JNqgmerged_nominal_skiptop.slurm
-rw-rw----+ 1 avroy delta_bbhj 1.1K May 18 14:02 UQPFIN-run-JNqgmerged_nominal_skipwz.slurm
-rw-rw----+ 1 avroy delta_bbhj 1.1K May 18 14:02 UQPFIN-run-JNqgmerged_softmax_baseline_0.slurm
-rw-rw----+ 1 avroy delta_bbhj 1.1K May 18 14:02 UQPFIN-run-JNqgmerged_softmax_baseline_1.slurm
-rw-rw----+ 1 avroy delta_bbhj 1.1K May 18 14:02 UQPFIN-run-JNqgmerged_softmax_baseline_2.slurm
-rw-rw----+ 1 avroy delta_bbhj 1.1K May 18 14:02 UQPFIN-run-JNqgmerged_softmax_baseline_3.slurm
-rw-rw----+ 1 avroy delta_bbhj 1.1K May 18 14:02 UQPFIN-run-JNqgmerged_softmax_baseline_4.slurm
-rw-rw----+ 1 avroy delta_bbhj 1.1K May 18 14:02 UQPFIN-run-JNqgmerged_softmax_baseline_5.slurm
-rw-rw----+ 1 avroy delta_bbhj 1.1K May 18 14:02 UQPFIN-run-JNqgmerged_softmax_baseline_6.slurm
-rw-rw----+ 1 avroy delta_bbhj 1.1K May 18 14:02 UQPFIN-run-JNqgmerged_softmax_baseline_7.slurm
-rw-rw----+ 1 avroy delta_bbhj 1.1K May 18 14:02 UQPFIN-run-JNqgmerged_softmax_baseline_8.slurm
-rw-rw----+ 1 avroy delta_bbhj 1.1K May 18 14:02 UQPFIN-run-JNqgmerged_softmax_baseline_9.slurm
-rw-rw----+ 1 avroy delta_bbhj 1.2K May 18 14:02 UQPFIN-run-JNqgmerged_softmax_dropout_baseline.slurm
-rw-rw----+ 1 avroy delta_bbhj 1.2K May 18 14:02 UQPFIN-run-JNqgmerged_softmax_dropout_skiptop.slurm
-rw-rw----+ 1 avroy delta_bbhj 1.2K May 18 14:02 UQPFIN-run-JNqgmerged_softmax_dropout_skipwz.slurm
-rw-rw----+ 1 avroy delta_bbhj 1.1K May 18 14:02 UQPFIN-run-JNqgmerged_softmax_skiptop_0.slurm
-rw-rw----+ 1 avroy delta_bbhj 1.1K May 18 14:02 UQPFIN-run-JNqgmerged_softmax_skiptop_1.slurm
-rw-rw----+ 1 avroy delta_bbhj 1.1K May 18 14:02 UQPFIN-run-JNqgmerged_softmax_skiptop_2.slurm
-rw-rw----+ 1 avroy delta_bbhj 1.1K May 18 14:02 UQPFIN-run-JNqgmerged_softmax_skiptop_3.slurm
-rw-rw----+ 1 avroy delta_bbhj 1.1K May 18 14:02 UQPFIN-run-JNqgmerged_softmax_skiptop_4.slurm
-rw-rw----+ 1 avroy delta_bbhj 1.1K May 18 14:02 UQPFIN-run-JNqgmerged_softmax_skiptop_5.slurm
-rw-rw----+ 1 avroy delta_bbhj 1.1K May 18 14:02 UQPFIN-run-JNqgmerged_softmax_skiptop_6.slurm
-rw-rw----+ 1 avroy delta_bbhj 1.1K May 18 14:02 UQPFIN-run-JNqgmerged_softmax_skiptop_7.slurm
-rw-rw----+ 1 avroy delta_bbhj 1.1K May 18 14:02 UQPFIN-run-JNqgmerged_softmax_skiptop_8.slurm
-rw-rw----+ 1 avroy delta_bbhj 1.1K May 18 14:02 UQPFIN-run-JNqgmerged_softmax_skiptop_9.slurm
-rw-rw----+ 1 avroy delta_bbhj 1.1K May 18 14:02 UQPFIN-run-JNqgmerged_softmax_skipwz_0.slurm
-rw-rw----+ 1 avroy delta_bbhj 1.1K May 18 14:02 UQPFIN-run-JNqgmerged_softmax_skipwz_1.slurm
-rw-rw----+ 1 avroy delta_bbhj 1.1K May 18 14:02 UQPFIN-run-JNqgmerged_softmax_skipwz_2.slurm
-rw-rw----+ 1 avroy delta_bbhj 1.1K May 18 14:02 UQPFIN-run-JNqgmerged_softmax_skipwz_3.slurm
-rw-rw----+ 1 avroy delta_bbhj 1.1K May 18 14:02 UQPFIN-run-JNqgmerged_softmax_skipwz_4.slurm
-rw-rw----+ 1 avroy delta_bbhj 1.1K May 18 14:02 UQPFIN-run-JNqgmerged_softmax_skipwz_5.slurm
-rw-rw----+ 1 avroy delta_bbhj 1.1K May 18 14:02 UQPFIN-run-JNqgmerged_softmax_skipwz_6.slurm
-rw-rw----+ 1 avroy delta_bbhj 1.1K May 18 14:02 UQPFIN-run-JNqgmerged_softmax_skipwz_7.slurm
-rw-rw----+ 1 avroy delta_bbhj 1.1K May 18 14:02 UQPFIN-run-JNqgmerged_softmax_skipwz_8.slurm
-rw-rw----+ 1 avroy delta_bbhj 1.1K May 18 14:02 UQPFIN-run-JNqgmerged_softmax_skipwz_9.slurm
-rw-------+ 1 avroy delta_bbhj  969 May 15 09:44 UQPFIN-run.slurm
/projects/bbhj/avroy/UQ_XAI_Studies/models/PFIN_UQ/model
total 156K
drwxr-s---+ 2 avroy delta_bbhj  12K May 18 16:09 jobouts
drwxr-s---+ 2 avroy delta_bbhj 4.0K May 18 14:02 jobsub
-rw-rw----+ 1 avroy delta_bbhj 8.4K May 15 14:46 PFINDataset.py
drwxrws---+ 2 avroy delta_bbhj 4.0K May 18 09:47 __pycache__
drwxrws---+ 2 avroy delta_bbhj  12K May 18 15:59 trained_model_dicts
drwxr-s---+ 2 avroy delta_bbhj 4.0K Mar 31 15:09 trained_model_dicts_old
drwxrws---+ 2 avroy delta_bbhj  20K May 18 16:09 trained_models
drwxr-s---+ 2 avroy delta_bbhj 4.0K Mar 31 15:10 trained_models_old
-rw-rw----+ 1 avroy delta_bbhj  23K May 18 15:52 train_mod.py
-rw-rw----+ 1 avroy delta_bbhj  23K May 18 15:45 train_mod.py~
-rw-rw----+ 1 avroy delta_bbhj  20K May 18 13:50 train.py
-rw-rw----+ 1 avroy delta_bbhj  13K May  5 09:36 UQPFIN.py
job is starting on gpua014.delta.ncsa.illinois.edu
# conda environments:
#
base                     /sw/external/python/anaconda3
toptagger_env         *  /u/avroy/.conda/envs/toptagger_env

/sw/external/python/anaconda3_gpu/bin/python
==========================================================================================
Layer (type:depth-idx)                   Output Shape              Param #
==========================================================================================
UQPFIN                                   [1, 3]                    --
├─Sequential: 1-1                        [30, 64]                  --
│    └─Sequential: 2-1                   [30, 100]                 --
│    │    └─Linear: 3-1                  [30, 100]                 400
│    │    └─ReLU: 3-2                    [30, 100]                 --
│    │    └─Dropout: 3-3                 [30, 100]                 --
│    └─Sequential: 2-2                   [30, 100]                 --
│    │    └─Linear: 3-4                  [30, 100]                 10,100
│    │    └─ReLU: 3-5                    [30, 100]                 --
│    │    └─Dropout: 3-6                 [30, 100]                 --
│    └─Sequential: 2-3                   [30, 64]                  --
│    │    └─Linear: 3-7                  [30, 64]                  6,464
│    │    └─ReLU: 3-8                    [30, 64]                  --
│    │    └─Identity: 3-9                [30, 64]                  --
├─Sequential: 1-2                        [435, 64]                 --
│    └─Sequential: 2-4                   [435, 128]                --
│    │    └─Linear: 3-10                 [435, 128]                640
│    │    └─ReLU: 3-11                   [435, 128]                --
│    │    └─Dropout: 3-12                [435, 128]                --
│    └─Sequential: 2-5                   [435, 128]                --
│    │    └─Linear: 3-13                 [435, 128]                16,512
│    │    └─ReLU: 3-14                   [435, 128]                --
│    │    └─Dropout: 3-15                [435, 128]                --
│    └─Sequential: 2-6                   [435, 64]                 --
│    │    └─Linear: 3-16                 [435, 64]                 8,256
│    │    └─ReLU: 3-17                   [435, 64]                 --
├─Sequential: 1-3                        [30, 64]                  --
│    └─Sequential: 2-7                   [30, 128]                 --
│    │    └─Linear: 3-18                 [30, 128]                 8,704
│    │    └─ReLU: 3-19                   [30, 128]                 --
│    │    └─Dropout: 3-20                [30, 128]                 --
│    └─Sequential: 2-8                   [30, 128]                 --
│    │    └─Linear: 3-21                 [30, 128]                 16,512
│    │    └─ReLU: 3-22                   [30, 128]                 --
│    │    └─Dropout: 3-23                [30, 128]                 --
│    └─Sequential: 2-9                   [30, 64]                  --
│    │    └─Linear: 3-24                 [30, 64]                  8,256
│    │    └─ReLU: 3-25                   [30, 64]                  --
├─Sequential: 1-4                        [1, 3]                    --
│    └─Sequential: 2-10                  [1, 64]                   --
│    │    └─Linear: 3-26                 [1, 64]                   4,160
│    │    └─ReLU: 3-27                   [1, 64]                   --
│    │    └─Dropout: 3-28                [1, 64]                   --
│    └─Sequential: 2-11                  [1, 100]                  --
│    │    └─Linear: 3-29                 [1, 100]                  6,500
│    │    └─ReLU: 3-30                   [1, 100]                  --
│    │    └─Dropout: 3-31                [1, 100]                  --
│    └─Sequential: 2-12                  [1, 100]                  --
│    │    └─Linear: 3-32                 [1, 100]                  10,100
│    │    └─ReLU: 3-33                   [1, 100]                  --
│    │    └─Dropout: 3-34                [1, 100]                  --
│    └─Linear: 2-13                      [1, 3]                    303
│    └─Softmax: 2-14                     [1, 3]                    --
==========================================================================================
Total params: 96,907
Trainable params: 96,907
Non-trainable params: 0
Total mult-adds (M): 12.59
==========================================================================================
Input size (MB): 0.00
Forward/backward pass size (MB): 1.26
Params size (MB): 0.39
Estimated Total Size (MB): 1.64
==========================================================================================
data type:  JNqgmerged
m_logic, pt_logic, eta_logic:  AND AND AND
m1, m2, pt1, pt2, eta1, eta2:  0.0 10000.0 0.0 10000.0 -6.0 6.0
skip labels:  [1]
classes:  3
Epoch 0
Best Validation Accuracy: 0
Current Validation Accuracy: 0.7987100419000989
Current Validation Loss: 0.002855492588333432
Saving best model based on accuracy
Epoch 1
Best Validation Accuracy: 0.7987100419000989
Current Validation Accuracy: 0.8244903723930135
Current Validation Loss: 0.0025892916652735477
Saving best model based on accuracy
Epoch 2
Best Validation Accuracy: 0.8244903723930135
Current Validation Accuracy: 0.8272397721387882
Current Validation Loss: 0.002525101356332144
Saving best model based on accuracy
Epoch 3
Best Validation Accuracy: 0.8272397721387882
Current Validation Accuracy: 0.8317687491172732
Current Validation Loss: 0.002447161745606413
Saving best model based on accuracy
Epoch 4
Best Validation Accuracy: 0.8317687491172732
Current Validation Accuracy: 0.8426062803069535
Current Validation Loss: 0.0023493510541659525
Saving best model based on accuracy
Epoch 5
Best Validation Accuracy: 0.8426062803069535
Current Validation Accuracy: 0.8408455345793513
Current Validation Loss: 0.0023792740786952784
Epoch 6
Best Validation Accuracy: 0.8426062803069535
Current Validation Accuracy: 0.8475966291605856
Current Validation Loss: 0.0022773954099553954
Saving best model based on accuracy
Epoch 7
Best Validation Accuracy: 0.8475966291605856
Current Validation Accuracy: 0.8414481427428088
Current Validation Loss: 0.002348244717204073
Epoch 8
Best Validation Accuracy: 0.8475966291605856
Current Validation Accuracy: 0.8334353373193353
Current Validation Loss: 0.002466805534260426
Epoch 9
Best Validation Accuracy: 0.8475966291605856
Current Validation Accuracy: 0.8494421166611742
Current Validation Loss: 0.002236308774438081
Saving best model based on accuracy
Epoch 10
Best Validation Accuracy: 0.8494421166611742
Current Validation Accuracy: 0.8356386234169766
Current Validation Loss: 0.0024717976293693595
Epoch 11
Best Validation Accuracy: 0.8494421166611742
Current Validation Accuracy: 0.8354314768607881
Current Validation Loss: 0.002477767880165747
Epoch 12
Best Validation Accuracy: 0.8494421166611742
Current Validation Accuracy: 0.8455345793512546
Current Validation Loss: 0.002280730568617898
Epoch 13
Best Validation Accuracy: 0.8494421166611742
Current Validation Accuracy: 0.8410150181253236
Current Validation Loss: 0.0023347871667006095
Epoch 14
Best Validation Accuracy: 0.8494421166611742
Current Validation Accuracy: 0.8319099854055836
Current Validation Loss: 0.0024462403011806916
Epoch 15
Best Validation Accuracy: 0.8494421166611742
Current Validation Accuracy: 0.7997269431759333
Current Validation Loss: 0.0028211707390554037
Epoch 16
Best Validation Accuracy: 0.8494421166611742
Current Validation Accuracy: 0.8499976460618615
Current Validation Loss: 0.0022178027935830847
Saving best model based on accuracy
Epoch 17
Best Validation Accuracy: 0.8499976460618615
Current Validation Accuracy: 0.8515889082434913
Current Validation Loss: 0.0021831479925516887
Saving best model based on accuracy
Epoch 18
Best Validation Accuracy: 0.8515889082434913
Current Validation Accuracy: 0.8299326773692387
Current Validation Loss: 0.0025074767657274986
Epoch 19
Best Validation Accuracy: 0.8515889082434913
Current Validation Accuracy: 0.8425780330492915
Current Validation Loss: 0.002371299936353731
Epoch 20
Best Validation Accuracy: 0.8515889082434913
Current Validation Accuracy: 0.837879572524834
Current Validation Loss: 0.002365948585269422
Epoch 21
Best Validation Accuracy: 0.8515889082434913
Current Validation Accuracy: 0.8503366131538063
Current Validation Loss: 0.0022267212642013093
Epoch 22
Best Validation Accuracy: 0.8515889082434913
Current Validation Accuracy: 0.8437173391083282
Current Validation Loss: 0.0022834866711449182
Epoch 23
Best Validation Accuracy: 0.8515889082434913
Current Validation Accuracy: 0.8499788145567535
Current Validation Loss: 0.002267154253874395
Epoch 24
Best Validation Accuracy: 0.8515889082434913
Current Validation Accuracy: 0.8535191375170661
Current Validation Loss: 0.002130965479719712
Saving best model based on accuracy
Epoch 25
Best Validation Accuracy: 0.8535191375170661
Current Validation Accuracy: 0.8518619650675581
Current Validation Loss: 0.0022381975752256396
Epoch 26
Best Validation Accuracy: 0.8535191375170661
Current Validation Accuracy: 0.8469375264818041
Current Validation Loss: 0.0022831948372240285
Epoch 27
Best Validation Accuracy: 0.8535191375170661
Current Validation Accuracy: 0.8422673132150087
Current Validation Loss: 0.002349760806143528
Epoch 28
Best Validation Accuracy: 0.8535191375170661
Current Validation Accuracy: 0.8453556800527282
Current Validation Loss: 0.0023330273194297558
Epoch 29
Best Validation Accuracy: 0.8535191375170661
Current Validation Accuracy: 0.8526246410244339
Current Validation Loss: 0.002193376323854759
Epoch 30
Best Validation Accuracy: 0.8535191375170661
Current Validation Accuracy: 0.8567110776328798
Current Validation Loss: 0.0021538801235553486
Saving best model based on accuracy
Epoch 31
Best Validation Accuracy: 0.8567110776328798
Current Validation Accuracy: 0.8581705192787533
Current Validation Loss: 0.0021135767371544176
Saving best model based on accuracy
Epoch 32
Best Validation Accuracy: 0.8581705192787533
Current Validation Accuracy: 0.863782307800951
Current Validation Loss: 0.0020301204179843085
Saving best model based on accuracy
Epoch 33
Best Validation Accuracy: 0.863782307800951
Current Validation Accuracy: 0.8592815780801281
Current Validation Loss: 0.0020895906645420734
Epoch 34
Best Validation Accuracy: 0.863782307800951
Current Validation Accuracy: 0.8553552092651006
Current Validation Loss: 0.002138266336793847
Epoch 35
Best Validation Accuracy: 0.863782307800951
Current Validation Accuracy: 0.8566451673650016
Current Validation Loss: 0.0021270488231825598
Epoch 36
Best Validation Accuracy: 0.863782307800951
Current Validation Accuracy: 0.8365142884045007
Current Validation Loss: 0.002425666632644875
Epoch 37
Best Validation Accuracy: 0.863782307800951
Current Validation Accuracy: 0.8639047125841532
Current Validation Loss: 0.0020168047853795987
Saving best model based on accuracy
Epoch 38
Best Validation Accuracy: 0.8639047125841532
Current Validation Accuracy: 0.8548844216373994
Current Validation Loss: 0.002174552471016677
Epoch 39
Best Validation Accuracy: 0.8639047125841532
Current Validation Accuracy: 0.855138646956358
Current Validation Loss: 0.0021401442662789924
Epoch 40
Best Validation Accuracy: 0.8639047125841532
Current Validation Accuracy: 0.8550633209359259
Current Validation Loss: 0.0021496131482318962
Epoch 41
Best Validation Accuracy: 0.8639047125841532
Current Validation Accuracy: 0.8607221882208935
Current Validation Loss: 0.0020684028856274234
Epoch 42
Best Validation Accuracy: 0.8639047125841532
Current Validation Accuracy: 0.8626430017419142
Current Validation Loss: 0.002043771249617927
Epoch 43
Best Validation Accuracy: 0.8639047125841532
Current Validation Accuracy: 0.8396591497575444
Current Validation Loss: 0.0023930015556556704
Epoch 44
Best Validation Accuracy: 0.8639047125841532
Current Validation Accuracy: 0.8451485334965397
Current Validation Loss: 0.002282587006505019
Epoch 45
Best Validation Accuracy: 0.8639047125841532
Current Validation Accuracy: 0.8625017654536039
Current Validation Loss: 0.002066949866461297
Epoch 46
Best Validation Accuracy: 0.8639047125841532
Current Validation Accuracy: 0.8508168165340615
Current Validation Loss: 0.0022178436867862227
Epoch 47
Best Validation Accuracy: 0.8639047125841532
Current Validation Accuracy: 0.8423426392354408
Current Validation Loss: 0.0023448193860667993
Epoch 48
Best Validation Accuracy: 0.8639047125841532
Current Validation Accuracy: 0.8582835083094016
Current Validation Loss: 0.00209123645931711
Epoch 49
Best Validation Accuracy: 0.8639047125841532
Current Validation Accuracy: 0.8622946188974153
Current Validation Loss: 0.0020463221443333054
Epoch 50
Best Validation Accuracy: 0.8639047125841532
Current Validation Accuracy: 0.8618426627748222
Current Validation Loss: 0.0020391661839871066
Epoch 51
Best Validation Accuracy: 0.8639047125841532
Current Validation Accuracy: 0.8488395084977167
Current Validation Loss: 0.0022753883764055857
Epoch 52
Best Validation Accuracy: 0.8639047125841532
Current Validation Accuracy: 0.8316369285815168
Current Validation Loss: 0.0025178731203382284
Epoch 53
Best Validation Accuracy: 0.8639047125841532
Current Validation Accuracy: 0.8591403417918178
Current Validation Loss: 0.002111201864992527
Epoch 54
Best Validation Accuracy: 0.8639047125841532
Current Validation Accuracy: 0.8352714090673697
Current Validation Loss: 0.002444342000297804
Epoch 55
Best Validation Accuracy: 0.8639047125841532
Current Validation Accuracy: 0.8561743797373005
Current Validation Loss: 0.0021258988708073873
Epoch 56
Best Validation Accuracy: 0.8639047125841532
Current Validation Accuracy: 0.8617767525069441
Current Validation Loss: 0.00205787095605561
Epoch 57
Best Validation Accuracy: 0.8639047125841532
Current Validation Accuracy: 0.8565510098394614
Current Validation Loss: 0.002130548260675627
Epoch 58
Best Validation Accuracy: 0.8639047125841532
Current Validation Accuracy: 0.8610988183230545
Current Validation Loss: 0.002102371414841066
Epoch 59
Best Validation Accuracy: 0.8639047125841532
Current Validation Accuracy: 0.8530671813944729
Current Validation Loss: 0.002161394870133618
Epoch 60
Best Validation Accuracy: 0.8639047125841532
Current Validation Accuracy: 0.8458264676804294
Current Validation Loss: 0.0023187652298310994
Epoch 61
Best Validation Accuracy: 0.8639047125841532
Current Validation Accuracy: 0.8581799350313074
Current Validation Loss: 0.002126471765420401
Epoch 62
Best Validation Accuracy: 0.8639047125841532
Current Validation Accuracy: 0.846918694976696
Current Validation Loss: 0.0022677166283700287
Epoch 63
Best Validation Accuracy: 0.8639047125841532
Current Validation Accuracy: 0.8291135068970388
Current Validation Loss: 0.0025789382057469206
Epoch 64
Best Validation Accuracy: 0.8639047125841532
Current Validation Accuracy: 0.8585189021232522
Current Validation Loss: 0.002132785168330967
Epoch 65
Best Validation Accuracy: 0.8639047125841532
Current Validation Accuracy: 0.8565886728496775
Current Validation Loss: 0.002153685654036367
Epoch 66
Best Validation Accuracy: 0.8639047125841532
Current Validation Accuracy: 0.8550350736782637
Current Validation Loss: 0.0022007568094343246
Epoch 67
Best Validation Accuracy: 0.8639047125841532
Current Validation Accuracy: 0.8548938373899534
Current Validation Loss: 0.002171787761720379
Epoch 68
Best Validation Accuracy: 0.8639047125841532
Current Validation Accuracy: 0.8523515842003672
Current Validation Loss: 0.002176009510641106
Epoch 69
Best Validation Accuracy: 0.8639047125841532
Current Validation Accuracy: 0.8408455345793513
Current Validation Loss: 0.0023120791759650805
Epoch 70
Best Validation Accuracy: 0.8639047125841532
Current Validation Accuracy: 0.8586224754013465
Current Validation Loss: 0.002094295379452256
Epoch 71
Best Validation Accuracy: 0.8639047125841532
Current Validation Accuracy: 0.8467209641730615
Current Validation Loss: 0.0023386440583639386
Epoch 72
Best Validation Accuracy: 0.8639047125841532
Current Validation Accuracy: 0.8624735181959418
Current Validation Loss: 0.0020215099365000367
Epoch 73
Best Validation Accuracy: 0.8639047125841532
Current Validation Accuracy: 0.8619650675580246
Current Validation Loss: 0.002053633344318788
Epoch 74
Best Validation Accuracy: 0.8639047125841532
Current Validation Accuracy: 0.8498658255261051
Current Validation Loss: 0.00221620833496046
Epoch 75
Best Validation Accuracy: 0.8639047125841532
Current Validation Accuracy: 0.8500258933195236
Current Validation Loss: 0.002242672639256575
Epoch 76
Best Validation Accuracy: 0.8639047125841532
Current Validation Accuracy: 0.8518902123252201
Current Validation Loss: 0.0021807735347123725
Epoch 77
Best Validation Accuracy: 0.8639047125841532
Current Validation Accuracy: 0.8546584435761028
Current Validation Loss: 0.002191347453975951
Epoch 78
Best Validation Accuracy: 0.8639047125841532
Current Validation Accuracy: 0.8617767525069441
Current Validation Loss: 0.0020542833311320598
Epoch 79
Best Validation Accuracy: 0.8639047125841532
Current Validation Accuracy: 0.8490560708064592
Current Validation Loss: 0.0022465351493192154
Epoch 80
Best Validation Accuracy: 0.8639047125841532
Current Validation Accuracy: 0.8593474883480062
Current Validation Loss: 0.0020996978650697625
Epoch 81
Best Validation Accuracy: 0.8639047125841532
Current Validation Accuracy: 0.8502989501435902
Current Validation Loss: 0.0022758194453006554
Epoch 82
Best Validation Accuracy: 0.8639047125841532
Current Validation Accuracy: 0.8542535662162798
Current Validation Loss: 0.002199797361821173
Epoch 83
Best Validation Accuracy: 0.8639047125841532
Current Validation Accuracy: 0.8441410479732593
Current Validation Loss: 0.0023160917117688723
Epoch 84
Best Validation Accuracy: 0.8639047125841532
Current Validation Accuracy: 0.8455628266089167
Current Validation Loss: 0.0023119485544948488
Epoch 85
Best Validation Accuracy: 0.8639047125841532
Current Validation Accuracy: 0.8537639470834707
Current Validation Loss: 0.0021768101729509786
Epoch 86
Best Validation Accuracy: 0.8639047125841532
Current Validation Accuracy: 0.8493197118779718
Current Validation Loss: 0.0022456302126946464
Epoch 87
Best Validation Accuracy: 0.8639047125841532
Current Validation Accuracy: 0.8500729720822937
Current Validation Loss: 0.0022263668462452393
Epoch 88
Best Validation Accuracy: 0.8639047125841532
Current Validation Accuracy: 0.8504684336895626
Current Validation Loss: 0.002190080413451993
Epoch 89
Best Validation Accuracy: 0.8639047125841532
Current Validation Accuracy: 0.858038698742997
Current Validation Loss: 0.0021231578244793005
Epoch 90
Best Validation Accuracy: 0.8639047125841532
Current Validation Accuracy: 0.8494609481662821
Current Validation Loss: 0.0022569999931491783
Epoch 91
Best Validation Accuracy: 0.8639047125841532
Current Validation Accuracy: 0.8483687208700156
Current Validation Loss: 0.002254117772401959
Epoch 92
Best Validation Accuracy: 0.8639047125841532
Current Validation Accuracy: 0.8343957440798456
Current Validation Loss: 0.0024393868283034323
Epoch 93
Best Validation Accuracy: 0.8639047125841532
Current Validation Accuracy: 0.8489995762911351
Current Validation Loss: 0.0022439054945903583
Epoch 94
Best Validation Accuracy: 0.8639047125841532
Current Validation Accuracy: 0.8413634009698225
Current Validation Loss: 0.0024044709179025492
Epoch 95
Best Validation Accuracy: 0.8639047125841532
Current Validation Accuracy: 0.8552798832446683
Current Validation Loss: 0.0021343341696077717
Epoch 96
Best Validation Accuracy: 0.8639047125841532
Current Validation Accuracy: 0.8371922225883903
Current Validation Loss: 0.0023782759779989427
Epoch 97
Best Validation Accuracy: 0.8639047125841532
Current Validation Accuracy: 0.8486606091991903
Current Validation Loss: 0.0022786251709884485
Epoch 98
Best Validation Accuracy: 0.8639047125841532
Current Validation Accuracy: 0.8492349701049856
Current Validation Loss: 0.00221635937595327
Epoch 99
[[2.6340243e-01 6.3241798e-01 1.0417956e-01]
 [7.9922491e-01 2.9500065e-02 1.7127496e-01]
 [7.2900161e-02 3.1435672e-02 8.9566416e-01]
 [2.2640869e-04 9.9620169e-01 3.5718975e-03]
 [6.2629402e-02 5.1994985e-01 4.1742072e-01]
 [5.3718151e-04 9.9752611e-01 1.9367491e-03]
 [1.7455885e-02 1.6196910e-02 9.6634722e-01]
 [4.9935308e-05 5.2829888e-03 9.9466705e-01]
 [9.9997127e-01 1.4841232e-05 1.3873979e-05]
 [1.4867768e-02 3.2146119e-02 9.5298612e-01]
 [1.4923358e-03 8.7469167e-01 1.2381595e-01]
 [7.6293951e-01 1.0809810e-01 1.2896232e-01]
 [9.9986267e-01 7.3194773e-05 6.4114654e-05]
 [2.2477271e-02 1.9941179e-03 9.7552866e-01]
 [7.6064289e-02 4.1113812e-01 5.1279759e-01]
 [1.8219445e-02 5.5477791e-02 9.2630285e-01]
 [7.1171892e-01 1.3622350e-01 1.5205757e-01]
 [5.4214214e-04 5.1768257e-05 9.9940598e-01]
 [1.3001794e-03 1.3211776e-04 9.9856770e-01]
 [9.9524730e-01 1.2995129e-03 3.4532389e-03]]
[[2.6340243e-01 6.3241798e-01 1.0417956e-01]
 [7.9922491e-01 2.9500065e-02 1.7127496e-01]
 [7.2900161e-02 3.1435672e-02 8.9566416e-01]
 [2.2640869e-04 9.9620169e-01 3.5718975e-03]
 [6.2629402e-02 5.1994985e-01 4.1742072e-01]
 [5.3718151e-04 9.9752611e-01 1.9367491e-03]
 [1.7455885e-02 1.6196910e-02 9.6634722e-01]
 [4.9935308e-05 5.2829888e-03 9.9466705e-01]
 [9.9997127e-01 1.4841232e-05 1.3873979e-05]
 [1.4867768e-02 3.2146119e-02 9.5298612e-01]
 [1.4923358e-03 8.7469167e-01 1.2381595e-01]
 [7.6293951e-01 1.0809810e-01 1.2896232e-01]
 [9.9986267e-01 7.3194773e-05 6.4114654e-05]
 [2.2477271e-02 1.9941179e-03 9.7552866e-01]
 [7.6064289e-02 4.1113812e-01 5.1279759e-01]
 [1.8219445e-02 5.5477791e-02 9.2630285e-01]
 [7.1171892e-01 1.3622350e-01 1.5205757e-01]
 [5.4214214e-04 5.1768257e-05 9.9940598e-01]
 [1.3001794e-03 1.3211776e-04 9.9856770e-01]
 [9.9524730e-01 1.2995129e-03 3.4532389e-03]]
[[0. 0. 1.]
 [1. 0. 0.]
 [0. 0. 1.]
 [0. 1. 0.]
 [0. 0. 1.]
 [0. 1. 0.]
 [0. 0. 1.]
 [0. 0. 1.]
 [1. 0. 0.]
 [0. 0. 1.]
 [0. 0. 1.]
 [1. 0. 0.]
 [1. 0. 0.]
 [0. 0. 1.]
 [0. 0. 1.]
 [0. 0. 1.]
 [1. 0. 0.]
 [0. 0. 1.]
 [0. 0. 1.]
 [1. 0. 0.]]
Best Validation Accuracy: 0.8639047125841532
Current Validation Accuracy: 0.8425309542865214
Current Validation Loss: 0.002332944995372243
Saving last model
