Running "module reset". Resetting modules to system default. The following $MODULEPATH directories have been removed: None
A conda environment has been detected CONDA_PREFIX=
/u/avroy/.conda/envs/toptagger_env 
anaconda3_gpu is loaded. Consider running conda deactivate and reloading it.

Currently Loaded Modules:
  1) cue-login-env/1.0   4) gcc/11.2.0    7) openmpi/4.1.2
  2) default             5) cuda/11.6.1   8) cudnn/8.4.1.50
  3) modtree/gpu         6) ucx/1.11.2    9) anaconda3_gpu/4.13.0

 

/u/avroy/UQ_XAI_Studies/models/PFIN_UQ/model/jobsub
total 192K
-rw-rw----+ 1 avroy delta_bbhj  925 Mar 31 16:58 jobsubmitter_dummy.py
-rw-rw----+ 1 avroy delta_bbhj  15K May 18 13:59 jobsubmitter.py
-rw-rw----+ 1 avroy delta_bbhj 1.1K May 18 14:02 UQPFIN-run-JNqgmerged_0.1_baseline.slurm
-rw-rw----+ 1 avroy delta_bbhj 1.1K May 18 14:02 UQPFIN-run-JNqgmerged_0.1_skiptop.slurm
-rw-rw----+ 1 avroy delta_bbhj 1.1K May 18 14:02 UQPFIN-run-JNqgmerged_0.1_skipwz.slurm
-rw-rw----+ 1 avroy delta_bbhj 1.1K May 18 14:02 UQPFIN-run-JNqgmerged_0_baseline.slurm
-rw-rw----+ 1 avroy delta_bbhj 1.1K May 18 14:02 UQPFIN-run-JNqgmerged_0_skiptop.slurm
-rw-rw----+ 1 avroy delta_bbhj 1.1K May 18 14:02 UQPFIN-run-JNqgmerged_0_skipwz.slurm
-rw-rw----+ 1 avroy delta_bbhj 1.1K May 18 14:02 UQPFIN-run-JNqgmerged_nominal_baseline.slurm
-rw-rw----+ 1 avroy delta_bbhj 1.1K May 18 14:02 UQPFIN-run-JNqgmerged_nominal_skiptop.slurm
-rw-rw----+ 1 avroy delta_bbhj 1.1K May 18 14:02 UQPFIN-run-JNqgmerged_nominal_skipwz.slurm
-rw-rw----+ 1 avroy delta_bbhj 1.1K May 18 14:02 UQPFIN-run-JNqgmerged_softmax_baseline_0.slurm
-rw-rw----+ 1 avroy delta_bbhj 1.1K May 18 14:02 UQPFIN-run-JNqgmerged_softmax_baseline_1.slurm
-rw-rw----+ 1 avroy delta_bbhj 1.1K May 18 14:02 UQPFIN-run-JNqgmerged_softmax_baseline_2.slurm
-rw-rw----+ 1 avroy delta_bbhj 1.1K May 18 14:02 UQPFIN-run-JNqgmerged_softmax_baseline_3.slurm
-rw-rw----+ 1 avroy delta_bbhj 1.1K May 18 14:02 UQPFIN-run-JNqgmerged_softmax_baseline_4.slurm
-rw-rw----+ 1 avroy delta_bbhj 1.1K May 18 14:02 UQPFIN-run-JNqgmerged_softmax_baseline_5.slurm
-rw-rw----+ 1 avroy delta_bbhj 1.1K May 18 14:02 UQPFIN-run-JNqgmerged_softmax_baseline_6.slurm
-rw-rw----+ 1 avroy delta_bbhj 1.1K May 18 14:02 UQPFIN-run-JNqgmerged_softmax_baseline_7.slurm
-rw-rw----+ 1 avroy delta_bbhj 1.1K May 18 14:02 UQPFIN-run-JNqgmerged_softmax_baseline_8.slurm
-rw-rw----+ 1 avroy delta_bbhj 1.1K May 18 14:02 UQPFIN-run-JNqgmerged_softmax_baseline_9.slurm
-rw-rw----+ 1 avroy delta_bbhj 1.2K May 18 14:02 UQPFIN-run-JNqgmerged_softmax_dropout_baseline.slurm
-rw-rw----+ 1 avroy delta_bbhj 1.2K May 18 14:02 UQPFIN-run-JNqgmerged_softmax_dropout_skiptop.slurm
-rw-rw----+ 1 avroy delta_bbhj 1.2K May 18 14:02 UQPFIN-run-JNqgmerged_softmax_dropout_skipwz.slurm
-rw-rw----+ 1 avroy delta_bbhj 1.1K May 18 14:02 UQPFIN-run-JNqgmerged_softmax_skiptop_0.slurm
-rw-rw----+ 1 avroy delta_bbhj 1.1K May 18 14:02 UQPFIN-run-JNqgmerged_softmax_skiptop_1.slurm
-rw-rw----+ 1 avroy delta_bbhj 1.1K May 18 14:02 UQPFIN-run-JNqgmerged_softmax_skiptop_2.slurm
-rw-rw----+ 1 avroy delta_bbhj 1.1K May 18 14:02 UQPFIN-run-JNqgmerged_softmax_skiptop_3.slurm
-rw-rw----+ 1 avroy delta_bbhj 1.1K May 18 14:02 UQPFIN-run-JNqgmerged_softmax_skiptop_4.slurm
-rw-rw----+ 1 avroy delta_bbhj 1.1K May 18 14:02 UQPFIN-run-JNqgmerged_softmax_skiptop_5.slurm
-rw-rw----+ 1 avroy delta_bbhj 1.1K May 18 14:02 UQPFIN-run-JNqgmerged_softmax_skiptop_6.slurm
-rw-rw----+ 1 avroy delta_bbhj 1.1K May 18 14:02 UQPFIN-run-JNqgmerged_softmax_skiptop_7.slurm
-rw-rw----+ 1 avroy delta_bbhj 1.1K May 18 14:02 UQPFIN-run-JNqgmerged_softmax_skiptop_8.slurm
-rw-rw----+ 1 avroy delta_bbhj 1.1K May 18 14:02 UQPFIN-run-JNqgmerged_softmax_skiptop_9.slurm
-rw-rw----+ 1 avroy delta_bbhj 1.1K May 18 14:02 UQPFIN-run-JNqgmerged_softmax_skipwz_0.slurm
-rw-rw----+ 1 avroy delta_bbhj 1.1K May 18 14:02 UQPFIN-run-JNqgmerged_softmax_skipwz_1.slurm
-rw-rw----+ 1 avroy delta_bbhj 1.1K May 18 14:02 UQPFIN-run-JNqgmerged_softmax_skipwz_2.slurm
-rw-rw----+ 1 avroy delta_bbhj 1.1K May 18 14:02 UQPFIN-run-JNqgmerged_softmax_skipwz_3.slurm
-rw-rw----+ 1 avroy delta_bbhj 1.1K May 18 14:02 UQPFIN-run-JNqgmerged_softmax_skipwz_4.slurm
-rw-rw----+ 1 avroy delta_bbhj 1.1K May 18 14:02 UQPFIN-run-JNqgmerged_softmax_skipwz_5.slurm
-rw-rw----+ 1 avroy delta_bbhj 1.1K May 18 14:02 UQPFIN-run-JNqgmerged_softmax_skipwz_6.slurm
-rw-rw----+ 1 avroy delta_bbhj 1.1K May 18 14:02 UQPFIN-run-JNqgmerged_softmax_skipwz_7.slurm
-rw-rw----+ 1 avroy delta_bbhj 1.1K May 18 14:02 UQPFIN-run-JNqgmerged_softmax_skipwz_8.slurm
-rw-rw----+ 1 avroy delta_bbhj 1.1K May 18 14:02 UQPFIN-run-JNqgmerged_softmax_skipwz_9.slurm
-rw-------+ 1 avroy delta_bbhj  969 May 15 09:44 UQPFIN-run.slurm
/projects/bbhj/avroy/UQ_XAI_Studies/models/PFIN_UQ/model
total 132K
drwxr-s---+ 2 avroy delta_bbhj  12K May 18 17:08 jobouts
drwxr-s---+ 2 avroy delta_bbhj 4.0K May 18 14:02 jobsub
-rw-rw----+ 1 avroy delta_bbhj 8.4K May 15 14:46 PFINDataset.py
drwxrws---+ 2 avroy delta_bbhj 4.0K May 18 09:47 __pycache__
drwxrws---+ 2 avroy delta_bbhj  12K May 18 17:04 trained_model_dicts
drwxr-s---+ 2 avroy delta_bbhj 4.0K Mar 31 15:09 trained_model_dicts_old
drwxrws---+ 2 avroy delta_bbhj  20K May 18 17:08 trained_models
drwxr-s---+ 2 avroy delta_bbhj 4.0K Mar 31 15:10 trained_models_old
-rw-rw----+ 1 avroy delta_bbhj  23K May 18 15:52 train_mod.py
-rw-rw----+ 1 avroy delta_bbhj  20K May 18 13:50 train.py
-rw-rw----+ 1 avroy delta_bbhj  13K May  5 09:36 UQPFIN.py
job is starting on gpua015.delta.ncsa.illinois.edu
# conda environments:
#
base                     /sw/external/python/anaconda3
toptagger_env         *  /u/avroy/.conda/envs/toptagger_env

/sw/external/python/anaconda3_gpu/bin/python
==========================================================================================
Layer (type:depth-idx)                   Output Shape              Param #
==========================================================================================
UQPFIN                                   [1, 2]                    --
├─Sequential: 1-1                        [30, 64]                  --
│    └─Sequential: 2-1                   [30, 100]                 --
│    │    └─Linear: 3-1                  [30, 100]                 400
│    │    └─ReLU: 3-2                    [30, 100]                 --
│    └─Sequential: 2-2                   [30, 100]                 --
│    │    └─Linear: 3-3                  [30, 100]                 10,100
│    │    └─ReLU: 3-4                    [30, 100]                 --
│    └─Sequential: 2-3                   [30, 64]                  --
│    │    └─Linear: 3-5                  [30, 64]                  6,464
│    │    └─ReLU: 3-6                    [30, 64]                  --
├─Sequential: 1-2                        [435, 64]                 --
│    └─Sequential: 2-4                   [435, 128]                --
│    │    └─Linear: 3-7                  [435, 128]                640
│    │    └─ReLU: 3-8                    [435, 128]                --
│    └─Sequential: 2-5                   [435, 128]                --
│    │    └─Linear: 3-9                  [435, 128]                16,512
│    │    └─ReLU: 3-10                   [435, 128]                --
│    └─Sequential: 2-6                   [435, 64]                 --
│    │    └─Linear: 3-11                 [435, 64]                 8,256
│    │    └─ReLU: 3-12                   [435, 64]                 --
├─Sequential: 1-3                        [30, 64]                  --
│    └─Sequential: 2-7                   [30, 128]                 --
│    │    └─Linear: 3-13                 [30, 128]                 8,704
│    │    └─ReLU: 3-14                   [30, 128]                 --
│    └─Sequential: 2-8                   [30, 128]                 --
│    │    └─Linear: 3-15                 [30, 128]                 16,512
│    │    └─ReLU: 3-16                   [30, 128]                 --
│    └─Sequential: 2-9                   [30, 64]                  --
│    │    └─Linear: 3-17                 [30, 64]                  8,256
│    │    └─ReLU: 3-18                   [30, 64]                  --
├─Sequential: 1-4                        [1, 2]                    --
│    └─Sequential: 2-10                  [1, 64]                   --
│    │    └─Linear: 3-19                 [1, 64]                   4,160
│    │    └─ReLU: 3-20                   [1, 64]                   --
│    └─Sequential: 2-11                  [1, 100]                  --
│    │    └─Linear: 3-21                 [1, 100]                  6,500
│    │    └─ReLU: 3-22                   [1, 100]                  --
│    └─Sequential: 2-12                  [1, 100]                  --
│    │    └─Linear: 3-23                 [1, 100]                  10,100
│    │    └─ReLU: 3-24                   [1, 100]                  --
│    └─Linear: 2-13                      [1, 2]                    202
│    └─Softmax: 2-14                     [1, 2]                    --
==========================================================================================
Total params: 96,806
Trainable params: 96,806
Non-trainable params: 0
Total mult-adds (M): 12.59
==========================================================================================
Input size (MB): 0.00
Forward/backward pass size (MB): 1.26
Params size (MB): 0.39
Estimated Total Size (MB): 1.64
==========================================================================================
data type:  JNqgmerged
m_logic, pt_logic, eta_logic:  AND AND AND
m1, m2, pt1, pt2, eta1, eta2:  0.0 10000.0 0.0 10000.0 -6.0 6.0
skip labels:  [2, 3]
classes:  2
Epoch 0
Best Validation Accuracy: 0
Current Validation Accuracy: 0.8827475633939497
Current Validation Loss: 0.002261253920506521
Saving best model based on accuracy
Epoch 1
Best Validation Accuracy: 0.8827475633939497
Current Validation Accuracy: 0.888148179401713
Current Validation Loss: 0.0021582507952445655
Saving best model based on accuracy
Epoch 2
Best Validation Accuracy: 0.888148179401713
Current Validation Accuracy: 0.89032811555068
Current Validation Loss: 0.0021232329900502177
Saving best model based on accuracy
Epoch 3
Best Validation Accuracy: 0.89032811555068
Current Validation Accuracy: 0.8888373205068704
Current Validation Loss: 0.0021556680981050574
Epoch 4
Best Validation Accuracy: 0.89032811555068
Current Validation Accuracy: 0.8922970901368438
Current Validation Loss: 0.002075362494797847
Saving best model based on accuracy
Epoch 5
Best Validation Accuracy: 0.8922970901368438
Current Validation Accuracy: 0.896010013642181
Current Validation Loss: 0.0020483237131838036
Saving best model based on accuracy
Epoch 6
Best Validation Accuracy: 0.896010013642181
Current Validation Accuracy: 0.8956443469333221
Current Validation Loss: 0.0020261264201275396
Epoch 7
Best Validation Accuracy: 0.896010013642181
Current Validation Accuracy: 0.877853255136914
Current Validation Loss: 0.0023452994730087523
Epoch 8
Best Validation Accuracy: 0.896010013642181
Current Validation Accuracy: 0.8975008086859907
Current Validation Loss: 0.0020088071257059158
Saving best model based on accuracy
Epoch 9
Best Validation Accuracy: 0.8975008086859907
Current Validation Accuracy: 0.8938300774932141
Current Validation Loss: 0.0020414194037115794
Epoch 10
Best Validation Accuracy: 0.8975008086859907
Current Validation Accuracy: 0.8992588217093512
Current Validation Loss: 0.001968921503278741
Saving best model based on accuracy
Epoch 11
Best Validation Accuracy: 0.8992588217093512
Current Validation Accuracy: 0.8974164240608694
Current Validation Loss: 0.0019846101450398355
Epoch 12
Best Validation Accuracy: 0.8992588217093512
Current Validation Accuracy: 0.8974304881650563
Current Validation Loss: 0.001975400418580897
Epoch 13
Best Validation Accuracy: 0.8992588217093512
Current Validation Accuracy: 0.8961365905798631
Current Validation Loss: 0.002009284548825987
Epoch 14
Best Validation Accuracy: 0.8992588217093512
Current Validation Accuracy: 0.8996807448349577
Current Validation Loss: 0.001947847046134606
Saving best model based on accuracy
Epoch 15
Best Validation Accuracy: 0.8996807448349577
Current Validation Accuracy: 0.898569680604194
Current Validation Loss: 0.0019663756826518333
Epoch 16
Best Validation Accuracy: 0.8996807448349577
Current Validation Accuracy: 0.8868824100248934
Current Validation Loss: 0.002211130085104523
Epoch 17
Best Validation Accuracy: 0.8996807448349577
Current Validation Accuracy: 0.8992166293967906
Current Validation Loss: 0.001948875372642663
Epoch 18
Best Validation Accuracy: 0.8996807448349577
Current Validation Accuracy: 0.8968397957892073
Current Validation Loss: 0.0019902351547308236
Epoch 19
Best Validation Accuracy: 0.8996807448349577
Current Validation Accuracy: 0.89917443708423
Current Validation Loss: 0.0019429030397128681
Epoch 20
Best Validation Accuracy: 0.8996807448349577
Current Validation Accuracy: 0.8993291422302856
Current Validation Loss: 0.0019523263740021154
Epoch 21
Best Validation Accuracy: 0.8996807448349577
Current Validation Accuracy: 0.8978383471864759
Current Validation Loss: 0.001947850746119148
Epoch 22
Best Validation Accuracy: 0.8996807448349577
Current Validation Accuracy: 0.8924096029703388
Current Validation Loss: 0.0020367547710617557
Epoch 23
Best Validation Accuracy: 0.8996807448349577
Current Validation Accuracy: 0.9003558218359281
Current Validation Loss: 0.0019034370661583262
Saving best model based on accuracy
Epoch 24
Best Validation Accuracy: 0.9003558218359281
Current Validation Accuracy: 0.9007214885447872
Current Validation Loss: 0.0019145837372493394
Saving best model based on accuracy
Epoch 25
Best Validation Accuracy: 0.9007214885447872
Current Validation Accuracy: 0.898921283208866
Current Validation Loss: 0.0019377992545250822
Epoch 26
Best Validation Accuracy: 0.9007214885447872
Current Validation Accuracy: 0.9008340013782822
Current Validation Loss: 0.0019192500883853279
Saving best model based on accuracy
Epoch 27
Best Validation Accuracy: 0.9008340013782822
Current Validation Accuracy: 0.9030701939439968
Current Validation Loss: 0.0018989543173507054
Saving best model based on accuracy
Epoch 28
Best Validation Accuracy: 0.9030701939439968
Current Validation Accuracy: 0.8993853986470332
Current Validation Loss: 0.0019523418033882336
Epoch 29
Best Validation Accuracy: 0.9030701939439968
Current Validation Accuracy: 0.9035061811737901
Current Validation Loss: 0.001883732283668488
Saving best model based on accuracy
Epoch 30
Best Validation Accuracy: 0.9035061811737901
Current Validation Accuracy: 0.9005949116071051
Current Validation Loss: 0.0019089621986908335
Epoch 31
Best Validation Accuracy: 0.9035061811737901
Current Validation Accuracy: 0.9007214885447872
Current Validation Loss: 0.0019318951334456776
Epoch 32
Best Validation Accuracy: 0.9035061811737901
Current Validation Accuracy: 0.9050391685301604
Current Validation Loss: 0.001857180525120248
Saving best model based on accuracy
Epoch 33
Best Validation Accuracy: 0.9050391685301604
Current Validation Accuracy: 0.9039984248203311
Current Validation Loss: 0.0018565373410161312
Epoch 34
Best Validation Accuracy: 0.9050391685301604
Current Validation Accuracy: 0.9037452709449671
Current Validation Loss: 0.0018564249754929468
Epoch 35
Best Validation Accuracy: 0.9050391685301604
Current Validation Accuracy: 0.902071642546728
Current Validation Loss: 0.0019150466804468986
Epoch 36
Best Validation Accuracy: 0.9050391685301604
Current Validation Accuracy: 0.9046313095087408
Current Validation Loss: 0.0018528188746795304
Epoch 37
Best Validation Accuracy: 0.9050391685301604
Current Validation Accuracy: 0.9040828094454524
Current Validation Loss: 0.0018588487451457727
Epoch 38
Best Validation Accuracy: 0.9050391685301604
Current Validation Accuracy: 0.9035483734863508
Current Validation Loss: 0.0018839737589524627
Epoch 39
Best Validation Accuracy: 0.9050391685301604
Current Validation Accuracy: 0.9031405144649312
Current Validation Loss: 0.001859442180647199
Epoch 40
Best Validation Accuracy: 0.9050391685301604
Current Validation Accuracy: 0.9015934630043739
Current Validation Loss: 0.0019054071748489559
Epoch 41
Best Validation Accuracy: 0.9050391685301604
Current Validation Accuracy: 0.9045328607794326
Current Validation Loss: 0.0018691853375764692
Epoch 42
Best Validation Accuracy: 0.9050391685301604
Current Validation Accuracy: 0.9039140401952097
Current Validation Loss: 0.001858069478208894
Epoch 43
Best Validation Accuracy: 0.9050391685301604
Current Validation Accuracy: 0.9042797069040688
Current Validation Loss: 0.001855957505656129
Epoch 44
Best Validation Accuracy: 0.9050391685301604
Current Validation Accuracy: 0.9036046299030983
Current Validation Loss: 0.0018779010172861195
Epoch 45
Best Validation Accuracy: 0.9050391685301604
Current Validation Accuracy: 0.9020294502341674
Current Validation Loss: 0.001876947557675698
Epoch 46
Best Validation Accuracy: 0.9050391685301604
Current Validation Accuracy: 0.9048422710715441
Current Validation Loss: 0.0018522151781391273
Epoch 47
Best Validation Accuracy: 0.9050391685301604
Current Validation Accuracy: 0.901466886066692
Current Validation Loss: 0.001896279180535096
Epoch 48
Best Validation Accuracy: 0.9050391685301604
Current Validation Accuracy: 0.8987384498544365
Current Validation Loss: 0.0019692797629006303
Epoch 49
Best Validation Accuracy: 0.9050391685301604
Current Validation Accuracy: 0.9036890145282196
Current Validation Loss: 0.0018542648639512705
Epoch 50
Best Validation Accuracy: 0.9050391685301604
Current Validation Accuracy: 0.9040828094454524
Current Validation Loss: 0.0018709146972531003
Epoch 51
Best Validation Accuracy: 0.9050391685301604
Current Validation Accuracy: 0.9047156941338621
Current Validation Loss: 0.0018740180468704455
Epoch 52
Best Validation Accuracy: 0.9050391685301604
Current Validation Accuracy: 0.9028170400686328
Current Validation Loss: 0.001864360898706733
Epoch 53
Best Validation Accuracy: 0.9050391685301604
Current Validation Accuracy: 0.9023951169430263
Current Validation Loss: 0.0019210472114293744
Epoch 54
Best Validation Accuracy: 0.9050391685301604
Current Validation Accuracy: 0.9038437196742753
Current Validation Loss: 0.001853563434378235
Epoch 55
Best Validation Accuracy: 0.9050391685301604
Current Validation Accuracy: 0.9012699886080756
Current Validation Loss: 0.001891992593360494
Epoch 56
Best Validation Accuracy: 0.9050391685301604
Current Validation Accuracy: 0.9037733991533409
Current Validation Loss: 0.0018653686606986107
Epoch 57
Best Validation Accuracy: 0.9050391685301604
Current Validation Accuracy: 0.8976836420404203
Current Validation Loss: 0.001966173772053878
Epoch 58
Best Validation Accuracy: 0.9050391685301604
Current Validation Accuracy: 0.9054470275515801
Current Validation Loss: 0.001842197926962756
Saving best model based on accuracy
Epoch 59
Best Validation Accuracy: 0.9054470275515801
Current Validation Accuracy: 0.9039562325077705
Current Validation Loss: 0.0018743406260041914
Epoch 60
Best Validation Accuracy: 0.9054470275515801
Current Validation Accuracy: 0.9041953222789474
Current Validation Loss: nan
Epoch 61
Best Validation Accuracy: 0.9054470275515801
Current Validation Accuracy: 0.9003136295233675
Current Validation Loss: nan
Epoch 62
Best Validation Accuracy: 0.9054470275515801
Current Validation Accuracy: 0.9043078351124425
Current Validation Loss: nan
Epoch 63
Best Validation Accuracy: 0.9054470275515801
Current Validation Accuracy: 0.90134030912901
Current Validation Loss: nan
Epoch 64
Best Validation Accuracy: 0.9054470275515801
Current Validation Accuracy: 0.4979396087366215
Current Validation Loss: nan
Validation accuracy dropped by more than 10%. Reloading best model
Epoch 65
Best Validation Accuracy: 0.9054470275515801
Current Validation Accuracy: 0.4979396087366215
Current Validation Loss: nan
Validation accuracy dropped by more than 10%. Reloading best model
Epoch 66
Best Validation Accuracy: 0.9054470275515801
Current Validation Accuracy: 0.4979396087366215
Current Validation Loss: nan
Validation accuracy dropped by more than 10%. Reloading best model
Epoch 67
Best Validation Accuracy: 0.9054470275515801
Current Validation Accuracy: 0.4979396087366215
Current Validation Loss: nan
Validation accuracy dropped by more than 10%. Reloading best model
Epoch 68
Best Validation Accuracy: 0.9054470275515801
Current Validation Accuracy: 0.4979396087366215
Current Validation Loss: nan
Validation accuracy dropped by more than 10%. Reloading best model
Epoch 69
Best Validation Accuracy: 0.9054470275515801
Current Validation Accuracy: 0.4979396087366215
Current Validation Loss: nan
Validation accuracy dropped by more than 10%. Reloading best model
Epoch 70
Best Validation Accuracy: 0.9054470275515801
Current Validation Accuracy: 0.4979396087366215
Current Validation Loss: nan
Validation accuracy dropped by more than 10%. Reloading best model
Epoch 71
Best Validation Accuracy: 0.9054470275515801
Current Validation Accuracy: 0.4979396087366215
Current Validation Loss: nan
Validation accuracy dropped by more than 10%. Reloading best model
Epoch 72
Best Validation Accuracy: 0.9054470275515801
Current Validation Accuracy: 0.4979396087366215
Current Validation Loss: nan
Validation accuracy dropped by more than 10%. Reloading best model
Epoch 73
Best Validation Accuracy: 0.9054470275515801
Current Validation Accuracy: 0.4979396087366215
Current Validation Loss: nan
Validation accuracy dropped by more than 10%. Reloading best model
Epoch 74
Best Validation Accuracy: 0.9054470275515801
Current Validation Accuracy: 0.4979396087366215
Current Validation Loss: nan
Validation accuracy dropped by more than 10%. Reloading best model
Epoch 75
Best Validation Accuracy: 0.9054470275515801
Current Validation Accuracy: 0.4979396087366215
Current Validation Loss: nan
Validation accuracy dropped by more than 10%. Reloading best model
Epoch 76
Best Validation Accuracy: 0.9054470275515801
Current Validation Accuracy: 0.4979396087366215
Current Validation Loss: nan
Validation accuracy dropped by more than 10%. Reloading best model
Epoch 77
Best Validation Accuracy: 0.9054470275515801
Current Validation Accuracy: 0.4979396087366215
Current Validation Loss: nan
Validation accuracy dropped by more than 10%. Reloading best model
Epoch 78
Best Validation Accuracy: 0.9054470275515801
Current Validation Accuracy: 0.4979396087366215
Current Validation Loss: nan
Validation accuracy dropped by more than 10%. Reloading best model
Epoch 79
Best Validation Accuracy: 0.9054470275515801
Current Validation Accuracy: 0.4979396087366215
Current Validation Loss: nan
Validation accuracy dropped by more than 10%. Reloading best model
Epoch 80
Best Validation Accuracy: 0.9054470275515801
Current Validation Accuracy: 0.4979396087366215
Current Validation Loss: nan
Validation accuracy dropped by more than 10%. Reloading best model
Epoch 81
Best Validation Accuracy: 0.9054470275515801
Current Validation Accuracy: 0.4979396087366215
Current Validation Loss: nan
Validation accuracy dropped by more than 10%. Reloading best model
Epoch 82
Best Validation Accuracy: 0.9054470275515801
Current Validation Accuracy: 0.4979396087366215
Current Validation Loss: nan
Validation accuracy dropped by more than 10%. Reloading best model
Epoch 83
Best Validation Accuracy: 0.9054470275515801
Current Validation Accuracy: 0.4979396087366215
Current Validation Loss: nan
Validation accuracy dropped by more than 10%. Reloading best model
Epoch 84
Best Validation Accuracy: 0.9054470275515801
Current Validation Accuracy: 0.4979396087366215
Current Validation Loss: nan
Validation accuracy dropped by more than 10%. Reloading best model
Epoch 85
Best Validation Accuracy: 0.9054470275515801
Current Validation Accuracy: 0.4979396087366215
Current Validation Loss: nan
Validation accuracy dropped by more than 10%. Reloading best model
Epoch 86
Best Validation Accuracy: 0.9054470275515801
Current Validation Accuracy: 0.4979396087366215
Current Validation Loss: nan
Validation accuracy dropped by more than 10%. Reloading best model
Epoch 87
Best Validation Accuracy: 0.9054470275515801
Current Validation Accuracy: 0.4979396087366215
Current Validation Loss: nan
Validation accuracy dropped by more than 10%. Reloading best model
Epoch 88
Best Validation Accuracy: 0.9054470275515801
Current Validation Accuracy: 0.4979396087366215
Current Validation Loss: nan
Validation accuracy dropped by more than 10%. Reloading best model
Epoch 89
Best Validation Accuracy: 0.9054470275515801
Current Validation Accuracy: 0.4979396087366215
Current Validation Loss: nan
Validation accuracy dropped by more than 10%. Reloading best model
Epoch 90
Best Validation Accuracy: 0.9054470275515801
Current Validation Accuracy: 0.4979396087366215
Current Validation Loss: nan
Validation accuracy dropped by more than 10%. Reloading best model
Epoch 91
Best Validation Accuracy: 0.9054470275515801
Current Validation Accuracy: 0.4979396087366215
Current Validation Loss: nan
Validation accuracy dropped by more than 10%. Reloading best model
Epoch 92
Best Validation Accuracy: 0.9054470275515801
Current Validation Accuracy: 0.4979396087366215
Current Validation Loss: nan
Validation accuracy dropped by more than 10%. Reloading best model
Epoch 93
Best Validation Accuracy: 0.9054470275515801
Current Validation Accuracy: 0.4979396087366215
Current Validation Loss: nan
Validation accuracy dropped by more than 10%. Reloading best model
Epoch 94
Best Validation Accuracy: 0.9054470275515801
Current Validation Accuracy: 0.4979396087366215
Current Validation Loss: nan
Validation accuracy dropped by more than 10%. Reloading best model
Epoch 95
Best Validation Accuracy: 0.9054470275515801
Current Validation Accuracy: 0.4979396087366215
Current Validation Loss: nan
Validation accuracy dropped by more than 10%. Reloading best model
Epoch 96
Best Validation Accuracy: 0.9054470275515801
Current Validation Accuracy: 0.4979396087366215
Current Validation Loss: nan
Validation accuracy dropped by more than 10%. Reloading best model
Epoch 97
Best Validation Accuracy: 0.9054470275515801
Current Validation Accuracy: 0.4979396087366215
Current Validation Loss: nan
Validation accuracy dropped by more than 10%. Reloading best model
Epoch 98
Best Validation Accuracy: 0.9054470275515801
Current Validation Accuracy: 0.4979396087366215
Current Validation Loss: nan
Validation accuracy dropped by more than 10%. Reloading best model
Epoch 99
[[nan nan]
 [nan nan]
 [nan nan]
 [nan nan]
 [nan nan]
 [nan nan]
 [nan nan]
 [nan nan]
 [nan nan]
 [nan nan]
 [nan nan]
 [nan nan]
 [nan nan]
 [nan nan]
 [nan nan]
 [nan nan]
 [nan nan]
 [nan nan]
 [nan nan]
 [nan nan]]
[[nan nan]
 [nan nan]
 [nan nan]
 [nan nan]
 [nan nan]
 [nan nan]
 [nan nan]
 [nan nan]
 [nan nan]
 [nan nan]
 [nan nan]
 [nan nan]
 [nan nan]
 [nan nan]
 [nan nan]
 [nan nan]
 [nan nan]
 [nan nan]
 [nan nan]
 [nan nan]]
[[0. 1.]
 [1. 0.]
 [0. 1.]
 [1. 0.]
 [0. 1.]
 [0. 1.]
 [0. 1.]
 [0. 1.]
 [1. 0.]
 [1. 0.]
 [1. 0.]
 [1. 0.]
 [0. 1.]
 [0. 1.]
 [0. 1.]
 [1. 0.]
 [1. 0.]
 [0. 1.]
 [0. 1.]
 [1. 0.]]
Best Validation Accuracy: 0.9054470275515801
Current Validation Accuracy: 0.4979396087366215
Current Validation Loss: nan
Validation accuracy dropped by more than 10%. Reloading best model
Saving last model
