Running "module reset". Resetting modules to system default. The following $MODULEPATH directories have been removed: None
A conda environment has been detected CONDA_PREFIX=
/u/avroy/.conda/envs/toptagger_env 
anaconda3_gpu is loaded. Consider running conda deactivate and reloading it.

Currently Loaded Modules:
  1) cue-login-env/1.0   4) gcc/11.2.0    7) openmpi/4.1.2
  2) default             5) cuda/11.6.1   8) cudnn/8.4.1.50
  3) modtree/gpu         6) ucx/1.11.2    9) anaconda3_gpu/4.13.0

 

/u/avroy/UQ_XAI_Studies/models/PFIN_UQ/model/jobsub
total 192K
-rw-rw----+ 1 avroy delta_bbhj  925 Mar 31 16:58 jobsubmitter_dummy.py
-rw-rw----+ 1 avroy delta_bbhj  15K May 18 13:59 jobsubmitter.py
-rw-rw----+ 1 avroy delta_bbhj 1.1K May 18 14:02 UQPFIN-run-JNqgmerged_0.1_baseline.slurm
-rw-rw----+ 1 avroy delta_bbhj 1.1K May 18 14:02 UQPFIN-run-JNqgmerged_0.1_skiptop.slurm
-rw-rw----+ 1 avroy delta_bbhj 1.1K May 18 14:02 UQPFIN-run-JNqgmerged_0.1_skipwz.slurm
-rw-rw----+ 1 avroy delta_bbhj 1.1K May 18 14:02 UQPFIN-run-JNqgmerged_0_baseline.slurm
-rw-rw----+ 1 avroy delta_bbhj 1.1K May 18 14:02 UQPFIN-run-JNqgmerged_0_skiptop.slurm
-rw-rw----+ 1 avroy delta_bbhj 1.1K May 18 14:02 UQPFIN-run-JNqgmerged_0_skipwz.slurm
-rw-rw----+ 1 avroy delta_bbhj 1.1K May 18 14:02 UQPFIN-run-JNqgmerged_nominal_baseline.slurm
-rw-rw----+ 1 avroy delta_bbhj 1.1K May 18 14:02 UQPFIN-run-JNqgmerged_nominal_skiptop.slurm
-rw-rw----+ 1 avroy delta_bbhj 1.1K May 18 14:02 UQPFIN-run-JNqgmerged_nominal_skipwz.slurm
-rw-rw----+ 1 avroy delta_bbhj 1.1K May 18 14:02 UQPFIN-run-JNqgmerged_softmax_baseline_0.slurm
-rw-rw----+ 1 avroy delta_bbhj 1.1K May 18 14:02 UQPFIN-run-JNqgmerged_softmax_baseline_1.slurm
-rw-rw----+ 1 avroy delta_bbhj 1.1K May 18 14:02 UQPFIN-run-JNqgmerged_softmax_baseline_2.slurm
-rw-rw----+ 1 avroy delta_bbhj 1.1K May 18 14:02 UQPFIN-run-JNqgmerged_softmax_baseline_3.slurm
-rw-rw----+ 1 avroy delta_bbhj 1.1K May 18 14:02 UQPFIN-run-JNqgmerged_softmax_baseline_4.slurm
-rw-rw----+ 1 avroy delta_bbhj 1.1K May 18 14:02 UQPFIN-run-JNqgmerged_softmax_baseline_5.slurm
-rw-rw----+ 1 avroy delta_bbhj 1.1K May 18 14:02 UQPFIN-run-JNqgmerged_softmax_baseline_6.slurm
-rw-rw----+ 1 avroy delta_bbhj 1.1K May 18 14:02 UQPFIN-run-JNqgmerged_softmax_baseline_7.slurm
-rw-rw----+ 1 avroy delta_bbhj 1.1K May 18 14:02 UQPFIN-run-JNqgmerged_softmax_baseline_8.slurm
-rw-rw----+ 1 avroy delta_bbhj 1.1K May 18 14:02 UQPFIN-run-JNqgmerged_softmax_baseline_9.slurm
-rw-rw----+ 1 avroy delta_bbhj 1.2K May 18 14:02 UQPFIN-run-JNqgmerged_softmax_dropout_baseline.slurm
-rw-rw----+ 1 avroy delta_bbhj 1.2K May 18 14:02 UQPFIN-run-JNqgmerged_softmax_dropout_skiptop.slurm
-rw-rw----+ 1 avroy delta_bbhj 1.2K May 18 14:02 UQPFIN-run-JNqgmerged_softmax_dropout_skipwz.slurm
-rw-rw----+ 1 avroy delta_bbhj 1.1K May 18 14:02 UQPFIN-run-JNqgmerged_softmax_skiptop_0.slurm
-rw-rw----+ 1 avroy delta_bbhj 1.1K May 18 14:02 UQPFIN-run-JNqgmerged_softmax_skiptop_1.slurm
-rw-rw----+ 1 avroy delta_bbhj 1.1K May 18 14:02 UQPFIN-run-JNqgmerged_softmax_skiptop_2.slurm
-rw-rw----+ 1 avroy delta_bbhj 1.1K May 18 14:02 UQPFIN-run-JNqgmerged_softmax_skiptop_3.slurm
-rw-rw----+ 1 avroy delta_bbhj 1.1K May 18 14:02 UQPFIN-run-JNqgmerged_softmax_skiptop_4.slurm
-rw-rw----+ 1 avroy delta_bbhj 1.1K May 18 14:02 UQPFIN-run-JNqgmerged_softmax_skiptop_5.slurm
-rw-rw----+ 1 avroy delta_bbhj 1.1K May 18 14:02 UQPFIN-run-JNqgmerged_softmax_skiptop_6.slurm
-rw-rw----+ 1 avroy delta_bbhj 1.1K May 18 14:02 UQPFIN-run-JNqgmerged_softmax_skiptop_7.slurm
-rw-rw----+ 1 avroy delta_bbhj 1.1K May 18 14:02 UQPFIN-run-JNqgmerged_softmax_skiptop_8.slurm
-rw-rw----+ 1 avroy delta_bbhj 1.1K May 18 14:02 UQPFIN-run-JNqgmerged_softmax_skiptop_9.slurm
-rw-rw----+ 1 avroy delta_bbhj 1.1K May 18 14:02 UQPFIN-run-JNqgmerged_softmax_skipwz_0.slurm
-rw-rw----+ 1 avroy delta_bbhj 1.1K May 18 14:02 UQPFIN-run-JNqgmerged_softmax_skipwz_1.slurm
-rw-rw----+ 1 avroy delta_bbhj 1.1K May 18 14:02 UQPFIN-run-JNqgmerged_softmax_skipwz_2.slurm
-rw-rw----+ 1 avroy delta_bbhj 1.1K May 18 14:02 UQPFIN-run-JNqgmerged_softmax_skipwz_3.slurm
-rw-rw----+ 1 avroy delta_bbhj 1.1K May 18 14:02 UQPFIN-run-JNqgmerged_softmax_skipwz_4.slurm
-rw-rw----+ 1 avroy delta_bbhj 1.1K May 18 14:02 UQPFIN-run-JNqgmerged_softmax_skipwz_5.slurm
-rw-rw----+ 1 avroy delta_bbhj 1.1K May 18 14:02 UQPFIN-run-JNqgmerged_softmax_skipwz_6.slurm
-rw-rw----+ 1 avroy delta_bbhj 1.1K May 18 14:02 UQPFIN-run-JNqgmerged_softmax_skipwz_7.slurm
-rw-rw----+ 1 avroy delta_bbhj 1.1K May 18 14:02 UQPFIN-run-JNqgmerged_softmax_skipwz_8.slurm
-rw-rw----+ 1 avroy delta_bbhj 1.1K May 18 14:02 UQPFIN-run-JNqgmerged_softmax_skipwz_9.slurm
-rw-------+ 1 avroy delta_bbhj  969 May 15 09:44 UQPFIN-run.slurm
/projects/bbhj/avroy/UQ_XAI_Studies/models/PFIN_UQ/model
total 156K
drwxr-s---+ 2 avroy delta_bbhj  12K May 18 16:41 jobouts
drwxr-s---+ 2 avroy delta_bbhj 4.0K May 18 14:02 jobsub
-rw-rw----+ 1 avroy delta_bbhj 8.4K May 15 14:46 PFINDataset.py
drwxrws---+ 2 avroy delta_bbhj 4.0K May 18 09:47 __pycache__
drwxrws---+ 2 avroy delta_bbhj  12K May 18 16:13 trained_model_dicts
drwxr-s---+ 2 avroy delta_bbhj 4.0K Mar 31 15:09 trained_model_dicts_old
drwxrws---+ 2 avroy delta_bbhj  20K May 18 16:41 trained_models
drwxr-s---+ 2 avroy delta_bbhj 4.0K Mar 31 15:10 trained_models_old
-rw-rw----+ 1 avroy delta_bbhj  23K May 18 15:52 train_mod.py
-rw-rw----+ 1 avroy delta_bbhj  23K May 18 15:45 train_mod.py~
-rw-rw----+ 1 avroy delta_bbhj  20K May 18 13:50 train.py
-rw-rw----+ 1 avroy delta_bbhj  13K May  5 09:36 UQPFIN.py
job is starting on gpua059.delta.ncsa.illinois.edu
# conda environments:
#
base                     /sw/external/python/anaconda3
toptagger_env         *  /u/avroy/.conda/envs/toptagger_env

/sw/external/python/anaconda3_gpu/bin/python
==========================================================================================
Layer (type:depth-idx)                   Output Shape              Param #
==========================================================================================
UQPFIN                                   [1, 2]                    --
├─Sequential: 1-1                        [30, 64]                  --
│    └─Sequential: 2-1                   [30, 100]                 --
│    │    └─Linear: 3-1                  [30, 100]                 400
│    │    └─ReLU: 3-2                    [30, 100]                 --
│    └─Sequential: 2-2                   [30, 100]                 --
│    │    └─Linear: 3-3                  [30, 100]                 10,100
│    │    └─ReLU: 3-4                    [30, 100]                 --
│    └─Sequential: 2-3                   [30, 64]                  --
│    │    └─Linear: 3-5                  [30, 64]                  6,464
│    │    └─ReLU: 3-6                    [30, 64]                  --
├─Sequential: 1-2                        [435, 64]                 --
│    └─Sequential: 2-4                   [435, 128]                --
│    │    └─Linear: 3-7                  [435, 128]                640
│    │    └─ReLU: 3-8                    [435, 128]                --
│    └─Sequential: 2-5                   [435, 128]                --
│    │    └─Linear: 3-9                  [435, 128]                16,512
│    │    └─ReLU: 3-10                   [435, 128]                --
│    └─Sequential: 2-6                   [435, 64]                 --
│    │    └─Linear: 3-11                 [435, 64]                 8,256
│    │    └─ReLU: 3-12                   [435, 64]                 --
├─Sequential: 1-3                        [30, 64]                  --
│    └─Sequential: 2-7                   [30, 128]                 --
│    │    └─Linear: 3-13                 [30, 128]                 8,704
│    │    └─ReLU: 3-14                   [30, 128]                 --
│    └─Sequential: 2-8                   [30, 128]                 --
│    │    └─Linear: 3-15                 [30, 128]                 16,512
│    │    └─ReLU: 3-16                   [30, 128]                 --
│    └─Sequential: 2-9                   [30, 64]                  --
│    │    └─Linear: 3-17                 [30, 64]                  8,256
│    │    └─ReLU: 3-18                   [30, 64]                  --
├─Sequential: 1-4                        [1, 2]                    --
│    └─Sequential: 2-10                  [1, 64]                   --
│    │    └─Linear: 3-19                 [1, 64]                   4,160
│    │    └─ReLU: 3-20                   [1, 64]                   --
│    └─Sequential: 2-11                  [1, 100]                  --
│    │    └─Linear: 3-21                 [1, 100]                  6,500
│    │    └─ReLU: 3-22                   [1, 100]                  --
│    └─Sequential: 2-12                  [1, 100]                  --
│    │    └─Linear: 3-23                 [1, 100]                  10,100
│    │    └─ReLU: 3-24                   [1, 100]                  --
│    └─Linear: 2-13                      [1, 2]                    202
│    └─Softmax: 2-14                     [1, 2]                    --
==========================================================================================
Total params: 96,806
Trainable params: 96,806
Non-trainable params: 0
Total mult-adds (M): 12.59
==========================================================================================
Input size (MB): 0.00
Forward/backward pass size (MB): 1.26
Params size (MB): 0.39
Estimated Total Size (MB): 1.64
==========================================================================================
data type:  JNqgmerged
m_logic, pt_logic, eta_logic:  AND AND AND
m1, m2, pt1, pt2, eta1, eta2:  0.0 10000.0 0.0 10000.0 -6.0 6.0
skip labels:  [2, 3]
classes:  2
Epoch 0
Best Validation Accuracy: 0
Current Validation Accuracy: 0.8823818966850906
Current Validation Loss: 0.002263768595143474
Saving best model based on accuracy
Epoch 1
Best Validation Accuracy: 0.8823818966850906
Current Validation Accuracy: 0.878823678325809
Current Validation Loss: 0.0023243132975377
Epoch 2
Best Validation Accuracy: 0.8823818966850906
Current Validation Accuracy: 0.8889076410278047
Current Validation Loss: 0.002139709219364802
Saving best model based on accuracy
Epoch 3
Best Validation Accuracy: 0.8889076410278047
Current Validation Accuracy: 0.8910875771767717
Current Validation Loss: 0.002130872482678616
Saving best model based on accuracy
Epoch 4
Best Validation Accuracy: 0.8910875771767717
Current Validation Accuracy: 0.8923252183452175
Current Validation Loss: 0.0020904081124626527
Saving best model based on accuracy
Epoch 5
Best Validation Accuracy: 0.8923252183452175
Current Validation Accuracy: 0.8928877825126929
Current Validation Loss: 0.0020892551464583354
Saving best model based on accuracy
Epoch 6
Best Validation Accuracy: 0.8928877825126929
Current Validation Accuracy: 0.8949552058281648
Current Validation Loss: 0.0020394589840345622
Saving best model based on accuracy
Epoch 7
Best Validation Accuracy: 0.8949552058281648
Current Validation Accuracy: 0.8975711292069252
Current Validation Loss: 0.002017077774187919
Saving best model based on accuracy
Epoch 8
Best Validation Accuracy: 0.8975711292069252
Current Validation Accuracy: 0.8958271802877515
Current Validation Loss: 0.0020065051960934735
Epoch 9
Best Validation Accuracy: 0.8975711292069252
Current Validation Accuracy: 0.89745861637343
Current Validation Loss: 0.0019720682697155446
Epoch 10
Best Validation Accuracy: 0.8975711292069252
Current Validation Accuracy: 0.8982462062078956
Current Validation Loss: 0.0019638072145777715
Saving best model based on accuracy
Epoch 11
Best Validation Accuracy: 0.8982462062078956
Current Validation Accuracy: 0.8900749616753161
Current Validation Loss: 0.0021272268471479025
Epoch 12
Best Validation Accuracy: 0.8982462062078956
Current Validation Accuracy: 0.8988650267921184
Current Validation Loss: 0.0019742170394581034
Saving best model based on accuracy
Epoch 13
Best Validation Accuracy: 0.8988650267921184
Current Validation Accuracy: 0.8980915010618399
Current Validation Loss: 0.0019675130541277033
Epoch 14
Best Validation Accuracy: 0.8988650267921184
Current Validation Accuracy: 0.8999338987103217
Current Validation Loss: 0.0019249397333797676
Saving best model based on accuracy
Epoch 15
Best Validation Accuracy: 0.8999338987103217
Current Validation Accuracy: 0.9009324501075904
Current Validation Loss: 0.001923463333399623
Saving best model based on accuracy
Epoch 16
Best Validation Accuracy: 0.9009324501075904
Current Validation Accuracy: 0.899765129460079
Current Validation Loss: 0.0019256461220428182
Epoch 17
Best Validation Accuracy: 0.9009324501075904
Current Validation Accuracy: 0.9003276936275544
Current Validation Loss: 0.0019219801552489866
Epoch 18
Best Validation Accuracy: 0.9009324501075904
Current Validation Accuracy: 0.9007636808573478
Current Validation Loss: 0.0019238975996736611
Epoch 19
Best Validation Accuracy: 0.9009324501075904
Current Validation Accuracy: 0.9014246937541314
Current Validation Loss: 0.0019120259879183746
Saving best model based on accuracy
Epoch 20
Best Validation Accuracy: 0.9014246937541314
Current Validation Accuracy: 0.8941113595769518
Current Validation Loss: 0.002030216456809235
Epoch 21
Best Validation Accuracy: 0.9014246937541314
Current Validation Accuracy: 0.9001026679605643
Current Validation Loss: 0.0019370935751567176
Epoch 22
Best Validation Accuracy: 0.9014246937541314
Current Validation Accuracy: 0.8993713345428463
Current Validation Loss: 0.001931980951501185
Epoch 23
Best Validation Accuracy: 0.9014246937541314
Current Validation Accuracy: 0.9007918090657215
Current Validation Loss: 0.0019022261164398729
Epoch 24
Best Validation Accuracy: 0.9014246937541314
Current Validation Accuracy: 0.9003980141484889
Current Validation Loss: 0.0019169221990484344
Epoch 25
Best Validation Accuracy: 0.9014246937541314
Current Validation Accuracy: 0.8981336933744005
Current Validation Loss: 0.0019672370464929576
Epoch 26
Best Validation Accuracy: 0.9014246937541314
Current Validation Accuracy: 0.9018606809839247
Current Validation Loss: 0.001907433453307746
Saving best model based on accuracy
Epoch 27
Best Validation Accuracy: 0.9018606809839247
Current Validation Accuracy: 0.9025216938807082
Current Validation Loss: 0.0018714316398965362
Saving best model based on accuracy
Epoch 28
Best Validation Accuracy: 0.9025216938807082
Current Validation Accuracy: 0.8984149754581382
Current Validation Loss: 0.0019700013245390886
Epoch 29
Best Validation Accuracy: 0.9025216938807082
Current Validation Accuracy: 0.902071642546728
Current Validation Loss: 0.0018793385639706455
Epoch 30
Best Validation Accuracy: 0.9025216938807082
Current Validation Accuracy: 0.9019028732964853
Current Validation Loss: 0.0018805304222508775
Epoch 31
Best Validation Accuracy: 0.9025216938807082
Current Validation Accuracy: 0.9000886038563773
Current Validation Loss: 0.0019246937067270993
Epoch 32
Best Validation Accuracy: 0.9025216938807082
Current Validation Accuracy: 0.9013965655457575
Current Validation Loss: 0.0018835077878661094
Epoch 33
Best Validation Accuracy: 0.9025216938807082
Current Validation Accuracy: 0.901579398900187
Current Validation Loss: 0.0018857562351503106
Epoch 34
Best Validation Accuracy: 0.9025216938807082
Current Validation Accuracy: 0.9018606809839247
Current Validation Loss: 0.001887634173988124
Epoch 35
Best Validation Accuracy: 0.9025216938807082
Current Validation Accuracy: 0.9035905657989114
Current Validation Loss: 0.0018525936394041722
Saving best model based on accuracy
Epoch 36
Best Validation Accuracy: 0.9035905657989114
Current Validation Accuracy: 0.9013262450248232
Current Validation Loss: 0.0019290706494941847
Epoch 37
Best Validation Accuracy: 0.9035905657989114
Current Validation Accuracy: 0.9016215912127477
Current Validation Loss: 0.0019076378653509285
Epoch 38
Best Validation Accuracy: 0.9035905657989114
Current Validation Accuracy: 0.9023247964220918
Current Validation Loss: 0.001881468029140784
Epoch 39
Best Validation Accuracy: 0.9035905657989114
Current Validation Accuracy: 0.8996807448349577
Current Validation Loss: 0.0019323544917134393
Epoch 40
Best Validation Accuracy: 0.9035905657989114
Current Validation Accuracy: 0.9044766043626851
Current Validation Loss: 0.0018590555950292376
Saving best model based on accuracy
Epoch 41
Best Validation Accuracy: 0.9044766043626851
Current Validation Accuracy: 0.9033092837151737
Current Validation Loss: 0.0018630370830083926
Epoch 42
Best Validation Accuracy: 0.9044766043626851
Current Validation Accuracy: 0.9026904631309509
Current Validation Loss: 0.0018775478126331986
Epoch 43
Best Validation Accuracy: 0.9044766043626851
Current Validation Accuracy: 0.9027467195476984
Current Validation Loss: 0.0018779564774452364
Epoch 44
Best Validation Accuracy: 0.9044766043626851
Current Validation Accuracy: 0.9030983221523705
Current Validation Loss: 0.0018561095157120682
Epoch 45
Best Validation Accuracy: 0.9044766043626851
Current Validation Accuracy: 0.9032952196109869
Current Validation Loss: 0.0018791019525264464
Epoch 46
Best Validation Accuracy: 0.9044766043626851
Current Validation Accuracy: 0.9028451682770066
Current Validation Loss: 0.0018757739775915458
Epoch 47
Best Validation Accuracy: 0.9044766043626851
Current Validation Accuracy: 0.9030842580481836
Current Validation Loss: 0.0018699760411435614
Epoch 48
Best Validation Accuracy: 0.9044766043626851
Current Validation Accuracy: 0.9032530272984263
Current Validation Loss: 0.0018685639474396397
Epoch 49
Best Validation Accuracy: 0.9044766043626851
Current Validation Accuracy: 0.9017200399420559
Current Validation Loss: 0.001889897225051584
Epoch 50
Best Validation Accuracy: 0.9044766043626851
Current Validation Accuracy: 0.8994557191679676
Current Validation Loss: 0.00196414760330576
Epoch 51
Best Validation Accuracy: 0.9044766043626851
Current Validation Accuracy: 0.9028170400686328
Current Validation Loss: 0.0018848409533866164
Epoch 52
Best Validation Accuracy: 0.9044766043626851
Current Validation Accuracy: 0.9036327581114721
Current Validation Loss: 0.0018645129613651145
Epoch 53
Best Validation Accuracy: 0.9044766043626851
Current Validation Accuracy: 0.9037030786324065
Current Validation Loss: 0.0018550766146776688
Epoch 54
Best Validation Accuracy: 0.9044766043626851
Current Validation Accuracy: 0.9046594377171147
Current Validation Loss: 0.00185342088542692
Saving best model based on accuracy
Epoch 55
Best Validation Accuracy: 0.9046594377171147
Current Validation Accuracy: 0.9022826041095312
Current Validation Loss: 0.0018893931274635168
Epoch 56
Best Validation Accuracy: 0.9046594377171147
Current Validation Accuracy: 0.900735552648974
Current Validation Loss: 0.0019536719381907314
Epoch 57
Best Validation Accuracy: 0.9046594377171147
Current Validation Accuracy: 0.9038437196742753
Current Validation Loss: 0.0018647094829371564
Epoch 58
Best Validation Accuracy: 0.9046594377171147
Current Validation Accuracy: 0.9036890145282196
Current Validation Loss: 0.0018629745595567801
Epoch 59
Best Validation Accuracy: 0.9046594377171147
Current Validation Accuracy: 0.9039140401952097
Current Validation Loss: 0.0018471736498280266
Epoch 60
Best Validation Accuracy: 0.9046594377171147
Current Validation Accuracy: 0.8994557191679676
Current Validation Loss: 0.0019638066090209697
Epoch 61
Best Validation Accuracy: 0.9046594377171147
Current Validation Accuracy: 0.9032248990900524
Current Validation Loss: 0.0019130693687843797
Epoch 62
Best Validation Accuracy: 0.9046594377171147
Current Validation Accuracy: 0.9017481681504297
Current Validation Loss: 0.0019520949136154102
Epoch 63
Best Validation Accuracy: 0.9046594377171147
Current Validation Accuracy: 0.9031405144649312
Current Validation Loss: 0.0018783182883607003
Epoch 64
Best Validation Accuracy: 0.9046594377171147
Current Validation Accuracy: 0.904125001758013
Current Validation Loss: 0.0018607120719262538
Epoch 65
Best Validation Accuracy: 0.9046594377171147
Current Validation Accuracy: 0.9029717452146886
Current Validation Loss: 0.0018849345466489488
Epoch 66
Best Validation Accuracy: 0.9046594377171147
Current Validation Accuracy: 0.9002433090024331
Current Validation Loss: 0.001956560600579842
Epoch 67
Best Validation Accuracy: 0.9046594377171147
Current Validation Accuracy: 0.9041109376538261
Current Validation Loss: 0.0018792840030827642
Epoch 68
Best Validation Accuracy: 0.9046594377171147
Current Validation Accuracy: 0.9039984248203311
Current Validation Loss: 0.001856717822091609
Epoch 69
Best Validation Accuracy: 0.9046594377171147
Current Validation Accuracy: 0.9045328607794326
Current Validation Loss: 0.0018682392327724767
Epoch 70
Best Validation Accuracy: 0.9046594377171147
Current Validation Accuracy: 0.9009605783159642
Current Validation Loss: 0.0019118201877784708
Epoch 71
Best Validation Accuracy: 0.9046594377171147
Current Validation Accuracy: 0.8980211805409054
Current Validation Loss: 0.0019458687484382572
Epoch 72
Best Validation Accuracy: 0.9046594377171147
Current Validation Accuracy: 0.9026342067142034
Current Validation Loss: 0.001883000479957272
Epoch 73
Best Validation Accuracy: 0.9046594377171147
Current Validation Accuracy: 0.9007918090657215
Current Validation Loss: 0.0019267756140500505
Epoch 74
Best Validation Accuracy: 0.9046594377171147
Current Validation Accuracy: 0.8968116675808334
Current Validation Loss: 0.002000502445958558
Epoch 75
Best Validation Accuracy: 0.9046594377171147
Current Validation Accuracy: 0.9041812581747606
Current Validation Loss: 0.0018748959119510408
Epoch 76
Best Validation Accuracy: 0.9046594377171147
Current Validation Accuracy: 0.9033514760277345
Current Validation Loss: 0.0018931472055488147
Epoch 77
Best Validation Accuracy: 0.9046594377171147
Current Validation Accuracy: 0.9027607836518853
Current Validation Loss: 0.001906616515791916
Epoch 78
Best Validation Accuracy: 0.9046594377171147
Current Validation Accuracy: 0.9038577837784623
Current Validation Loss: 0.00189704276921972
Epoch 79
Best Validation Accuracy: 0.9046594377171147
Current Validation Accuracy: 0.9039421684035835
Current Validation Loss: 0.001870480338138895
Epoch 80
Best Validation Accuracy: 0.9046594377171147
Current Validation Accuracy: 0.9032811555068
Current Validation Loss: 0.0019065964420921513
Epoch 81
Best Validation Accuracy: 0.9046594377171147
Current Validation Accuracy: 0.9031123862565574
Current Validation Loss: 0.001917646474113676
Epoch 82
Best Validation Accuracy: 0.9046594377171147
Current Validation Accuracy: 0.9030983221523705
Current Validation Loss: 0.001943501840244273
Epoch 83
Best Validation Accuracy: 0.9046594377171147
Current Validation Accuracy: 0.9018747450881116
Current Validation Loss: 0.0019367910515948033
Epoch 84
Best Validation Accuracy: 0.9046594377171147
Current Validation Accuracy: 0.9010590270452723
Current Validation Loss: 0.0019370452303686097
Epoch 85
Best Validation Accuracy: 0.9046594377171147
Current Validation Accuracy: 0.8968116675808334
Current Validation Loss: 0.0020184746106686963
Epoch 86
Best Validation Accuracy: 0.9046594377171147
Current Validation Accuracy: 0.9010308988368986
Current Validation Loss: 0.0019542795472211605
Epoch 87
Best Validation Accuracy: 0.9046594377171147
Current Validation Accuracy: 0.901466886066692
Current Validation Loss: 0.0019505119086034492
Epoch 88
Best Validation Accuracy: 0.9046594377171147
Current Validation Accuracy: 0.9022544759011575
Current Validation Loss: 0.0019245688568210692
Epoch 89
Best Validation Accuracy: 0.9046594377171147
Current Validation Accuracy: 0.9007496167531609
Current Validation Loss: 0.0019314508946078096
Epoch 90
Best Validation Accuracy: 0.9046594377171147
Current Validation Accuracy: 0.9020435143383542
Current Validation Loss: nan
Epoch 91
Best Validation Accuracy: 0.9046594377171147
Current Validation Accuracy: 0.8978383471864759
Current Validation Loss: nan
Epoch 92
Best Validation Accuracy: 0.9046594377171147
Current Validation Accuracy: 0.4979396087366215
Current Validation Loss: nan
Validation accuracy dropped by more than 10%. Reloading best model
Epoch 93
Best Validation Accuracy: 0.9046594377171147
Current Validation Accuracy: 0.4979396087366215
Current Validation Loss: nan
Validation accuracy dropped by more than 10%. Reloading best model
Epoch 94
Best Validation Accuracy: 0.9046594377171147
Current Validation Accuracy: 0.4979396087366215
Current Validation Loss: nan
Validation accuracy dropped by more than 10%. Reloading best model
Epoch 95
Best Validation Accuracy: 0.9046594377171147
Current Validation Accuracy: 0.4979396087366215
Current Validation Loss: nan
Validation accuracy dropped by more than 10%. Reloading best model
Epoch 96
Best Validation Accuracy: 0.9046594377171147
Current Validation Accuracy: 0.4979396087366215
Current Validation Loss: nan
Validation accuracy dropped by more than 10%. Reloading best model
Epoch 97
Best Validation Accuracy: 0.9046594377171147
Current Validation Accuracy: 0.4979396087366215
Current Validation Loss: nan
Validation accuracy dropped by more than 10%. Reloading best model
Epoch 98
Best Validation Accuracy: 0.9046594377171147
Current Validation Accuracy: 0.4979396087366215
Current Validation Loss: nan
Validation accuracy dropped by more than 10%. Reloading best model
Epoch 99
[[nan nan]
 [nan nan]
 [nan nan]
 [nan nan]
 [nan nan]
 [nan nan]
 [nan nan]
 [nan nan]
 [nan nan]
 [nan nan]
 [nan nan]
 [nan nan]
 [nan nan]
 [nan nan]
 [nan nan]
 [nan nan]
 [nan nan]
 [nan nan]
 [nan nan]
 [nan nan]]
[[nan nan]
 [nan nan]
 [nan nan]
 [nan nan]
 [nan nan]
 [nan nan]
 [nan nan]
 [nan nan]
 [nan nan]
 [nan nan]
 [nan nan]
 [nan nan]
 [nan nan]
 [nan nan]
 [nan nan]
 [nan nan]
 [nan nan]
 [nan nan]
 [nan nan]
 [nan nan]]
[[0. 1.]
 [0. 1.]
 [0. 1.]
 [0. 1.]
 [1. 0.]
 [0. 1.]
 [0. 1.]
 [1. 0.]
 [0. 1.]
 [1. 0.]
 [0. 1.]
 [1. 0.]
 [0. 1.]
 [1. 0.]
 [1. 0.]
 [1. 0.]
 [0. 1.]
 [0. 1.]
 [0. 1.]
 [1. 0.]]
Best Validation Accuracy: 0.9046594377171147
Current Validation Accuracy: 0.4979396087366215
Current Validation Loss: nan
Validation accuracy dropped by more than 10%. Reloading best model
Saving last model
