Running "module reset". Resetting modules to system default. The following $MODULEPATH directories have been removed: None
A conda environment has been detected CONDA_PREFIX=
/u/avroy/.conda/envs/toptagger_env 
anaconda3_gpu is loaded. Consider running conda deactivate and reloading it.

Currently Loaded Modules:
  1) cue-login-env/1.0   4) gcc/11.2.0    7) openmpi/4.1.2
  2) default             5) cuda/11.6.1   8) cudnn/8.4.1.50
  3) modtree/gpu         6) ucx/1.11.2    9) anaconda3_gpu/4.13.0

 

/u/avroy/UQ_XAI_Studies/models/PFIN_UQ/model/jobsub
total 192K
-rw-rw----+ 1 avroy delta_bbhj  925 Mar 31 16:58 jobsubmitter_dummy.py
-rw-rw----+ 1 avroy delta_bbhj  15K May 18 13:59 jobsubmitter.py
-rw-rw----+ 1 avroy delta_bbhj 1.1K May 18 14:02 UQPFIN-run-JNqgmerged_0.1_baseline.slurm
-rw-rw----+ 1 avroy delta_bbhj 1.1K May 18 14:02 UQPFIN-run-JNqgmerged_0.1_skiptop.slurm
-rw-rw----+ 1 avroy delta_bbhj 1.1K May 18 14:02 UQPFIN-run-JNqgmerged_0.1_skipwz.slurm
-rw-rw----+ 1 avroy delta_bbhj 1.1K May 18 14:02 UQPFIN-run-JNqgmerged_0_baseline.slurm
-rw-rw----+ 1 avroy delta_bbhj 1.1K May 18 14:02 UQPFIN-run-JNqgmerged_0_skiptop.slurm
-rw-rw----+ 1 avroy delta_bbhj 1.1K May 18 14:02 UQPFIN-run-JNqgmerged_0_skipwz.slurm
-rw-rw----+ 1 avroy delta_bbhj 1.1K May 18 14:02 UQPFIN-run-JNqgmerged_nominal_baseline.slurm
-rw-rw----+ 1 avroy delta_bbhj 1.1K May 18 14:02 UQPFIN-run-JNqgmerged_nominal_skiptop.slurm
-rw-rw----+ 1 avroy delta_bbhj 1.1K May 18 14:02 UQPFIN-run-JNqgmerged_nominal_skipwz.slurm
-rw-rw----+ 1 avroy delta_bbhj 1.1K May 18 14:02 UQPFIN-run-JNqgmerged_softmax_baseline_0.slurm
-rw-rw----+ 1 avroy delta_bbhj 1.1K May 18 14:02 UQPFIN-run-JNqgmerged_softmax_baseline_1.slurm
-rw-rw----+ 1 avroy delta_bbhj 1.1K May 18 14:02 UQPFIN-run-JNqgmerged_softmax_baseline_2.slurm
-rw-rw----+ 1 avroy delta_bbhj 1.1K May 18 14:02 UQPFIN-run-JNqgmerged_softmax_baseline_3.slurm
-rw-rw----+ 1 avroy delta_bbhj 1.1K May 18 14:02 UQPFIN-run-JNqgmerged_softmax_baseline_4.slurm
-rw-rw----+ 1 avroy delta_bbhj 1.1K May 18 14:02 UQPFIN-run-JNqgmerged_softmax_baseline_5.slurm
-rw-rw----+ 1 avroy delta_bbhj 1.1K May 18 14:02 UQPFIN-run-JNqgmerged_softmax_baseline_6.slurm
-rw-rw----+ 1 avroy delta_bbhj 1.1K May 18 14:02 UQPFIN-run-JNqgmerged_softmax_baseline_7.slurm
-rw-rw----+ 1 avroy delta_bbhj 1.1K May 18 14:02 UQPFIN-run-JNqgmerged_softmax_baseline_8.slurm
-rw-rw----+ 1 avroy delta_bbhj 1.1K May 18 14:02 UQPFIN-run-JNqgmerged_softmax_baseline_9.slurm
-rw-rw----+ 1 avroy delta_bbhj 1.2K May 18 14:02 UQPFIN-run-JNqgmerged_softmax_dropout_baseline.slurm
-rw-rw----+ 1 avroy delta_bbhj 1.2K May 18 14:02 UQPFIN-run-JNqgmerged_softmax_dropout_skiptop.slurm
-rw-rw----+ 1 avroy delta_bbhj 1.2K May 18 14:02 UQPFIN-run-JNqgmerged_softmax_dropout_skipwz.slurm
-rw-rw----+ 1 avroy delta_bbhj 1.1K May 18 14:02 UQPFIN-run-JNqgmerged_softmax_skiptop_0.slurm
-rw-rw----+ 1 avroy delta_bbhj 1.1K May 18 14:02 UQPFIN-run-JNqgmerged_softmax_skiptop_1.slurm
-rw-rw----+ 1 avroy delta_bbhj 1.1K May 18 14:02 UQPFIN-run-JNqgmerged_softmax_skiptop_2.slurm
-rw-rw----+ 1 avroy delta_bbhj 1.1K May 18 14:02 UQPFIN-run-JNqgmerged_softmax_skiptop_3.slurm
-rw-rw----+ 1 avroy delta_bbhj 1.1K May 18 14:02 UQPFIN-run-JNqgmerged_softmax_skiptop_4.slurm
-rw-rw----+ 1 avroy delta_bbhj 1.1K May 18 14:02 UQPFIN-run-JNqgmerged_softmax_skiptop_5.slurm
-rw-rw----+ 1 avroy delta_bbhj 1.1K May 18 14:02 UQPFIN-run-JNqgmerged_softmax_skiptop_6.slurm
-rw-rw----+ 1 avroy delta_bbhj 1.1K May 18 14:02 UQPFIN-run-JNqgmerged_softmax_skiptop_7.slurm
-rw-rw----+ 1 avroy delta_bbhj 1.1K May 18 14:02 UQPFIN-run-JNqgmerged_softmax_skiptop_8.slurm
-rw-rw----+ 1 avroy delta_bbhj 1.1K May 18 14:02 UQPFIN-run-JNqgmerged_softmax_skiptop_9.slurm
-rw-rw----+ 1 avroy delta_bbhj 1.1K May 18 14:02 UQPFIN-run-JNqgmerged_softmax_skipwz_0.slurm
-rw-rw----+ 1 avroy delta_bbhj 1.1K May 18 14:02 UQPFIN-run-JNqgmerged_softmax_skipwz_1.slurm
-rw-rw----+ 1 avroy delta_bbhj 1.1K May 18 14:02 UQPFIN-run-JNqgmerged_softmax_skipwz_2.slurm
-rw-rw----+ 1 avroy delta_bbhj 1.1K May 18 14:02 UQPFIN-run-JNqgmerged_softmax_skipwz_3.slurm
-rw-rw----+ 1 avroy delta_bbhj 1.1K May 18 14:02 UQPFIN-run-JNqgmerged_softmax_skipwz_4.slurm
-rw-rw----+ 1 avroy delta_bbhj 1.1K May 18 14:02 UQPFIN-run-JNqgmerged_softmax_skipwz_5.slurm
-rw-rw----+ 1 avroy delta_bbhj 1.1K May 18 14:02 UQPFIN-run-JNqgmerged_softmax_skipwz_6.slurm
-rw-rw----+ 1 avroy delta_bbhj 1.1K May 18 14:02 UQPFIN-run-JNqgmerged_softmax_skipwz_7.slurm
-rw-rw----+ 1 avroy delta_bbhj 1.1K May 18 14:02 UQPFIN-run-JNqgmerged_softmax_skipwz_8.slurm
-rw-rw----+ 1 avroy delta_bbhj 1.1K May 18 14:02 UQPFIN-run-JNqgmerged_softmax_skipwz_9.slurm
-rw-------+ 1 avroy delta_bbhj  969 May 15 09:44 UQPFIN-run.slurm
/projects/bbhj/avroy/UQ_XAI_Studies/models/PFIN_UQ/model
total 156K
drwxr-s---+ 2 avroy delta_bbhj  12K May 18 17:03 jobouts
drwxr-s---+ 2 avroy delta_bbhj 4.0K May 18 14:02 jobsub
-rw-rw----+ 1 avroy delta_bbhj 8.4K May 15 14:46 PFINDataset.py
drwxrws---+ 2 avroy delta_bbhj 4.0K May 18 09:47 __pycache__
drwxrws---+ 2 avroy delta_bbhj  12K May 18 16:59 trained_model_dicts
drwxr-s---+ 2 avroy delta_bbhj 4.0K Mar 31 15:09 trained_model_dicts_old
drwxrws---+ 2 avroy delta_bbhj  20K May 18 17:02 trained_models
drwxr-s---+ 2 avroy delta_bbhj 4.0K Mar 31 15:10 trained_models_old
-rw-rw----+ 1 avroy delta_bbhj  23K May 18 15:52 train_mod.py
-rw-rw----+ 1 avroy delta_bbhj  23K May 18 15:45 train_mod.py~
-rw-rw----+ 1 avroy delta_bbhj  20K May 18 13:50 train.py
-rw-rw----+ 1 avroy delta_bbhj  13K May  5 09:36 UQPFIN.py
job is starting on gpua068.delta.ncsa.illinois.edu
# conda environments:
#
base                     /sw/external/python/anaconda3
toptagger_env         *  /u/avroy/.conda/envs/toptagger_env

/sw/external/python/anaconda3_gpu/bin/python
==========================================================================================
Layer (type:depth-idx)                   Output Shape              Param #
==========================================================================================
UQPFIN                                   [1, 2]                    --
├─Sequential: 1-1                        [30, 64]                  --
│    └─Sequential: 2-1                   [30, 100]                 --
│    │    └─Linear: 3-1                  [30, 100]                 400
│    │    └─ReLU: 3-2                    [30, 100]                 --
│    └─Sequential: 2-2                   [30, 100]                 --
│    │    └─Linear: 3-3                  [30, 100]                 10,100
│    │    └─ReLU: 3-4                    [30, 100]                 --
│    └─Sequential: 2-3                   [30, 64]                  --
│    │    └─Linear: 3-5                  [30, 64]                  6,464
│    │    └─ReLU: 3-6                    [30, 64]                  --
├─Sequential: 1-2                        [435, 64]                 --
│    └─Sequential: 2-4                   [435, 128]                --
│    │    └─Linear: 3-7                  [435, 128]                640
│    │    └─ReLU: 3-8                    [435, 128]                --
│    └─Sequential: 2-5                   [435, 128]                --
│    │    └─Linear: 3-9                  [435, 128]                16,512
│    │    └─ReLU: 3-10                   [435, 128]                --
│    └─Sequential: 2-6                   [435, 64]                 --
│    │    └─Linear: 3-11                 [435, 64]                 8,256
│    │    └─ReLU: 3-12                   [435, 64]                 --
├─Sequential: 1-3                        [30, 64]                  --
│    └─Sequential: 2-7                   [30, 128]                 --
│    │    └─Linear: 3-13                 [30, 128]                 8,704
│    │    └─ReLU: 3-14                   [30, 128]                 --
│    └─Sequential: 2-8                   [30, 128]                 --
│    │    └─Linear: 3-15                 [30, 128]                 16,512
│    │    └─ReLU: 3-16                   [30, 128]                 --
│    └─Sequential: 2-9                   [30, 64]                  --
│    │    └─Linear: 3-17                 [30, 64]                  8,256
│    │    └─ReLU: 3-18                   [30, 64]                  --
├─Sequential: 1-4                        [1, 2]                    --
│    └─Sequential: 2-10                  [1, 64]                   --
│    │    └─Linear: 3-19                 [1, 64]                   4,160
│    │    └─ReLU: 3-20                   [1, 64]                   --
│    └─Sequential: 2-11                  [1, 100]                  --
│    │    └─Linear: 3-21                 [1, 100]                  6,500
│    │    └─ReLU: 3-22                   [1, 100]                  --
│    └─Sequential: 2-12                  [1, 100]                  --
│    │    └─Linear: 3-23                 [1, 100]                  10,100
│    │    └─ReLU: 3-24                   [1, 100]                  --
│    └─Linear: 2-13                      [1, 2]                    202
│    └─Softmax: 2-14                     [1, 2]                    --
==========================================================================================
Total params: 96,806
Trainable params: 96,806
Non-trainable params: 0
Total mult-adds (M): 12.59
==========================================================================================
Input size (MB): 0.00
Forward/backward pass size (MB): 1.26
Params size (MB): 0.39
Estimated Total Size (MB): 1.64
==========================================================================================
data type:  JNqgmerged
m_logic, pt_logic, eta_logic:  AND AND AND
m1, m2, pt1, pt2, eta1, eta2:  0.0 10000.0 0.0 10000.0 -6.0 6.0
skip labels:  [2, 3]
classes:  2
Epoch 0
Best Validation Accuracy: 0
Current Validation Accuracy: 0.8841961661251987
Current Validation Loss: 0.002237558999031473
Saving best model based on accuracy
Epoch 1
Best Validation Accuracy: 0.8841961661251987
Current Validation Accuracy: 0.8822693838515956
Current Validation Loss: 0.0022511235011481836
Epoch 2
Best Validation Accuracy: 0.8841961661251987
Current Validation Accuracy: 0.8904687565925489
Current Validation Loss: 0.002121850519589851
Saving best model based on accuracy
Epoch 3
Best Validation Accuracy: 0.8904687565925489
Current Validation Accuracy: 0.8890342179654867
Current Validation Loss: 0.002123905560582113
Epoch 4
Best Validation Accuracy: 0.8904687565925489
Current Validation Accuracy: 0.894927077619791
Current Validation Loss: 0.0020465567355306634
Saving best model based on accuracy
Epoch 5
Best Validation Accuracy: 0.894927077619791
Current Validation Accuracy: 0.8945332827025583
Current Validation Loss: 0.002039603283850836
Epoch 6
Best Validation Accuracy: 0.894927077619791
Current Validation Accuracy: 0.896502257288722
Current Validation Loss: 0.0020174041620738066
Saving best model based on accuracy
Epoch 7
Best Validation Accuracy: 0.896502257288722
Current Validation Accuracy: 0.8946317314318665
Current Validation Loss: 0.002071913872179518
Epoch 8
Best Validation Accuracy: 0.896502257288722
Current Validation Accuracy: 0.8961365905798631
Current Validation Loss: 0.0020129104645183857
Epoch 9
Best Validation Accuracy: 0.896502257288722
Current Validation Accuracy: 0.8948286288904829
Current Validation Loss: 0.0021014686586855063
Epoch 10
Best Validation Accuracy: 0.896502257288722
Current Validation Accuracy: 0.8950677186616598
Current Validation Loss: 0.002039391785986224
Epoch 11
Best Validation Accuracy: 0.896502257288722
Current Validation Accuracy: 0.8968819881017679
Current Validation Loss: 0.0020117466133712136
Saving best model based on accuracy
Epoch 12
Best Validation Accuracy: 0.8968819881017679
Current Validation Accuracy: 0.8967554111640859
Current Validation Loss: 0.002010316109755535
Epoch 13
Best Validation Accuracy: 0.8968819881017679
Current Validation Accuracy: 0.8980211805409054
Current Validation Loss: 0.001986276641025551
Saving best model based on accuracy
Epoch 14
Best Validation Accuracy: 0.8980211805409054
Current Validation Accuracy: 0.9010308988368986
Current Validation Loss: 0.0019215428783758018
Saving best model based on accuracy
Epoch 15
Best Validation Accuracy: 0.9010308988368986
Current Validation Accuracy: 0.8989353473130529
Current Validation Loss: 0.0019377138059441
Epoch 16
Best Validation Accuracy: 0.9010308988368986
Current Validation Accuracy: 0.9010449629410855
Current Validation Loss: 0.0019136271339618793
Saving best model based on accuracy
Epoch 17
Best Validation Accuracy: 0.9010449629410855
Current Validation Accuracy: 0.8933940902634206
Current Validation Loss: 0.0020341013852512796
Epoch 18
Best Validation Accuracy: 0.9010449629410855
Current Validation Accuracy: 0.9026060785058295
Current Validation Loss: 0.0018852304506859843
Saving best model based on accuracy
Epoch 19
Best Validation Accuracy: 0.9026060785058295
Current Validation Accuracy: 0.9003558218359281
Current Validation Loss: 0.001912835452743816
Epoch 20
Best Validation Accuracy: 0.9026060785058295
Current Validation Accuracy: 0.8980071164367186
Current Validation Loss: 0.0019376171974720482
Epoch 21
Best Validation Accuracy: 0.9026060785058295
Current Validation Accuracy: 0.9015231424834396
Current Validation Loss: 0.0019058760592932877
Epoch 22
Best Validation Accuracy: 0.9026060785058295
Current Validation Accuracy: 0.9021560271718493
Current Validation Loss: 0.001905520281521692
Epoch 23
Best Validation Accuracy: 0.9026060785058295
Current Validation Accuracy: 0.9022966682137181
Current Validation Loss: 0.0018852014339423026
Epoch 24
Best Validation Accuracy: 0.9026060785058295
Current Validation Accuracy: 0.9020294502341674
Current Validation Loss: 0.0019069794551450328
Epoch 25
Best Validation Accuracy: 0.9026060785058295
Current Validation Accuracy: 0.9013262450248232
Current Validation Loss: 0.0019200562338080418
Epoch 26
Best Validation Accuracy: 0.9026060785058295
Current Validation Accuracy: 0.8996385525223971
Current Validation Loss: 0.0019422723261598794
Epoch 27
Best Validation Accuracy: 0.9026060785058295
Current Validation Accuracy: 0.9022826041095312
Current Validation Loss: 0.0018860344379415606
Epoch 28
Best Validation Accuracy: 0.9026060785058295
Current Validation Accuracy: 0.9033936683402951
Current Validation Loss: 0.0018833455417102
Saving best model based on accuracy
Epoch 29
Best Validation Accuracy: 0.9033936683402951
Current Validation Accuracy: 0.9038999760910229
Current Validation Loss: 0.001867687756416055
Saving best model based on accuracy
Epoch 30
Best Validation Accuracy: 0.9038999760910229
Current Validation Accuracy: 0.9027185913393246
Current Validation Loss: 0.0018750037275725318
Epoch 31
Best Validation Accuracy: 0.9038999760910229
Current Validation Accuracy: 0.8950958468700336
Current Validation Loss: 0.0019998398964015058
Epoch 32
Best Validation Accuracy: 0.9038999760910229
Current Validation Accuracy: 0.9029717452146886
Current Validation Loss: 0.0018703666887808026
Epoch 33
Best Validation Accuracy: 0.9038999760910229
Current Validation Accuracy: 0.8984852959790726
Current Validation Loss: 0.0019715990733240596
Epoch 34
Best Validation Accuracy: 0.9038999760910229
Current Validation Accuracy: 0.899891706397761
Current Validation Loss: 0.001907138498629531
Epoch 35
Best Validation Accuracy: 0.9038999760910229
Current Validation Accuracy: 0.9022826041095312
Current Validation Loss: 0.0018895431795978711
Epoch 36
Best Validation Accuracy: 0.9038999760910229
Current Validation Accuracy: 0.9008340013782822
Current Validation Loss: 0.0019232471631387851
Epoch 37
Best Validation Accuracy: 0.9038999760910229
Current Validation Accuracy: 0.9036890145282196
Current Validation Loss: 0.0018665881080167927
Epoch 38
Best Validation Accuracy: 0.9038999760910229
Current Validation Accuracy: 0.9040124889245179
Current Validation Loss: 0.0018590902731369754
Saving best model based on accuracy
Epoch 39
Best Validation Accuracy: 0.9040124889245179
Current Validation Accuracy: 0.9037733991533409
Current Validation Loss: 0.0018582715838131147
Epoch 40
Best Validation Accuracy: 0.9040124889245179
Current Validation Accuracy: 0.9043922197375638
Current Validation Loss: 0.0018634109295093699
Saving best model based on accuracy
Epoch 41
Best Validation Accuracy: 0.9043922197375638
Current Validation Accuracy: 0.9015090783792526
Current Validation Loss: 0.001886811745804211
Epoch 42
Best Validation Accuracy: 0.9043922197375638
Current Validation Accuracy: 0.9023388605262788
Current Validation Loss: 0.0018813966703649973
Epoch 43
Best Validation Accuracy: 0.9043922197375638
Current Validation Accuracy: 0.9021982194844099
Current Validation Loss: 0.0019144235233081058
Epoch 44
Best Validation Accuracy: 0.9043922197375638
Current Validation Accuracy: 0.9022826041095312
Current Validation Loss: 0.0018903957286528267
Epoch 45
Best Validation Accuracy: 0.9043922197375638
Current Validation Accuracy: 0.9031545785691181
Current Validation Loss: 0.001884234300002152
Epoch 46
Best Validation Accuracy: 0.9043922197375638
Current Validation Accuracy: 0.9050110403217867
Current Validation Loss: 0.0018439710610925824
Saving best model based on accuracy
Epoch 47
Best Validation Accuracy: 0.9050110403217867
Current Validation Accuracy: 0.902915488797941
Current Validation Loss: 0.0019131942466682028
Epoch 48
Best Validation Accuracy: 0.9050110403217867
Current Validation Accuracy: 0.9041812581747606
Current Validation Loss: 0.0018588930370309605
Epoch 49
Best Validation Accuracy: 0.9050110403217867
Current Validation Accuracy: 0.902676399026764
Current Validation Loss: 0.001894790537912812
Epoch 50
Best Validation Accuracy: 0.9050110403217867
Current Validation Accuracy: 0.9029436170063148
Current Validation Loss: 0.0018756088870266758
Epoch 51
Best Validation Accuracy: 0.9050110403217867
Current Validation Accuracy: 0.9042093863831343
Current Validation Loss: 0.0018749829258214333
Epoch 52
Best Validation Accuracy: 0.9050110403217867
Current Validation Accuracy: 0.9043640915291901
Current Validation Loss: 0.001875488099663854
Epoch 53
Best Validation Accuracy: 0.9050110403217867
Current Validation Accuracy: 0.8971913983938793
Current Validation Loss: 0.0019492527981006503
Epoch 54
Best Validation Accuracy: 0.9050110403217867
Current Validation Accuracy: 0.9028873605895672
Current Validation Loss: 0.0018784036447302296
Epoch 55
Best Validation Accuracy: 0.9050110403217867
Current Validation Accuracy: 0.9038999760910229
Current Validation Loss: 0.0018817444236444883
Epoch 56
Best Validation Accuracy: 0.9050110403217867
Current Validation Accuracy: 0.9033233478193606
Current Validation Loss: 0.001886733876480717
Epoch 57
Best Validation Accuracy: 0.9050110403217867
Current Validation Accuracy: 0.9044625402584983
Current Validation Loss: 0.0018744304462463201
Epoch 58
Best Validation Accuracy: 0.9050110403217867
Current Validation Accuracy: 0.9046875659254884
Current Validation Loss: 0.001875774571097987
Epoch 59
Best Validation Accuracy: 0.9050110403217867
Current Validation Accuracy: 0.9039843607161442
Current Validation Loss: 0.0018726491862965768
Epoch 60
Best Validation Accuracy: 0.9050110403217867
Current Validation Accuracy: 0.9033092837151737
Current Validation Loss: 0.0018823644681228218
Epoch 61
Best Validation Accuracy: 0.9050110403217867
Current Validation Accuracy: 0.9014809501708788
Current Validation Loss: 0.001936777358194069
Epoch 62
Best Validation Accuracy: 0.9050110403217867
Current Validation Accuracy: 0.902676399026764
Current Validation Loss: 0.0019108047283307886
Epoch 63
Best Validation Accuracy: 0.9050110403217867
Current Validation Accuracy: 0.9038015273617147
Current Validation Loss: 0.0018974920971867083
Epoch 64
Best Validation Accuracy: 0.9050110403217867
Current Validation Accuracy: 0.9043922197375638
Current Validation Loss: 0.0018987706063595233
Epoch 65
Best Validation Accuracy: 0.9050110403217867
Current Validation Accuracy: 0.9029858093188754
Current Validation Loss: 0.0018992465633174956
Epoch 66
Best Validation Accuracy: 0.9050110403217867
Current Validation Accuracy: 0.9017762963588034
Current Validation Loss: 0.0019171838881307105
Epoch 67
Best Validation Accuracy: 0.9050110403217867
Current Validation Accuracy: 0.9007918090657215
Current Validation Loss: 0.0019653406825494548
Epoch 68
Best Validation Accuracy: 0.9050110403217867
Current Validation Accuracy: 0.9031123862565574
Current Validation Loss: 0.001887251534496412
Epoch 69
Best Validation Accuracy: 0.9050110403217867
Current Validation Accuracy: 0.9027467195476984
Current Validation Loss: 0.0019059757278233563
Epoch 70
Best Validation Accuracy: 0.9050110403217867
Current Validation Accuracy: 0.9044766043626851
Current Validation Loss: 0.001911598461463247
Epoch 71
Best Validation Accuracy: 0.9050110403217867
Current Validation Accuracy: 0.9020435143383542
Current Validation Loss: 0.0019302168772513777
Epoch 72
Best Validation Accuracy: 0.9050110403217867
Current Validation Accuracy: 0.9019028732964853
Current Validation Loss: 0.0019174294865240524
Epoch 73
Best Validation Accuracy: 0.9050110403217867
Current Validation Accuracy: 0.9037874632575278
Current Validation Loss: 0.0019106791890393634
Epoch 74
Best Validation Accuracy: 0.9050110403217867
Current Validation Accuracy: 0.8994557191679676
Current Validation Loss: 0.002048876943443971
Epoch 75
Best Validation Accuracy: 0.9050110403217867
Current Validation Accuracy: 0.9023669887346526
Current Validation Loss: 0.001937718857979068
Epoch 76
Best Validation Accuracy: 0.9050110403217867
Current Validation Accuracy: 0.9042797069040688
Current Validation Loss: 0.0019035935572717262
Epoch 77
Best Validation Accuracy: 0.9050110403217867
Current Validation Accuracy: 0.9006511680238527
Current Validation Loss: 0.001954068581353759
Epoch 78
Best Validation Accuracy: 0.9050110403217867
Current Validation Accuracy: 0.9033374119235476
Current Validation Loss: 0.001943452582038854
Epoch 79
Best Validation Accuracy: 0.9050110403217867
Current Validation Accuracy: 0.9029576811105017
Current Validation Loss: nan
Epoch 80
Best Validation Accuracy: 0.9050110403217867
Current Validation Accuracy: 0.9028170400686328
Current Validation Loss: nan
Epoch 81
Best Validation Accuracy: 0.9050110403217867
Current Validation Accuracy: 0.9027748477560722
Current Validation Loss: nan
Epoch 82
Best Validation Accuracy: 0.9050110403217867
Current Validation Accuracy: 0.9020575784425411
Current Validation Loss: nan
Epoch 83
Best Validation Accuracy: 0.9050110403217867
Current Validation Accuracy: 0.4979396087366215
Current Validation Loss: nan
Validation accuracy dropped by more than 10%. Reloading best model
Epoch 84
Best Validation Accuracy: 0.9050110403217867
Current Validation Accuracy: 0.4979396087366215
Current Validation Loss: nan
Validation accuracy dropped by more than 10%. Reloading best model
Epoch 85
Best Validation Accuracy: 0.9050110403217867
Current Validation Accuracy: 0.4979396087366215
Current Validation Loss: nan
Validation accuracy dropped by more than 10%. Reloading best model
Epoch 86
Best Validation Accuracy: 0.9050110403217867
Current Validation Accuracy: 0.4979396087366215
Current Validation Loss: nan
Validation accuracy dropped by more than 10%. Reloading best model
Epoch 87
Best Validation Accuracy: 0.9050110403217867
Current Validation Accuracy: 0.4979396087366215
Current Validation Loss: nan
Validation accuracy dropped by more than 10%. Reloading best model
Epoch 88
Best Validation Accuracy: 0.9050110403217867
Current Validation Accuracy: 0.4979396087366215
Current Validation Loss: nan
Validation accuracy dropped by more than 10%. Reloading best model
Epoch 89
Best Validation Accuracy: 0.9050110403217867
Current Validation Accuracy: 0.4979396087366215
Current Validation Loss: nan
Validation accuracy dropped by more than 10%. Reloading best model
Epoch 90
Best Validation Accuracy: 0.9050110403217867
Current Validation Accuracy: 0.4979396087366215
Current Validation Loss: nan
Validation accuracy dropped by more than 10%. Reloading best model
Epoch 91
Best Validation Accuracy: 0.9050110403217867
Current Validation Accuracy: 0.4979396087366215
Current Validation Loss: nan
Validation accuracy dropped by more than 10%. Reloading best model
Epoch 92
Best Validation Accuracy: 0.9050110403217867
Current Validation Accuracy: 0.4979396087366215
Current Validation Loss: nan
Validation accuracy dropped by more than 10%. Reloading best model
Epoch 93
Best Validation Accuracy: 0.9050110403217867
Current Validation Accuracy: 0.4979396087366215
Current Validation Loss: nan
Validation accuracy dropped by more than 10%. Reloading best model
Epoch 94
Best Validation Accuracy: 0.9050110403217867
Current Validation Accuracy: 0.4979396087366215
Current Validation Loss: nan
Validation accuracy dropped by more than 10%. Reloading best model
Epoch 95
Best Validation Accuracy: 0.9050110403217867
Current Validation Accuracy: 0.4979396087366215
Current Validation Loss: nan
Validation accuracy dropped by more than 10%. Reloading best model
Epoch 96
Best Validation Accuracy: 0.9050110403217867
Current Validation Accuracy: 0.4979396087366215
Current Validation Loss: nan
Validation accuracy dropped by more than 10%. Reloading best model
Epoch 97
Best Validation Accuracy: 0.9050110403217867
Current Validation Accuracy: 0.4979396087366215
Current Validation Loss: nan
Validation accuracy dropped by more than 10%. Reloading best model
Epoch 98
Best Validation Accuracy: 0.9050110403217867
Current Validation Accuracy: 0.4979396087366215
Current Validation Loss: nan
Validation accuracy dropped by more than 10%. Reloading best model
Epoch 99
[[nan nan]
 [nan nan]
 [nan nan]
 [nan nan]
 [nan nan]
 [nan nan]
 [nan nan]
 [nan nan]
 [nan nan]
 [nan nan]
 [nan nan]
 [nan nan]
 [nan nan]
 [nan nan]
 [nan nan]
 [nan nan]
 [nan nan]
 [nan nan]
 [nan nan]
 [nan nan]]
[[nan nan]
 [nan nan]
 [nan nan]
 [nan nan]
 [nan nan]
 [nan nan]
 [nan nan]
 [nan nan]
 [nan nan]
 [nan nan]
 [nan nan]
 [nan nan]
 [nan nan]
 [nan nan]
 [nan nan]
 [nan nan]
 [nan nan]
 [nan nan]
 [nan nan]
 [nan nan]]
[[0. 1.]
 [0. 1.]
 [0. 1.]
 [0. 1.]
 [0. 1.]
 [0. 1.]
 [1. 0.]
 [0. 1.]
 [1. 0.]
 [0. 1.]
 [0. 1.]
 [1. 0.]
 [0. 1.]
 [1. 0.]
 [0. 1.]
 [0. 1.]
 [0. 1.]
 [1. 0.]
 [0. 1.]
 [1. 0.]]
Best Validation Accuracy: 0.9050110403217867
Current Validation Accuracy: 0.4979396087366215
Current Validation Loss: nan
Validation accuracy dropped by more than 10%. Reloading best model
Saving last model
