Running "module reset". Resetting modules to system default. The following $MODULEPATH directories have been removed: None
A conda environment has been detected CONDA_PREFIX=
/u/avroy/.conda/envs/toptagger_env 
anaconda3_gpu is loaded. Consider running conda deactivate and reloading it.

Currently Loaded Modules:
  1) cue-login-env/1.0   4) gcc/11.2.0    7) openmpi/4.1.2
  2) default             5) cuda/11.6.1   8) cudnn/8.4.1.50
  3) modtree/gpu         6) ucx/1.11.2    9) anaconda3_gpu/4.13.0

 

/u/avroy/UQ_XAI_Studies/models/PFIN_UQ/model/jobsub
total 192K
-rw-rw----+ 1 avroy delta_bbhj  925 Mar 31 16:58 jobsubmitter_dummy.py
-rw-rw----+ 1 avroy delta_bbhj  15K May 18 13:59 jobsubmitter.py
-rw-rw----+ 1 avroy delta_bbhj 1.1K May 18 14:02 UQPFIN-run-JNqgmerged_0.1_baseline.slurm
-rw-rw----+ 1 avroy delta_bbhj 1.1K May 18 14:02 UQPFIN-run-JNqgmerged_0.1_skiptop.slurm
-rw-rw----+ 1 avroy delta_bbhj 1.1K May 18 14:02 UQPFIN-run-JNqgmerged_0.1_skipwz.slurm
-rw-rw----+ 1 avroy delta_bbhj 1.1K May 18 14:02 UQPFIN-run-JNqgmerged_0_baseline.slurm
-rw-rw----+ 1 avroy delta_bbhj 1.1K May 18 14:02 UQPFIN-run-JNqgmerged_0_skiptop.slurm
-rw-rw----+ 1 avroy delta_bbhj 1.1K May 18 14:02 UQPFIN-run-JNqgmerged_0_skipwz.slurm
-rw-rw----+ 1 avroy delta_bbhj 1.1K May 18 14:02 UQPFIN-run-JNqgmerged_nominal_baseline.slurm
-rw-rw----+ 1 avroy delta_bbhj 1.1K May 18 14:02 UQPFIN-run-JNqgmerged_nominal_skiptop.slurm
-rw-rw----+ 1 avroy delta_bbhj 1.1K May 18 14:02 UQPFIN-run-JNqgmerged_nominal_skipwz.slurm
-rw-rw----+ 1 avroy delta_bbhj 1.1K May 18 14:02 UQPFIN-run-JNqgmerged_softmax_baseline_0.slurm
-rw-rw----+ 1 avroy delta_bbhj 1.1K May 18 14:02 UQPFIN-run-JNqgmerged_softmax_baseline_1.slurm
-rw-rw----+ 1 avroy delta_bbhj 1.1K May 18 14:02 UQPFIN-run-JNqgmerged_softmax_baseline_2.slurm
-rw-rw----+ 1 avroy delta_bbhj 1.1K May 18 14:02 UQPFIN-run-JNqgmerged_softmax_baseline_3.slurm
-rw-rw----+ 1 avroy delta_bbhj 1.1K May 18 14:02 UQPFIN-run-JNqgmerged_softmax_baseline_4.slurm
-rw-rw----+ 1 avroy delta_bbhj 1.1K May 18 14:02 UQPFIN-run-JNqgmerged_softmax_baseline_5.slurm
-rw-rw----+ 1 avroy delta_bbhj 1.1K May 18 14:02 UQPFIN-run-JNqgmerged_softmax_baseline_6.slurm
-rw-rw----+ 1 avroy delta_bbhj 1.1K May 18 14:02 UQPFIN-run-JNqgmerged_softmax_baseline_7.slurm
-rw-rw----+ 1 avroy delta_bbhj 1.1K May 18 14:02 UQPFIN-run-JNqgmerged_softmax_baseline_8.slurm
-rw-rw----+ 1 avroy delta_bbhj 1.1K May 18 14:02 UQPFIN-run-JNqgmerged_softmax_baseline_9.slurm
-rw-rw----+ 1 avroy delta_bbhj 1.2K May 18 14:02 UQPFIN-run-JNqgmerged_softmax_dropout_baseline.slurm
-rw-rw----+ 1 avroy delta_bbhj 1.2K May 18 14:02 UQPFIN-run-JNqgmerged_softmax_dropout_skiptop.slurm
-rw-rw----+ 1 avroy delta_bbhj 1.2K May 18 14:02 UQPFIN-run-JNqgmerged_softmax_dropout_skipwz.slurm
-rw-rw----+ 1 avroy delta_bbhj 1.1K May 18 14:02 UQPFIN-run-JNqgmerged_softmax_skiptop_0.slurm
-rw-rw----+ 1 avroy delta_bbhj 1.1K May 18 14:02 UQPFIN-run-JNqgmerged_softmax_skiptop_1.slurm
-rw-rw----+ 1 avroy delta_bbhj 1.1K May 18 14:02 UQPFIN-run-JNqgmerged_softmax_skiptop_2.slurm
-rw-rw----+ 1 avroy delta_bbhj 1.1K May 18 14:02 UQPFIN-run-JNqgmerged_softmax_skiptop_3.slurm
-rw-rw----+ 1 avroy delta_bbhj 1.1K May 18 14:02 UQPFIN-run-JNqgmerged_softmax_skiptop_4.slurm
-rw-rw----+ 1 avroy delta_bbhj 1.1K May 18 14:02 UQPFIN-run-JNqgmerged_softmax_skiptop_5.slurm
-rw-rw----+ 1 avroy delta_bbhj 1.1K May 18 14:02 UQPFIN-run-JNqgmerged_softmax_skiptop_6.slurm
-rw-rw----+ 1 avroy delta_bbhj 1.1K May 18 14:02 UQPFIN-run-JNqgmerged_softmax_skiptop_7.slurm
-rw-rw----+ 1 avroy delta_bbhj 1.1K May 18 14:02 UQPFIN-run-JNqgmerged_softmax_skiptop_8.slurm
-rw-rw----+ 1 avroy delta_bbhj 1.1K May 18 14:02 UQPFIN-run-JNqgmerged_softmax_skiptop_9.slurm
-rw-rw----+ 1 avroy delta_bbhj 1.1K May 18 14:02 UQPFIN-run-JNqgmerged_softmax_skipwz_0.slurm
-rw-rw----+ 1 avroy delta_bbhj 1.1K May 18 14:02 UQPFIN-run-JNqgmerged_softmax_skipwz_1.slurm
-rw-rw----+ 1 avroy delta_bbhj 1.1K May 18 14:02 UQPFIN-run-JNqgmerged_softmax_skipwz_2.slurm
-rw-rw----+ 1 avroy delta_bbhj 1.1K May 18 14:02 UQPFIN-run-JNqgmerged_softmax_skipwz_3.slurm
-rw-rw----+ 1 avroy delta_bbhj 1.1K May 18 14:02 UQPFIN-run-JNqgmerged_softmax_skipwz_4.slurm
-rw-rw----+ 1 avroy delta_bbhj 1.1K May 18 14:02 UQPFIN-run-JNqgmerged_softmax_skipwz_5.slurm
-rw-rw----+ 1 avroy delta_bbhj 1.1K May 18 14:02 UQPFIN-run-JNqgmerged_softmax_skipwz_6.slurm
-rw-rw----+ 1 avroy delta_bbhj 1.1K May 18 14:02 UQPFIN-run-JNqgmerged_softmax_skipwz_7.slurm
-rw-rw----+ 1 avroy delta_bbhj 1.1K May 18 14:02 UQPFIN-run-JNqgmerged_softmax_skipwz_8.slurm
-rw-rw----+ 1 avroy delta_bbhj 1.1K May 18 14:02 UQPFIN-run-JNqgmerged_softmax_skipwz_9.slurm
-rw-------+ 1 avroy delta_bbhj  969 May 15 09:44 UQPFIN-run.slurm
/projects/bbhj/avroy/UQ_XAI_Studies/models/PFIN_UQ/model
total 156K
drwxr-s---+ 2 avroy delta_bbhj  12K May 18 16:12 jobouts
drwxr-s---+ 2 avroy delta_bbhj 4.0K May 18 14:02 jobsub
-rw-rw----+ 1 avroy delta_bbhj 8.4K May 15 14:46 PFINDataset.py
drwxrws---+ 2 avroy delta_bbhj 4.0K May 18 09:47 __pycache__
drwxrws---+ 2 avroy delta_bbhj  12K May 18 16:11 trained_model_dicts
drwxr-s---+ 2 avroy delta_bbhj 4.0K Mar 31 15:09 trained_model_dicts_old
drwxrws---+ 2 avroy delta_bbhj  20K May 18 16:12 trained_models
drwxr-s---+ 2 avroy delta_bbhj 4.0K Mar 31 15:10 trained_models_old
-rw-rw----+ 1 avroy delta_bbhj  23K May 18 15:52 train_mod.py
-rw-rw----+ 1 avroy delta_bbhj  23K May 18 15:45 train_mod.py~
-rw-rw----+ 1 avroy delta_bbhj  20K May 18 13:50 train.py
-rw-rw----+ 1 avroy delta_bbhj  13K May  5 09:36 UQPFIN.py
job is starting on gpua062.delta.ncsa.illinois.edu
# conda environments:
#
base                     /sw/external/python/anaconda3
toptagger_env         *  /u/avroy/.conda/envs/toptagger_env

/sw/external/python/anaconda3_gpu/bin/python
==========================================================================================
Layer (type:depth-idx)                   Output Shape              Param #
==========================================================================================
UQPFIN                                   [1, 2]                    --
├─Sequential: 1-1                        [30, 64]                  --
│    └─Sequential: 2-1                   [30, 100]                 --
│    │    └─Linear: 3-1                  [30, 100]                 400
│    │    └─ReLU: 3-2                    [30, 100]                 --
│    └─Sequential: 2-2                   [30, 100]                 --
│    │    └─Linear: 3-3                  [30, 100]                 10,100
│    │    └─ReLU: 3-4                    [30, 100]                 --
│    └─Sequential: 2-3                   [30, 64]                  --
│    │    └─Linear: 3-5                  [30, 64]                  6,464
│    │    └─ReLU: 3-6                    [30, 64]                  --
├─Sequential: 1-2                        [435, 64]                 --
│    └─Sequential: 2-4                   [435, 128]                --
│    │    └─Linear: 3-7                  [435, 128]                640
│    │    └─ReLU: 3-8                    [435, 128]                --
│    └─Sequential: 2-5                   [435, 128]                --
│    │    └─Linear: 3-9                  [435, 128]                16,512
│    │    └─ReLU: 3-10                   [435, 128]                --
│    └─Sequential: 2-6                   [435, 64]                 --
│    │    └─Linear: 3-11                 [435, 64]                 8,256
│    │    └─ReLU: 3-12                   [435, 64]                 --
├─Sequential: 1-3                        [30, 64]                  --
│    └─Sequential: 2-7                   [30, 128]                 --
│    │    └─Linear: 3-13                 [30, 128]                 8,704
│    │    └─ReLU: 3-14                   [30, 128]                 --
│    └─Sequential: 2-8                   [30, 128]                 --
│    │    └─Linear: 3-15                 [30, 128]                 16,512
│    │    └─ReLU: 3-16                   [30, 128]                 --
│    └─Sequential: 2-9                   [30, 64]                  --
│    │    └─Linear: 3-17                 [30, 64]                  8,256
│    │    └─ReLU: 3-18                   [30, 64]                  --
├─Sequential: 1-4                        [1, 2]                    --
│    └─Sequential: 2-10                  [1, 64]                   --
│    │    └─Linear: 3-19                 [1, 64]                   4,160
│    │    └─ReLU: 3-20                   [1, 64]                   --
│    └─Sequential: 2-11                  [1, 100]                  --
│    │    └─Linear: 3-21                 [1, 100]                  6,500
│    │    └─ReLU: 3-22                   [1, 100]                  --
│    └─Sequential: 2-12                  [1, 100]                  --
│    │    └─Linear: 3-23                 [1, 100]                  10,100
│    │    └─ReLU: 3-24                   [1, 100]                  --
│    └─Linear: 2-13                      [1, 2]                    202
│    └─Softmax: 2-14                     [1, 2]                    --
==========================================================================================
Total params: 96,806
Trainable params: 96,806
Non-trainable params: 0
Total mult-adds (M): 12.59
==========================================================================================
Input size (MB): 0.00
Forward/backward pass size (MB): 1.26
Params size (MB): 0.39
Estimated Total Size (MB): 1.64
==========================================================================================
data type:  JNqgmerged
m_logic, pt_logic, eta_logic:  AND AND AND
m1, m2, pt1, pt2, eta1, eta2:  0.0 10000.0 0.0 10000.0 -6.0 6.0
skip labels:  [2, 3]
classes:  2
Epoch 0
Best Validation Accuracy: 0
Current Validation Accuracy: 0.8628327918653221
Current Validation Loss: 0.002603382483706713
Saving best model based on accuracy
Epoch 1
Best Validation Accuracy: 0.8628327918653221
Current Validation Accuracy: 0.8834507686032939
Current Validation Loss: 0.0022611911421111987
Saving best model based on accuracy
Epoch 2
Best Validation Accuracy: 0.8834507686032939
Current Validation Accuracy: 0.8866151920453427
Current Validation Loss: 0.0022028827250440562
Saving best model based on accuracy
Epoch 3
Best Validation Accuracy: 0.8866151920453427
Current Validation Accuracy: 0.8915235644065651
Current Validation Loss: 0.002124884088190323
Saving best model based on accuracy
Epoch 4
Best Validation Accuracy: 0.8915235644065651
Current Validation Accuracy: 0.890806295093034
Current Validation Loss: 0.002127243827258213
Epoch 5
Best Validation Accuracy: 0.8915235644065651
Current Validation Accuracy: 0.8926908850540765
Current Validation Loss: 0.0021317556841826822
Saving best model based on accuracy
Epoch 6
Best Validation Accuracy: 0.8926908850540765
Current Validation Accuracy: 0.8963616162468532
Current Validation Loss: 0.002027919405811358
Saving best model based on accuracy
Epoch 7
Best Validation Accuracy: 0.8963616162468532
Current Validation Accuracy: 0.8887810640901228
Current Validation Loss: 0.002124495895683012
Epoch 8
Best Validation Accuracy: 0.8963616162468532
Current Validation Accuracy: 0.8968819881017679
Current Validation Loss: 0.0019967998285701856
Saving best model based on accuracy
Epoch 9
Best Validation Accuracy: 0.8968819881017679
Current Validation Accuracy: 0.8938722698057747
Current Validation Loss: 0.0020467898544660893
Epoch 10
Best Validation Accuracy: 0.8968819881017679
Current Validation Accuracy: 0.8996385525223971
Current Validation Loss: 0.0019516614944293086
Saving best model based on accuracy
Epoch 11
Best Validation Accuracy: 0.8996385525223971
Current Validation Accuracy: 0.8999620269186954
Current Validation Loss: 0.001961709398264362
Saving best model based on accuracy
Epoch 12
Best Validation Accuracy: 0.8999620269186954
Current Validation Accuracy: 0.8993432063344725
Current Validation Loss: 0.0019429980581660744
Epoch 13
Best Validation Accuracy: 0.8999620269186954
Current Validation Accuracy: 0.8993010140219119
Current Validation Loss: 0.0019528435130140315
Epoch 14
Best Validation Accuracy: 0.8999620269186954
Current Validation Accuracy: 0.8989916037298005
Current Validation Loss: 0.0019467030672890029
Epoch 15
Best Validation Accuracy: 0.8999620269186954
Current Validation Accuracy: 0.8986681293335022
Current Validation Loss: 0.0019549332301231023
Epoch 16
Best Validation Accuracy: 0.8999620269186954
Current Validation Accuracy: 0.8911157053851455
Current Validation Loss: 0.0020819238818228472
Epoch 17
Best Validation Accuracy: 0.8999620269186954
Current Validation Accuracy: 0.9004683346694232
Current Validation Loss: 0.0019235694941398946
Saving best model based on accuracy
Epoch 18
Best Validation Accuracy: 0.9004683346694232
Current Validation Accuracy: 0.9009324501075904
Current Validation Loss: 0.0019113417462457755
Saving best model based on accuracy
Epoch 19
Best Validation Accuracy: 0.9009324501075904
Current Validation Accuracy: 0.9022122835885968
Current Validation Loss: 0.001886720797648358
Saving best model based on accuracy
Epoch 20
Best Validation Accuracy: 0.9022122835885968
Current Validation Accuracy: 0.8963897444552269
Current Validation Loss: 0.001975193741069977
Epoch 21
Best Validation Accuracy: 0.9022122835885968
Current Validation Accuracy: 0.9028873605895672
Current Validation Loss: 0.0018869666750861303
Saving best model based on accuracy
Epoch 22
Best Validation Accuracy: 0.9028873605895672
Current Validation Accuracy: 0.9022404117969706
Current Validation Loss: 0.001889792898271365
Epoch 23
Best Validation Accuracy: 0.9028873605895672
Current Validation Accuracy: 0.9028732964853804
Current Validation Loss: 0.0019013056822564701
Epoch 24
Best Validation Accuracy: 0.9028873605895672
Current Validation Accuracy: 0.9034217965486688
Current Validation Loss: 0.0018732034930206694
Saving best model based on accuracy
Epoch 25
Best Validation Accuracy: 0.9034217965486688
Current Validation Accuracy: 0.902310732317905
Current Validation Loss: 0.0018952035664222802
Epoch 26
Best Validation Accuracy: 0.9034217965486688
Current Validation Accuracy: 0.8995963602098365
Current Validation Loss: 0.0019223803369217282
Epoch 27
Best Validation Accuracy: 0.9034217965486688
Current Validation Accuracy: 0.9032670914026131
Current Validation Loss: 0.0018699324602296315
Epoch 28
Best Validation Accuracy: 0.9034217965486688
Current Validation Accuracy: 0.9016637835253084
Current Validation Loss: 0.0018911226431661177
Epoch 29
Best Validation Accuracy: 0.9034217965486688
Current Validation Accuracy: 0.9012559245038887
Current Validation Loss: 0.0019051366561009355
Epoch 30
Best Validation Accuracy: 0.9034217965486688
Current Validation Accuracy: 0.9015653347960002
Current Validation Loss: 0.0019047794882416894
Epoch 31
Best Validation Accuracy: 0.9034217965486688
Current Validation Accuracy: 0.903520245277977
Current Validation Loss: 0.0018733142511305752
Saving best model based on accuracy
Epoch 32
Best Validation Accuracy: 0.903520245277977
Current Validation Accuracy: 0.9034499247570426
Current Validation Loss: 0.0018849471080493148
Validation Accuracy has not changed much, will stop in 4 epochs if this continues
Epoch 33
Best Validation Accuracy: 0.903520245277977
Current Validation Accuracy: 0.9017341040462428
Current Validation Loss: 0.0019025743719574243
Epoch 34
Best Validation Accuracy: 0.903520245277977
Current Validation Accuracy: 0.8997088730433315
Current Validation Loss: 0.0019251725684506192
Epoch 35
Best Validation Accuracy: 0.903520245277977
Current Validation Accuracy: 0.9040687453412655
Current Validation Loss: 0.0018586415508315746
Saving best model based on accuracy
Epoch 36
Best Validation Accuracy: 0.9040687453412655
Current Validation Accuracy: 0.9033936683402951
Current Validation Loss: 0.001870620923091052
Epoch 37
Best Validation Accuracy: 0.9040687453412655
Current Validation Accuracy: 0.90025737310662
Current Validation Loss: 0.0019101175611450651
Epoch 38
Best Validation Accuracy: 0.9040687453412655
Current Validation Accuracy: 0.9025920144016427
Current Validation Loss: 0.0018755541274650283
Epoch 39
Best Validation Accuracy: 0.9040687453412655
Current Validation Accuracy: 0.9019731938174198
Current Validation Loss: 0.0018812571231060409
Epoch 40
Best Validation Accuracy: 0.9040687453412655
Current Validation Accuracy: 0.9029858093188754
Current Validation Loss: 0.0018838453003302718
Epoch 41
Best Validation Accuracy: 0.9040687453412655
Current Validation Accuracy: 0.8955177699956401
Current Validation Loss: 0.0020421519719395673
Epoch 42
Best Validation Accuracy: 0.9040687453412655
Current Validation Accuracy: 0.9029717452146886
Current Validation Loss: 0.0018903089116748429
Epoch 43
Best Validation Accuracy: 0.9040687453412655
Current Validation Accuracy: 0.9035483734863508
Current Validation Loss: 0.0018545122381485781
Epoch 44
Best Validation Accuracy: 0.9040687453412655
Current Validation Accuracy: 0.9033092837151737
Current Validation Loss: 0.0018580086624505152
Epoch 45
Best Validation Accuracy: 0.9040687453412655
Current Validation Accuracy: 0.9042797069040688
Current Validation Loss: 0.00184876229095068
Saving best model based on accuracy
Epoch 46
Best Validation Accuracy: 0.9042797069040688
Current Validation Accuracy: 0.900974642420151
Current Validation Loss: 0.001887119742011061
Epoch 47
Best Validation Accuracy: 0.9042797069040688
Current Validation Accuracy: 0.904251578695695
Current Validation Loss: 0.0018637112891409311
Epoch 48
Best Validation Accuracy: 0.9042797069040688
Current Validation Accuracy: 0.9046031813003671
Current Validation Loss: 0.0018629997343312399
Saving best model based on accuracy
Epoch 49
Best Validation Accuracy: 0.9046031813003671
Current Validation Accuracy: 0.9050251044259736
Current Validation Loss: 0.001842182540957935
Saving best model based on accuracy
Epoch 50
Best Validation Accuracy: 0.9050251044259736
Current Validation Accuracy: 0.9041812581747606
Current Validation Loss: 0.0018457346239879697
Epoch 51
Best Validation Accuracy: 0.9050251044259736
Current Validation Accuracy: 0.9046031813003671
Current Validation Loss: 0.0018598102735726673
Epoch 52
Best Validation Accuracy: 0.9050251044259736
Current Validation Accuracy: 0.9032670914026131
Current Validation Loss: 0.0018875543050383195
Epoch 53
Best Validation Accuracy: 0.9050251044259736
Current Validation Accuracy: 0.9039562325077705
Current Validation Loss: 0.0018660413717481855
Epoch 54
Best Validation Accuracy: 0.9050251044259736
Current Validation Accuracy: 0.9022966682137181
Current Validation Loss: 0.0018881299529505094
Epoch 55
Best Validation Accuracy: 0.9050251044259736
Current Validation Accuracy: 0.9044484761543113
Current Validation Loss: 0.0018574809243608196
Epoch 56
Best Validation Accuracy: 0.9050251044259736
Current Validation Accuracy: 0.9034780529654164
Current Validation Loss: 0.0018646228970117331
Epoch 57
Best Validation Accuracy: 0.9050251044259736
Current Validation Accuracy: 0.9021700912760362
Current Validation Loss: 0.0018805549047059412
Epoch 58
Best Validation Accuracy: 0.9050251044259736
Current Validation Accuracy: 0.9048282069673572
Current Validation Loss: 0.0018657076241309393
Epoch 59
Best Validation Accuracy: 0.9050251044259736
Current Validation Accuracy: 0.9010027706285249
Current Validation Loss: 0.001934854792575837
Epoch 60
Best Validation Accuracy: 0.9050251044259736
Current Validation Accuracy: 0.9046172454045539
Current Validation Loss: 0.0018682527120959405
Epoch 61
Best Validation Accuracy: 0.9050251044259736
Current Validation Accuracy: 0.9027045272351377
Current Validation Loss: 0.0018793265699850713
Epoch 62
Best Validation Accuracy: 0.9050251044259736
Current Validation Accuracy: 0.903042065735623
Current Validation Loss: 0.0018732353979737514
Epoch 63
Best Validation Accuracy: 0.9050251044259736
Current Validation Accuracy: 0.903520245277977
Current Validation Loss: 0.0018640599667354503
Epoch 64
Best Validation Accuracy: 0.9050251044259736
Current Validation Accuracy: 0.903042065735623
Current Validation Loss: 0.0018745602919173748
Epoch 65
Best Validation Accuracy: 0.9050251044259736
Current Validation Accuracy: 0.903885911986836
Current Validation Loss: 0.001860759336059007
Epoch 66
Best Validation Accuracy: 0.9050251044259736
Current Validation Accuracy: 0.9028873605895672
Current Validation Loss: 0.0018714900080695587
Epoch 67
Best Validation Accuracy: 0.9050251044259736
Current Validation Accuracy: 0.9039281042993966
Current Validation Loss: 0.0018841466244098003
Epoch 68
Best Validation Accuracy: 0.9050251044259736
Current Validation Accuracy: 0.896741347059899
Current Validation Loss: 0.001988793587417386
Epoch 69
Best Validation Accuracy: 0.9050251044259736
Current Validation Accuracy: 0.9036186940072852
Current Validation Loss: 0.0018685399336911988
Epoch 70
Best Validation Accuracy: 0.9050251044259736
Current Validation Accuracy: 0.9024513733597739
Current Validation Loss: 0.001915601499678054
Epoch 71
Best Validation Accuracy: 0.9050251044259736
Current Validation Accuracy: 0.9030983221523705
Current Validation Loss: 0.0019082236147134105
Epoch 72
Best Validation Accuracy: 0.9050251044259736
Current Validation Accuracy: 0.9026342067142034
Current Validation Loss: 0.0019186851252656549
Epoch 73
Best Validation Accuracy: 0.9050251044259736
Current Validation Accuracy: 0.9019169374006722
Current Validation Loss: 0.001891736678496518
Epoch 74
Best Validation Accuracy: 0.9050251044259736
Current Validation Accuracy: 0.9033655401319213
Current Validation Loss: 0.0018812517891974277
Epoch 75
Best Validation Accuracy: 0.9050251044259736
Current Validation Accuracy: 0.9029858093188754
Current Validation Loss: 0.0018893656563095263
Epoch 76
Best Validation Accuracy: 0.9050251044259736
Current Validation Accuracy: 0.9017200399420559
Current Validation Loss: 0.001913815719271411
Epoch 77
Best Validation Accuracy: 0.9050251044259736
Current Validation Accuracy: 0.9028170400686328
Current Validation Loss: 0.001921901506529145
Epoch 78
Best Validation Accuracy: 0.9050251044259736
Current Validation Accuracy: 0.9038577837784623
Current Validation Loss: 0.0019027072614447057
Epoch 79
Best Validation Accuracy: 0.9050251044259736
Current Validation Accuracy: 0.900862129586656
Current Validation Loss: 0.001963150145000656
Epoch 80
Best Validation Accuracy: 0.9050251044259736
Current Validation Accuracy: 0.9041531299663867
Current Validation Loss: 0.001886034281182091
Epoch 81
Best Validation Accuracy: 0.9050251044259736
Current Validation Accuracy: 0.9035483734863508
Current Validation Loss: 0.0019006102135251408
Epoch 82
Best Validation Accuracy: 0.9050251044259736
Current Validation Accuracy: 0.9014106296499445
Current Validation Loss: 0.001930456981099564
Epoch 83
Best Validation Accuracy: 0.9050251044259736
Current Validation Accuracy: 0.9031967708816787
Current Validation Loss: 0.0019149168594004933
Epoch 84
Best Validation Accuracy: 0.9050251044259736
Current Validation Accuracy: 0.9037030786324065
Current Validation Loss: 0.0019338686587802034
Epoch 85
Best Validation Accuracy: 0.9050251044259736
Current Validation Accuracy: 0.8993010140219119
Current Validation Loss: 0.001979767285465411
Epoch 86
Best Validation Accuracy: 0.9050251044259736
Current Validation Accuracy: 0.9022685400053444
Current Validation Loss: 0.0019447488626639015
Epoch 87
Best Validation Accuracy: 0.9050251044259736
Current Validation Accuracy: 0.9018466168797379
Current Validation Loss: 0.0019178440455340645
Epoch 88
Best Validation Accuracy: 0.9050251044259736
Current Validation Accuracy: 0.9021560271718493
Current Validation Loss: 0.001927140954149297
Epoch 89
Best Validation Accuracy: 0.9050251044259736
Current Validation Accuracy: 0.8996244884182102
Current Validation Loss: 0.0019702950935666357
Epoch 90
Best Validation Accuracy: 0.9050251044259736
Current Validation Accuracy: 0.9030139375272492
Current Validation Loss: 0.0019239562191228925
Epoch 91
Best Validation Accuracy: 0.9050251044259736
Current Validation Accuracy: 0.9030561298398099
Current Validation Loss: 0.00197788528628489
Epoch 92
Best Validation Accuracy: 0.9050251044259736
Current Validation Accuracy: 0.900018283335443
Current Validation Loss: 0.001959278930706922
Epoch 93
Best Validation Accuracy: 0.9050251044259736
Current Validation Accuracy: 0.9014387578583182
Current Validation Loss: 0.0019713198175408905
Epoch 94
Best Validation Accuracy: 0.9050251044259736
Current Validation Accuracy: 0.8994838473763413
Current Validation Loss: 0.002033288836476672
Epoch 95
Best Validation Accuracy: 0.9050251044259736
Current Validation Accuracy: 0.9004120782526757
Current Validation Loss: 0.0019781358373763165
Epoch 96
Best Validation Accuracy: 0.9050251044259736
Current Validation Accuracy: 0.8993150781260988
Current Validation Loss: 0.0020296548752302347
Epoch 97
Best Validation Accuracy: 0.9050251044259736
Current Validation Accuracy: 0.9013262450248232
Current Validation Loss: 0.001991774777397835
Epoch 98
Best Validation Accuracy: 0.9050251044259736
Current Validation Accuracy: 0.900369885940115
Current Validation Loss: 0.0020042480141841956
Epoch 99
[[2.3272766e-04 9.9976724e-01]
 [9.9469876e-01 5.3012664e-03]
 [4.1622363e-02 9.5837766e-01]
 [9.7161520e-01 2.8384848e-02]
 [2.8024530e-02 9.7197545e-01]
 [9.0503800e-01 9.4962023e-02]
 [7.4963343e-01 2.5036657e-01]
 [2.1555685e-02 9.7844428e-01]
 [9.0896630e-01 9.1033697e-02]
 [9.9847847e-01 1.5214911e-03]
 [9.9052012e-01 9.4798328e-03]
 [8.9304179e-02 9.1069585e-01]
 [6.8409747e-01 3.1590250e-01]
 [9.7367644e-01 2.6323598e-02]
 [9.9464417e-01 5.3558657e-03]
 [7.8727561e-01 2.1272443e-01]
 [2.8189924e-01 7.1810079e-01]
 [4.2621419e-02 9.5737863e-01]
 [3.6801136e-04 9.9963200e-01]
 [9.9656641e-01 3.4335272e-03]]
[[2.3272766e-04 9.9976724e-01]
 [9.9469876e-01 5.3012664e-03]
 [4.1622363e-02 9.5837766e-01]
 [9.7161520e-01 2.8384848e-02]
 [2.8024530e-02 9.7197545e-01]
 [9.0503800e-01 9.4962023e-02]
 [7.4963343e-01 2.5036657e-01]
 [2.1555685e-02 9.7844428e-01]
 [9.0896630e-01 9.1033697e-02]
 [9.9847847e-01 1.5214911e-03]
 [9.9052012e-01 9.4798328e-03]
 [8.9304179e-02 9.1069585e-01]
 [6.8409747e-01 3.1590250e-01]
 [9.7367644e-01 2.6323598e-02]
 [9.9464417e-01 5.3558657e-03]
 [7.8727561e-01 2.1272443e-01]
 [2.8189924e-01 7.1810079e-01]
 [4.2621419e-02 9.5737863e-01]
 [3.6801136e-04 9.9963200e-01]
 [9.9656641e-01 3.4335272e-03]]
[[0. 1.]
 [1. 0.]
 [0. 1.]
 [1. 0.]
 [0. 1.]
 [1. 0.]
 [1. 0.]
 [0. 1.]
 [1. 0.]
 [1. 0.]
 [1. 0.]
 [0. 1.]
 [1. 0.]
 [1. 0.]
 [1. 0.]
 [1. 0.]
 [1. 0.]
 [0. 1.]
 [0. 1.]
 [1. 0.]]
Best Validation Accuracy: 0.9050251044259736
Current Validation Accuracy: 0.9018606809839247
Current Validation Loss: 0.0019941282312073622
Saving last model
