Running "module reset". Resetting modules to system default. The following $MODULEPATH directories have been removed: None
A conda environment has been detected CONDA_PREFIX=
/sw/external/python/anaconda3 
anaconda3_gpu is loaded. Consider running conda deactivate and reloading it.

Currently Loaded Modules:
  1) cue-login-env/1.0   4) gcc/11.2.0    7) openmpi/4.1.2
  2) default             5) cuda/11.6.1   8) cudnn/8.4.1.50
  3) modtree/gpu         6) ucx/1.11.2    9) anaconda3_gpu/4.13.0

 

/u/avroy/UQ_XAI_Studies/models/PFIN_UQ/model/jobsub
total 508K
-rw-rw----+ 1 avroy delta_bbhj  925 Mar 31 16:58 jobsubmitter_dummy.py
-rw-rw----+ 1 avroy delta_bbhj 5.2K May 27 21:16 jobsubmitter_jetclass_1gpu.py
-rw-rw----+ 1 avroy delta_bbhj  15K May 27 21:04 jobsubmitter_jetclass_1gpu.py~
-rw-rw----+ 1 avroy delta_bbhj  743 May 19 01:04 jobsubmitter_jetclass.py
-rw-rw----+ 1 avroy delta_bbhj  15K May 18 13:59 jobsubmitter.py
-rw-rw----+ 1 avroy delta_bbhj 1.2K May 19 13:52 UQPFIN-jetclass-run-jetclass20M_0_baseline.slurm
-rw-------+ 1 avroy delta_bbhj  973 May 19 00:59 UQPFIN-jetclass-run.slurm
-rw-rw----+ 1 avroy delta_bbhj 1.1K May 27 21:18 UQPFIN-run-jetclass_0.1_baseline.slurm
-rw-rw----+ 1 avroy delta_bbhj 1.1K May 27 21:18 UQPFIN-run-jetclass_0.1_skiph.slurm
-rw-rw----+ 1 avroy delta_bbhj 1.1K May 27 21:18 UQPFIN-run-jetclass_0.1_skiptop.slurm
-rw-rw----+ 1 avroy delta_bbhj 1.1K May 27 21:18 UQPFIN-run-jetclass_0.1_skiptwz.slurm
-rw-rw----+ 1 avroy delta_bbhj 1.1K May 27 21:18 UQPFIN-run-jetclass_0.1_skipwz.slurm
-rw-rw----+ 1 avroy delta_bbhj 1.1K May 27 21:18 UQPFIN-run-jetclass_0_baseline.slurm
-rw-rw----+ 1 avroy delta_bbhj 1.1K May 27 21:18 UQPFIN-run-jetclass_0_skiph.slurm
-rw-rw----+ 1 avroy delta_bbhj 1.1K May 27 21:18 UQPFIN-run-jetclass_0_skiptop.slurm
-rw-rw----+ 1 avroy delta_bbhj 1.1K May 27 21:18 UQPFIN-run-jetclass_0_skiptwz.slurm
-rw-rw----+ 1 avroy delta_bbhj 1.1K May 27 21:18 UQPFIN-run-jetclass_0_skipwz.slurm
-rw-rw----+ 1 avroy delta_bbhj 1.1K May 27 21:18 UQPFIN-run-jetclass_nominal_baseline.slurm
-rw-rw----+ 1 avroy delta_bbhj 1.1K May 27 21:18 UQPFIN-run-jetclass_nominal_skiph.slurm
-rw-rw----+ 1 avroy delta_bbhj 1.1K May 27 21:18 UQPFIN-run-jetclass_nominal_skiptop.slurm
-rw-rw----+ 1 avroy delta_bbhj 1.1K May 27 21:18 UQPFIN-run-jetclass_nominal_skiptwz.slurm
-rw-rw----+ 1 avroy delta_bbhj 1.1K May 27 21:18 UQPFIN-run-jetclass_nominal_skipwz.slurm
-rw-rw----+ 1 avroy delta_bbhj 1.1K May 27 21:18 UQPFIN-run-jetclass_softmax_baseline_0.slurm
-rw-rw----+ 1 avroy delta_bbhj 1.1K May 27 21:18 UQPFIN-run-jetclass_softmax_baseline_1.slurm
-rw-rw----+ 1 avroy delta_bbhj 1.1K May 27 21:18 UQPFIN-run-jetclass_softmax_baseline_2.slurm
-rw-rw----+ 1 avroy delta_bbhj 1.1K May 27 21:18 UQPFIN-run-jetclass_softmax_baseline_3.slurm
-rw-rw----+ 1 avroy delta_bbhj 1.1K May 27 21:18 UQPFIN-run-jetclass_softmax_baseline_4.slurm
-rw-rw----+ 1 avroy delta_bbhj 1.1K May 27 21:18 UQPFIN-run-jetclass_softmax_baseline_5.slurm
-rw-rw----+ 1 avroy delta_bbhj 1.1K May 27 21:18 UQPFIN-run-jetclass_softmax_baseline_6.slurm
-rw-rw----+ 1 avroy delta_bbhj 1.1K May 27 21:18 UQPFIN-run-jetclass_softmax_baseline_7.slurm
-rw-rw----+ 1 avroy delta_bbhj 1.1K May 27 21:18 UQPFIN-run-jetclass_softmax_baseline_8.slurm
-rw-rw----+ 1 avroy delta_bbhj 1.1K May 27 21:18 UQPFIN-run-jetclass_softmax_baseline_9.slurm
-rw-rw----+ 1 avroy delta_bbhj 1.2K May 27 21:18 UQPFIN-run-jetclass_softmax_dropout_baseline.slurm
-rw-rw----+ 1 avroy delta_bbhj 1.2K May 27 21:18 UQPFIN-run-jetclass_softmax_dropout_skiph.slurm
-rw-rw----+ 1 avroy delta_bbhj 1.2K May 27 21:18 UQPFIN-run-jetclass_softmax_dropout_skiptop.slurm
-rw-rw----+ 1 avroy delta_bbhj 1.2K May 27 21:18 UQPFIN-run-jetclass_softmax_dropout_skiptwz.slurm
-rw-rw----+ 1 avroy delta_bbhj 1.2K May 27 21:18 UQPFIN-run-jetclass_softmax_dropout_skipwz.slurm
-rw-rw----+ 1 avroy delta_bbhj 1.2K May 27 21:18 UQPFIN-run-jetclass_softmax_skiph_0.slurm
-rw-rw----+ 1 avroy delta_bbhj 1.2K May 27 21:18 UQPFIN-run-jetclass_softmax_skiph_1.slurm
-rw-rw----+ 1 avroy delta_bbhj 1.2K May 27 21:18 UQPFIN-run-jetclass_softmax_skiph_2.slurm
-rw-rw----+ 1 avroy delta_bbhj 1.2K May 27 21:18 UQPFIN-run-jetclass_softmax_skiph_3.slurm
-rw-rw----+ 1 avroy delta_bbhj 1.2K May 27 21:18 UQPFIN-run-jetclass_softmax_skiph_4.slurm
-rw-rw----+ 1 avroy delta_bbhj 1.2K May 27 21:18 UQPFIN-run-jetclass_softmax_skiph_5.slurm
-rw-rw----+ 1 avroy delta_bbhj 1.2K May 27 21:18 UQPFIN-run-jetclass_softmax_skiph_6.slurm
-rw-rw----+ 1 avroy delta_bbhj 1.2K May 27 21:18 UQPFIN-run-jetclass_softmax_skiph_7.slurm
-rw-rw----+ 1 avroy delta_bbhj 1.2K May 27 21:18 UQPFIN-run-jetclass_softmax_skiph_8.slurm
-rw-rw----+ 1 avroy delta_bbhj 1.2K May 27 21:18 UQPFIN-run-jetclass_softmax_skiph_9.slurm
-rw-rw----+ 1 avroy delta_bbhj 1.2K May 27 21:18 UQPFIN-run-jetclass_softmax_skiptop_0.slurm
-rw-rw----+ 1 avroy delta_bbhj 1.2K May 27 21:18 UQPFIN-run-jetclass_softmax_skiptop_1.slurm
-rw-rw----+ 1 avroy delta_bbhj 1.2K May 27 21:18 UQPFIN-run-jetclass_softmax_skiptop_2.slurm
-rw-rw----+ 1 avroy delta_bbhj 1.2K May 27 21:18 UQPFIN-run-jetclass_softmax_skiptop_3.slurm
-rw-rw----+ 1 avroy delta_bbhj 1.2K May 27 21:18 UQPFIN-run-jetclass_softmax_skiptop_4.slurm
-rw-rw----+ 1 avroy delta_bbhj 1.2K May 27 21:18 UQPFIN-run-jetclass_softmax_skiptop_5.slurm
-rw-rw----+ 1 avroy delta_bbhj 1.2K May 27 21:18 UQPFIN-run-jetclass_softmax_skiptop_6.slurm
-rw-rw----+ 1 avroy delta_bbhj 1.2K May 27 21:18 UQPFIN-run-jetclass_softmax_skiptop_7.slurm
-rw-rw----+ 1 avroy delta_bbhj 1.2K May 27 21:18 UQPFIN-run-jetclass_softmax_skiptop_8.slurm
-rw-rw----+ 1 avroy delta_bbhj 1.2K May 27 21:18 UQPFIN-run-jetclass_softmax_skiptop_9.slurm
-rw-rw----+ 1 avroy delta_bbhj 1.2K May 27 21:18 UQPFIN-run-jetclass_softmax_skiptwz_0.slurm
-rw-rw----+ 1 avroy delta_bbhj 1.2K May 27 21:18 UQPFIN-run-jetclass_softmax_skiptwz_1.slurm
-rw-rw----+ 1 avroy delta_bbhj 1.2K May 27 21:18 UQPFIN-run-jetclass_softmax_skiptwz_2.slurm
-rw-rw----+ 1 avroy delta_bbhj 1.2K May 27 21:18 UQPFIN-run-jetclass_softmax_skiptwz_3.slurm
-rw-rw----+ 1 avroy delta_bbhj 1.2K May 27 21:18 UQPFIN-run-jetclass_softmax_skiptwz_4.slurm
-rw-rw----+ 1 avroy delta_bbhj 1.2K May 27 21:18 UQPFIN-run-jetclass_softmax_skiptwz_5.slurm
-rw-rw----+ 1 avroy delta_bbhj 1.2K May 27 21:18 UQPFIN-run-jetclass_softmax_skiptwz_6.slurm
-rw-rw----+ 1 avroy delta_bbhj 1.2K May 27 21:18 UQPFIN-run-jetclass_softmax_skiptwz_7.slurm
-rw-rw----+ 1 avroy delta_bbhj 1.2K May 27 21:18 UQPFIN-run-jetclass_softmax_skiptwz_8.slurm
-rw-rw----+ 1 avroy delta_bbhj 1.2K May 27 21:18 UQPFIN-run-jetclass_softmax_skiptwz_9.slurm
-rw-rw----+ 1 avroy delta_bbhj 1.2K May 27 21:18 UQPFIN-run-jetclass_softmax_skipwz_0.slurm
-rw-rw----+ 1 avroy delta_bbhj 1.2K May 27 21:18 UQPFIN-run-jetclass_softmax_skipwz_1.slurm
-rw-rw----+ 1 avroy delta_bbhj 1.2K May 27 21:18 UQPFIN-run-jetclass_softmax_skipwz_2.slurm
-rw-rw----+ 1 avroy delta_bbhj 1.2K May 27 21:18 UQPFIN-run-jetclass_softmax_skipwz_3.slurm
-rw-rw----+ 1 avroy delta_bbhj 1.2K May 27 21:18 UQPFIN-run-jetclass_softmax_skipwz_4.slurm
-rw-rw----+ 1 avroy delta_bbhj 1.2K May 27 21:18 UQPFIN-run-jetclass_softmax_skipwz_5.slurm
-rw-rw----+ 1 avroy delta_bbhj 1.2K May 27 21:18 UQPFIN-run-jetclass_softmax_skipwz_6.slurm
-rw-rw----+ 1 avroy delta_bbhj 1.2K May 27 21:18 UQPFIN-run-jetclass_softmax_skipwz_7.slurm
-rw-rw----+ 1 avroy delta_bbhj 1.2K May 27 21:18 UQPFIN-run-jetclass_softmax_skipwz_8.slurm
-rw-rw----+ 1 avroy delta_bbhj 1.2K May 27 21:18 UQPFIN-run-jetclass_softmax_skipwz_9.slurm
-rw-rw----+ 1 avroy delta_bbhj 1.1K May 18 14:02 UQPFIN-run-JNqgmerged_0.1_baseline.slurm
-rw-rw----+ 1 avroy delta_bbhj 1.1K May 18 14:02 UQPFIN-run-JNqgmerged_0.1_skiptop.slurm
-rw-rw----+ 1 avroy delta_bbhj 1.1K May 18 14:02 UQPFIN-run-JNqgmerged_0.1_skipwz.slurm
-rw-rw----+ 1 avroy delta_bbhj 1.1K May 18 14:02 UQPFIN-run-JNqgmerged_0_baseline.slurm
-rw-rw----+ 1 avroy delta_bbhj 1.1K May 18 14:02 UQPFIN-run-JNqgmerged_0_skiptop.slurm
-rw-rw----+ 1 avroy delta_bbhj 1.1K May 18 14:02 UQPFIN-run-JNqgmerged_0_skipwz.slurm
-rw-rw----+ 1 avroy delta_bbhj 1.1K May 18 14:02 UQPFIN-run-JNqgmerged_nominal_baseline.slurm
-rw-rw----+ 1 avroy delta_bbhj 1.1K May 18 14:02 UQPFIN-run-JNqgmerged_nominal_skiptop.slurm
-rw-rw----+ 1 avroy delta_bbhj 1.1K May 18 14:02 UQPFIN-run-JNqgmerged_nominal_skipwz.slurm
-rw-rw----+ 1 avroy delta_bbhj 1.1K May 18 14:02 UQPFIN-run-JNqgmerged_softmax_baseline_0.slurm
-rw-rw----+ 1 avroy delta_bbhj 1.1K May 18 14:02 UQPFIN-run-JNqgmerged_softmax_baseline_1.slurm
-rw-rw----+ 1 avroy delta_bbhj 1.1K May 18 14:02 UQPFIN-run-JNqgmerged_softmax_baseline_2.slurm
-rw-rw----+ 1 avroy delta_bbhj 1.1K May 18 14:02 UQPFIN-run-JNqgmerged_softmax_baseline_3.slurm
-rw-rw----+ 1 avroy delta_bbhj 1.1K May 18 14:02 UQPFIN-run-JNqgmerged_softmax_baseline_4.slurm
-rw-rw----+ 1 avroy delta_bbhj 1.1K May 18 14:02 UQPFIN-run-JNqgmerged_softmax_baseline_5.slurm
-rw-rw----+ 1 avroy delta_bbhj 1.1K May 18 14:02 UQPFIN-run-JNqgmerged_softmax_baseline_6.slurm
-rw-rw----+ 1 avroy delta_bbhj 1.1K May 18 14:02 UQPFIN-run-JNqgmerged_softmax_baseline_7.slurm
-rw-rw----+ 1 avroy delta_bbhj 1.1K May 18 14:02 UQPFIN-run-JNqgmerged_softmax_baseline_8.slurm
-rw-rw----+ 1 avroy delta_bbhj 1.1K May 18 14:02 UQPFIN-run-JNqgmerged_softmax_baseline_9.slurm
-rw-rw----+ 1 avroy delta_bbhj 1.2K May 18 14:02 UQPFIN-run-JNqgmerged_softmax_dropout_baseline.slurm
-rw-rw----+ 1 avroy delta_bbhj 1.2K May 18 14:02 UQPFIN-run-JNqgmerged_softmax_dropout_skiptop.slurm
-rw-rw----+ 1 avroy delta_bbhj 1.2K May 18 14:02 UQPFIN-run-JNqgmerged_softmax_dropout_skipwz.slurm
-rw-rw----+ 1 avroy delta_bbhj 1.1K May 18 14:02 UQPFIN-run-JNqgmerged_softmax_skiptop_0.slurm
-rw-rw----+ 1 avroy delta_bbhj 1.1K May 18 14:02 UQPFIN-run-JNqgmerged_softmax_skiptop_1.slurm
-rw-rw----+ 1 avroy delta_bbhj 1.1K May 18 14:02 UQPFIN-run-JNqgmerged_softmax_skiptop_2.slurm
-rw-rw----+ 1 avroy delta_bbhj 1.1K May 18 14:02 UQPFIN-run-JNqgmerged_softmax_skiptop_3.slurm
-rw-rw----+ 1 avroy delta_bbhj 1.1K May 18 14:02 UQPFIN-run-JNqgmerged_softmax_skiptop_4.slurm
-rw-rw----+ 1 avroy delta_bbhj 1.1K May 18 14:02 UQPFIN-run-JNqgmerged_softmax_skiptop_5.slurm
-rw-rw----+ 1 avroy delta_bbhj 1.1K May 18 14:02 UQPFIN-run-JNqgmerged_softmax_skiptop_6.slurm
-rw-rw----+ 1 avroy delta_bbhj 1.1K May 18 14:02 UQPFIN-run-JNqgmerged_softmax_skiptop_7.slurm
-rw-rw----+ 1 avroy delta_bbhj 1.1K May 18 14:02 UQPFIN-run-JNqgmerged_softmax_skiptop_8.slurm
-rw-rw----+ 1 avroy delta_bbhj 1.1K May 18 14:02 UQPFIN-run-JNqgmerged_softmax_skiptop_9.slurm
-rw-rw----+ 1 avroy delta_bbhj 1.1K May 18 14:02 UQPFIN-run-JNqgmerged_softmax_skipwz_0.slurm
-rw-rw----+ 1 avroy delta_bbhj 1.1K May 18 14:02 UQPFIN-run-JNqgmerged_softmax_skipwz_1.slurm
-rw-rw----+ 1 avroy delta_bbhj 1.1K May 18 14:02 UQPFIN-run-JNqgmerged_softmax_skipwz_2.slurm
-rw-rw----+ 1 avroy delta_bbhj 1.1K May 18 14:02 UQPFIN-run-JNqgmerged_softmax_skipwz_3.slurm
-rw-rw----+ 1 avroy delta_bbhj 1.1K May 18 14:02 UQPFIN-run-JNqgmerged_softmax_skipwz_4.slurm
-rw-rw----+ 1 avroy delta_bbhj 1.1K May 18 14:02 UQPFIN-run-JNqgmerged_softmax_skipwz_5.slurm
-rw-rw----+ 1 avroy delta_bbhj 1.1K May 18 14:02 UQPFIN-run-JNqgmerged_softmax_skipwz_6.slurm
-rw-rw----+ 1 avroy delta_bbhj 1.1K May 18 14:02 UQPFIN-run-JNqgmerged_softmax_skipwz_7.slurm
-rw-rw----+ 1 avroy delta_bbhj 1.1K May 18 14:02 UQPFIN-run-JNqgmerged_softmax_skipwz_8.slurm
-rw-rw----+ 1 avroy delta_bbhj 1.1K May 18 14:02 UQPFIN-run-JNqgmerged_softmax_skipwz_9.slurm
-rw-------+ 1 avroy delta_bbhj  969 May 15 09:44 UQPFIN-run.slurm
/projects/bbhj/avroy/UQ_XAI_Studies/models/PFIN_UQ/model
total 208K
drwxr-s---+ 2 avroy delta_bbhj  16K May 28 23:27 jobouts
drwxr-s---+ 2 avroy delta_bbhj  16K May 27 21:18 jobsub
-rw-rw----+ 1 avroy delta_bbhj 8.4K May 18 21:37 PFINDataset.py
-rw-rw----+ 1 avroy delta_bbhj 8.4K May 15 14:46 PFINDataset.py~
drwxrws---+ 2 avroy delta_bbhj 4.0K May 18 21:38 __pycache__
drwxrws---+ 2 avroy delta_bbhj  20K May 28 23:10 trained_model_dicts
drwxr-s---+ 2 avroy delta_bbhj 4.0K Mar 31 15:09 trained_model_dicts_old
drwxrws---+ 2 avroy delta_bbhj  40K May 28 23:27 trained_models
drwxr-s---+ 2 avroy delta_bbhj 4.0K Mar 31 15:10 trained_models_old
-rw-rw----+ 1 avroy delta_bbhj  23K May 18 15:52 train_mod.py
-rw-rw----+ 1 avroy delta_bbhj  20K May 27 21:06 train.py
-rw-rw----+ 1 avroy delta_bbhj  20K May 18 13:50 train.py~
-rw-rw----+ 1 avroy delta_bbhj  13K May  5 09:36 UQPFIN.py
job is starting on gpua046.delta.ncsa.illinois.edu
# conda environments:
#
base                     /sw/external/python/anaconda3
toptagger_env         *  /u/avroy/.conda/envs/toptagger_env

/sw/external/python/anaconda3_gpu/bin/python
==========================================================================================
Layer (type:depth-idx)                   Output Shape              Param #
==========================================================================================
UQPFIN                                   [1, 8]                    --
├─Sequential: 1-1                        [60, 64]                  --
│    └─Sequential: 2-1                   [60, 100]                 --
│    │    └─Linear: 3-1                  [60, 100]                 1,200
│    │    └─ReLU: 3-2                    [60, 100]                 --
│    └─Sequential: 2-2                   [60, 100]                 --
│    │    └─Linear: 3-3                  [60, 100]                 10,100
│    │    └─ReLU: 3-4                    [60, 100]                 --
│    └─Sequential: 2-3                   [60, 64]                  --
│    │    └─Linear: 3-5                  [60, 64]                  6,464
│    │    └─ReLU: 3-6                    [60, 64]                  --
├─Sequential: 1-2                        [1770, 64]                --
│    └─Sequential: 2-4                   [1770, 128]               --
│    │    └─Linear: 3-7                  [1770, 128]               640
│    │    └─ReLU: 3-8                    [1770, 128]               --
│    └─Sequential: 2-5                   [1770, 128]               --
│    │    └─Linear: 3-9                  [1770, 128]               16,512
│    │    └─ReLU: 3-10                   [1770, 128]               --
│    └─Sequential: 2-6                   [1770, 64]                --
│    │    └─Linear: 3-11                 [1770, 64]                8,256
│    │    └─ReLU: 3-12                   [1770, 64]                --
├─Sequential: 1-3                        [60, 64]                  --
│    └─Sequential: 2-7                   [60, 128]                 --
│    │    └─Linear: 3-13                 [60, 128]                 9,728
│    │    └─ReLU: 3-14                   [60, 128]                 --
│    └─Sequential: 2-8                   [60, 128]                 --
│    │    └─Linear: 3-15                 [60, 128]                 16,512
│    │    └─ReLU: 3-16                   [60, 128]                 --
│    └─Sequential: 2-9                   [60, 64]                  --
│    │    └─Linear: 3-17                 [60, 64]                  8,256
│    │    └─ReLU: 3-18                   [60, 64]                  --
├─Sequential: 1-4                        [1, 8]                    --
│    └─Sequential: 2-10                  [1, 64]                   --
│    │    └─Linear: 3-19                 [1, 64]                   4,160
│    │    └─ReLU: 3-20                   [1, 64]                   --
│    └─Sequential: 2-11                  [1, 100]                  --
│    │    └─Linear: 3-21                 [1, 100]                  6,500
│    │    └─ReLU: 3-22                   [1, 100]                  --
│    └─Sequential: 2-12                  [1, 100]                  --
│    │    └─Linear: 3-23                 [1, 100]                  10,100
│    │    └─ReLU: 3-24                   [1, 100]                  --
│    └─Linear: 2-13                      [1, 8]                    808
│    └─ReLU: 2-14                        [1, 8]                    --
==========================================================================================
Total params: 99,236
Trainable params: 99,236
Non-trainable params: 0
Total mult-adds (M): 48.13
==========================================================================================
Input size (MB): 0.00
Forward/backward pass size (MB): 4.81
Params size (MB): 0.40
Estimated Total Size (MB): 5.21
==========================================================================================
data type:  jetclass
m_logic, pt_logic, eta_logic:  AND AND AND
m1, m2, pt1, pt2, eta1, eta2:  0.0 10000.0 0.0 10000.0 -6.0 6.0
skip labels:  [6, 7]
classes:  8
Epoch 0
L = 0.0
Best Validation Accuracy: 0
Current Validation Accuracy: 0.6771748216944142
Current Validation Loss: 0.00020895667500802611
Saving best model based on accuracy
Epoch 1
L = 0.1
Best Validation Accuracy: 0.6771748216944142
Current Validation Accuracy: 0.6872025765290013
Current Validation Loss: 0.00025705091133882687
Saving best model based on accuracy
Epoch 2
L = 0.2
Best Validation Accuracy: 0.6872025765290013
Current Validation Accuracy: 0.6893209225434408
Current Validation Loss: 0.0002762316278786198
Saving best model based on accuracy
Epoch 3
L = 0.3
Best Validation Accuracy: 0.6893209225434408
Current Validation Accuracy: 0.6868174227081941
Current Validation Loss: 0.0002911847873619555
Epoch 4
L = 0.4
Best Validation Accuracy: 0.6893209225434408
Current Validation Accuracy: 0.6834492025252585
Current Validation Loss: 0.00030019895956968234
Epoch 5
L = 0.5
Best Validation Accuracy: 0.6893209225434408
Current Validation Accuracy: 0.6826276244074977
Current Validation Loss: 0.0003079616791237531
Epoch 6
L = 0.6
Best Validation Accuracy: 0.6893209225434408
Current Validation Accuracy: 0.6875114498852979
Current Validation Loss: 0.00031200895406278896
Epoch 7
L = 0.7
Best Validation Accuracy: 0.6893209225434408
Current Validation Accuracy: 0.6868880759253226
Current Validation Loss: 0.0003183919754279213
Epoch 8
L = 0.8
Best Validation Accuracy: 0.6893209225434408
Current Validation Accuracy: 0.6871050375743812
Current Validation Loss: 0.00032298505693120793
Epoch 9
L = 0.9
Best Validation Accuracy: 0.6893209225434408
Current Validation Accuracy: 0.6857882616870112
Current Validation Loss: 0.000327387466300352
Epoch 10
L = 1.0
Best Validation Accuracy: 0.6893209225434408
Current Validation Accuracy: 0.6894053312541696
Current Validation Loss: 0.0003268855822079917
Saving best model based on accuracy
Epoch 11
L = 1.0
Best Validation Accuracy: 0.6894053312541696
Current Validation Accuracy: 0.6855706747882435
Current Validation Loss: 0.0003292771399026478
Epoch 12
L = 1.0
Best Validation Accuracy: 0.6894053312541696
Current Validation Accuracy: 0.7119262005263352
Current Validation Loss: 0.0003090992789123206
Saving best model based on accuracy
Epoch 13
L = 1.0
Best Validation Accuracy: 0.7119262005263352
Current Validation Accuracy: 0.7205190072785319
Current Validation Loss: 0.00030047578357205097
Saving best model based on accuracy
Epoch 14
L = 1.0
Best Validation Accuracy: 0.7205190072785319
Current Validation Accuracy: 0.7260399622099076
Current Validation Loss: 0.00029676866949993665
Saving best model based on accuracy
Epoch 15
L = 1.0
Best Validation Accuracy: 0.7260399622099076
Current Validation Accuracy: 0.7390076411766949
Current Validation Loss: 0.0002868657342180102
Saving best model based on accuracy
Epoch 16
L = 1.0
Best Validation Accuracy: 0.7390076411766949
Current Validation Accuracy: 0.7389438657063665
Current Validation Loss: 0.00028687894002099747
Validation Accuracy has not changed much, will stop in 4 epochs if this continues
Epoch 17
L = 1.0
Best Validation Accuracy: 0.7390076411766949
Current Validation Accuracy: 0.7363578329095183
Current Validation Loss: 0.00028421479209362515
Epoch 18
L = 1.0
Best Validation Accuracy: 0.7390076411766949
Current Validation Accuracy: 0.7321474013684215
Current Validation Loss: 0.0002849494273036762
Epoch 19
L = 1.0
Best Validation Accuracy: 0.7390076411766949
Current Validation Accuracy: 0.741494884519505
Current Validation Loss: 0.0002813759955779225
Saving best model based on accuracy
Epoch 20
L = 1.0
Best Validation Accuracy: 0.741494884519505
Current Validation Accuracy: 0.7402793990850096
Current Validation Loss: 0.0002812179017877053
Epoch 21
L = 1.0
Best Validation Accuracy: 0.741494884519505
Current Validation Accuracy: 0.7392321058222627
Current Validation Loss: 0.00027945567141977743
Epoch 22
L = 1.0
Best Validation Accuracy: 0.741494884519505
Current Validation Accuracy: 0.7403425493056289
Current Validation Loss: 0.000279175881423328
Epoch 23
L = 1.0
Best Validation Accuracy: 0.741494884519505
Current Validation Accuracy: 0.743975875365224
Current Validation Loss: 0.00027745724277568264
Saving best model based on accuracy
Epoch 24
L = 1.0
Best Validation Accuracy: 0.743975875365224
Current Validation Accuracy: 0.7443191374555213
Current Validation Loss: 0.0002768668336956018
Saving best model based on accuracy
Epoch 25
L = 1.0
Best Validation Accuracy: 0.7443191374555213
Current Validation Accuracy: 0.7464956316929073
Current Validation Loss: 0.000275811365959972
Saving best model based on accuracy
Epoch 26
L = 1.0
Best Validation Accuracy: 0.7464956316929073
Current Validation Accuracy: 0.740416328771303
Current Validation Loss: 0.0002767374637725576
Epoch 27
L = 1.0
Best Validation Accuracy: 0.7464956316929073
Current Validation Accuracy: 0.8247693922760403
Current Validation Loss: 0.0002645188732029379
Saving best model based on accuracy
Epoch 28
L = 1.0
Best Validation Accuracy: 0.8247693922760403
Current Validation Accuracy: 0.8280431997529013
Current Validation Loss: 0.0002647592826272107
Saving best model based on accuracy
Epoch 29
L = 1.0
[[6.23558922e+01 0.00000000e+00 0.00000000e+00 0.00000000e+00
  0.00000000e+00 0.00000000e+00 0.00000000e+00 0.00000000e+00]
 [0.00000000e+00 0.00000000e+00 0.00000000e+00 2.14693874e-01
  0.00000000e+00 0.00000000e+00 0.00000000e+00 0.00000000e+00]
 [0.00000000e+00 0.00000000e+00 0.00000000e+00 0.00000000e+00
  0.00000000e+00 0.00000000e+00 0.00000000e+00 6.95854797e+01]
 [0.00000000e+00 0.00000000e+00 0.00000000e+00 0.00000000e+00
  0.00000000e+00 0.00000000e+00 0.00000000e+00 0.00000000e+00]
 [0.00000000e+00 0.00000000e+00 0.00000000e+00 0.00000000e+00
  0.00000000e+00 0.00000000e+00 0.00000000e+00 3.50500427e+02]
 [0.00000000e+00 0.00000000e+00 0.00000000e+00 0.00000000e+00
  2.24659061e+01 0.00000000e+00 0.00000000e+00 0.00000000e+00]
 [1.86369812e+02 0.00000000e+00 0.00000000e+00 0.00000000e+00
  0.00000000e+00 0.00000000e+00 0.00000000e+00 0.00000000e+00]
 [0.00000000e+00 0.00000000e+00 0.00000000e+00 0.00000000e+00
  5.26312399e+00 0.00000000e+00 0.00000000e+00 0.00000000e+00]
 [1.14326004e+02 0.00000000e+00 0.00000000e+00 0.00000000e+00
  0.00000000e+00 0.00000000e+00 0.00000000e+00 0.00000000e+00]
 [0.00000000e+00 0.00000000e+00 0.00000000e+00 0.00000000e+00
  5.00314415e-01 0.00000000e+00 0.00000000e+00 0.00000000e+00]
 [5.38897362e+01 0.00000000e+00 0.00000000e+00 0.00000000e+00
  0.00000000e+00 0.00000000e+00 0.00000000e+00 0.00000000e+00]
 [0.00000000e+00 0.00000000e+00 0.00000000e+00 0.00000000e+00
  6.52450562e-01 0.00000000e+00 0.00000000e+00 0.00000000e+00]
 [0.00000000e+00 0.00000000e+00 0.00000000e+00 0.00000000e+00
  0.00000000e+00 7.11542740e+01 0.00000000e+00 0.00000000e+00]
 [0.00000000e+00 0.00000000e+00 0.00000000e+00 0.00000000e+00
  0.00000000e+00 0.00000000e+00 2.18559086e-01 0.00000000e+00]
 [0.00000000e+00 0.00000000e+00 0.00000000e+00 0.00000000e+00
  0.00000000e+00 0.00000000e+00 5.37189388e+00 0.00000000e+00]
 [0.00000000e+00 0.00000000e+00 0.00000000e+00 0.00000000e+00
  0.00000000e+00 1.68023453e+01 0.00000000e+00 0.00000000e+00]
 [0.00000000e+00 0.00000000e+00 1.85801119e-01 0.00000000e+00
  0.00000000e+00 0.00000000e+00 0.00000000e+00 0.00000000e+00]
 [0.00000000e+00 1.61207244e-01 0.00000000e+00 0.00000000e+00
  0.00000000e+00 0.00000000e+00 0.00000000e+00 0.00000000e+00]
 [0.00000000e+00 0.00000000e+00 0.00000000e+00 0.00000000e+00
  0.00000000e+00 2.37610382e+02 0.00000000e+00 0.00000000e+00]
 [0.00000000e+00 0.00000000e+00 0.00000000e+00 0.00000000e+00
  9.17178512e-01 0.00000000e+00 0.00000000e+00 0.00000000e+00]]
[[0.9005058  0.01421345 0.01421345 0.01421345 0.01421345 0.01421345
  0.01421345 0.01421345]
 [0.12173308 0.12173308 0.12173308 0.14786842 0.12173308 0.12173308
  0.12173308 0.12173308]
 [0.01288901 0.01288901 0.01288901 0.01288901 0.01288901 0.01288901
  0.01288901 0.9097769 ]
 [0.125      0.125      0.125      0.125      0.125      0.125
  0.125      0.125     ]
 [0.0027894  0.0027894  0.0027894  0.0027894  0.0027894  0.0027894
  0.0027894  0.98047423]
 [0.03282358 0.03282358 0.03282358 0.03282358 0.77023494 0.03282358
  0.03282358 0.03282358]
 [0.96398616 0.00514483 0.00514483 0.00514483 0.00514483 0.00514483
  0.00514483 0.00514483]
 [0.07539701 0.07539701 0.07539701 0.07539701 0.47222087 0.07539701
  0.07539701 0.07539701]
 [0.94277585 0.00817488 0.00817488 0.00817488 0.00817488 0.00817488
  0.00817488 0.00817488]
 [0.1176427  0.1176427  0.1176427  0.1176427  0.17650105 0.1176427
  0.1176427  0.1176427 ]
 [0.8868956  0.01615777 0.01615777 0.01615777 0.01615777 0.01615777
  0.01615777 0.01615777]
 [0.1155742  0.1155742  0.1155742  0.1155742  0.19098064 0.1155742
  0.1155742  0.1155742 ]
 [0.01263356 0.01263356 0.01263356 0.01263356 0.01263356 0.9115651
  0.01263356 0.01263356]
 [0.12167583 0.12167583 0.12167583 0.12167583 0.12167583 0.12167583
  0.14826918 0.12167583]
 [0.07478372 0.07478372 0.07478372 0.07478372 0.07478372 0.07478372
  0.47651395 0.07478372]
 [0.04031877 0.04031877 0.04031877 0.04031877 0.04031877 0.7177686
  0.04031877 0.04031877]
 [0.12216276 0.12216276 0.14486074 0.12216276 0.12216276 0.12216276
  0.12216276 0.12216276]
 [0.12253089 0.14228375 0.12253089 0.12253089 0.12253089 0.12253089
  0.12253089 0.12253089]
 [0.00407149 0.00407149 0.00407149 0.00407149 0.00407149 0.97149956
  0.00407149 0.00407149]
 [0.11214308 0.11214308 0.11214308 0.11214308 0.21499832 0.11214308
  0.11214308 0.11214308]]
[[1. 0. 0. 0. 0. 0. 0. 0.]
 [0. 0. 0. 1. 0. 0. 0. 0.]
 [0. 0. 0. 0. 0. 0. 0. 1.]
 [0. 0. 0. 0. 0. 1. 0. 0.]
 [0. 0. 0. 0. 0. 0. 0. 1.]
 [0. 0. 0. 0. 1. 0. 0. 0.]
 [1. 0. 0. 0. 0. 0. 0. 0.]
 [0. 0. 0. 0. 1. 0. 0. 0.]
 [1. 0. 0. 0. 0. 0. 0. 0.]
 [1. 0. 0. 0. 0. 0. 0. 0.]
 [1. 0. 0. 0. 0. 0. 0. 0.]
 [0. 0. 0. 0. 1. 0. 0. 0.]
 [0. 0. 0. 0. 0. 1. 0. 0.]
 [1. 0. 0. 0. 0. 0. 0. 0.]
 [0. 0. 0. 0. 0. 0. 1. 0.]
 [0. 0. 0. 0. 0. 1. 0. 0.]
 [0. 0. 1. 0. 0. 0. 0. 0.]
 [0. 1. 0. 0. 0. 0. 0. 0.]
 [0. 0. 0. 0. 0. 1. 0. 0.]
 [0. 0. 0. 0. 1. 0. 0. 0.]]
Best Validation Accuracy: 0.8280431997529013
Current Validation Accuracy: 0.829705113479696
Current Validation Loss: 0.00026343088203746676
Saving best model based on accuracy
Saving last model
