Running "module reset". Resetting modules to system default. The following $MODULEPATH directories have been removed: None
A conda environment has been detected CONDA_PREFIX=
/sw/external/python/anaconda3 
anaconda3_gpu is loaded. Consider running conda deactivate and reloading it.

Currently Loaded Modules:
  1) cue-login-env/1.0   4) gcc/11.2.0    7) openmpi/4.1.2
  2) default             5) cuda/11.6.1   8) cudnn/8.4.1.50
  3) modtree/gpu         6) ucx/1.11.2    9) anaconda3_gpu/4.13.0

 

/u/avroy/UQ_XAI_Studies/models/PFIN_UQ/model/jobsub
total 30K
-rw-rw----+ 1 avroy delta_bbhj  925 Mar 31 16:58 jobsubmitter_dummy.py
-rw-rw----+ 1 avroy delta_bbhj  12K May 16 16:35 jobsubmitter.py
-rw-rw----+ 1 avroy delta_bbhj  12K May 16 16:33 jobsubmitter.py~
-rw-rw----+ 1 avroy delta_bbhj 1.3K May 16 16:35 UQPFIN-run-jetclass_trial0_20Mdata_2.slurm
-rw-rw----+ 1 avroy delta_bbhj 1.2K May 15 17:45 UQPFIN-run-jetclass_trial0_20Mdata.slurm
-rw-rw----+ 1 avroy delta_bbhj 1.2K May 15 09:44 UQPFIN-run-jetclass_trial0_fulldata.slurm
-rw-rw----+ 1 avroy delta_bbhj 1.2K May 16 16:35 UQPFIN-run-jetclass_trial1_20Mdata.slurm
-rw-------+ 1 avroy delta_bbhj  969 May 15 09:44 UQPFIN-run.slurm
/projects/bbhj/avroy/UQ_XAI_Studies/models/PFIN_UQ/model
total 176K
drwxr-s---+ 2 avroy delta_bbhj  12K May 16 16:35 jobouts
drwxr-s---+ 2 avroy delta_bbhj 4.0K May 16 16:35 jobsub
-rw-rw----+ 1 avroy delta_bbhj 8.4K May 15 14:46 PFINDataset.py
drwxrws---+ 2 avroy delta_bbhj 4.0K May 15 14:47 __pycache__
drwxrws---+ 2 avroy delta_bbhj  12K May 16 13:06 trained_model_dicts
drwxr-s---+ 2 avroy delta_bbhj 4.0K Mar 31 15:09 trained_model_dicts_old
drwxrws---+ 2 avroy delta_bbhj  20K May 16 13:12 trained_models
drwxr-s---+ 2 avroy delta_bbhj 4.0K Mar 31 15:10 trained_models_old
-rw-rw----+ 1 avroy delta_bbhj  23K May 16 13:56 train_mod.py
-rw-rw----+ 1 avroy delta_bbhj  23K May 16 13:38 train_mod.py~
-rw-rw----+ 1 avroy delta_bbhj  19K May 16 16:31 train.py
-rw-rw----+ 1 avroy delta_bbhj  19K May 16 13:02 train.py~
-rw-rw----+ 1 avroy delta_bbhj  13K May  5 09:36 UQPFIN.py
job is starting on gpua072.delta.ncsa.illinois.edu
# conda environments:
#
base                     /sw/external/python/anaconda3
toptagger_env         *  /u/avroy/.conda/envs/toptagger_env

/sw/external/python/anaconda3_gpu/bin/python
==========================================================================================
Layer (type:depth-idx)                   Output Shape              Param #
==========================================================================================
UQPFIN                                   [1, 10]                   --
├─Sequential: 1-1                        [60, 128]                 --
│    └─Sequential: 2-1                   [60, 100]                 --
│    │    └─Linear: 3-1                  [60, 100]                 1,200
│    │    └─ReLU: 3-2                    [60, 100]                 --
│    └─Sequential: 2-2                   [60, 100]                 --
│    │    └─Linear: 3-3                  [60, 100]                 10,100
│    │    └─ReLU: 3-4                    [60, 100]                 --
│    └─Sequential: 2-3                   [60, 100]                 --
│    │    └─Linear: 3-5                  [60, 100]                 10,100
│    │    └─ReLU: 3-6                    [60, 100]                 --
│    └─Sequential: 2-4                   [60, 128]                 --
│    │    └─Linear: 3-7                  [60, 128]                 12,928
│    │    └─ReLU: 3-8                    [60, 128]                 --
├─Sequential: 1-2                        [1770, 128]               --
│    └─Sequential: 2-5                   [1770, 256]               --
│    │    └─Linear: 3-9                  [1770, 256]               1,280
│    │    └─ReLU: 3-10                   [1770, 256]               --
│    └─Sequential: 2-6                   [1770, 256]               --
│    │    └─Linear: 3-11                 [1770, 256]               65,792
│    │    └─ReLU: 3-12                   [1770, 256]               --
│    └─Sequential: 2-7                   [1770, 128]               --
│    │    └─Linear: 3-13                 [1770, 128]               32,896
│    │    └─ReLU: 3-14                   [1770, 128]               --
├─Sequential: 1-3                        [60, 128]                 --
│    └─Sequential: 2-8                   [60, 256]                 --
│    │    └─Linear: 3-15                 [60, 256]                 35,840
│    │    └─ReLU: 3-16                   [60, 256]                 --
│    └─Sequential: 2-9                   [60, 256]                 --
│    │    └─Linear: 3-17                 [60, 256]                 65,792
│    │    └─ReLU: 3-18                   [60, 256]                 --
│    └─Sequential: 2-10                  [60, 128]                 --
│    │    └─Linear: 3-19                 [60, 128]                 32,896
│    │    └─ReLU: 3-20                   [60, 128]                 --
├─Sequential: 1-4                        [1, 10]                   --
│    └─Sequential: 2-11                  [1, 128]                  --
│    │    └─Linear: 3-21                 [1, 128]                  16,512
│    │    └─ReLU: 3-22                   [1, 128]                  --
│    └─Sequential: 2-12                  [1, 100]                  --
│    │    └─Linear: 3-23                 [1, 100]                  12,900
│    │    └─ReLU: 3-24                   [1, 100]                  --
│    └─Sequential: 2-13                  [1, 100]                  --
│    │    └─Linear: 3-25                 [1, 100]                  10,100
│    │    └─ReLU: 3-26                   [1, 100]                  --
│    └─Sequential: 2-14                  [1, 100]                  --
│    │    └─Linear: 3-27                 [1, 100]                  10,100
│    │    └─ReLU: 3-28                   [1, 100]                  --
│    └─Linear: 2-15                      [1, 10]                   1,010
│    └─Softmax: 2-16                     [1, 10]                   --
==========================================================================================
Total params: 319,446
Trainable params: 319,446
Non-trainable params: 0
Total mult-adds (M): 187.13
==========================================================================================
Input size (MB): 0.00
Forward/backward pass size (MB): 9.58
Params size (MB): 1.28
Estimated Total Size (MB): 10.86
==========================================================================================
data type:  jetclass
m_logic, pt_logic, eta_logic:  AND AND AND
m1, m2, pt1, pt2, eta1, eta2:  0.0 10000.0 0.0 10000.0 -6.0 6.0
skip labels:  []
classes:  10
Epoch 0
Best Validation Accuracy: 0
Current Validation Accuracy: 0.8015177389873331
Current Validation Loss: 0.0002730410413853873
Saving best model based on accuracy
Epoch 1
Best Validation Accuracy: 0.8015177389873331
Current Validation Accuracy: 0.8008740863235321
Current Validation Loss: 0.000273973352805371
Epoch 2
Best Validation Accuracy: 0.8015177389873331
Current Validation Accuracy: 0.8021693997713681
Current Validation Loss: 0.00027215898236715696
Saving best model based on accuracy
Epoch 3
Best Validation Accuracy: 0.8021693997713681
Current Validation Accuracy: 0.8012464639144092
Current Validation Loss: 0.00027344884227131723
Epoch 4
Best Validation Accuracy: 0.8021693997713681
Current Validation Accuracy: 0.8022214525528887
Current Validation Loss: 0.0002719201395092076
Saving best model based on accuracy
Epoch 5
Best Validation Accuracy: 0.8022214525528887
Current Validation Accuracy: 0.8036844360181223
Current Validation Loss: 0.00027022324528198704
Saving best model based on accuracy
Epoch 6
Best Validation Accuracy: 0.8036844360181223
Current Validation Accuracy: 0.8030978412109879
Current Validation Loss: 0.00027085455281626597
Epoch 7
Best Validation Accuracy: 0.8036844360181223
Current Validation Accuracy: 0.804148406484175
Current Validation Loss: 0.0002696063148400988
Saving best model based on accuracy
Epoch 8
Best Validation Accuracy: 0.804148406484175
Current Validation Accuracy: 0.8040738308644966
Current Validation Loss: 0.00026955651458081606
Validation Accuracy has not changed much, will stop in 4 epochs if this continues
Epoch 9
Best Validation Accuracy: 0.804148406484175
Current Validation Accuracy: 0.8046659312542919
Current Validation Loss: 0.0002686184435650327
Saving best model based on accuracy
Epoch 10
Best Validation Accuracy: 0.8046659312542919
Current Validation Accuracy: 0.8041639222171282
Current Validation Loss: 0.0002692391629823038
Epoch 11
Best Validation Accuracy: 0.8046659312542919
Current Validation Accuracy: 0.8056599391783268
Current Validation Loss: 0.0002674679688833628
Saving best model based on accuracy
Epoch 12
Best Validation Accuracy: 0.8056599391783268
Current Validation Accuracy: 0.8064202100930343
Current Validation Loss: 0.00026624954913034447
Saving best model based on accuracy
Epoch 13
Best Validation Accuracy: 0.8064202100930343
Current Validation Accuracy: 0.8069377348631512
Current Validation Loss: 0.0002654993420133674
Saving best model based on accuracy
Epoch 14
Best Validation Accuracy: 0.8069377348631512
Current Validation Accuracy: 0.8057560366211338
Current Validation Loss: 0.0002669343595787402
Epoch 15
Best Validation Accuracy: 0.8069377348631512
Current Validation Accuracy: 0.807304106363853
Current Validation Loss: 0.00026497299773074
Saving best model based on accuracy
Epoch 16
Best Validation Accuracy: 0.807304106363853
Current Validation Accuracy: 0.8070343328134728
Current Validation Loss: 0.00026525890836331587
Epoch 17
Best Validation Accuracy: 0.807304106363853
Current Validation Accuracy: 0.8073161185442038
Current Validation Loss: 0.0002647633304874092
Saving best model based on accuracy
Epoch 18
Best Validation Accuracy: 0.8073161185442038
Current Validation Accuracy: 0.8069182150700811
Current Validation Loss: 0.00026533417530262657
Epoch 19
Best Validation Accuracy: 0.8073161185442038
Current Validation Accuracy: 0.8066279207116016
Current Validation Loss: 0.000265670531428282
Epoch 20
Best Validation Accuracy: 0.8073161185442038
Current Validation Accuracy: 0.8079973092716014
Current Validation Loss: 0.0002639890149674354
Saving best model based on accuracy
Epoch 21
Best Validation Accuracy: 0.8079973092716014
Current Validation Accuracy: 0.807153954109467
Current Validation Loss: 0.00026483208463304314
Epoch 22
Best Validation Accuracy: 0.8079973092716014
Current Validation Accuracy: 0.808087400624233
Current Validation Loss: 0.0002637940542128458
Saving best model based on accuracy
Epoch 23
Best Validation Accuracy: 0.808087400624233
Current Validation Accuracy: 0.8081284422404318
Current Validation Loss: 0.00026363904425502903
Validation Accuracy has not changed much, will stop in 4 epochs if this continues
Saving best model based on accuracy
Epoch 24
Best Validation Accuracy: 0.8081284422404318
Current Validation Accuracy: 0.8083576746821277
Current Validation Loss: 0.00026335666378535233
Saving best model based on accuracy
Epoch 25
Best Validation Accuracy: 0.8083576746821277
Current Validation Accuracy: 0.8078381478819523
Current Validation Loss: 0.0002639509119107126
Epoch 26
Best Validation Accuracy: 0.8083576746821277
Current Validation Accuracy: 0.8080433559629464
Current Validation Loss: 0.00026368766499405567
Epoch 27
Best Validation Accuracy: 0.8083576746821277
Current Validation Accuracy: 0.8083241406786481
Current Validation Loss: 0.0002632353175587924
Epoch 28
Best Validation Accuracy: 0.8083576746821277
Current Validation Accuracy: 0.808632453307654
Current Validation Loss: 0.00026275815531504553
Saving best model based on accuracy
Epoch 29
Best Validation Accuracy: 0.808632453307654
Current Validation Accuracy: 0.8086940157319522
Current Validation Loss: 0.000262642188453231
Validation Accuracy has not changed much, will stop in 4 epochs if this continues
Saving best model based on accuracy
Saving last model
