Running "module reset". Resetting modules to system default. The following $MODULEPATH directories have been removed: None
A conda environment has been detected CONDA_PREFIX=
/u/avroy/.conda/envs/toptagger_env 
anaconda3_gpu is loaded. Consider running conda deactivate and reloading it.

Currently Loaded Modules:
  1) cue-login-env/1.0   4) gcc/11.2.0    7) openmpi/4.1.2
  2) default             5) cuda/11.6.1   8) cudnn/8.4.1.50
  3) modtree/gpu         6) ucx/1.11.2    9) anaconda3_gpu/4.13.0

 

/u/avroy/UQ_XAI_Studies/models/PFIN_UQ/model/jobsub
total 192K
-rw-rw----+ 1 avroy delta_bbhj  925 Mar 31 16:58 jobsubmitter_dummy.py
-rw-rw----+ 1 avroy delta_bbhj  15K May 18 13:59 jobsubmitter.py
-rw-rw----+ 1 avroy delta_bbhj 1.1K May 18 14:02 UQPFIN-run-JNqgmerged_0.1_baseline.slurm
-rw-rw----+ 1 avroy delta_bbhj 1.1K May 18 14:02 UQPFIN-run-JNqgmerged_0.1_skiptop.slurm
-rw-rw----+ 1 avroy delta_bbhj 1.1K May 18 14:02 UQPFIN-run-JNqgmerged_0.1_skipwz.slurm
-rw-rw----+ 1 avroy delta_bbhj 1.1K May 18 14:02 UQPFIN-run-JNqgmerged_0_baseline.slurm
-rw-rw----+ 1 avroy delta_bbhj 1.1K May 18 14:02 UQPFIN-run-JNqgmerged_0_skiptop.slurm
-rw-rw----+ 1 avroy delta_bbhj 1.1K May 18 14:02 UQPFIN-run-JNqgmerged_0_skipwz.slurm
-rw-rw----+ 1 avroy delta_bbhj 1.1K May 18 14:02 UQPFIN-run-JNqgmerged_nominal_baseline.slurm
-rw-rw----+ 1 avroy delta_bbhj 1.1K May 18 14:02 UQPFIN-run-JNqgmerged_nominal_skiptop.slurm
-rw-rw----+ 1 avroy delta_bbhj 1.1K May 18 14:02 UQPFIN-run-JNqgmerged_nominal_skipwz.slurm
-rw-rw----+ 1 avroy delta_bbhj 1.1K May 18 14:02 UQPFIN-run-JNqgmerged_softmax_baseline_0.slurm
-rw-rw----+ 1 avroy delta_bbhj 1.1K May 18 14:02 UQPFIN-run-JNqgmerged_softmax_baseline_1.slurm
-rw-rw----+ 1 avroy delta_bbhj 1.1K May 18 14:02 UQPFIN-run-JNqgmerged_softmax_baseline_2.slurm
-rw-rw----+ 1 avroy delta_bbhj 1.1K May 18 14:02 UQPFIN-run-JNqgmerged_softmax_baseline_3.slurm
-rw-rw----+ 1 avroy delta_bbhj 1.1K May 18 14:02 UQPFIN-run-JNqgmerged_softmax_baseline_4.slurm
-rw-rw----+ 1 avroy delta_bbhj 1.1K May 18 14:02 UQPFIN-run-JNqgmerged_softmax_baseline_5.slurm
-rw-rw----+ 1 avroy delta_bbhj 1.1K May 18 14:02 UQPFIN-run-JNqgmerged_softmax_baseline_6.slurm
-rw-rw----+ 1 avroy delta_bbhj 1.1K May 18 14:02 UQPFIN-run-JNqgmerged_softmax_baseline_7.slurm
-rw-rw----+ 1 avroy delta_bbhj 1.1K May 18 14:02 UQPFIN-run-JNqgmerged_softmax_baseline_8.slurm
-rw-rw----+ 1 avroy delta_bbhj 1.1K May 18 14:02 UQPFIN-run-JNqgmerged_softmax_baseline_9.slurm
-rw-rw----+ 1 avroy delta_bbhj 1.2K May 18 14:02 UQPFIN-run-JNqgmerged_softmax_dropout_baseline.slurm
-rw-rw----+ 1 avroy delta_bbhj 1.2K May 18 14:02 UQPFIN-run-JNqgmerged_softmax_dropout_skiptop.slurm
-rw-rw----+ 1 avroy delta_bbhj 1.2K May 18 14:02 UQPFIN-run-JNqgmerged_softmax_dropout_skipwz.slurm
-rw-rw----+ 1 avroy delta_bbhj 1.1K May 18 14:02 UQPFIN-run-JNqgmerged_softmax_skiptop_0.slurm
-rw-rw----+ 1 avroy delta_bbhj 1.1K May 18 14:02 UQPFIN-run-JNqgmerged_softmax_skiptop_1.slurm
-rw-rw----+ 1 avroy delta_bbhj 1.1K May 18 14:02 UQPFIN-run-JNqgmerged_softmax_skiptop_2.slurm
-rw-rw----+ 1 avroy delta_bbhj 1.1K May 18 14:02 UQPFIN-run-JNqgmerged_softmax_skiptop_3.slurm
-rw-rw----+ 1 avroy delta_bbhj 1.1K May 18 14:02 UQPFIN-run-JNqgmerged_softmax_skiptop_4.slurm
-rw-rw----+ 1 avroy delta_bbhj 1.1K May 18 14:02 UQPFIN-run-JNqgmerged_softmax_skiptop_5.slurm
-rw-rw----+ 1 avroy delta_bbhj 1.1K May 18 14:02 UQPFIN-run-JNqgmerged_softmax_skiptop_6.slurm
-rw-rw----+ 1 avroy delta_bbhj 1.1K May 18 14:02 UQPFIN-run-JNqgmerged_softmax_skiptop_7.slurm
-rw-rw----+ 1 avroy delta_bbhj 1.1K May 18 14:02 UQPFIN-run-JNqgmerged_softmax_skiptop_8.slurm
-rw-rw----+ 1 avroy delta_bbhj 1.1K May 18 14:02 UQPFIN-run-JNqgmerged_softmax_skiptop_9.slurm
-rw-rw----+ 1 avroy delta_bbhj 1.1K May 18 14:02 UQPFIN-run-JNqgmerged_softmax_skipwz_0.slurm
-rw-rw----+ 1 avroy delta_bbhj 1.1K May 18 14:02 UQPFIN-run-JNqgmerged_softmax_skipwz_1.slurm
-rw-rw----+ 1 avroy delta_bbhj 1.1K May 18 14:02 UQPFIN-run-JNqgmerged_softmax_skipwz_2.slurm
-rw-rw----+ 1 avroy delta_bbhj 1.1K May 18 14:02 UQPFIN-run-JNqgmerged_softmax_skipwz_3.slurm
-rw-rw----+ 1 avroy delta_bbhj 1.1K May 18 14:02 UQPFIN-run-JNqgmerged_softmax_skipwz_4.slurm
-rw-rw----+ 1 avroy delta_bbhj 1.1K May 18 14:02 UQPFIN-run-JNqgmerged_softmax_skipwz_5.slurm
-rw-rw----+ 1 avroy delta_bbhj 1.1K May 18 14:02 UQPFIN-run-JNqgmerged_softmax_skipwz_6.slurm
-rw-rw----+ 1 avroy delta_bbhj 1.1K May 18 14:02 UQPFIN-run-JNqgmerged_softmax_skipwz_7.slurm
-rw-rw----+ 1 avroy delta_bbhj 1.1K May 18 14:02 UQPFIN-run-JNqgmerged_softmax_skipwz_8.slurm
-rw-rw----+ 1 avroy delta_bbhj 1.1K May 18 14:02 UQPFIN-run-JNqgmerged_softmax_skipwz_9.slurm
-rw-------+ 1 avroy delta_bbhj  969 May 15 09:44 UQPFIN-run.slurm
/projects/bbhj/avroy/UQ_XAI_Studies/models/PFIN_UQ/model
total 176K
drwxr-s---+ 2 avroy delta_bbhj  12K May 18 15:07 jobouts
drwxr-s---+ 2 avroy delta_bbhj 4.0K May 18 14:02 jobsub
-rw-rw----+ 1 avroy delta_bbhj 8.4K May 15 14:46 PFINDataset.py
drwxrws---+ 2 avroy delta_bbhj 4.0K May 18 09:47 __pycache__
drwxrws---+ 2 avroy delta_bbhj  12K May 18 15:06 trained_model_dicts
drwxr-s---+ 2 avroy delta_bbhj 4.0K Mar 31 15:09 trained_model_dicts_old
drwxrws---+ 2 avroy delta_bbhj  20K May 18 15:07 trained_models
drwxr-s---+ 2 avroy delta_bbhj 4.0K Mar 31 15:10 trained_models_old
-rw-rw----+ 1 avroy delta_bbhj  23K May 18 11:00 train_mod.py
-rw-rw----+ 1 avroy delta_bbhj  23K May 18 10:56 train_mod.py~
-rw-rw----+ 1 avroy delta_bbhj  20K May 18 13:50 train.py
-rw-rw----+ 1 avroy delta_bbhj  20K May 18 13:41 train.py~
-rw-rw----+ 1 avroy delta_bbhj  13K May  5 09:36 UQPFIN.py
job is starting on gpua069.delta.ncsa.illinois.edu
# conda environments:
#
base                     /sw/external/python/anaconda3
toptagger_env         *  /u/avroy/.conda/envs/toptagger_env

/sw/external/python/anaconda3_gpu/bin/python
==========================================================================================
Layer (type:depth-idx)                   Output Shape              Param #
==========================================================================================
UQPFIN                                   [1, 3]                    --
├─Sequential: 1-1                        [30, 64]                  --
│    └─Sequential: 2-1                   [30, 100]                 --
│    │    └─Linear: 3-1                  [30, 100]                 400
│    │    └─ReLU: 3-2                    [30, 100]                 --
│    └─Sequential: 2-2                   [30, 100]                 --
│    │    └─Linear: 3-3                  [30, 100]                 10,100
│    │    └─ReLU: 3-4                    [30, 100]                 --
│    └─Sequential: 2-3                   [30, 64]                  --
│    │    └─Linear: 3-5                  [30, 64]                  6,464
│    │    └─ReLU: 3-6                    [30, 64]                  --
├─Sequential: 1-2                        [435, 64]                 --
│    └─Sequential: 2-4                   [435, 128]                --
│    │    └─Linear: 3-7                  [435, 128]                640
│    │    └─ReLU: 3-8                    [435, 128]                --
│    └─Sequential: 2-5                   [435, 128]                --
│    │    └─Linear: 3-9                  [435, 128]                16,512
│    │    └─ReLU: 3-10                   [435, 128]                --
│    └─Sequential: 2-6                   [435, 64]                 --
│    │    └─Linear: 3-11                 [435, 64]                 8,256
│    │    └─ReLU: 3-12                   [435, 64]                 --
├─Sequential: 1-3                        [30, 64]                  --
│    └─Sequential: 2-7                   [30, 128]                 --
│    │    └─Linear: 3-13                 [30, 128]                 8,704
│    │    └─ReLU: 3-14                   [30, 128]                 --
│    └─Sequential: 2-8                   [30, 128]                 --
│    │    └─Linear: 3-15                 [30, 128]                 16,512
│    │    └─ReLU: 3-16                   [30, 128]                 --
│    └─Sequential: 2-9                   [30, 64]                  --
│    │    └─Linear: 3-17                 [30, 64]                  8,256
│    │    └─ReLU: 3-18                   [30, 64]                  --
├─Sequential: 1-4                        [1, 3]                    --
│    └─Sequential: 2-10                  [1, 64]                   --
│    │    └─Linear: 3-19                 [1, 64]                   4,160
│    │    └─ReLU: 3-20                   [1, 64]                   --
│    └─Sequential: 2-11                  [1, 100]                  --
│    │    └─Linear: 3-21                 [1, 100]                  6,500
│    │    └─ReLU: 3-22                   [1, 100]                  --
│    └─Sequential: 2-12                  [1, 100]                  --
│    │    └─Linear: 3-23                 [1, 100]                  10,100
│    │    └─ReLU: 3-24                   [1, 100]                  --
│    └─Linear: 2-13                      [1, 3]                    303
│    └─Softmax: 2-14                     [1, 3]                    --
==========================================================================================
Total params: 96,907
Trainable params: 96,907
Non-trainable params: 0
Total mult-adds (M): 12.59
==========================================================================================
Input size (MB): 0.00
Forward/backward pass size (MB): 1.26
Params size (MB): 0.39
Estimated Total Size (MB): 1.64
==========================================================================================
data type:  JNqgmerged
m_logic, pt_logic, eta_logic:  AND AND AND
m1, m2, pt1, pt2, eta1, eta2:  0.0 10000.0 0.0 10000.0 -6.0 6.0
skip labels:  [1]
classes:  3
Epoch 0
Best Validation Accuracy: 0
Current Validation Accuracy: 0.8059790028718046
Current Validation Loss: 0.0028099793051770895
Saving best model based on accuracy
Epoch 1
Best Validation Accuracy: 0.8059790028718046
Current Validation Accuracy: 0.8281719316416365
Current Validation Loss: 0.002546069814931998
Saving best model based on accuracy
Epoch 2
Best Validation Accuracy: 0.8281719316416365
Current Validation Accuracy: 0.8200932159502848
Current Validation Loss: 0.0026106511820878503
Epoch 3
Best Validation Accuracy: 0.8281719316416365
Current Validation Accuracy: 0.8450449602184454
Current Validation Loss: 0.002306887510104467
Saving best model based on accuracy
Epoch 4
Best Validation Accuracy: 0.8450449602184454
Current Validation Accuracy: 0.8537545313309166
Current Validation Loss: 0.002194597168323667
Saving best model based on accuracy
Epoch 5
Best Validation Accuracy: 0.8537545313309166
Current Validation Accuracy: 0.853104844404689
Current Validation Loss: 0.002202434987033201
Epoch 6
Best Validation Accuracy: 0.8537545313309166
Current Validation Accuracy: 0.8588013746998728
Current Validation Loss: 0.002149062286796703
Saving best model based on accuracy
Epoch 7
Best Validation Accuracy: 0.8588013746998728
Current Validation Accuracy: 0.8635563297396545
Current Validation Loss: 0.002053710598992985
Saving best model based on accuracy
Epoch 8
Best Validation Accuracy: 0.8635563297396545
Current Validation Accuracy: 0.8609669977872981
Current Validation Loss: 0.0021030129340682616
Epoch 9
Best Validation Accuracy: 0.8635563297396545
Current Validation Accuracy: 0.8493008803728638
Current Validation Loss: 0.0022862438875584667
Epoch 10
Best Validation Accuracy: 0.8635563297396545
Current Validation Accuracy: 0.8622663716397533
Current Validation Loss: 0.00209863135456719
Epoch 11
Best Validation Accuracy: 0.8635563297396545
Current Validation Accuracy: 0.868330116284544
Current Validation Loss: 0.0019902322236317865
Saving best model based on accuracy
Epoch 12
Best Validation Accuracy: 0.868330116284544
Current Validation Accuracy: 0.8641401063980039
Current Validation Loss: 0.0020468174692859454
Epoch 13
Best Validation Accuracy: 0.868330116284544
Current Validation Accuracy: 0.8688291511699072
Current Validation Loss: 0.0019622374065548323
Saving best model based on accuracy
Epoch 14
Best Validation Accuracy: 0.8688291511699072
Current Validation Accuracy: 0.8661456616920107
Current Validation Loss: 0.001995103528487144
Epoch 15
Best Validation Accuracy: 0.8688291511699072
Current Validation Accuracy: 0.8661174144343486
Current Validation Loss: 0.0020049220999555227
Epoch 16
Best Validation Accuracy: 0.8688291511699072
Current Validation Accuracy: 0.865448896003013
Current Validation Loss: 0.002017402330993186
Epoch 17
Best Validation Accuracy: 0.8688291511699072
Current Validation Accuracy: 0.8709194482369004
Current Validation Loss: 0.0019299289364300904
Saving best model based on accuracy
Epoch 18
Best Validation Accuracy: 0.8709194482369004
Current Validation Accuracy: 0.8693564333129326
Current Validation Loss: 0.001941818277392817
Epoch 19
Best Validation Accuracy: 0.8709194482369004
Current Validation Accuracy: 0.8703074243208888
Current Validation Loss: 0.0019518179109128965
Epoch 20
Best Validation Accuracy: 0.8709194482369004
Current Validation Accuracy: 0.8709006167317923
Current Validation Loss: 0.001935099061164786
Epoch 21
Best Validation Accuracy: 0.8709194482369004
Current Validation Accuracy: 0.8570782919824868
Current Validation Loss: 0.0021189416991491943
Epoch 22
Best Validation Accuracy: 0.8709194482369004
Current Validation Accuracy: 0.8710889317828727
Current Validation Loss: 0.0019296117964215627
Saving best model based on accuracy
Epoch 23
Best Validation Accuracy: 0.8710889317828727
Current Validation Accuracy: 0.871201920813521
Current Validation Loss: 0.0019251373163427282
Saving best model based on accuracy
Epoch 24
Best Validation Accuracy: 0.871201920813521
Current Validation Accuracy: 0.8695824113742291
Current Validation Loss: 0.001962856275539974
Epoch 25
Best Validation Accuracy: 0.871201920813521
Current Validation Accuracy: 0.8593945671107763
Current Validation Loss: 0.002096309352098428
Epoch 26
Best Validation Accuracy: 0.871201920813521
Current Validation Accuracy: 0.8735464431994727
Current Validation Loss: 0.0019072918028521912
Saving best model based on accuracy
Epoch 27
Best Validation Accuracy: 0.8735464431994727
Current Validation Accuracy: 0.8705616496398475
Current Validation Loss: 0.0019300308091330341
Epoch 28
Best Validation Accuracy: 0.8735464431994727
Current Validation Accuracy: 0.8674073725342498
Current Validation Loss: 0.0019790521658756017
Epoch 29
Best Validation Accuracy: 0.8735464431994727
Current Validation Accuracy: 0.8738948260439716
Current Validation Loss: 0.001888620140951999
Saving best model based on accuracy
Epoch 30
Best Validation Accuracy: 0.8738948260439716
Current Validation Accuracy: 0.8731039028294336
Current Validation Loss: 0.0018934168635348098
Epoch 31
Best Validation Accuracy: 0.8738948260439716
Current Validation Accuracy: 0.8647238830563533
Current Validation Loss: 0.0020173498478421137
Epoch 32
Best Validation Accuracy: 0.8738948260439716
Current Validation Accuracy: 0.8636599030177486
Current Validation Loss: 0.002015943269283779
Epoch 33
Best Validation Accuracy: 0.8738948260439716
Current Validation Accuracy: 0.8717951132244245
Current Validation Loss: 0.001917703093981138
Epoch 34
Best Validation Accuracy: 0.8738948260439716
Current Validation Accuracy: 0.872002259780613
Current Validation Loss: 0.0019096459666021765
Epoch 35
Best Validation Accuracy: 0.8738948260439716
Current Validation Accuracy: 0.8734805329315946
Current Validation Loss: 0.0019080827099910694
Epoch 36
Best Validation Accuracy: 0.8738948260439716
Current Validation Accuracy: 0.873650016477567
Current Validation Loss: 0.0018713762659310655
Epoch 37
Best Validation Accuracy: 0.8738948260439716
Current Validation Accuracy: 0.8731698130973118
Current Validation Loss: 0.0018975181512187011
Epoch 38
Best Validation Accuracy: 0.8738948260439716
Current Validation Accuracy: 0.8643849159644085
Current Validation Loss: 0.0020188899430776965
Epoch 39
Best Validation Accuracy: 0.8738948260439716
Current Validation Accuracy: 0.8689044771903395
Current Validation Loss: 0.0019661799329277105
Epoch 40
Best Validation Accuracy: 0.8738948260439716
Current Validation Accuracy: 0.8739795678169577
Current Validation Loss: 0.0018765135470781783
Saving best model based on accuracy
Epoch 41
Best Validation Accuracy: 0.8739795678169577
Current Validation Accuracy: 0.8417211995668754
Current Validation Loss: 0.002457718746534518
Epoch 42
Best Validation Accuracy: 0.8739795678169577
Current Validation Accuracy: 0.8738759945388636
Current Validation Loss: 0.0018722960697628618
Epoch 43
Best Validation Accuracy: 0.8739795678169577
Current Validation Accuracy: 0.8699872887340521
Current Validation Loss: 0.0019249462458683403
Epoch 44
Best Validation Accuracy: 0.8739795678169577
Current Validation Accuracy: 0.8764559107386658
Current Validation Loss: 0.0018455154834272475
Saving best model based on accuracy
Epoch 45
Best Validation Accuracy: 0.8764559107386658
Current Validation Accuracy: 0.8712301680711831
Current Validation Loss: 0.0019284443541057118
Epoch 46
Best Validation Accuracy: 0.8764559107386658
Current Validation Accuracy: 0.8748646485570359
Current Validation Loss: 0.001860791539344448
Epoch 47
Best Validation Accuracy: 0.8764559107386658
Current Validation Accuracy: 0.8667106068452521
Current Validation Loss: 0.0019949491649163173
Epoch 48
Best Validation Accuracy: 0.8764559107386658
Current Validation Accuracy: 0.8721811590791394
Current Validation Loss: 0.0019290873358789673
Epoch 49
Best Validation Accuracy: 0.8764559107386658
Current Validation Accuracy: 0.8758250553175463
Current Validation Loss: 0.0018415864328504995
Epoch 50
Best Validation Accuracy: 0.8764559107386658
Current Validation Accuracy: 0.8726801939645026
Current Validation Loss: 0.0019059559412861458
Epoch 51
Best Validation Accuracy: 0.8764559107386658
Current Validation Accuracy: 0.873650016477567
Current Validation Loss: 0.0018844335680599238
Epoch 52
Best Validation Accuracy: 0.8764559107386658
Current Validation Accuracy: 0.8706652229179417
Current Validation Loss: 0.0019349743253761224
Epoch 53
Best Validation Accuracy: 0.8764559107386658
Current Validation Accuracy: 0.8748740643095899
Current Validation Loss: 0.0018542696672174859
Epoch 54
Best Validation Accuracy: 0.8764559107386658
Current Validation Accuracy: 0.8726142836966244
Current Validation Loss: 0.0019085950649624787
Epoch 55
Best Validation Accuracy: 0.8764559107386658
Current Validation Accuracy: 0.8723506426251119
Current Validation Loss: 0.0019088318204987516
Epoch 56
Best Validation Accuracy: 0.8764559107386658
Current Validation Accuracy: 0.8712301680711831
Current Validation Loss: 0.0019266506790031647
Epoch 57
Best Validation Accuracy: 0.8764559107386658
Current Validation Accuracy: 0.8743467821665647
Current Validation Loss: 0.0018693911721155158
Epoch 58
Best Validation Accuracy: 0.8764559107386658
Current Validation Accuracy: 0.8695918271267831
Current Validation Loss: 0.001953752476596253
Epoch 59
Best Validation Accuracy: 0.8764559107386658
Current Validation Accuracy: 0.8711360105456428
Current Validation Loss: 0.001917595398734167
Epoch 60
Best Validation Accuracy: 0.8764559107386658
Current Validation Accuracy: 0.8758909655854245
Current Validation Loss: 0.0018545652630133714
Epoch 61
Best Validation Accuracy: 0.8764559107386658
Current Validation Accuracy: 0.8734052069111624
Current Validation Loss: 0.0018842830257133813
Epoch 62
Best Validation Accuracy: 0.8764559107386658
Current Validation Accuracy: 0.8704109975989831
Current Validation Loss: 0.0019154146199318195
Epoch 63
Best Validation Accuracy: 0.8764559107386658
Current Validation Accuracy: 0.8766442257897462
Current Validation Loss: 0.0018466254660910477
Saving best model based on accuracy
Epoch 64
Best Validation Accuracy: 0.8766442257897462
Current Validation Accuracy: 0.8675862718327763
Current Validation Loss: 0.0019759356522368182
Epoch 65
Best Validation Accuracy: 0.8766442257897462
Current Validation Accuracy: 0.8749682218351301
Current Validation Loss: 0.0018657732923838678
Epoch 66
Best Validation Accuracy: 0.8766442257897462
Current Validation Accuracy: 0.8758156395649922
Current Validation Loss: 0.0018557771565432513
Epoch 67
Best Validation Accuracy: 0.8766442257897462
Current Validation Accuracy: 0.8725012946659761
Current Validation Loss: 0.0019136401777869985
Epoch 68
Best Validation Accuracy: 0.8766442257897462
Current Validation Accuracy: 0.8769361141189209
Current Validation Loss: 0.0018463665693416067
Saving best model based on accuracy
Epoch 69
Best Validation Accuracy: 0.8769361141189209
Current Validation Accuracy: 0.8747610752789416
Current Validation Loss: 0.0018685684627375637
Epoch 70
Best Validation Accuracy: 0.8769361141189209
Current Validation Accuracy: 0.8765124052539899
Current Validation Loss: 0.0018317075243418704
Epoch 71
Best Validation Accuracy: 0.8769361141189209
Current Validation Accuracy: 0.8763335059554634
Current Validation Loss: 0.001846144604966901
Epoch 72
Best Validation Accuracy: 0.8769361141189209
Current Validation Accuracy: 0.8749964690927923
Current Validation Loss: 0.0018641671942854145
Epoch 73
Best Validation Accuracy: 0.8769361141189209
Current Validation Accuracy: 0.8723035638623416
Current Validation Loss: 0.001891618947413484
Epoch 74
Best Validation Accuracy: 0.8769361141189209
Current Validation Accuracy: 0.8723788898827739
Current Validation Loss: 0.0019048868950396224
Epoch 75
Best Validation Accuracy: 0.8769361141189209
Current Validation Accuracy: 0.8750153005979003
Current Validation Loss: 0.0018625011712243948
Epoch 76
Best Validation Accuracy: 0.8769361141189209
Current Validation Accuracy: 0.8759003813379784
Current Validation Loss: 0.0018444254470350804
Epoch 77
Best Validation Accuracy: 0.8769361141189209
Current Validation Accuracy: 0.8778023633538911
Current Validation Loss: 0.001833381927718854
Saving best model based on accuracy
Epoch 78
Best Validation Accuracy: 0.8778023633538911
Current Validation Accuracy: 0.8734052069111624
Current Validation Loss: 0.001892173283798626
Epoch 79
Best Validation Accuracy: 0.8778023633538911
Current Validation Accuracy: 0.8760510333788428
Current Validation Loss: 0.00184511313608017
Epoch 80
Best Validation Accuracy: 0.8778023633538911
Current Validation Accuracy: 0.8755425827409256
Current Validation Loss: 0.0018594101492976195
Epoch 81
Best Validation Accuracy: 0.8778023633538911
Current Validation Accuracy: 0.8734993644367026
Current Validation Loss: 0.0019170323622764928
Epoch 82
Best Validation Accuracy: 0.8778023633538911
Current Validation Accuracy: 0.8762393484299232
Current Validation Loss: 0.001850243562033697
Epoch 83
Best Validation Accuracy: 0.8778023633538911
Current Validation Accuracy: 0.8745633444753071
Current Validation Loss: 0.001878361496052765
Epoch 84
Best Validation Accuracy: 0.8778023633538911
Current Validation Accuracy: 0.876154606656937
Current Validation Loss: 0.0018581964423172578
Epoch 85
Best Validation Accuracy: 0.8778023633538911
Current Validation Accuracy: 0.8772185866955416
Current Validation Loss: 0.0018419395559257574
Epoch 86
Best Validation Accuracy: 0.8778023633538911
Current Validation Accuracy: 0.8747893225366037
Current Validation Loss: 0.0018720679371310158
Epoch 87
Best Validation Accuracy: 0.8778023633538911
Current Validation Accuracy: 0.8763617532131256
Current Validation Loss: 0.0018505653046286547
Epoch 88
Best Validation Accuracy: 0.8778023633538911
Current Validation Accuracy: 0.8753448519372911
Current Validation Loss: 0.001886587104135794
Epoch 89
Best Validation Accuracy: 0.8778023633538911
Current Validation Accuracy: 0.8755990772562497
Current Validation Loss: 0.0018631156273163406
Epoch 90
Best Validation Accuracy: 0.8778023633538911
Current Validation Accuracy: 0.8772939127159738
Current Validation Loss: 0.0018451327331310487
Epoch 91
Best Validation Accuracy: 0.8778023633538911
Current Validation Accuracy: 0.8705239866296314
Current Validation Loss: 0.001982595030772395
Epoch 92
Best Validation Accuracy: 0.8778023633538911
Current Validation Accuracy: 0.8756273245139118
Current Validation Loss: 0.0018766825912497228
Epoch 93
Best Validation Accuracy: 0.8778023633538911
Current Validation Accuracy: 0.8745633444753071
Current Validation Loss: 0.0018618287446275391
Epoch 94
Best Validation Accuracy: 0.8778023633538911
Current Validation Accuracy: 0.8739889835695118
Current Validation Loss: 0.0018721543126543792
Epoch 95
Best Validation Accuracy: 0.8778023633538911
Current Validation Accuracy: 0.8753919307000612
Current Validation Loss: 0.001864048028210003
Epoch 96
Best Validation Accuracy: 0.8778023633538911
Current Validation Accuracy: 0.8743844451767807
Current Validation Loss: 0.0018753038118700597
Epoch 97
Best Validation Accuracy: 0.8778023633538911
Current Validation Accuracy: 0.8689892189633256
Current Validation Loss: 0.0019686416796801495
Epoch 98
Best Validation Accuracy: 0.8778023633538911
Current Validation Accuracy: 0.8665411232992797
Current Validation Loss: 0.001999540302545908
Epoch 99
[[7.01084375e-01 1.35329410e-01 1.63586184e-01]
 [1.10495761e-02 9.34064925e-01 5.48854731e-02]
 [2.11868003e-01 7.15637058e-02 7.16568351e-01]
 [1.97341274e-02 1.23200810e-03 9.79033887e-01]
 [5.98666666e-05 1.09982568e-04 9.99830127e-01]
 [1.42196249e-02 2.76635885e-02 9.58116829e-01]
 [8.25349033e-01 7.23233372e-02 1.02327667e-01]
 [2.79722184e-01 4.36362475e-01 2.83915281e-01]
 [1.07701225e-02 9.29496884e-01 5.97330406e-02]
 [2.75778817e-04 3.46667832e-04 9.99377549e-01]
 [8.13616812e-01 8.63535851e-02 1.00029625e-01]
 [7.93645978e-01 8.88156071e-02 1.17538385e-01]
 [6.53257906e-01 2.45060265e-01 1.01681843e-01]
 [8.55083704e-01 7.49484152e-02 6.99678138e-02]
 [3.95956245e-04 3.78573895e-06 9.99600232e-01]
 [6.94154620e-01 1.02561908e-02 2.95589238e-01]
 [8.12848884e-05 9.83349310e-05 9.99820411e-01]
 [2.87368457e-05 7.32405579e-06 9.99963999e-01]
 [4.66822507e-03 6.08120718e-05 9.95270908e-01]
 [1.89487200e-05 1.31204506e-05 9.99967933e-01]]
[[7.01084375e-01 1.35329410e-01 1.63586184e-01]
 [1.10495761e-02 9.34064925e-01 5.48854731e-02]
 [2.11868003e-01 7.15637058e-02 7.16568351e-01]
 [1.97341274e-02 1.23200810e-03 9.79033887e-01]
 [5.98666666e-05 1.09982568e-04 9.99830127e-01]
 [1.42196249e-02 2.76635885e-02 9.58116829e-01]
 [8.25349033e-01 7.23233372e-02 1.02327667e-01]
 [2.79722184e-01 4.36362475e-01 2.83915281e-01]
 [1.07701225e-02 9.29496884e-01 5.97330406e-02]
 [2.75778817e-04 3.46667832e-04 9.99377549e-01]
 [8.13616812e-01 8.63535851e-02 1.00029625e-01]
 [7.93645978e-01 8.88156071e-02 1.17538385e-01]
 [6.53257906e-01 2.45060265e-01 1.01681843e-01]
 [8.55083704e-01 7.49484152e-02 6.99678138e-02]
 [3.95956245e-04 3.78573895e-06 9.99600232e-01]
 [6.94154620e-01 1.02561908e-02 2.95589238e-01]
 [8.12848884e-05 9.83349310e-05 9.99820411e-01]
 [2.87368457e-05 7.32405579e-06 9.99963999e-01]
 [4.66822507e-03 6.08120718e-05 9.95270908e-01]
 [1.89487200e-05 1.31204506e-05 9.99967933e-01]]
[[1. 0. 0.]
 [0. 1. 0.]
 [0. 1. 0.]
 [0. 0. 1.]
 [0. 0. 1.]
 [1. 0. 0.]
 [0. 1. 0.]
 [0. 0. 1.]
 [0. 1. 0.]
 [0. 0. 1.]
 [1. 0. 0.]
 [0. 1. 0.]
 [0. 1. 0.]
 [1. 0. 0.]
 [0. 0. 1.]
 [0. 0. 1.]
 [0. 0. 1.]
 [0. 0. 1.]
 [0. 0. 1.]
 [0. 0. 1.]]
Best Validation Accuracy: 0.8778023633538911
Current Validation Accuracy: 0.876126359399275
Current Validation Loss: 0.0018501417274938892
Saving last model
