Running "module reset". Resetting modules to system default. The following $MODULEPATH directories have been removed: None
A conda environment has been detected CONDA_PREFIX=
/u/avroy/.conda/envs/toptagger_env 
anaconda3_gpu is loaded. Consider running conda deactivate and reloading it.

Currently Loaded Modules:
  1) cue-login-env/1.0   4) gcc/11.2.0    7) openmpi/4.1.2
  2) default             5) cuda/11.6.1   8) cudnn/8.4.1.50
  3) modtree/gpu         6) ucx/1.11.2    9) anaconda3_gpu/4.13.0

 

/u/avroy/UQ_XAI_Studies/models/PFIN_UQ/model/jobsub
total 192K
-rw-rw----+ 1 avroy delta_bbhj  925 Mar 31 16:58 jobsubmitter_dummy.py
-rw-rw----+ 1 avroy delta_bbhj  15K May 18 13:59 jobsubmitter.py
-rw-rw----+ 1 avroy delta_bbhj 1.1K May 18 14:02 UQPFIN-run-JNqgmerged_0.1_baseline.slurm
-rw-rw----+ 1 avroy delta_bbhj 1.1K May 18 14:02 UQPFIN-run-JNqgmerged_0.1_skiptop.slurm
-rw-rw----+ 1 avroy delta_bbhj 1.1K May 18 14:02 UQPFIN-run-JNqgmerged_0.1_skipwz.slurm
-rw-rw----+ 1 avroy delta_bbhj 1.1K May 18 14:02 UQPFIN-run-JNqgmerged_0_baseline.slurm
-rw-rw----+ 1 avroy delta_bbhj 1.1K May 18 14:02 UQPFIN-run-JNqgmerged_0_skiptop.slurm
-rw-rw----+ 1 avroy delta_bbhj 1.1K May 18 14:02 UQPFIN-run-JNqgmerged_0_skipwz.slurm
-rw-rw----+ 1 avroy delta_bbhj 1.1K May 18 14:02 UQPFIN-run-JNqgmerged_nominal_baseline.slurm
-rw-rw----+ 1 avroy delta_bbhj 1.1K May 18 14:02 UQPFIN-run-JNqgmerged_nominal_skiptop.slurm
-rw-rw----+ 1 avroy delta_bbhj 1.1K May 18 14:02 UQPFIN-run-JNqgmerged_nominal_skipwz.slurm
-rw-rw----+ 1 avroy delta_bbhj 1.1K May 18 14:02 UQPFIN-run-JNqgmerged_softmax_baseline_0.slurm
-rw-rw----+ 1 avroy delta_bbhj 1.1K May 18 14:02 UQPFIN-run-JNqgmerged_softmax_baseline_1.slurm
-rw-rw----+ 1 avroy delta_bbhj 1.1K May 18 14:02 UQPFIN-run-JNqgmerged_softmax_baseline_2.slurm
-rw-rw----+ 1 avroy delta_bbhj 1.1K May 18 14:02 UQPFIN-run-JNqgmerged_softmax_baseline_3.slurm
-rw-rw----+ 1 avroy delta_bbhj 1.1K May 18 14:02 UQPFIN-run-JNqgmerged_softmax_baseline_4.slurm
-rw-rw----+ 1 avroy delta_bbhj 1.1K May 18 14:02 UQPFIN-run-JNqgmerged_softmax_baseline_5.slurm
-rw-rw----+ 1 avroy delta_bbhj 1.1K May 18 14:02 UQPFIN-run-JNqgmerged_softmax_baseline_6.slurm
-rw-rw----+ 1 avroy delta_bbhj 1.1K May 18 14:02 UQPFIN-run-JNqgmerged_softmax_baseline_7.slurm
-rw-rw----+ 1 avroy delta_bbhj 1.1K May 18 14:02 UQPFIN-run-JNqgmerged_softmax_baseline_8.slurm
-rw-rw----+ 1 avroy delta_bbhj 1.1K May 18 14:02 UQPFIN-run-JNqgmerged_softmax_baseline_9.slurm
-rw-rw----+ 1 avroy delta_bbhj 1.2K May 18 14:02 UQPFIN-run-JNqgmerged_softmax_dropout_baseline.slurm
-rw-rw----+ 1 avroy delta_bbhj 1.2K May 18 14:02 UQPFIN-run-JNqgmerged_softmax_dropout_skiptop.slurm
-rw-rw----+ 1 avroy delta_bbhj 1.2K May 18 14:02 UQPFIN-run-JNqgmerged_softmax_dropout_skipwz.slurm
-rw-rw----+ 1 avroy delta_bbhj 1.1K May 18 14:02 UQPFIN-run-JNqgmerged_softmax_skiptop_0.slurm
-rw-rw----+ 1 avroy delta_bbhj 1.1K May 18 14:02 UQPFIN-run-JNqgmerged_softmax_skiptop_1.slurm
-rw-rw----+ 1 avroy delta_bbhj 1.1K May 18 14:02 UQPFIN-run-JNqgmerged_softmax_skiptop_2.slurm
-rw-rw----+ 1 avroy delta_bbhj 1.1K May 18 14:02 UQPFIN-run-JNqgmerged_softmax_skiptop_3.slurm
-rw-rw----+ 1 avroy delta_bbhj 1.1K May 18 14:02 UQPFIN-run-JNqgmerged_softmax_skiptop_4.slurm
-rw-rw----+ 1 avroy delta_bbhj 1.1K May 18 14:02 UQPFIN-run-JNqgmerged_softmax_skiptop_5.slurm
-rw-rw----+ 1 avroy delta_bbhj 1.1K May 18 14:02 UQPFIN-run-JNqgmerged_softmax_skiptop_6.slurm
-rw-rw----+ 1 avroy delta_bbhj 1.1K May 18 14:02 UQPFIN-run-JNqgmerged_softmax_skiptop_7.slurm
-rw-rw----+ 1 avroy delta_bbhj 1.1K May 18 14:02 UQPFIN-run-JNqgmerged_softmax_skiptop_8.slurm
-rw-rw----+ 1 avroy delta_bbhj 1.1K May 18 14:02 UQPFIN-run-JNqgmerged_softmax_skiptop_9.slurm
-rw-rw----+ 1 avroy delta_bbhj 1.1K May 18 14:02 UQPFIN-run-JNqgmerged_softmax_skipwz_0.slurm
-rw-rw----+ 1 avroy delta_bbhj 1.1K May 18 14:02 UQPFIN-run-JNqgmerged_softmax_skipwz_1.slurm
-rw-rw----+ 1 avroy delta_bbhj 1.1K May 18 14:02 UQPFIN-run-JNqgmerged_softmax_skipwz_2.slurm
-rw-rw----+ 1 avroy delta_bbhj 1.1K May 18 14:02 UQPFIN-run-JNqgmerged_softmax_skipwz_3.slurm
-rw-rw----+ 1 avroy delta_bbhj 1.1K May 18 14:02 UQPFIN-run-JNqgmerged_softmax_skipwz_4.slurm
-rw-rw----+ 1 avroy delta_bbhj 1.1K May 18 14:02 UQPFIN-run-JNqgmerged_softmax_skipwz_5.slurm
-rw-rw----+ 1 avroy delta_bbhj 1.1K May 18 14:02 UQPFIN-run-JNqgmerged_softmax_skipwz_6.slurm
-rw-rw----+ 1 avroy delta_bbhj 1.1K May 18 14:02 UQPFIN-run-JNqgmerged_softmax_skipwz_7.slurm
-rw-rw----+ 1 avroy delta_bbhj 1.1K May 18 14:02 UQPFIN-run-JNqgmerged_softmax_skipwz_8.slurm
-rw-rw----+ 1 avroy delta_bbhj 1.1K May 18 14:02 UQPFIN-run-JNqgmerged_softmax_skipwz_9.slurm
-rw-------+ 1 avroy delta_bbhj  969 May 15 09:44 UQPFIN-run.slurm
/projects/bbhj/avroy/UQ_XAI_Studies/models/PFIN_UQ/model
total 156K
drwxr-s---+ 2 avroy delta_bbhj  12K May 18 16:58 jobouts
drwxr-s---+ 2 avroy delta_bbhj 4.0K May 18 14:02 jobsub
-rw-rw----+ 1 avroy delta_bbhj 8.4K May 15 14:46 PFINDataset.py
drwxrws---+ 2 avroy delta_bbhj 4.0K May 18 09:47 __pycache__
drwxrws---+ 2 avroy delta_bbhj  12K May 18 16:58 trained_model_dicts
drwxr-s---+ 2 avroy delta_bbhj 4.0K Mar 31 15:09 trained_model_dicts_old
drwxrws---+ 2 avroy delta_bbhj  20K May 18 16:58 trained_models
drwxr-s---+ 2 avroy delta_bbhj 4.0K Mar 31 15:10 trained_models_old
-rw-rw----+ 1 avroy delta_bbhj  23K May 18 15:52 train_mod.py
-rw-rw----+ 1 avroy delta_bbhj  23K May 18 15:45 train_mod.py~
-rw-rw----+ 1 avroy delta_bbhj  20K May 18 13:50 train.py
-rw-rw----+ 1 avroy delta_bbhj  13K May  5 09:36 UQPFIN.py
job is starting on gpua049.delta.ncsa.illinois.edu
# conda environments:
#
base                     /sw/external/python/anaconda3
toptagger_env         *  /u/avroy/.conda/envs/toptagger_env

/sw/external/python/anaconda3_gpu/bin/python
==========================================================================================
Layer (type:depth-idx)                   Output Shape              Param #
==========================================================================================
UQPFIN                                   [1, 2]                    --
├─Sequential: 1-1                        [30, 64]                  --
│    └─Sequential: 2-1                   [30, 100]                 --
│    │    └─Linear: 3-1                  [30, 100]                 400
│    │    └─ReLU: 3-2                    [30, 100]                 --
│    └─Sequential: 2-2                   [30, 100]                 --
│    │    └─Linear: 3-3                  [30, 100]                 10,100
│    │    └─ReLU: 3-4                    [30, 100]                 --
│    └─Sequential: 2-3                   [30, 64]                  --
│    │    └─Linear: 3-5                  [30, 64]                  6,464
│    │    └─ReLU: 3-6                    [30, 64]                  --
├─Sequential: 1-2                        [435, 64]                 --
│    └─Sequential: 2-4                   [435, 128]                --
│    │    └─Linear: 3-7                  [435, 128]                640
│    │    └─ReLU: 3-8                    [435, 128]                --
│    └─Sequential: 2-5                   [435, 128]                --
│    │    └─Linear: 3-9                  [435, 128]                16,512
│    │    └─ReLU: 3-10                   [435, 128]                --
│    └─Sequential: 2-6                   [435, 64]                 --
│    │    └─Linear: 3-11                 [435, 64]                 8,256
│    │    └─ReLU: 3-12                   [435, 64]                 --
├─Sequential: 1-3                        [30, 64]                  --
│    └─Sequential: 2-7                   [30, 128]                 --
│    │    └─Linear: 3-13                 [30, 128]                 8,704
│    │    └─ReLU: 3-14                   [30, 128]                 --
│    └─Sequential: 2-8                   [30, 128]                 --
│    │    └─Linear: 3-15                 [30, 128]                 16,512
│    │    └─ReLU: 3-16                   [30, 128]                 --
│    └─Sequential: 2-9                   [30, 64]                  --
│    │    └─Linear: 3-17                 [30, 64]                  8,256
│    │    └─ReLU: 3-18                   [30, 64]                  --
├─Sequential: 1-4                        [1, 2]                    --
│    └─Sequential: 2-10                  [1, 64]                   --
│    │    └─Linear: 3-19                 [1, 64]                   4,160
│    │    └─ReLU: 3-20                   [1, 64]                   --
│    └─Sequential: 2-11                  [1, 100]                  --
│    │    └─Linear: 3-21                 [1, 100]                  6,500
│    │    └─ReLU: 3-22                   [1, 100]                  --
│    └─Sequential: 2-12                  [1, 100]                  --
│    │    └─Linear: 3-23                 [1, 100]                  10,100
│    │    └─ReLU: 3-24                   [1, 100]                  --
│    └─Linear: 2-13                      [1, 2]                    202
│    └─Softmax: 2-14                     [1, 2]                    --
==========================================================================================
Total params: 96,806
Trainable params: 96,806
Non-trainable params: 0
Total mult-adds (M): 12.59
==========================================================================================
Input size (MB): 0.00
Forward/backward pass size (MB): 1.26
Params size (MB): 0.39
Estimated Total Size (MB): 1.64
==========================================================================================
data type:  JNqgmerged
m_logic, pt_logic, eta_logic:  AND AND AND
m1, m2, pt1, pt2, eta1, eta2:  0.0 10000.0 0.0 10000.0 -6.0 6.0
skip labels:  [2, 3]
classes:  2
Epoch 0
Best Validation Accuracy: 0
Current Validation Accuracy: 0.8795690758477139
Current Validation Loss: 0.0023540784907743716
Saving best model based on accuracy
Epoch 1
Best Validation Accuracy: 0.8795690758477139
Current Validation Accuracy: 0.8828460121232579
Current Validation Loss: 0.002262499597477225
Saving best model based on accuracy
Epoch 2
Best Validation Accuracy: 0.8828460121232579
Current Validation Accuracy: 0.8869105382332673
Current Validation Loss: 0.0021942770430141835
Saving best model based on accuracy
Epoch 3
Best Validation Accuracy: 0.8869105382332673
Current Validation Accuracy: 0.8894420769869064
Current Validation Loss: 0.002155613950911285
Saving best model based on accuracy
Epoch 4
Best Validation Accuracy: 0.8894420769869064
Current Validation Accuracy: 0.8858979227318116
Current Validation Loss: 0.0022038653569002
Epoch 5
Best Validation Accuracy: 0.8894420769869064
Current Validation Accuracy: 0.887430910088182
Current Validation Loss: 0.0021720592526094005
Epoch 6
Best Validation Accuracy: 0.8894420769869064
Current Validation Accuracy: 0.8843227430628806
Current Validation Loss: 0.00220788092361265
Epoch 7
Best Validation Accuracy: 0.8894420769869064
Current Validation Accuracy: 0.8964881931845351
Current Validation Loss: 0.00201317025194902
Saving best model based on accuracy
Epoch 8
Best Validation Accuracy: 0.8964881931845351
Current Validation Accuracy: 0.8958271802877515
Current Validation Loss: 0.002034138365187407
Epoch 9
Best Validation Accuracy: 0.8964881931845351
Current Validation Accuracy: 0.8954333853705189
Current Validation Loss: 0.002028192854054361
Epoch 10
Best Validation Accuracy: 0.8964881931845351
Current Validation Accuracy: 0.8970929496645711
Current Validation Loss: 0.002002062141906192
Saving best model based on accuracy
Epoch 11
Best Validation Accuracy: 0.8970929496645711
Current Validation Accuracy: 0.8968257316850203
Current Validation Loss: 0.0019855633695110525
Epoch 12
Best Validation Accuracy: 0.8970929496645711
Current Validation Accuracy: 0.894687987848614
Current Validation Loss: 0.00202598864175669
Epoch 13
Best Validation Accuracy: 0.8970929496645711
Current Validation Accuracy: 0.8970788855603842
Current Validation Loss: 0.0019783756839755065
Epoch 14
Best Validation Accuracy: 0.8970929496645711
Current Validation Accuracy: 0.8994416550637807
Current Validation Loss: 0.0019455999410509712
Saving best model based on accuracy
Epoch 15
Best Validation Accuracy: 0.8994416550637807
Current Validation Accuracy: 0.8990197319381742
Current Validation Loss: 0.0019499602127208986
Epoch 16
Best Validation Accuracy: 0.8994416550637807
Current Validation Accuracy: 0.8887248076733752
Current Validation Loss: 0.0020847292354606085
Epoch 17
Best Validation Accuracy: 0.8994416550637807
Current Validation Accuracy: 0.8999479628145085
Current Validation Loss: 0.0019348861448889169
Saving best model based on accuracy
Epoch 18
Best Validation Accuracy: 0.8999479628145085
Current Validation Accuracy: 0.8979930523325317
Current Validation Loss: 0.001956553654437806
Epoch 19
Best Validation Accuracy: 0.8999479628145085
Current Validation Accuracy: 0.8955880905165745
Current Validation Loss: 0.0020016436139266387
Epoch 20
Best Validation Accuracy: 0.8999479628145085
Current Validation Accuracy: 0.8997088730433315
Current Validation Loss: 0.0019346245908754619
Epoch 21
Best Validation Accuracy: 0.8999479628145085
Current Validation Accuracy: 0.9013262450248232
Current Validation Loss: 0.0019007283795678465
Saving best model based on accuracy
Epoch 22
Best Validation Accuracy: 0.9013262450248232
Current Validation Accuracy: 0.9014809501708788
Current Validation Loss: 0.0019128998093171949
Saving best model based on accuracy
Epoch 23
Best Validation Accuracy: 0.9014809501708788
Current Validation Accuracy: 0.9012418603997019
Current Validation Loss: 0.0019096363850188668
Epoch 24
Best Validation Accuracy: 0.9014809501708788
Current Validation Accuracy: 0.8934222184717945
Current Validation Loss: 0.002046690248807466
Epoch 25
Best Validation Accuracy: 0.9014809501708788
Current Validation Accuracy: 0.9022404117969706
Current Validation Loss: 0.001881490839320195
Saving best model based on accuracy
Epoch 26
Best Validation Accuracy: 0.9022404117969706
Current Validation Accuracy: 0.9018044245671772
Current Validation Loss: 0.001892812454922448
Epoch 27
Best Validation Accuracy: 0.9022404117969706
Current Validation Accuracy: 0.9031123862565574
Current Validation Loss: 0.001868316109146282
Saving best model based on accuracy
Epoch 28
Best Validation Accuracy: 0.9031123862565574
Current Validation Accuracy: 0.8970507573520105
Current Validation Loss: 0.0019699698754039835
Epoch 29
Best Validation Accuracy: 0.9031123862565574
Current Validation Accuracy: 0.8997932576684529
Current Validation Loss: 0.0019128683037025749
Epoch 30
Best Validation Accuracy: 0.9031123862565574
Current Validation Accuracy: 0.9040406171328917
Current Validation Loss: 0.0018681990057357835
Saving best model based on accuracy
Epoch 31
Best Validation Accuracy: 0.9040406171328917
Current Validation Accuracy: 0.9034358606528557
Current Validation Loss: 0.0018647241335556417
Epoch 32
Best Validation Accuracy: 0.9040406171328917
Current Validation Accuracy: 0.9028592323811935
Current Validation Loss: 0.00186123576989689
Epoch 33
Best Validation Accuracy: 0.9040406171328917
Current Validation Accuracy: 0.9026482708183903
Current Validation Loss: 0.001888449980970586
Epoch 34
Best Validation Accuracy: 0.9040406171328917
Current Validation Accuracy: 0.903885911986836
Current Validation Loss: 0.001868747686722972
Epoch 35
Best Validation Accuracy: 0.9040406171328917
Current Validation Accuracy: 0.9044484761543113
Current Validation Loss: 0.001852714646293123
Saving best model based on accuracy
Epoch 36
Best Validation Accuracy: 0.9044484761543113
Current Validation Accuracy: 0.9026060785058295
Current Validation Loss: 0.001884806619604826
Epoch 37
Best Validation Accuracy: 0.9044484761543113
Current Validation Accuracy: 0.9038437196742753
Current Validation Loss: 0.001863143727020505
Epoch 38
Best Validation Accuracy: 0.9044484761543113
Current Validation Accuracy: 0.904729758238049
Current Validation Loss: 0.0018476940754447331
Saving best model based on accuracy
Epoch 39
Best Validation Accuracy: 0.904729758238049
Current Validation Accuracy: 0.9017622322546165
Current Validation Loss: 0.0019382202402542085
Epoch 40
Best Validation Accuracy: 0.904729758238049
Current Validation Accuracy: 0.9026482708183903
Current Validation Loss: 0.0018638238388774496
Epoch 41
Best Validation Accuracy: 0.904729758238049
Current Validation Accuracy: 0.9008199372740954
Current Validation Loss: 0.0019361737530268327
Epoch 42
Best Validation Accuracy: 0.904729758238049
Current Validation Accuracy: 0.9003558218359281
Current Validation Loss: 0.001910281453799335
Epoch 43
Best Validation Accuracy: 0.904729758238049
Current Validation Accuracy: 0.9021138348592886
Current Validation Loss: 0.0018979633723177384
Epoch 44
Best Validation Accuracy: 0.904729758238049
Current Validation Accuracy: 0.8993010140219119
Current Validation Loss: 0.0019527080043023487
Epoch 45
Best Validation Accuracy: 0.904729758238049
Current Validation Accuracy: 0.9029576811105017
Current Validation Loss: 0.0018775342096625596
Epoch 46
Best Validation Accuracy: 0.904729758238049
Current Validation Accuracy: 0.9028732964853804
Current Validation Loss: 0.0018791748027176956
Epoch 47
Best Validation Accuracy: 0.904729758238049
Current Validation Accuracy: 0.9037452709449671
Current Validation Loss: 0.0018523446341120083
Epoch 48
Best Validation Accuracy: 0.904729758238049
Current Validation Accuracy: 0.904490668466872
Current Validation Loss: 0.0018449095122412102
Epoch 49
Best Validation Accuracy: 0.904729758238049
Current Validation Accuracy: 0.9046875659254884
Current Validation Loss: 0.0018424421044614394
Epoch 50
Best Validation Accuracy: 0.904729758238049
Current Validation Accuracy: 0.9042375145915081
Current Validation Loss: 0.0018552330901779935
Epoch 51
Best Validation Accuracy: 0.904729758238049
Current Validation Accuracy: 0.903885911986836
Current Validation Loss: 0.0018579271160905565
Epoch 52
Best Validation Accuracy: 0.904729758238049
Current Validation Accuracy: 0.901227796295515
Current Validation Loss: 0.0019138855298378632
Epoch 53
Best Validation Accuracy: 0.904729758238049
Current Validation Accuracy: 0.9028311041728198
Current Validation Loss: 0.0018697829192401256
Epoch 54
Best Validation Accuracy: 0.904729758238049
Current Validation Accuracy: 0.9031123862565574
Current Validation Loss: 0.0018736379488521143
Epoch 55
Best Validation Accuracy: 0.904729758238049
Current Validation Accuracy: 0.9023669887346526
Current Validation Loss: 0.0018976120826242483
Epoch 56
Best Validation Accuracy: 0.904729758238049
Current Validation Accuracy: 0.9049407198008523
Current Validation Loss: 0.0018377435256322842
Saving best model based on accuracy
Epoch 57
Best Validation Accuracy: 0.9049407198008523
Current Validation Accuracy: 0.9016356553169346
Current Validation Loss: 0.0018889829424199374
Epoch 58
Best Validation Accuracy: 0.9049407198008523
Current Validation Accuracy: 0.9019450656090461
Current Validation Loss: 0.0018969841826732116
Epoch 59
Best Validation Accuracy: 0.9049407198008523
Current Validation Accuracy: 0.9034077324444819
Current Validation Loss: 0.001876129653720972
Epoch 60
Best Validation Accuracy: 0.9049407198008523
Current Validation Accuracy: 0.9038015273617147
Current Validation Loss: 0.001858423237073603
Epoch 61
Best Validation Accuracy: 0.9049407198008523
Current Validation Accuracy: 0.9034639888612295
Current Validation Loss: 0.001885662706855138
Epoch 62
Best Validation Accuracy: 0.9049407198008523
Current Validation Accuracy: 0.8999057705019479
Current Validation Loss: 0.0019591434771125396
Epoch 63
Best Validation Accuracy: 0.9049407198008523
Current Validation Accuracy: 0.9043359633208162
Current Validation Loss: 0.0018672906611025516
Epoch 64
Best Validation Accuracy: 0.9049407198008523
Current Validation Accuracy: 0.9026623349225771
Current Validation Loss: 0.0018819476698415081
Epoch 65
Best Validation Accuracy: 0.9049407198008523
Current Validation Accuracy: 0.9048844633841048
Current Validation Loss: 0.00186215749629806
Epoch 66
Best Validation Accuracy: 0.9049407198008523
Current Validation Accuracy: 0.9032811555068
Current Validation Loss: 0.0018667820821426664
Epoch 67
Best Validation Accuracy: 0.9049407198008523
Current Validation Accuracy: 0.9041812581747606
Current Validation Loss: 0.0018500273174468875
Epoch 68
Best Validation Accuracy: 0.9049407198008523
Current Validation Accuracy: 0.9028732964853804
Current Validation Loss: 0.0018753040817552345
Epoch 69
Best Validation Accuracy: 0.9049407198008523
Current Validation Accuracy: 0.9034499247570426
Current Validation Loss: 0.0018759249510021416
Epoch 70
Best Validation Accuracy: 0.9049407198008523
Current Validation Accuracy: 0.9036046299030983
Current Validation Loss: 0.001865815903324552
Epoch 71
Best Validation Accuracy: 0.9049407198008523
Current Validation Accuracy: 0.9013684373373838
Current Validation Loss: 0.0019067822057312286
Epoch 72
Best Validation Accuracy: 0.9049407198008523
Current Validation Accuracy: 0.9041109376538261
Current Validation Loss: 0.001861459458429914
Epoch 73
Best Validation Accuracy: 0.9049407198008523
Current Validation Accuracy: 0.8966288342264039
Current Validation Loss: 0.0019931780089524325
Epoch 74
Best Validation Accuracy: 0.9049407198008523
Current Validation Accuracy: 0.9039562325077705
Current Validation Loss: 0.0018740010564911324
Epoch 75
Best Validation Accuracy: 0.9049407198008523
Current Validation Accuracy: 0.9032670914026131
Current Validation Loss: 0.0018749263029597257
Epoch 76
Best Validation Accuracy: 0.9049407198008523
Current Validation Accuracy: 0.9001448602731249
Current Validation Loss: 0.0019222749280191538
Epoch 77
Best Validation Accuracy: 0.9049407198008523
Current Validation Accuracy: 0.9036046299030983
Current Validation Loss: 0.0019034407642567247
Epoch 78
Best Validation Accuracy: 0.9049407198008523
Current Validation Accuracy: 0.9041953222789474
Current Validation Loss: 0.001880531234759519
Epoch 79
Best Validation Accuracy: 0.9049407198008523
Current Validation Accuracy: 0.9020294502341674
Current Validation Loss: 0.0018870668518270466
Epoch 80
Best Validation Accuracy: 0.9049407198008523
Current Validation Accuracy: 0.4979396087366215
Current Validation Loss: nan
Validation accuracy dropped by more than 10%. Reloading best model
Epoch 81
Best Validation Accuracy: 0.9049407198008523
Current Validation Accuracy: 0.4979396087366215
Current Validation Loss: nan
Validation accuracy dropped by more than 10%. Reloading best model
Epoch 82
Best Validation Accuracy: 0.9049407198008523
Current Validation Accuracy: 0.4979396087366215
Current Validation Loss: nan
Validation accuracy dropped by more than 10%. Reloading best model
Epoch 83
Best Validation Accuracy: 0.9049407198008523
Current Validation Accuracy: 0.4979396087366215
Current Validation Loss: nan
Validation accuracy dropped by more than 10%. Reloading best model
Epoch 84
Best Validation Accuracy: 0.9049407198008523
Current Validation Accuracy: 0.4979396087366215
Current Validation Loss: nan
Validation accuracy dropped by more than 10%. Reloading best model
Epoch 85
Best Validation Accuracy: 0.9049407198008523
Current Validation Accuracy: 0.4979396087366215
Current Validation Loss: nan
Validation accuracy dropped by more than 10%. Reloading best model
Epoch 86
Best Validation Accuracy: 0.9049407198008523
Current Validation Accuracy: 0.4979396087366215
Current Validation Loss: nan
Validation accuracy dropped by more than 10%. Reloading best model
Epoch 87
Best Validation Accuracy: 0.9049407198008523
Current Validation Accuracy: 0.4979396087366215
Current Validation Loss: nan
Validation accuracy dropped by more than 10%. Reloading best model
Epoch 88
Best Validation Accuracy: 0.9049407198008523
Current Validation Accuracy: 0.4979396087366215
Current Validation Loss: nan
Validation accuracy dropped by more than 10%. Reloading best model
Epoch 89
Best Validation Accuracy: 0.9049407198008523
Current Validation Accuracy: 0.4979396087366215
Current Validation Loss: nan
Validation accuracy dropped by more than 10%. Reloading best model
Epoch 90
Best Validation Accuracy: 0.9049407198008523
Current Validation Accuracy: 0.4979396087366215
Current Validation Loss: nan
Validation accuracy dropped by more than 10%. Reloading best model
Epoch 91
Best Validation Accuracy: 0.9049407198008523
Current Validation Accuracy: 0.4979396087366215
Current Validation Loss: nan
Validation accuracy dropped by more than 10%. Reloading best model
Epoch 92
Best Validation Accuracy: 0.9049407198008523
Current Validation Accuracy: 0.4979396087366215
Current Validation Loss: nan
Validation accuracy dropped by more than 10%. Reloading best model
Epoch 93
Best Validation Accuracy: 0.9049407198008523
Current Validation Accuracy: 0.4979396087366215
Current Validation Loss: nan
Validation accuracy dropped by more than 10%. Reloading best model
Epoch 94
Best Validation Accuracy: 0.9049407198008523
Current Validation Accuracy: 0.4979396087366215
Current Validation Loss: nan
Validation accuracy dropped by more than 10%. Reloading best model
Epoch 95
Best Validation Accuracy: 0.9049407198008523
Current Validation Accuracy: 0.4979396087366215
Current Validation Loss: nan
Validation accuracy dropped by more than 10%. Reloading best model
Epoch 96
Best Validation Accuracy: 0.9049407198008523
Current Validation Accuracy: 0.4979396087366215
Current Validation Loss: nan
Validation accuracy dropped by more than 10%. Reloading best model
Epoch 97
Best Validation Accuracy: 0.9049407198008523
Current Validation Accuracy: 0.4979396087366215
Current Validation Loss: nan
Validation accuracy dropped by more than 10%. Reloading best model
Epoch 98
Best Validation Accuracy: 0.9049407198008523
Current Validation Accuracy: 0.4979396087366215
Current Validation Loss: nan
Validation accuracy dropped by more than 10%. Reloading best model
Epoch 99
[[nan nan]
 [nan nan]
 [nan nan]
 [nan nan]
 [nan nan]
 [nan nan]
 [nan nan]
 [nan nan]
 [nan nan]
 [nan nan]
 [nan nan]
 [nan nan]
 [nan nan]
 [nan nan]
 [nan nan]
 [nan nan]
 [nan nan]
 [nan nan]
 [nan nan]
 [nan nan]]
[[nan nan]
 [nan nan]
 [nan nan]
 [nan nan]
 [nan nan]
 [nan nan]
 [nan nan]
 [nan nan]
 [nan nan]
 [nan nan]
 [nan nan]
 [nan nan]
 [nan nan]
 [nan nan]
 [nan nan]
 [nan nan]
 [nan nan]
 [nan nan]
 [nan nan]
 [nan nan]]
[[1. 0.]
 [0. 1.]
 [1. 0.]
 [0. 1.]
 [1. 0.]
 [0. 1.]
 [0. 1.]
 [1. 0.]
 [0. 1.]
 [0. 1.]
 [0. 1.]
 [1. 0.]
 [1. 0.]
 [0. 1.]
 [0. 1.]
 [0. 1.]
 [0. 1.]
 [0. 1.]
 [0. 1.]
 [0. 1.]]
Best Validation Accuracy: 0.9049407198008523
Current Validation Accuracy: 0.4979396087366215
Current Validation Loss: nan
Validation accuracy dropped by more than 10%. Reloading best model
Saving last model
