Running "module reset". Resetting modules to system default. The following $MODULEPATH directories have been removed: None
A conda environment has been detected CONDA_PREFIX=
/u/avroy/.conda/envs/toptagger_env 
anaconda3_gpu is loaded. Consider running conda deactivate and reloading it.

Currently Loaded Modules:
  1) cue-login-env/1.0   4) gcc/11.2.0    7) openmpi/4.1.2
  2) default             5) cuda/11.6.1   8) cudnn/8.4.1.50
  3) modtree/gpu         6) ucx/1.11.2    9) anaconda3_gpu/4.13.0

 

/u/avroy/UQ_XAI_Studies/models/PFIN_UQ/model/jobsub
total 192K
-rw-rw----+ 1 avroy delta_bbhj  925 Mar 31 16:58 jobsubmitter_dummy.py
-rw-rw----+ 1 avroy delta_bbhj  15K May 18 13:59 jobsubmitter.py
-rw-rw----+ 1 avroy delta_bbhj 1.1K May 18 14:02 UQPFIN-run-JNqgmerged_0.1_baseline.slurm
-rw-rw----+ 1 avroy delta_bbhj 1.1K May 18 14:02 UQPFIN-run-JNqgmerged_0.1_skiptop.slurm
-rw-rw----+ 1 avroy delta_bbhj 1.1K May 18 14:02 UQPFIN-run-JNqgmerged_0.1_skipwz.slurm
-rw-rw----+ 1 avroy delta_bbhj 1.1K May 18 14:02 UQPFIN-run-JNqgmerged_0_baseline.slurm
-rw-rw----+ 1 avroy delta_bbhj 1.1K May 18 14:02 UQPFIN-run-JNqgmerged_0_skiptop.slurm
-rw-rw----+ 1 avroy delta_bbhj 1.1K May 18 14:02 UQPFIN-run-JNqgmerged_0_skipwz.slurm
-rw-rw----+ 1 avroy delta_bbhj 1.1K May 18 14:02 UQPFIN-run-JNqgmerged_nominal_baseline.slurm
-rw-rw----+ 1 avroy delta_bbhj 1.1K May 18 14:02 UQPFIN-run-JNqgmerged_nominal_skiptop.slurm
-rw-rw----+ 1 avroy delta_bbhj 1.1K May 18 14:02 UQPFIN-run-JNqgmerged_nominal_skipwz.slurm
-rw-rw----+ 1 avroy delta_bbhj 1.1K May 18 14:02 UQPFIN-run-JNqgmerged_softmax_baseline_0.slurm
-rw-rw----+ 1 avroy delta_bbhj 1.1K May 18 14:02 UQPFIN-run-JNqgmerged_softmax_baseline_1.slurm
-rw-rw----+ 1 avroy delta_bbhj 1.1K May 18 14:02 UQPFIN-run-JNqgmerged_softmax_baseline_2.slurm
-rw-rw----+ 1 avroy delta_bbhj 1.1K May 18 14:02 UQPFIN-run-JNqgmerged_softmax_baseline_3.slurm
-rw-rw----+ 1 avroy delta_bbhj 1.1K May 18 14:02 UQPFIN-run-JNqgmerged_softmax_baseline_4.slurm
-rw-rw----+ 1 avroy delta_bbhj 1.1K May 18 14:02 UQPFIN-run-JNqgmerged_softmax_baseline_5.slurm
-rw-rw----+ 1 avroy delta_bbhj 1.1K May 18 14:02 UQPFIN-run-JNqgmerged_softmax_baseline_6.slurm
-rw-rw----+ 1 avroy delta_bbhj 1.1K May 18 14:02 UQPFIN-run-JNqgmerged_softmax_baseline_7.slurm
-rw-rw----+ 1 avroy delta_bbhj 1.1K May 18 14:02 UQPFIN-run-JNqgmerged_softmax_baseline_8.slurm
-rw-rw----+ 1 avroy delta_bbhj 1.1K May 18 14:02 UQPFIN-run-JNqgmerged_softmax_baseline_9.slurm
-rw-rw----+ 1 avroy delta_bbhj 1.2K May 18 14:02 UQPFIN-run-JNqgmerged_softmax_dropout_baseline.slurm
-rw-rw----+ 1 avroy delta_bbhj 1.2K May 18 14:02 UQPFIN-run-JNqgmerged_softmax_dropout_skiptop.slurm
-rw-rw----+ 1 avroy delta_bbhj 1.2K May 18 14:02 UQPFIN-run-JNqgmerged_softmax_dropout_skipwz.slurm
-rw-rw----+ 1 avroy delta_bbhj 1.1K May 18 14:02 UQPFIN-run-JNqgmerged_softmax_skiptop_0.slurm
-rw-rw----+ 1 avroy delta_bbhj 1.1K May 18 14:02 UQPFIN-run-JNqgmerged_softmax_skiptop_1.slurm
-rw-rw----+ 1 avroy delta_bbhj 1.1K May 18 14:02 UQPFIN-run-JNqgmerged_softmax_skiptop_2.slurm
-rw-rw----+ 1 avroy delta_bbhj 1.1K May 18 14:02 UQPFIN-run-JNqgmerged_softmax_skiptop_3.slurm
-rw-rw----+ 1 avroy delta_bbhj 1.1K May 18 14:02 UQPFIN-run-JNqgmerged_softmax_skiptop_4.slurm
-rw-rw----+ 1 avroy delta_bbhj 1.1K May 18 14:02 UQPFIN-run-JNqgmerged_softmax_skiptop_5.slurm
-rw-rw----+ 1 avroy delta_bbhj 1.1K May 18 14:02 UQPFIN-run-JNqgmerged_softmax_skiptop_6.slurm
-rw-rw----+ 1 avroy delta_bbhj 1.1K May 18 14:02 UQPFIN-run-JNqgmerged_softmax_skiptop_7.slurm
-rw-rw----+ 1 avroy delta_bbhj 1.1K May 18 14:02 UQPFIN-run-JNqgmerged_softmax_skiptop_8.slurm
-rw-rw----+ 1 avroy delta_bbhj 1.1K May 18 14:02 UQPFIN-run-JNqgmerged_softmax_skiptop_9.slurm
-rw-rw----+ 1 avroy delta_bbhj 1.1K May 18 14:02 UQPFIN-run-JNqgmerged_softmax_skipwz_0.slurm
-rw-rw----+ 1 avroy delta_bbhj 1.1K May 18 14:02 UQPFIN-run-JNqgmerged_softmax_skipwz_1.slurm
-rw-rw----+ 1 avroy delta_bbhj 1.1K May 18 14:02 UQPFIN-run-JNqgmerged_softmax_skipwz_2.slurm
-rw-rw----+ 1 avroy delta_bbhj 1.1K May 18 14:02 UQPFIN-run-JNqgmerged_softmax_skipwz_3.slurm
-rw-rw----+ 1 avroy delta_bbhj 1.1K May 18 14:02 UQPFIN-run-JNqgmerged_softmax_skipwz_4.slurm
-rw-rw----+ 1 avroy delta_bbhj 1.1K May 18 14:02 UQPFIN-run-JNqgmerged_softmax_skipwz_5.slurm
-rw-rw----+ 1 avroy delta_bbhj 1.1K May 18 14:02 UQPFIN-run-JNqgmerged_softmax_skipwz_6.slurm
-rw-rw----+ 1 avroy delta_bbhj 1.1K May 18 14:02 UQPFIN-run-JNqgmerged_softmax_skipwz_7.slurm
-rw-rw----+ 1 avroy delta_bbhj 1.1K May 18 14:02 UQPFIN-run-JNqgmerged_softmax_skipwz_8.slurm
-rw-rw----+ 1 avroy delta_bbhj 1.1K May 18 14:02 UQPFIN-run-JNqgmerged_softmax_skipwz_9.slurm
-rw-------+ 1 avroy delta_bbhj  969 May 15 09:44 UQPFIN-run.slurm
/projects/bbhj/avroy/UQ_XAI_Studies/models/PFIN_UQ/model
total 156K
drwxr-s---+ 2 avroy delta_bbhj  12K May 18 15:50 jobouts
drwxr-s---+ 2 avroy delta_bbhj 4.0K May 18 14:02 jobsub
-rw-rw----+ 1 avroy delta_bbhj 8.4K May 15 14:46 PFINDataset.py
drwxrws---+ 2 avroy delta_bbhj 4.0K May 18 09:47 __pycache__
drwxrws---+ 2 avroy delta_bbhj  12K May 18 15:37 trained_model_dicts
drwxr-s---+ 2 avroy delta_bbhj 4.0K Mar 31 15:09 trained_model_dicts_old
drwxrws---+ 2 avroy delta_bbhj  20K May 18 15:50 trained_models
drwxr-s---+ 2 avroy delta_bbhj 4.0K Mar 31 15:10 trained_models_old
-rw-rw----+ 1 avroy delta_bbhj  23K May 18 15:45 train_mod.py
-rw-rw----+ 1 avroy delta_bbhj  23K May 18 15:33 train_mod.py~
-rw-rw----+ 1 avroy delta_bbhj  20K May 18 13:50 train.py
-rw-rw----+ 1 avroy delta_bbhj  13K May  5 09:36 UQPFIN.py
job is starting on gpua053.delta.ncsa.illinois.edu
# conda environments:
#
base                     /sw/external/python/anaconda3
toptagger_env         *  /u/avroy/.conda/envs/toptagger_env

/sw/external/python/anaconda3_gpu/bin/python
==========================================================================================
Layer (type:depth-idx)                   Output Shape              Param #
==========================================================================================
UQPFIN                                   [1, 3]                    --
├─Sequential: 1-1                        [30, 64]                  --
│    └─Sequential: 2-1                   [30, 100]                 --
│    │    └─Linear: 3-1                  [30, 100]                 400
│    │    └─ReLU: 3-2                    [30, 100]                 --
│    └─Sequential: 2-2                   [30, 100]                 --
│    │    └─Linear: 3-3                  [30, 100]                 10,100
│    │    └─ReLU: 3-4                    [30, 100]                 --
│    └─Sequential: 2-3                   [30, 64]                  --
│    │    └─Linear: 3-5                  [30, 64]                  6,464
│    │    └─ReLU: 3-6                    [30, 64]                  --
├─Sequential: 1-2                        [435, 64]                 --
│    └─Sequential: 2-4                   [435, 128]                --
│    │    └─Linear: 3-7                  [435, 128]                640
│    │    └─ReLU: 3-8                    [435, 128]                --
│    └─Sequential: 2-5                   [435, 128]                --
│    │    └─Linear: 3-9                  [435, 128]                16,512
│    │    └─ReLU: 3-10                   [435, 128]                --
│    └─Sequential: 2-6                   [435, 64]                 --
│    │    └─Linear: 3-11                 [435, 64]                 8,256
│    │    └─ReLU: 3-12                   [435, 64]                 --
├─Sequential: 1-3                        [30, 64]                  --
│    └─Sequential: 2-7                   [30, 128]                 --
│    │    └─Linear: 3-13                 [30, 128]                 8,704
│    │    └─ReLU: 3-14                   [30, 128]                 --
│    └─Sequential: 2-8                   [30, 128]                 --
│    │    └─Linear: 3-15                 [30, 128]                 16,512
│    │    └─ReLU: 3-16                   [30, 128]                 --
│    └─Sequential: 2-9                   [30, 64]                  --
│    │    └─Linear: 3-17                 [30, 64]                  8,256
│    │    └─ReLU: 3-18                   [30, 64]                  --
├─Sequential: 1-4                        [1, 3]                    --
│    └─Sequential: 2-10                  [1, 64]                   --
│    │    └─Linear: 3-19                 [1, 64]                   4,160
│    │    └─ReLU: 3-20                   [1, 64]                   --
│    └─Sequential: 2-11                  [1, 100]                  --
│    │    └─Linear: 3-21                 [1, 100]                  6,500
│    │    └─ReLU: 3-22                   [1, 100]                  --
│    └─Sequential: 2-12                  [1, 100]                  --
│    │    └─Linear: 3-23                 [1, 100]                  10,100
│    │    └─ReLU: 3-24                   [1, 100]                  --
│    └─Linear: 2-13                      [1, 3]                    303
│    └─Softmax: 2-14                     [1, 3]                    --
==========================================================================================
Total params: 96,907
Trainable params: 96,907
Non-trainable params: 0
Total mult-adds (M): 12.59
==========================================================================================
Input size (MB): 0.00
Forward/backward pass size (MB): 1.26
Params size (MB): 0.39
Estimated Total Size (MB): 1.64
==========================================================================================
data type:  JNqgmerged
m_logic, pt_logic, eta_logic:  AND AND AND
m1, m2, pt1, pt2, eta1, eta2:  0.0 10000.0 0.0 10000.0 -6.0 6.0
skip labels:  [1]
classes:  3
Epoch 0
Best Validation Accuracy: 0
Current Validation Accuracy: 0.8070900616731792
Current Validation Loss: 0.0027580051745720083
Saving best model based on accuracy
Epoch 1
Best Validation Accuracy: 0.8070900616731792
Current Validation Accuracy: 0.8407042982910409
Current Validation Loss: 0.002419659009755856
Saving best model based on accuracy
Epoch 2
Best Validation Accuracy: 0.8407042982910409
Current Validation Accuracy: 0.849357374888188
Current Validation Loss: 0.0022946974794090503
Saving best model based on accuracy
Epoch 3
Best Validation Accuracy: 0.849357374888188
Current Validation Accuracy: 0.8541311614330775
Current Validation Loss: 0.002199756894445673
Saving best model based on accuracy
Epoch 4
Best Validation Accuracy: 0.8541311614330775
Current Validation Accuracy: 0.8548750058848453
Current Validation Loss: 0.002196497921889563
Saving best model based on accuracy
Epoch 5
Best Validation Accuracy: 0.8548750058848453
Current Validation Accuracy: 0.8605997834376913
Current Validation Loss: 0.0020973450716850273
Saving best model based on accuracy
Epoch 6
Best Validation Accuracy: 0.8605997834376913
Current Validation Accuracy: 0.8561555482321924
Current Validation Loss: 0.0021540598062622387
Epoch 7
Best Validation Accuracy: 0.8605997834376913
Current Validation Accuracy: 0.8634810037192222
Current Validation Loss: 0.0020558104071260862
Saving best model based on accuracy
Epoch 8
Best Validation Accuracy: 0.8634810037192222
Current Validation Accuracy: 0.8618426627748222
Current Validation Loss: 0.0020528415858052465
Epoch 9
Best Validation Accuracy: 0.8634810037192222
Current Validation Accuracy: 0.8671719787203992
Current Validation Loss: 0.0019927079751326433
Saving best model based on accuracy
Epoch 10
Best Validation Accuracy: 0.8671719787203992
Current Validation Accuracy: 0.8670024951744268
Current Validation Loss: 0.002002772508572906
Epoch 11
Best Validation Accuracy: 0.8671719787203992
Current Validation Accuracy: 0.8581328562685373
Current Validation Loss: 0.002108929664574237
Epoch 12
Best Validation Accuracy: 0.8671719787203992
Current Validation Accuracy: 0.8689044771903395
Current Validation Loss: 0.0019587367064512516
Saving best model based on accuracy
Epoch 13
Best Validation Accuracy: 0.8689044771903395
Current Validation Accuracy: 0.8588107904524269
Current Validation Loss: 0.0021046899193497533
Epoch 14
Best Validation Accuracy: 0.8689044771903395
Current Validation Accuracy: 0.8612306388588108
Current Validation Loss: 0.002104904684922345
Epoch 15
Best Validation Accuracy: 0.8689044771903395
Current Validation Accuracy: 0.8650628501482981
Current Validation Loss: 0.0020162141321405933
Epoch 16
Best Validation Accuracy: 0.8689044771903395
Current Validation Accuracy: 0.8673791252765878
Current Validation Loss: 0.001973606143836882
Epoch 17
Best Validation Accuracy: 0.8689044771903395
Current Validation Accuracy: 0.8665787863094958
Current Validation Loss: 0.0020144350585063787
Epoch 18
Best Validation Accuracy: 0.8689044771903395
Current Validation Accuracy: 0.8624923497010498
Current Validation Loss: 0.0020388718994877935
Epoch 19
Best Validation Accuracy: 0.8689044771903395
Current Validation Accuracy: 0.871587966668236
Current Validation Loss: 0.001905880359476173
Saving best model based on accuracy
Epoch 20
Best Validation Accuracy: 0.871587966668236
Current Validation Accuracy: 0.8547996798644132
Current Validation Loss: 0.002159807452328949
Epoch 21
Best Validation Accuracy: 0.871587966668236
Current Validation Accuracy: 0.8704863236194152
Current Validation Loss: 0.0019417550963571103
Epoch 22
Best Validation Accuracy: 0.871587966668236
Current Validation Accuracy: 0.8660891671766866
Current Validation Loss: 0.002002998052425267
Epoch 23
Best Validation Accuracy: 0.871587966668236
Current Validation Accuracy: 0.8712113365660751
Current Validation Loss: 0.0019249511139130537
Epoch 24
Best Validation Accuracy: 0.871587966668236
Current Validation Accuracy: 0.8636787345228567
Current Validation Loss: 0.00203150704704398
Epoch 25
Best Validation Accuracy: 0.871587966668236
Current Validation Accuracy: 0.8648086248293395
Current Validation Loss: 0.002012499900733194
Epoch 26
Best Validation Accuracy: 0.871587966668236
Current Validation Accuracy: 0.8634339249564521
Current Validation Loss: 0.0020094522265165374
Epoch 27
Best Validation Accuracy: 0.871587966668236
Current Validation Accuracy: 0.8676239348429923
Current Validation Loss: 0.0019736284889141542
Epoch 28
Best Validation Accuracy: 0.871587966668236
Current Validation Accuracy: 0.8717951132244245
Current Validation Loss: 0.0019092897078360235
Saving best model based on accuracy
Epoch 29
Best Validation Accuracy: 0.8717951132244245
Current Validation Accuracy: 0.8706652229179417
Current Validation Loss: 0.0019347202419521927
Epoch 30
Best Validation Accuracy: 0.8717951132244245
Current Validation Accuracy: 0.8717668659667623
Current Validation Loss: 0.001910447887453699
Epoch 31
Best Validation Accuracy: 0.8717951132244245
Current Validation Accuracy: 0.8673414622663717
Current Validation Loss: 0.0019857096303615477
Epoch 32
Best Validation Accuracy: 0.8717951132244245
Current Validation Accuracy: 0.87159738242079
Current Validation Loss: 0.0019109392034530998
Epoch 33
Best Validation Accuracy: 0.8717951132244245
Current Validation Accuracy: 0.8716632926886682
Current Validation Loss: 0.0019174650738700725
Epoch 34
Best Validation Accuracy: 0.8717951132244245
Current Validation Accuracy: 0.8669365849065487
Current Validation Loss: 0.001979393372932602
Epoch 35
Best Validation Accuracy: 0.8717951132244245
Current Validation Accuracy: 0.875307188927075
Current Validation Loss: 0.0018666753736482232
Saving best model based on accuracy
Epoch 36
Best Validation Accuracy: 0.875307188927075
Current Validation Accuracy: 0.8738383315286474
Current Validation Loss: 0.0018743247660835845
Epoch 37
Best Validation Accuracy: 0.875307188927075
Current Validation Accuracy: 0.8747045807636176
Current Validation Loss: 0.0018710880114878308
Epoch 38
Best Validation Accuracy: 0.875307188927075
Current Validation Accuracy: 0.8754484252153854
Current Validation Loss: 0.0018615746599408586
Saving best model based on accuracy
Epoch 39
Best Validation Accuracy: 0.8754484252153854
Current Validation Accuracy: 0.8723694741302198
Current Validation Loss: 0.0019052135021716524
Epoch 40
Best Validation Accuracy: 0.8754484252153854
Current Validation Accuracy: 0.8698272209406337
Current Validation Loss: 0.0019340418412812119
Epoch 41
Best Validation Accuracy: 0.8754484252153854
Current Validation Accuracy: 0.8742337931359164
Current Validation Loss: 0.0018762124395152728
Epoch 42
Best Validation Accuracy: 0.8754484252153854
Current Validation Accuracy: 0.8734522856739325
Current Validation Loss: 0.0018849072399227404
Epoch 43
Best Validation Accuracy: 0.8754484252153854
Current Validation Accuracy: 0.8702885928157807
Current Validation Loss: 0.0019285498897681707
Epoch 44
Best Validation Accuracy: 0.8754484252153854
Current Validation Accuracy: 0.875307188927075
Current Validation Loss: 0.0018620380368768582
Epoch 45
Best Validation Accuracy: 0.8754484252153854
Current Validation Accuracy: 0.8718045289769785
Current Validation Loss: 0.0019086447484546797
Epoch 46
Best Validation Accuracy: 0.8754484252153854
Current Validation Accuracy: 0.8727649357374888
Current Validation Loss: 0.0018831532024281
Epoch 47
Best Validation Accuracy: 0.8754484252153854
Current Validation Accuracy: 0.8746669177534014
Current Validation Loss: 0.001883518785907524
Epoch 48
Best Validation Accuracy: 0.8754484252153854
Current Validation Accuracy: 0.8752695259168589
Current Validation Loss: 0.0018742664356946911
Epoch 49
Best Validation Accuracy: 0.8754484252153854
Current Validation Accuracy: 0.8747234122687256
Current Validation Loss: 0.0018705395293557921
Epoch 50
Best Validation Accuracy: 0.8754484252153854
Current Validation Accuracy: 0.8755896615036957
Current Validation Loss: 0.0018558958758854844
Saving best model based on accuracy
Epoch 51
Best Validation Accuracy: 0.8755896615036957
Current Validation Accuracy: 0.8696294901369992
Current Validation Loss: 0.0019361570591834758
Epoch 52
Best Validation Accuracy: 0.8755896615036957
Current Validation Accuracy: 0.8640082858622475
Current Validation Loss: 0.0020146314556846387
Epoch 53
Best Validation Accuracy: 0.8755896615036957
Current Validation Accuracy: 0.8750247163504543
Current Validation Loss: 0.0018587869151232017
Epoch 54
Best Validation Accuracy: 0.8755896615036957
Current Validation Accuracy: 0.874459771197213
Current Validation Loss: 0.0018751510330515108
Epoch 55
Best Validation Accuracy: 0.8755896615036957
Current Validation Accuracy: 0.8728120145002589
Current Validation Loss: 0.0018885741326259043
Epoch 56
Best Validation Accuracy: 0.8755896615036957
Current Validation Accuracy: 0.8726707782119486
Current Validation Loss: 0.001904821496473172
Epoch 57
Best Validation Accuracy: 0.8755896615036957
Current Validation Accuracy: 0.8731886446024199
Current Validation Loss: 0.0018958454462415693
Epoch 58
Best Validation Accuracy: 0.8755896615036957
Current Validation Accuracy: 0.8762581799350313
Current Validation Loss: 0.0018558473754504952
Saving best model based on accuracy
Epoch 59
Best Validation Accuracy: 0.8762581799350313
Current Validation Accuracy: 0.8746292547431853
Current Validation Loss: 0.001875356929483266
Epoch 60
Best Validation Accuracy: 0.8762581799350313
Current Validation Accuracy: 0.8751282896285486
Current Validation Loss: 0.0018606436769760606
Epoch 61
Best Validation Accuracy: 0.8762581799350313
Current Validation Accuracy: 0.8750812108657785
Current Validation Loss: 0.0018611774033035556
Epoch 62
Best Validation Accuracy: 0.8762581799350313
Current Validation Accuracy: 0.8718045289769785
Current Validation Loss: 0.0019213756052239186
Epoch 63
Best Validation Accuracy: 0.8762581799350313
Current Validation Accuracy: 0.872821430252813
Current Validation Loss: 0.0019033783622607633
Epoch 64
Best Validation Accuracy: 0.8762581799350313
Current Validation Accuracy: 0.8757779765547762
Current Validation Loss: 0.0018529971377963283
Epoch 65
Best Validation Accuracy: 0.8762581799350313
Current Validation Accuracy: 0.8770208558919071
Current Validation Loss: 0.0018394332517479152
Saving best model based on accuracy
Epoch 66
Best Validation Accuracy: 0.8770208558919071
Current Validation Accuracy: 0.8720493385433831
Current Validation Loss: 0.0019134250693074067
Epoch 67
Best Validation Accuracy: 0.8770208558919071
Current Validation Accuracy: 0.8716632926886682
Current Validation Loss: 0.0019287792375872214
Epoch 68
Best Validation Accuracy: 0.8770208558919071
Current Validation Accuracy: 0.875297773174521
Current Validation Loss: 0.0018574895826101493
Epoch 69
Best Validation Accuracy: 0.8770208558919071
Current Validation Accuracy: 0.8728025987477049
Current Validation Loss: 0.0018914659912485977
Epoch 70
Best Validation Accuracy: 0.8770208558919071
Current Validation Accuracy: 0.8726990254696106
Current Validation Loss: 0.0018993396602957201
Epoch 71
Best Validation Accuracy: 0.8770208558919071
Current Validation Accuracy: 0.8743561979191187
Current Validation Loss: 0.001876025600939797
Epoch 72
Best Validation Accuracy: 0.8770208558919071
Current Validation Accuracy: 0.8766724730474084
Current Validation Loss: 0.0018538505825292178
Epoch 73
Best Validation Accuracy: 0.8770208558919071
Current Validation Accuracy: 0.8698366366931877
Current Validation Loss: 0.0019397596411098671
Epoch 74
Best Validation Accuracy: 0.8770208558919071
Current Validation Accuracy: 0.8762770114401394
Current Validation Loss: 0.0018445810741985604
Epoch 75
Best Validation Accuracy: 0.8770208558919071
Current Validation Accuracy: 0.8764653264912198
Current Validation Loss: 0.00185163748151507
Epoch 76
Best Validation Accuracy: 0.8770208558919071
Current Validation Accuracy: 0.8760510333788428
Current Validation Loss: 0.0018544175373026838
Epoch 77
Best Validation Accuracy: 0.8770208558919071
Current Validation Accuracy: 0.869563579869121
Current Validation Loss: 0.0019445018793621685
Epoch 78
Best Validation Accuracy: 0.8770208558919071
Current Validation Accuracy: 0.8728967562732451
Current Validation Loss: 0.0018936027783379088
Epoch 79
Best Validation Accuracy: 0.8770208558919071
Current Validation Accuracy: 0.8760792806365049
Current Validation Loss: 0.0018438254220804124
Epoch 80
Best Validation Accuracy: 0.8770208558919071
Current Validation Accuracy: 0.8693658490654865
Current Validation Loss: 0.0019498161730594113
Epoch 81
Best Validation Accuracy: 0.8770208558919071
Current Validation Accuracy: 0.8766442257897462
Current Validation Loss: 0.0018438213418519047
Epoch 82
Best Validation Accuracy: 0.8770208558919071
Current Validation Accuracy: 0.8762864271926933
Current Validation Loss: 0.001848378977720125
Epoch 83
Best Validation Accuracy: 0.8770208558919071
Current Validation Accuracy: 0.873650016477567
Current Validation Loss: 0.0018846035400727089
Epoch 84
Best Validation Accuracy: 0.8770208558919071
Current Validation Accuracy: 0.874911727319806
Current Validation Loss: 0.0018626609845471458
Epoch 85
Best Validation Accuracy: 0.8770208558919071
Current Validation Accuracy: 0.8630761263593992
Current Validation Loss: 0.0020242355291432935
Epoch 86
Best Validation Accuracy: 0.8770208558919071
Current Validation Accuracy: 0.8695918271267831
Current Validation Loss: 0.0019492618553349204
Epoch 87
Best Validation Accuracy: 0.8770208558919071
Current Validation Accuracy: 0.8760133703686267
Current Validation Loss: 0.0018508670091920865
Epoch 88
Best Validation Accuracy: 0.8770208558919071
Current Validation Accuracy: 0.8760322018737348
Current Validation Loss: 0.0018574045110874653
Epoch 89
Best Validation Accuracy: 0.8770208558919071
Current Validation Accuracy: 0.8727178569747187
Current Validation Loss: 0.0018893084825586505
Epoch 90
Best Validation Accuracy: 0.8770208558919071
Current Validation Accuracy: 0.8746951650110635
Current Validation Loss: 0.0018730142943676478
Epoch 91
Best Validation Accuracy: 0.8770208558919071
Current Validation Accuracy: 0.8757591450496681
Current Validation Loss: 0.001858809974917438
Epoch 92
Best Validation Accuracy: 0.8770208558919071
Current Validation Accuracy: 0.8752130314015347
Current Validation Loss: 0.0018601170070404488
Epoch 93
Best Validation Accuracy: 0.8770208558919071
Current Validation Accuracy: 0.8738948260439716
Current Validation Loss: 0.0018843316165052066
Epoch 94
Best Validation Accuracy: 0.8770208558919071
Current Validation Accuracy: 0.8719834282755049
Current Validation Loss: 0.0019222571979353171
Epoch 95
Best Validation Accuracy: 0.8770208558919071
Current Validation Accuracy: 0.8717197872039922
Current Validation Loss: 0.001929080419371814
Epoch 96
Best Validation Accuracy: 0.8770208558919071
Current Validation Accuracy: 0.8770302716444612
Current Validation Loss: 0.0018603220533602914
Saving best model based on accuracy
Epoch 97
Best Validation Accuracy: 0.8770302716444612
Current Validation Accuracy: 0.8757685608022221
Current Validation Loss: 0.0018571531065192455
Epoch 98
Best Validation Accuracy: 0.8770302716444612
Current Validation Accuracy: 0.8754672567204934
Current Validation Loss: 0.001859746317838546
Epoch 99
[[4.35766485e-03 1.41902074e-05 9.95628119e-01]
 [9.67519760e-01 1.71240363e-02 1.53561970e-02]
 [1.16104381e-02 9.99631593e-04 9.87389922e-01]
 [1.53237348e-03 9.89027023e-01 9.44061577e-03]
 [8.39968741e-01 6.85402304e-02 9.14910883e-02]
 [2.21080154e-05 9.93458092e-01 6.51982194e-03]
 [2.21715774e-03 9.93479252e-01 4.30362578e-03]
 [7.75177896e-01 1.02563113e-01 1.22258991e-01]
 [9.99837756e-01 6.71498055e-05 9.50553440e-05]
 [8.16268861e-01 1.11171760e-01 7.25593567e-02]
 [8.83594990e-01 5.44147789e-02 6.19901903e-02]
 [6.53837749e-04 1.88511592e-06 9.99344289e-01]
 [9.96350765e-01 1.26785738e-03 2.38126493e-03]
 [5.94006062e-01 1.89856693e-01 2.16137201e-01]
 [1.05253629e-01 7.86001861e-01 1.08744524e-01]
 [7.62531102e-01 1.11131802e-01 1.26337081e-01]
 [9.99953039e-03 9.78006601e-01 1.19938944e-02]
 [8.23014125e-06 2.83696693e-07 9.99991536e-01]
 [3.55815560e-01 2.09485531e-01 4.34698880e-01]
 [9.42929566e-01 2.65766829e-02 3.04936767e-02]]
[[4.35766485e-03 1.41902074e-05 9.95628119e-01]
 [9.67519760e-01 1.71240363e-02 1.53561970e-02]
 [1.16104381e-02 9.99631593e-04 9.87389922e-01]
 [1.53237348e-03 9.89027023e-01 9.44061577e-03]
 [8.39968741e-01 6.85402304e-02 9.14910883e-02]
 [2.21080154e-05 9.93458092e-01 6.51982194e-03]
 [2.21715774e-03 9.93479252e-01 4.30362578e-03]
 [7.75177896e-01 1.02563113e-01 1.22258991e-01]
 [9.99837756e-01 6.71498055e-05 9.50553440e-05]
 [8.16268861e-01 1.11171760e-01 7.25593567e-02]
 [8.83594990e-01 5.44147789e-02 6.19901903e-02]
 [6.53837749e-04 1.88511592e-06 9.99344289e-01]
 [9.96350765e-01 1.26785738e-03 2.38126493e-03]
 [5.94006062e-01 1.89856693e-01 2.16137201e-01]
 [1.05253629e-01 7.86001861e-01 1.08744524e-01]
 [7.62531102e-01 1.11131802e-01 1.26337081e-01]
 [9.99953039e-03 9.78006601e-01 1.19938944e-02]
 [8.23014125e-06 2.83696693e-07 9.99991536e-01]
 [3.55815560e-01 2.09485531e-01 4.34698880e-01]
 [9.42929566e-01 2.65766829e-02 3.04936767e-02]]
[[0. 0. 1.]
 [1. 0. 0.]
 [0. 0. 1.]
 [0. 1. 0.]
 [1. 0. 0.]
 [0. 1. 0.]
 [0. 1. 0.]
 [0. 0. 1.]
 [1. 0. 0.]
 [1. 0. 0.]
 [1. 0. 0.]
 [0. 0. 1.]
 [1. 0. 0.]
 [0. 0. 1.]
 [0. 1. 0.]
 [1. 0. 0.]
 [0. 1. 0.]
 [0. 0. 1.]
 [1. 0. 0.]
 [1. 0. 0.]]
Best Validation Accuracy: 0.8770302716444612
Current Validation Accuracy: 0.8754860882256015
Current Validation Loss: 0.001867463272213122
Saving last model
