Running "module reset". Resetting modules to system default. The following $MODULEPATH directories have been removed: None
A conda environment has been detected CONDA_PREFIX=
/u/avroy/.conda/envs/toptagger_env 
anaconda3_gpu is loaded. Consider running conda deactivate and reloading it.

Currently Loaded Modules:
  1) cue-login-env/1.0   4) gcc/11.2.0    7) openmpi/4.1.2
  2) default             5) cuda/11.6.1   8) cudnn/8.4.1.50
  3) modtree/gpu         6) ucx/1.11.2    9) anaconda3_gpu/4.13.0

 

/u/avroy/UQ_XAI_Studies/models/PFIN_UQ/model/jobsub
total 192K
-rw-rw----+ 1 avroy delta_bbhj  925 Mar 31 16:58 jobsubmitter_dummy.py
-rw-rw----+ 1 avroy delta_bbhj  15K May 18 13:59 jobsubmitter.py
-rw-rw----+ 1 avroy delta_bbhj 1.1K May 18 14:02 UQPFIN-run-JNqgmerged_0.1_baseline.slurm
-rw-rw----+ 1 avroy delta_bbhj 1.1K May 18 14:02 UQPFIN-run-JNqgmerged_0.1_skiptop.slurm
-rw-rw----+ 1 avroy delta_bbhj 1.1K May 18 14:02 UQPFIN-run-JNqgmerged_0.1_skipwz.slurm
-rw-rw----+ 1 avroy delta_bbhj 1.1K May 18 14:02 UQPFIN-run-JNqgmerged_0_baseline.slurm
-rw-rw----+ 1 avroy delta_bbhj 1.1K May 18 14:02 UQPFIN-run-JNqgmerged_0_skiptop.slurm
-rw-rw----+ 1 avroy delta_bbhj 1.1K May 18 14:02 UQPFIN-run-JNqgmerged_0_skipwz.slurm
-rw-rw----+ 1 avroy delta_bbhj 1.1K May 18 14:02 UQPFIN-run-JNqgmerged_nominal_baseline.slurm
-rw-rw----+ 1 avroy delta_bbhj 1.1K May 18 14:02 UQPFIN-run-JNqgmerged_nominal_skiptop.slurm
-rw-rw----+ 1 avroy delta_bbhj 1.1K May 18 14:02 UQPFIN-run-JNqgmerged_nominal_skipwz.slurm
-rw-rw----+ 1 avroy delta_bbhj 1.1K May 18 14:02 UQPFIN-run-JNqgmerged_softmax_baseline_0.slurm
-rw-rw----+ 1 avroy delta_bbhj 1.1K May 18 14:02 UQPFIN-run-JNqgmerged_softmax_baseline_1.slurm
-rw-rw----+ 1 avroy delta_bbhj 1.1K May 18 14:02 UQPFIN-run-JNqgmerged_softmax_baseline_2.slurm
-rw-rw----+ 1 avroy delta_bbhj 1.1K May 18 14:02 UQPFIN-run-JNqgmerged_softmax_baseline_3.slurm
-rw-rw----+ 1 avroy delta_bbhj 1.1K May 18 14:02 UQPFIN-run-JNqgmerged_softmax_baseline_4.slurm
-rw-rw----+ 1 avroy delta_bbhj 1.1K May 18 14:02 UQPFIN-run-JNqgmerged_softmax_baseline_5.slurm
-rw-rw----+ 1 avroy delta_bbhj 1.1K May 18 14:02 UQPFIN-run-JNqgmerged_softmax_baseline_6.slurm
-rw-rw----+ 1 avroy delta_bbhj 1.1K May 18 14:02 UQPFIN-run-JNqgmerged_softmax_baseline_7.slurm
-rw-rw----+ 1 avroy delta_bbhj 1.1K May 18 14:02 UQPFIN-run-JNqgmerged_softmax_baseline_8.slurm
-rw-rw----+ 1 avroy delta_bbhj 1.1K May 18 14:02 UQPFIN-run-JNqgmerged_softmax_baseline_9.slurm
-rw-rw----+ 1 avroy delta_bbhj 1.2K May 18 14:02 UQPFIN-run-JNqgmerged_softmax_dropout_baseline.slurm
-rw-rw----+ 1 avroy delta_bbhj 1.2K May 18 14:02 UQPFIN-run-JNqgmerged_softmax_dropout_skiptop.slurm
-rw-rw----+ 1 avroy delta_bbhj 1.2K May 18 14:02 UQPFIN-run-JNqgmerged_softmax_dropout_skipwz.slurm
-rw-rw----+ 1 avroy delta_bbhj 1.1K May 18 14:02 UQPFIN-run-JNqgmerged_softmax_skiptop_0.slurm
-rw-rw----+ 1 avroy delta_bbhj 1.1K May 18 14:02 UQPFIN-run-JNqgmerged_softmax_skiptop_1.slurm
-rw-rw----+ 1 avroy delta_bbhj 1.1K May 18 14:02 UQPFIN-run-JNqgmerged_softmax_skiptop_2.slurm
-rw-rw----+ 1 avroy delta_bbhj 1.1K May 18 14:02 UQPFIN-run-JNqgmerged_softmax_skiptop_3.slurm
-rw-rw----+ 1 avroy delta_bbhj 1.1K May 18 14:02 UQPFIN-run-JNqgmerged_softmax_skiptop_4.slurm
-rw-rw----+ 1 avroy delta_bbhj 1.1K May 18 14:02 UQPFIN-run-JNqgmerged_softmax_skiptop_5.slurm
-rw-rw----+ 1 avroy delta_bbhj 1.1K May 18 14:02 UQPFIN-run-JNqgmerged_softmax_skiptop_6.slurm
-rw-rw----+ 1 avroy delta_bbhj 1.1K May 18 14:02 UQPFIN-run-JNqgmerged_softmax_skiptop_7.slurm
-rw-rw----+ 1 avroy delta_bbhj 1.1K May 18 14:02 UQPFIN-run-JNqgmerged_softmax_skiptop_8.slurm
-rw-rw----+ 1 avroy delta_bbhj 1.1K May 18 14:02 UQPFIN-run-JNqgmerged_softmax_skiptop_9.slurm
-rw-rw----+ 1 avroy delta_bbhj 1.1K May 18 14:02 UQPFIN-run-JNqgmerged_softmax_skipwz_0.slurm
-rw-rw----+ 1 avroy delta_bbhj 1.1K May 18 14:02 UQPFIN-run-JNqgmerged_softmax_skipwz_1.slurm
-rw-rw----+ 1 avroy delta_bbhj 1.1K May 18 14:02 UQPFIN-run-JNqgmerged_softmax_skipwz_2.slurm
-rw-rw----+ 1 avroy delta_bbhj 1.1K May 18 14:02 UQPFIN-run-JNqgmerged_softmax_skipwz_3.slurm
-rw-rw----+ 1 avroy delta_bbhj 1.1K May 18 14:02 UQPFIN-run-JNqgmerged_softmax_skipwz_4.slurm
-rw-rw----+ 1 avroy delta_bbhj 1.1K May 18 14:02 UQPFIN-run-JNqgmerged_softmax_skipwz_5.slurm
-rw-rw----+ 1 avroy delta_bbhj 1.1K May 18 14:02 UQPFIN-run-JNqgmerged_softmax_skipwz_6.slurm
-rw-rw----+ 1 avroy delta_bbhj 1.1K May 18 14:02 UQPFIN-run-JNqgmerged_softmax_skipwz_7.slurm
-rw-rw----+ 1 avroy delta_bbhj 1.1K May 18 14:02 UQPFIN-run-JNqgmerged_softmax_skipwz_8.slurm
-rw-rw----+ 1 avroy delta_bbhj 1.1K May 18 14:02 UQPFIN-run-JNqgmerged_softmax_skipwz_9.slurm
-rw-------+ 1 avroy delta_bbhj  969 May 15 09:44 UQPFIN-run.slurm
/projects/bbhj/avroy/UQ_XAI_Studies/models/PFIN_UQ/model
total 156K
drwxr-s---+ 2 avroy delta_bbhj  12K May 18 16:57 jobouts
drwxr-s---+ 2 avroy delta_bbhj 4.0K May 18 14:02 jobsub
-rw-rw----+ 1 avroy delta_bbhj 8.4K May 15 14:46 PFINDataset.py
drwxrws---+ 2 avroy delta_bbhj 4.0K May 18 09:47 __pycache__
drwxrws---+ 2 avroy delta_bbhj  12K May 18 16:42 trained_model_dicts
drwxr-s---+ 2 avroy delta_bbhj 4.0K Mar 31 15:09 trained_model_dicts_old
drwxrws---+ 2 avroy delta_bbhj  20K May 18 16:57 trained_models
drwxr-s---+ 2 avroy delta_bbhj 4.0K Mar 31 15:10 trained_models_old
-rw-rw----+ 1 avroy delta_bbhj  23K May 18 15:52 train_mod.py
-rw-rw----+ 1 avroy delta_bbhj  23K May 18 15:45 train_mod.py~
-rw-rw----+ 1 avroy delta_bbhj  20K May 18 13:50 train.py
-rw-rw----+ 1 avroy delta_bbhj  13K May  5 09:36 UQPFIN.py
job is starting on gpua053.delta.ncsa.illinois.edu
# conda environments:
#
base                     /sw/external/python/anaconda3
toptagger_env         *  /u/avroy/.conda/envs/toptagger_env

/sw/external/python/anaconda3_gpu/bin/python
==========================================================================================
Layer (type:depth-idx)                   Output Shape              Param #
==========================================================================================
UQPFIN                                   [1, 2]                    --
├─Sequential: 1-1                        [30, 64]                  --
│    └─Sequential: 2-1                   [30, 100]                 --
│    │    └─Linear: 3-1                  [30, 100]                 400
│    │    └─ReLU: 3-2                    [30, 100]                 --
│    └─Sequential: 2-2                   [30, 100]                 --
│    │    └─Linear: 3-3                  [30, 100]                 10,100
│    │    └─ReLU: 3-4                    [30, 100]                 --
│    └─Sequential: 2-3                   [30, 64]                  --
│    │    └─Linear: 3-5                  [30, 64]                  6,464
│    │    └─ReLU: 3-6                    [30, 64]                  --
├─Sequential: 1-2                        [435, 64]                 --
│    └─Sequential: 2-4                   [435, 128]                --
│    │    └─Linear: 3-7                  [435, 128]                640
│    │    └─ReLU: 3-8                    [435, 128]                --
│    └─Sequential: 2-5                   [435, 128]                --
│    │    └─Linear: 3-9                  [435, 128]                16,512
│    │    └─ReLU: 3-10                   [435, 128]                --
│    └─Sequential: 2-6                   [435, 64]                 --
│    │    └─Linear: 3-11                 [435, 64]                 8,256
│    │    └─ReLU: 3-12                   [435, 64]                 --
├─Sequential: 1-3                        [30, 64]                  --
│    └─Sequential: 2-7                   [30, 128]                 --
│    │    └─Linear: 3-13                 [30, 128]                 8,704
│    │    └─ReLU: 3-14                   [30, 128]                 --
│    └─Sequential: 2-8                   [30, 128]                 --
│    │    └─Linear: 3-15                 [30, 128]                 16,512
│    │    └─ReLU: 3-16                   [30, 128]                 --
│    └─Sequential: 2-9                   [30, 64]                  --
│    │    └─Linear: 3-17                 [30, 64]                  8,256
│    │    └─ReLU: 3-18                   [30, 64]                  --
├─Sequential: 1-4                        [1, 2]                    --
│    └─Sequential: 2-10                  [1, 64]                   --
│    │    └─Linear: 3-19                 [1, 64]                   4,160
│    │    └─ReLU: 3-20                   [1, 64]                   --
│    └─Sequential: 2-11                  [1, 100]                  --
│    │    └─Linear: 3-21                 [1, 100]                  6,500
│    │    └─ReLU: 3-22                   [1, 100]                  --
│    └─Sequential: 2-12                  [1, 100]                  --
│    │    └─Linear: 3-23                 [1, 100]                  10,100
│    │    └─ReLU: 3-24                   [1, 100]                  --
│    └─Linear: 2-13                      [1, 2]                    202
│    └─Softmax: 2-14                     [1, 2]                    --
==========================================================================================
Total params: 96,806
Trainable params: 96,806
Non-trainable params: 0
Total mult-adds (M): 12.59
==========================================================================================
Input size (MB): 0.00
Forward/backward pass size (MB): 1.26
Params size (MB): 0.39
Estimated Total Size (MB): 1.64
==========================================================================================
data type:  JNqgmerged
m_logic, pt_logic, eta_logic:  AND AND AND
m1, m2, pt1, pt2, eta1, eta2:  0.0 10000.0 0.0 10000.0 -6.0 6.0
skip labels:  [2, 3]
classes:  2
Epoch 0
Best Validation Accuracy: 0
Current Validation Accuracy: 0.8846743456675527
Current Validation Loss: 0.0022347957179168895
Saving best model based on accuracy
Epoch 1
Best Validation Accuracy: 0.8846743456675527
Current Validation Accuracy: 0.886572999732782
Current Validation Loss: 0.0022001623174348595
Saving best model based on accuracy
Epoch 2
Best Validation Accuracy: 0.886572999732782
Current Validation Accuracy: 0.8786408449713795
Current Validation Loss: 0.0023320905330145815
Epoch 3
Best Validation Accuracy: 0.886572999732782
Current Validation Accuracy: 0.8881763076100868
Current Validation Loss: 0.0021676742614590615
Saving best model based on accuracy
Epoch 4
Best Validation Accuracy: 0.8881763076100868
Current Validation Accuracy: 0.8919876798447323
Current Validation Loss: 0.0021218439642986314
Saving best model based on accuracy
Epoch 5
Best Validation Accuracy: 0.8919876798447323
Current Validation Accuracy: 0.8934362825759813
Current Validation Loss: 0.0020638957307195973
Saving best model based on accuracy
Epoch 6
Best Validation Accuracy: 0.8934362825759813
Current Validation Accuracy: 0.894322321139755
Current Validation Loss: 0.0020588391154621826
Saving best model based on accuracy
Epoch 7
Best Validation Accuracy: 0.894322321139755
Current Validation Accuracy: 0.8946598596402402
Current Validation Loss: 0.002056353571994941
Saving best model based on accuracy
Epoch 8
Best Validation Accuracy: 0.8946598596402402
Current Validation Accuracy: 0.8977961548739153
Current Validation Loss: 0.0019854404896817533
Saving best model based on accuracy
Epoch 9
Best Validation Accuracy: 0.8977961548739153
Current Validation Accuracy: 0.895419321266332
Current Validation Loss: 0.00201655052439978
Epoch 10
Best Validation Accuracy: 0.8977961548739153
Current Validation Accuracy: 0.8971492060813187
Current Validation Loss: 0.0019876284752785973
Epoch 11
Best Validation Accuracy: 0.8977961548739153
Current Validation Accuracy: 0.8959256290170597
Current Validation Loss: 0.002020044408800122
Epoch 12
Best Validation Accuracy: 0.8977961548739153
Current Validation Accuracy: 0.8983305908330169
Current Validation Loss: 0.001959997115520067
Saving best model based on accuracy
Epoch 13
Best Validation Accuracy: 0.8983305908330169
Current Validation Accuracy: 0.8981055651660268
Current Validation Loss: 0.0019891691482130987
Epoch 14
Best Validation Accuracy: 0.8983305908330169
Current Validation Accuracy: 0.8993853986470332
Current Validation Loss: 0.001957223151813467
Saving best model based on accuracy
Epoch 15
Best Validation Accuracy: 0.8993853986470332
Current Validation Accuracy: 0.899765129460079
Current Validation Loss: 0.001942342661598112
Saving best model based on accuracy
Epoch 16
Best Validation Accuracy: 0.899765129460079
Current Validation Accuracy: 0.8995401037930889
Current Validation Loss: 0.0019510654731301328
Epoch 17
Best Validation Accuracy: 0.899765129460079
Current Validation Accuracy: 0.8996385525223971
Current Validation Loss: 0.0019476526052930386
Epoch 18
Best Validation Accuracy: 0.899765129460079
Current Validation Accuracy: 0.9007074244406003
Current Validation Loss: 0.00192338587179745
Saving best model based on accuracy
Epoch 19
Best Validation Accuracy: 0.9007074244406003
Current Validation Accuracy: 0.8995119755847152
Current Validation Loss: 0.001981641420685584
Epoch 20
Best Validation Accuracy: 0.9007074244406003
Current Validation Accuracy: 0.9011574757745805
Current Validation Loss: 0.0019253791461007269
Saving best model based on accuracy
Epoch 21
Best Validation Accuracy: 0.9011574757745805
Current Validation Accuracy: 0.9018747450881116
Current Validation Loss: 0.0019090456545613644
Saving best model based on accuracy
Epoch 22
Best Validation Accuracy: 0.9018747450881116
Current Validation Accuracy: 0.9008761936908428
Current Validation Loss: 0.0019143981348755186
Epoch 23
Best Validation Accuracy: 0.9018747450881116
Current Validation Accuracy: 0.8988368985837447
Current Validation Loss: 0.0019389638000873652
Epoch 24
Best Validation Accuracy: 0.9018747450881116
Current Validation Accuracy: 0.9018888091922985
Current Validation Loss: 0.0019119350637584564
Saving best model based on accuracy
Epoch 25
Best Validation Accuracy: 0.9018888091922985
Current Validation Accuracy: 0.9016919117336821
Current Validation Loss: 0.0019145813632235739
Epoch 26
Best Validation Accuracy: 0.9018888091922985
Current Validation Accuracy: 0.9020575784425411
Current Validation Loss: 0.001885003744847526
Saving best model based on accuracy
Epoch 27
Best Validation Accuracy: 0.9020575784425411
Current Validation Accuracy: 0.8998213858768266
Current Validation Loss: 0.0019339235126490184
Epoch 28
Best Validation Accuracy: 0.9020575784425411
Current Validation Accuracy: 0.9020857066509149
Current Validation Loss: 0.0018989408749118227
Saving best model based on accuracy
Epoch 29
Best Validation Accuracy: 0.9020857066509149
Current Validation Accuracy: 0.9032530272984263
Current Validation Loss: 0.0018658271931499416
Saving best model based on accuracy
Epoch 30
Best Validation Accuracy: 0.9032530272984263
Current Validation Accuracy: 0.9031123862565574
Current Validation Loss: 0.001880505444578398
Epoch 31
Best Validation Accuracy: 0.9032530272984263
Current Validation Accuracy: 0.8968257316850203
Current Validation Loss: 0.0019699899477415334
Epoch 32
Best Validation Accuracy: 0.9032530272984263
Current Validation Accuracy: 0.9033514760277345
Current Validation Loss: 0.0018619203810440147
Saving best model based on accuracy
Epoch 33
Best Validation Accuracy: 0.9033514760277345
Current Validation Accuracy: 0.902929552902128
Current Validation Loss: 0.0018767622740601037
Epoch 34
Best Validation Accuracy: 0.9033514760277345
Current Validation Accuracy: 0.9029717452146886
Current Validation Loss: 0.0018855151607765838
Epoch 35
Best Validation Accuracy: 0.9033514760277345
Current Validation Accuracy: 0.9043218992166294
Current Validation Loss: 0.0018557854039820633
Saving best model based on accuracy
Epoch 36
Best Validation Accuracy: 0.9043218992166294
Current Validation Accuracy: 0.9001589243773118
Current Validation Loss: 0.0019457452078300705
Epoch 37
Best Validation Accuracy: 0.9043218992166294
Current Validation Accuracy: 0.902184155380223
Current Validation Loss: 0.0018886311738556076
Epoch 38
Best Validation Accuracy: 0.9043218992166294
Current Validation Accuracy: 0.9017481681504297
Current Validation Loss: 0.0018869979452471887
Epoch 39
Best Validation Accuracy: 0.9043218992166294
Current Validation Accuracy: 0.901227796295515
Current Validation Loss: 0.0018944135033056415
Epoch 40
Best Validation Accuracy: 0.9043218992166294
Current Validation Accuracy: 0.8955740264123877
Current Validation Loss: 0.001991807502404132
Epoch 41
Best Validation Accuracy: 0.9043218992166294
Current Validation Accuracy: 0.9043218992166294
Current Validation Loss: 0.001848012823192617
Epoch 42
Best Validation Accuracy: 0.9043218992166294
Current Validation Accuracy: 0.9015653347960002
Current Validation Loss: 0.0019003727390655724
Epoch 43
Best Validation Accuracy: 0.9043218992166294
Current Validation Accuracy: 0.902310732317905
Current Validation Loss: 0.0018821602223746115
Epoch 44
Best Validation Accuracy: 0.9043218992166294
Current Validation Accuracy: 0.9039421684035835
Current Validation Loss: 0.0018599522903172
Epoch 45
Best Validation Accuracy: 0.9043218992166294
Current Validation Accuracy: 0.9031123862565574
Current Validation Loss: 0.0018704034768542367
Epoch 46
Best Validation Accuracy: 0.9043218992166294
Current Validation Accuracy: 0.9040546812370786
Current Validation Loss: 0.0018553252380258038
Epoch 47
Best Validation Accuracy: 0.9043218992166294
Current Validation Accuracy: 0.9043359633208162
Current Validation Loss: 0.0018599836062696273
Saving best model based on accuracy
Epoch 48
Best Validation Accuracy: 0.9043359633208162
Current Validation Accuracy: 0.9041109376538261
Current Validation Loss: 0.0018667127721377027
Epoch 49
Best Validation Accuracy: 0.9043359633208162
Current Validation Accuracy: 0.9030139375272492
Current Validation Loss: 0.001882609988450786
Epoch 50
Best Validation Accuracy: 0.9043359633208162
Current Validation Accuracy: 0.9048422710715441
Current Validation Loss: 0.0018760006955851499
Saving best model based on accuracy
Epoch 51
Best Validation Accuracy: 0.9048422710715441
Current Validation Accuracy: 0.902310732317905
Current Validation Loss: 0.0018795013034578272
Epoch 52
Best Validation Accuracy: 0.9048422710715441
Current Validation Accuracy: 0.9040687453412655
Current Validation Loss: 0.001855274885018955
Epoch 53
Best Validation Accuracy: 0.9048422710715441
Current Validation Accuracy: 0.9050532326343473
Current Validation Loss: 0.0018459842421719372
Saving best model based on accuracy
Epoch 54
Best Validation Accuracy: 0.9050532326343473
Current Validation Accuracy: 0.9041671940705737
Current Validation Loss: 0.0018710285204507386
Epoch 55
Best Validation Accuracy: 0.9050532326343473
Current Validation Accuracy: 0.9026623349225771
Current Validation Loss: 0.0018899695168396154
Epoch 56
Best Validation Accuracy: 0.9050532326343473
Current Validation Accuracy: 0.9045469248836195
Current Validation Loss: 0.001864802499458766
Epoch 57
Best Validation Accuracy: 0.9050532326343473
Current Validation Accuracy: 0.9033936683402951
Current Validation Loss: 0.0018886310591152203
Epoch 58
Best Validation Accuracy: 0.9050532326343473
Current Validation Accuracy: 0.9041671940705737
Current Validation Loss: 0.0018641491890701363
Epoch 59
Best Validation Accuracy: 0.9050532326343473
Current Validation Accuracy: 0.902184155380223
Current Validation Loss: 0.001889493876439369
Epoch 60
Best Validation Accuracy: 0.9050532326343473
Current Validation Accuracy: 0.9025920144016427
Current Validation Loss: 0.001915717981709104
Epoch 61
Best Validation Accuracy: 0.9050532326343473
Current Validation Accuracy: 0.9016637835253084
Current Validation Loss: 0.001955868217788608
Epoch 62
Best Validation Accuracy: 0.9050532326343473
Current Validation Accuracy: 0.9049125915924785
Current Validation Loss: 0.0018641804699193404
Epoch 63
Best Validation Accuracy: 0.9050532326343473
Current Validation Accuracy: 0.9034217965486688
Current Validation Loss: 0.0018817864397929365
Epoch 64
Best Validation Accuracy: 0.9050532326343473
Current Validation Accuracy: 0.9040828094454524
Current Validation Loss: 0.0018803607936251031
Epoch 65
Best Validation Accuracy: 0.9050532326343473
Current Validation Accuracy: 0.9021278989634756
Current Validation Loss: 0.0019104493126987166
Epoch 66
Best Validation Accuracy: 0.9050532326343473
Current Validation Accuracy: 0.9046594377171147
Current Validation Loss: 0.0018632741483844248
Epoch 67
Best Validation Accuracy: 0.9050532326343473
Current Validation Accuracy: 0.9037874632575278
Current Validation Loss: 0.0018763404726787635
Epoch 68
Best Validation Accuracy: 0.9050532326343473
Current Validation Accuracy: 0.9040687453412655
Current Validation Loss: 0.0018784073691298492
Epoch 69
Best Validation Accuracy: 0.9050532326343473
Current Validation Accuracy: 0.9045609889878065
Current Validation Loss: 0.0018905613223988284
Epoch 70
Best Validation Accuracy: 0.9050532326343473
Current Validation Accuracy: 0.9047016300296753
Current Validation Loss: 0.0018853831070603786
Epoch 71
Best Validation Accuracy: 0.9050532326343473
Current Validation Accuracy: 0.9048000787589835
Current Validation Loss: 0.0018644569594637127
Epoch 72
Best Validation Accuracy: 0.9050532326343473
Current Validation Accuracy: 0.9052360659887768
Current Validation Loss: 0.0018700716540462807
Saving best model based on accuracy
Epoch 73
Best Validation Accuracy: 0.9052360659887768
Current Validation Accuracy: 0.9033514760277345
Current Validation Loss: 0.0019153083797981774
Epoch 74
Best Validation Accuracy: 0.9052360659887768
Current Validation Accuracy: 0.9041531299663867
Current Validation Loss: 0.0019359914159862968
Epoch 75
Best Validation Accuracy: 0.9052360659887768
Current Validation Accuracy: 0.4979396087366215
Current Validation Loss: nan
Validation accuracy dropped by more than 10%. Reloading best model
Epoch 76
Best Validation Accuracy: 0.9052360659887768
Current Validation Accuracy: 0.4979396087366215
Current Validation Loss: nan
Validation accuracy dropped by more than 10%. Reloading best model
Epoch 77
Best Validation Accuracy: 0.9052360659887768
Current Validation Accuracy: 0.4979396087366215
Current Validation Loss: nan
Validation accuracy dropped by more than 10%. Reloading best model
Epoch 78
Best Validation Accuracy: 0.9052360659887768
Current Validation Accuracy: 0.4979396087366215
Current Validation Loss: nan
Validation accuracy dropped by more than 10%. Reloading best model
Epoch 79
Best Validation Accuracy: 0.9052360659887768
Current Validation Accuracy: 0.4979396087366215
Current Validation Loss: nan
Validation accuracy dropped by more than 10%. Reloading best model
Epoch 80
Best Validation Accuracy: 0.9052360659887768
Current Validation Accuracy: 0.4979396087366215
Current Validation Loss: nan
Validation accuracy dropped by more than 10%. Reloading best model
Epoch 81
Best Validation Accuracy: 0.9052360659887768
Current Validation Accuracy: 0.4979396087366215
Current Validation Loss: nan
Validation accuracy dropped by more than 10%. Reloading best model
Epoch 82
Best Validation Accuracy: 0.9052360659887768
Current Validation Accuracy: 0.4979396087366215
Current Validation Loss: nan
Validation accuracy dropped by more than 10%. Reloading best model
Epoch 83
Best Validation Accuracy: 0.9052360659887768
Current Validation Accuracy: 0.4979396087366215
Current Validation Loss: nan
Validation accuracy dropped by more than 10%. Reloading best model
Epoch 84
Best Validation Accuracy: 0.9052360659887768
Current Validation Accuracy: 0.4979396087366215
Current Validation Loss: nan
Validation accuracy dropped by more than 10%. Reloading best model
Epoch 85
Best Validation Accuracy: 0.9052360659887768
Current Validation Accuracy: 0.4979396087366215
Current Validation Loss: nan
Validation accuracy dropped by more than 10%. Reloading best model
Epoch 86
Best Validation Accuracy: 0.9052360659887768
Current Validation Accuracy: 0.4979396087366215
Current Validation Loss: nan
Validation accuracy dropped by more than 10%. Reloading best model
Epoch 87
Best Validation Accuracy: 0.9052360659887768
Current Validation Accuracy: 0.4979396087366215
Current Validation Loss: nan
Validation accuracy dropped by more than 10%. Reloading best model
Epoch 88
Best Validation Accuracy: 0.9052360659887768
Current Validation Accuracy: 0.4979396087366215
Current Validation Loss: nan
Validation accuracy dropped by more than 10%. Reloading best model
Epoch 89
Best Validation Accuracy: 0.9052360659887768
Current Validation Accuracy: 0.4979396087366215
Current Validation Loss: nan
Validation accuracy dropped by more than 10%. Reloading best model
Epoch 90
Best Validation Accuracy: 0.9052360659887768
Current Validation Accuracy: 0.4979396087366215
Current Validation Loss: nan
Validation accuracy dropped by more than 10%. Reloading best model
Epoch 91
Best Validation Accuracy: 0.9052360659887768
Current Validation Accuracy: 0.4979396087366215
Current Validation Loss: nan
Validation accuracy dropped by more than 10%. Reloading best model
Epoch 92
Best Validation Accuracy: 0.9052360659887768
Current Validation Accuracy: 0.4979396087366215
Current Validation Loss: nan
Validation accuracy dropped by more than 10%. Reloading best model
Epoch 93
Best Validation Accuracy: 0.9052360659887768
Current Validation Accuracy: 0.4979396087366215
Current Validation Loss: nan
Validation accuracy dropped by more than 10%. Reloading best model
Epoch 94
Best Validation Accuracy: 0.9052360659887768
Current Validation Accuracy: 0.4979396087366215
Current Validation Loss: nan
Validation accuracy dropped by more than 10%. Reloading best model
Epoch 95
Best Validation Accuracy: 0.9052360659887768
Current Validation Accuracy: 0.4979396087366215
Current Validation Loss: nan
Validation accuracy dropped by more than 10%. Reloading best model
Epoch 96
Best Validation Accuracy: 0.9052360659887768
Current Validation Accuracy: 0.4979396087366215
Current Validation Loss: nan
Validation accuracy dropped by more than 10%. Reloading best model
Epoch 97
Best Validation Accuracy: 0.9052360659887768
Current Validation Accuracy: 0.4979396087366215
Current Validation Loss: nan
Validation accuracy dropped by more than 10%. Reloading best model
Epoch 98
Best Validation Accuracy: 0.9052360659887768
Current Validation Accuracy: 0.4979396087366215
Current Validation Loss: nan
Validation accuracy dropped by more than 10%. Reloading best model
Epoch 99
[[nan nan]
 [nan nan]
 [nan nan]
 [nan nan]
 [nan nan]
 [nan nan]
 [nan nan]
 [nan nan]
 [nan nan]
 [nan nan]
 [nan nan]
 [nan nan]
 [nan nan]
 [nan nan]
 [nan nan]
 [nan nan]
 [nan nan]
 [nan nan]
 [nan nan]
 [nan nan]]
[[nan nan]
 [nan nan]
 [nan nan]
 [nan nan]
 [nan nan]
 [nan nan]
 [nan nan]
 [nan nan]
 [nan nan]
 [nan nan]
 [nan nan]
 [nan nan]
 [nan nan]
 [nan nan]
 [nan nan]
 [nan nan]
 [nan nan]
 [nan nan]
 [nan nan]
 [nan nan]]
[[0. 1.]
 [1. 0.]
 [0. 1.]
 [0. 1.]
 [1. 0.]
 [0. 1.]
 [1. 0.]
 [1. 0.]
 [0. 1.]
 [0. 1.]
 [0. 1.]
 [1. 0.]
 [0. 1.]
 [1. 0.]
 [0. 1.]
 [1. 0.]
 [0. 1.]
 [0. 1.]
 [1. 0.]
 [1. 0.]]
Best Validation Accuracy: 0.9052360659887768
Current Validation Accuracy: 0.4979396087366215
Current Validation Loss: nan
Validation accuracy dropped by more than 10%. Reloading best model
Saving last model
