Running "module reset". Resetting modules to system default. The following $MODULEPATH directories have been removed: None
A conda environment has been detected CONDA_PREFIX=
/sw/external/python/anaconda3 
anaconda3_gpu is loaded. Consider running conda deactivate and reloading it.

Currently Loaded Modules:
  1) cue-login-env/1.0   4) gcc/11.2.0    7) openmpi/4.1.2
  2) default             5) cuda/11.6.1   8) cudnn/8.4.1.50
  3) modtree/gpu         6) ucx/1.11.2    9) anaconda3_gpu/4.13.0

 

/u/avroy/UQ_XAI_Studies/models/PFIN_UQ/model/jobsub
total 508K
-rw-rw----+ 1 avroy delta_bbhj  925 Mar 31 16:58 jobsubmitter_dummy.py
-rw-rw----+ 1 avroy delta_bbhj 5.2K May 27 21:16 jobsubmitter_jetclass_1gpu.py
-rw-rw----+ 1 avroy delta_bbhj  15K May 27 21:04 jobsubmitter_jetclass_1gpu.py~
-rw-rw----+ 1 avroy delta_bbhj  743 May 19 01:04 jobsubmitter_jetclass.py
-rw-rw----+ 1 avroy delta_bbhj  15K May 18 13:59 jobsubmitter.py
-rw-rw----+ 1 avroy delta_bbhj 1.2K May 19 13:52 UQPFIN-jetclass-run-jetclass20M_0_baseline.slurm
-rw-------+ 1 avroy delta_bbhj  973 May 19 00:59 UQPFIN-jetclass-run.slurm
-rw-rw----+ 1 avroy delta_bbhj 1.1K May 27 21:18 UQPFIN-run-jetclass_0.1_baseline.slurm
-rw-rw----+ 1 avroy delta_bbhj 1.1K May 27 21:18 UQPFIN-run-jetclass_0.1_skiph.slurm
-rw-rw----+ 1 avroy delta_bbhj 1.1K May 27 21:18 UQPFIN-run-jetclass_0.1_skiptop.slurm
-rw-rw----+ 1 avroy delta_bbhj 1.1K May 27 21:18 UQPFIN-run-jetclass_0.1_skiptwz.slurm
-rw-rw----+ 1 avroy delta_bbhj 1.1K May 27 21:18 UQPFIN-run-jetclass_0.1_skipwz.slurm
-rw-rw----+ 1 avroy delta_bbhj 1.1K May 27 21:18 UQPFIN-run-jetclass_0_baseline.slurm
-rw-rw----+ 1 avroy delta_bbhj 1.1K May 27 21:18 UQPFIN-run-jetclass_0_skiph.slurm
-rw-rw----+ 1 avroy delta_bbhj 1.1K May 27 21:18 UQPFIN-run-jetclass_0_skiptop.slurm
-rw-rw----+ 1 avroy delta_bbhj 1.1K May 27 21:18 UQPFIN-run-jetclass_0_skiptwz.slurm
-rw-rw----+ 1 avroy delta_bbhj 1.1K May 27 21:18 UQPFIN-run-jetclass_0_skipwz.slurm
-rw-rw----+ 1 avroy delta_bbhj 1.1K May 27 21:18 UQPFIN-run-jetclass_nominal_baseline.slurm
-rw-rw----+ 1 avroy delta_bbhj 1.1K May 27 21:18 UQPFIN-run-jetclass_nominal_skiph.slurm
-rw-rw----+ 1 avroy delta_bbhj 1.1K May 27 21:18 UQPFIN-run-jetclass_nominal_skiptop.slurm
-rw-rw----+ 1 avroy delta_bbhj 1.1K May 27 21:18 UQPFIN-run-jetclass_nominal_skiptwz.slurm
-rw-rw----+ 1 avroy delta_bbhj 1.1K May 27 21:18 UQPFIN-run-jetclass_nominal_skipwz.slurm
-rw-rw----+ 1 avroy delta_bbhj 1.1K May 27 21:18 UQPFIN-run-jetclass_softmax_baseline_0.slurm
-rw-rw----+ 1 avroy delta_bbhj 1.1K May 27 21:18 UQPFIN-run-jetclass_softmax_baseline_1.slurm
-rw-rw----+ 1 avroy delta_bbhj 1.1K May 27 21:18 UQPFIN-run-jetclass_softmax_baseline_2.slurm
-rw-rw----+ 1 avroy delta_bbhj 1.1K May 27 21:18 UQPFIN-run-jetclass_softmax_baseline_3.slurm
-rw-rw----+ 1 avroy delta_bbhj 1.1K May 27 21:18 UQPFIN-run-jetclass_softmax_baseline_4.slurm
-rw-rw----+ 1 avroy delta_bbhj 1.1K May 27 21:18 UQPFIN-run-jetclass_softmax_baseline_5.slurm
-rw-rw----+ 1 avroy delta_bbhj 1.1K May 27 21:18 UQPFIN-run-jetclass_softmax_baseline_6.slurm
-rw-rw----+ 1 avroy delta_bbhj 1.1K May 27 21:18 UQPFIN-run-jetclass_softmax_baseline_7.slurm
-rw-rw----+ 1 avroy delta_bbhj 1.1K May 27 21:18 UQPFIN-run-jetclass_softmax_baseline_8.slurm
-rw-rw----+ 1 avroy delta_bbhj 1.1K May 27 21:18 UQPFIN-run-jetclass_softmax_baseline_9.slurm
-rw-rw----+ 1 avroy delta_bbhj 1.2K May 27 21:18 UQPFIN-run-jetclass_softmax_dropout_baseline.slurm
-rw-rw----+ 1 avroy delta_bbhj 1.2K May 27 21:18 UQPFIN-run-jetclass_softmax_dropout_skiph.slurm
-rw-rw----+ 1 avroy delta_bbhj 1.2K May 27 21:18 UQPFIN-run-jetclass_softmax_dropout_skiptop.slurm
-rw-rw----+ 1 avroy delta_bbhj 1.2K May 27 21:18 UQPFIN-run-jetclass_softmax_dropout_skiptwz.slurm
-rw-rw----+ 1 avroy delta_bbhj 1.2K May 27 21:18 UQPFIN-run-jetclass_softmax_dropout_skipwz.slurm
-rw-rw----+ 1 avroy delta_bbhj 1.2K May 27 21:18 UQPFIN-run-jetclass_softmax_skiph_0.slurm
-rw-rw----+ 1 avroy delta_bbhj 1.2K May 27 21:18 UQPFIN-run-jetclass_softmax_skiph_1.slurm
-rw-rw----+ 1 avroy delta_bbhj 1.2K May 27 21:18 UQPFIN-run-jetclass_softmax_skiph_2.slurm
-rw-rw----+ 1 avroy delta_bbhj 1.2K May 27 21:18 UQPFIN-run-jetclass_softmax_skiph_3.slurm
-rw-rw----+ 1 avroy delta_bbhj 1.2K May 27 21:18 UQPFIN-run-jetclass_softmax_skiph_4.slurm
-rw-rw----+ 1 avroy delta_bbhj 1.2K May 27 21:18 UQPFIN-run-jetclass_softmax_skiph_5.slurm
-rw-rw----+ 1 avroy delta_bbhj 1.2K May 27 21:18 UQPFIN-run-jetclass_softmax_skiph_6.slurm
-rw-rw----+ 1 avroy delta_bbhj 1.2K May 27 21:18 UQPFIN-run-jetclass_softmax_skiph_7.slurm
-rw-rw----+ 1 avroy delta_bbhj 1.2K May 27 21:18 UQPFIN-run-jetclass_softmax_skiph_8.slurm
-rw-rw----+ 1 avroy delta_bbhj 1.2K May 27 21:18 UQPFIN-run-jetclass_softmax_skiph_9.slurm
-rw-rw----+ 1 avroy delta_bbhj 1.2K May 27 21:18 UQPFIN-run-jetclass_softmax_skiptop_0.slurm
-rw-rw----+ 1 avroy delta_bbhj 1.2K May 27 21:18 UQPFIN-run-jetclass_softmax_skiptop_1.slurm
-rw-rw----+ 1 avroy delta_bbhj 1.2K May 27 21:18 UQPFIN-run-jetclass_softmax_skiptop_2.slurm
-rw-rw----+ 1 avroy delta_bbhj 1.2K May 27 21:18 UQPFIN-run-jetclass_softmax_skiptop_3.slurm
-rw-rw----+ 1 avroy delta_bbhj 1.2K May 27 21:18 UQPFIN-run-jetclass_softmax_skiptop_4.slurm
-rw-rw----+ 1 avroy delta_bbhj 1.2K May 27 21:18 UQPFIN-run-jetclass_softmax_skiptop_5.slurm
-rw-rw----+ 1 avroy delta_bbhj 1.2K May 27 21:18 UQPFIN-run-jetclass_softmax_skiptop_6.slurm
-rw-rw----+ 1 avroy delta_bbhj 1.2K May 27 21:18 UQPFIN-run-jetclass_softmax_skiptop_7.slurm
-rw-rw----+ 1 avroy delta_bbhj 1.2K May 27 21:18 UQPFIN-run-jetclass_softmax_skiptop_8.slurm
-rw-rw----+ 1 avroy delta_bbhj 1.2K May 27 21:18 UQPFIN-run-jetclass_softmax_skiptop_9.slurm
-rw-rw----+ 1 avroy delta_bbhj 1.2K May 27 21:18 UQPFIN-run-jetclass_softmax_skiptwz_0.slurm
-rw-rw----+ 1 avroy delta_bbhj 1.2K May 27 21:18 UQPFIN-run-jetclass_softmax_skiptwz_1.slurm
-rw-rw----+ 1 avroy delta_bbhj 1.2K May 27 21:18 UQPFIN-run-jetclass_softmax_skiptwz_2.slurm
-rw-rw----+ 1 avroy delta_bbhj 1.2K May 27 21:18 UQPFIN-run-jetclass_softmax_skiptwz_3.slurm
-rw-rw----+ 1 avroy delta_bbhj 1.2K May 27 21:18 UQPFIN-run-jetclass_softmax_skiptwz_4.slurm
-rw-rw----+ 1 avroy delta_bbhj 1.2K May 27 21:18 UQPFIN-run-jetclass_softmax_skiptwz_5.slurm
-rw-rw----+ 1 avroy delta_bbhj 1.2K May 27 21:18 UQPFIN-run-jetclass_softmax_skiptwz_6.slurm
-rw-rw----+ 1 avroy delta_bbhj 1.2K May 27 21:18 UQPFIN-run-jetclass_softmax_skiptwz_7.slurm
-rw-rw----+ 1 avroy delta_bbhj 1.2K May 27 21:18 UQPFIN-run-jetclass_softmax_skiptwz_8.slurm
-rw-rw----+ 1 avroy delta_bbhj 1.2K May 27 21:18 UQPFIN-run-jetclass_softmax_skiptwz_9.slurm
-rw-rw----+ 1 avroy delta_bbhj 1.2K May 27 21:18 UQPFIN-run-jetclass_softmax_skipwz_0.slurm
-rw-rw----+ 1 avroy delta_bbhj 1.2K May 27 21:18 UQPFIN-run-jetclass_softmax_skipwz_1.slurm
-rw-rw----+ 1 avroy delta_bbhj 1.2K May 27 21:18 UQPFIN-run-jetclass_softmax_skipwz_2.slurm
-rw-rw----+ 1 avroy delta_bbhj 1.2K May 27 21:18 UQPFIN-run-jetclass_softmax_skipwz_3.slurm
-rw-rw----+ 1 avroy delta_bbhj 1.2K May 27 21:18 UQPFIN-run-jetclass_softmax_skipwz_4.slurm
-rw-rw----+ 1 avroy delta_bbhj 1.2K May 27 21:18 UQPFIN-run-jetclass_softmax_skipwz_5.slurm
-rw-rw----+ 1 avroy delta_bbhj 1.2K May 27 21:18 UQPFIN-run-jetclass_softmax_skipwz_6.slurm
-rw-rw----+ 1 avroy delta_bbhj 1.2K May 27 21:18 UQPFIN-run-jetclass_softmax_skipwz_7.slurm
-rw-rw----+ 1 avroy delta_bbhj 1.2K May 27 21:18 UQPFIN-run-jetclass_softmax_skipwz_8.slurm
-rw-rw----+ 1 avroy delta_bbhj 1.2K May 27 21:18 UQPFIN-run-jetclass_softmax_skipwz_9.slurm
-rw-rw----+ 1 avroy delta_bbhj 1.1K May 18 14:02 UQPFIN-run-JNqgmerged_0.1_baseline.slurm
-rw-rw----+ 1 avroy delta_bbhj 1.1K May 18 14:02 UQPFIN-run-JNqgmerged_0.1_skiptop.slurm
-rw-rw----+ 1 avroy delta_bbhj 1.1K May 18 14:02 UQPFIN-run-JNqgmerged_0.1_skipwz.slurm
-rw-rw----+ 1 avroy delta_bbhj 1.1K May 18 14:02 UQPFIN-run-JNqgmerged_0_baseline.slurm
-rw-rw----+ 1 avroy delta_bbhj 1.1K May 18 14:02 UQPFIN-run-JNqgmerged_0_skiptop.slurm
-rw-rw----+ 1 avroy delta_bbhj 1.1K May 18 14:02 UQPFIN-run-JNqgmerged_0_skipwz.slurm
-rw-rw----+ 1 avroy delta_bbhj 1.1K May 18 14:02 UQPFIN-run-JNqgmerged_nominal_baseline.slurm
-rw-rw----+ 1 avroy delta_bbhj 1.1K May 18 14:02 UQPFIN-run-JNqgmerged_nominal_skiptop.slurm
-rw-rw----+ 1 avroy delta_bbhj 1.1K May 18 14:02 UQPFIN-run-JNqgmerged_nominal_skipwz.slurm
-rw-rw----+ 1 avroy delta_bbhj 1.1K May 18 14:02 UQPFIN-run-JNqgmerged_softmax_baseline_0.slurm
-rw-rw----+ 1 avroy delta_bbhj 1.1K May 18 14:02 UQPFIN-run-JNqgmerged_softmax_baseline_1.slurm
-rw-rw----+ 1 avroy delta_bbhj 1.1K May 18 14:02 UQPFIN-run-JNqgmerged_softmax_baseline_2.slurm
-rw-rw----+ 1 avroy delta_bbhj 1.1K May 18 14:02 UQPFIN-run-JNqgmerged_softmax_baseline_3.slurm
-rw-rw----+ 1 avroy delta_bbhj 1.1K May 18 14:02 UQPFIN-run-JNqgmerged_softmax_baseline_4.slurm
-rw-rw----+ 1 avroy delta_bbhj 1.1K May 18 14:02 UQPFIN-run-JNqgmerged_softmax_baseline_5.slurm
-rw-rw----+ 1 avroy delta_bbhj 1.1K May 18 14:02 UQPFIN-run-JNqgmerged_softmax_baseline_6.slurm
-rw-rw----+ 1 avroy delta_bbhj 1.1K May 18 14:02 UQPFIN-run-JNqgmerged_softmax_baseline_7.slurm
-rw-rw----+ 1 avroy delta_bbhj 1.1K May 18 14:02 UQPFIN-run-JNqgmerged_softmax_baseline_8.slurm
-rw-rw----+ 1 avroy delta_bbhj 1.1K May 18 14:02 UQPFIN-run-JNqgmerged_softmax_baseline_9.slurm
-rw-rw----+ 1 avroy delta_bbhj 1.2K May 18 14:02 UQPFIN-run-JNqgmerged_softmax_dropout_baseline.slurm
-rw-rw----+ 1 avroy delta_bbhj 1.2K May 18 14:02 UQPFIN-run-JNqgmerged_softmax_dropout_skiptop.slurm
-rw-rw----+ 1 avroy delta_bbhj 1.2K May 18 14:02 UQPFIN-run-JNqgmerged_softmax_dropout_skipwz.slurm
-rw-rw----+ 1 avroy delta_bbhj 1.1K May 18 14:02 UQPFIN-run-JNqgmerged_softmax_skiptop_0.slurm
-rw-rw----+ 1 avroy delta_bbhj 1.1K May 18 14:02 UQPFIN-run-JNqgmerged_softmax_skiptop_1.slurm
-rw-rw----+ 1 avroy delta_bbhj 1.1K May 18 14:02 UQPFIN-run-JNqgmerged_softmax_skiptop_2.slurm
-rw-rw----+ 1 avroy delta_bbhj 1.1K May 18 14:02 UQPFIN-run-JNqgmerged_softmax_skiptop_3.slurm
-rw-rw----+ 1 avroy delta_bbhj 1.1K May 18 14:02 UQPFIN-run-JNqgmerged_softmax_skiptop_4.slurm
-rw-rw----+ 1 avroy delta_bbhj 1.1K May 18 14:02 UQPFIN-run-JNqgmerged_softmax_skiptop_5.slurm
-rw-rw----+ 1 avroy delta_bbhj 1.1K May 18 14:02 UQPFIN-run-JNqgmerged_softmax_skiptop_6.slurm
-rw-rw----+ 1 avroy delta_bbhj 1.1K May 18 14:02 UQPFIN-run-JNqgmerged_softmax_skiptop_7.slurm
-rw-rw----+ 1 avroy delta_bbhj 1.1K May 18 14:02 UQPFIN-run-JNqgmerged_softmax_skiptop_8.slurm
-rw-rw----+ 1 avroy delta_bbhj 1.1K May 18 14:02 UQPFIN-run-JNqgmerged_softmax_skiptop_9.slurm
-rw-rw----+ 1 avroy delta_bbhj 1.1K May 18 14:02 UQPFIN-run-JNqgmerged_softmax_skipwz_0.slurm
-rw-rw----+ 1 avroy delta_bbhj 1.1K May 18 14:02 UQPFIN-run-JNqgmerged_softmax_skipwz_1.slurm
-rw-rw----+ 1 avroy delta_bbhj 1.1K May 18 14:02 UQPFIN-run-JNqgmerged_softmax_skipwz_2.slurm
-rw-rw----+ 1 avroy delta_bbhj 1.1K May 18 14:02 UQPFIN-run-JNqgmerged_softmax_skipwz_3.slurm
-rw-rw----+ 1 avroy delta_bbhj 1.1K May 18 14:02 UQPFIN-run-JNqgmerged_softmax_skipwz_4.slurm
-rw-rw----+ 1 avroy delta_bbhj 1.1K May 18 14:02 UQPFIN-run-JNqgmerged_softmax_skipwz_5.slurm
-rw-rw----+ 1 avroy delta_bbhj 1.1K May 18 14:02 UQPFIN-run-JNqgmerged_softmax_skipwz_6.slurm
-rw-rw----+ 1 avroy delta_bbhj 1.1K May 18 14:02 UQPFIN-run-JNqgmerged_softmax_skipwz_7.slurm
-rw-rw----+ 1 avroy delta_bbhj 1.1K May 18 14:02 UQPFIN-run-JNqgmerged_softmax_skipwz_8.slurm
-rw-rw----+ 1 avroy delta_bbhj 1.1K May 18 14:02 UQPFIN-run-JNqgmerged_softmax_skipwz_9.slurm
-rw-------+ 1 avroy delta_bbhj  969 May 15 09:44 UQPFIN-run.slurm
/projects/bbhj/avroy/UQ_XAI_Studies/models/PFIN_UQ/model
total 208K
drwxr-s---+ 2 avroy delta_bbhj  16K May 28 23:02 jobouts
drwxr-s---+ 2 avroy delta_bbhj  16K May 27 21:18 jobsub
-rw-rw----+ 1 avroy delta_bbhj 8.4K May 18 21:37 PFINDataset.py
-rw-rw----+ 1 avroy delta_bbhj 8.4K May 15 14:46 PFINDataset.py~
drwxrws---+ 2 avroy delta_bbhj 4.0K May 18 21:38 __pycache__
drwxrws---+ 2 avroy delta_bbhj  20K May 28 22:59 trained_model_dicts
drwxr-s---+ 2 avroy delta_bbhj 4.0K Mar 31 15:09 trained_model_dicts_old
drwxrws---+ 2 avroy delta_bbhj  40K May 28 23:02 trained_models
drwxr-s---+ 2 avroy delta_bbhj 4.0K Mar 31 15:10 trained_models_old
-rw-rw----+ 1 avroy delta_bbhj  23K May 18 15:52 train_mod.py
-rw-rw----+ 1 avroy delta_bbhj  20K May 27 21:06 train.py
-rw-rw----+ 1 avroy delta_bbhj  20K May 18 13:50 train.py~
-rw-rw----+ 1 avroy delta_bbhj  13K May  5 09:36 UQPFIN.py
job is starting on gpua020.delta.ncsa.illinois.edu
# conda environments:
#
base                     /sw/external/python/anaconda3
toptagger_env         *  /u/avroy/.conda/envs/toptagger_env

/sw/external/python/anaconda3_gpu/bin/python
==========================================================================================
Layer (type:depth-idx)                   Output Shape              Param #
==========================================================================================
UQPFIN                                   [1, 10]                   --
├─Sequential: 1-1                        [60, 64]                  --
│    └─Sequential: 2-1                   [60, 100]                 --
│    │    └─Linear: 3-1                  [60, 100]                 1,200
│    │    └─ReLU: 3-2                    [60, 100]                 --
│    └─Sequential: 2-2                   [60, 100]                 --
│    │    └─Linear: 3-3                  [60, 100]                 10,100
│    │    └─ReLU: 3-4                    [60, 100]                 --
│    └─Sequential: 2-3                   [60, 64]                  --
│    │    └─Linear: 3-5                  [60, 64]                  6,464
│    │    └─ReLU: 3-6                    [60, 64]                  --
├─Sequential: 1-2                        [1770, 64]                --
│    └─Sequential: 2-4                   [1770, 128]               --
│    │    └─Linear: 3-7                  [1770, 128]               640
│    │    └─ReLU: 3-8                    [1770, 128]               --
│    └─Sequential: 2-5                   [1770, 128]               --
│    │    └─Linear: 3-9                  [1770, 128]               16,512
│    │    └─ReLU: 3-10                   [1770, 128]               --
│    └─Sequential: 2-6                   [1770, 64]                --
│    │    └─Linear: 3-11                 [1770, 64]                8,256
│    │    └─ReLU: 3-12                   [1770, 64]                --
├─Sequential: 1-3                        [60, 64]                  --
│    └─Sequential: 2-7                   [60, 128]                 --
│    │    └─Linear: 3-13                 [60, 128]                 9,728
│    │    └─ReLU: 3-14                   [60, 128]                 --
│    └─Sequential: 2-8                   [60, 128]                 --
│    │    └─Linear: 3-15                 [60, 128]                 16,512
│    │    └─ReLU: 3-16                   [60, 128]                 --
│    └─Sequential: 2-9                   [60, 64]                  --
│    │    └─Linear: 3-17                 [60, 64]                  8,256
│    │    └─ReLU: 3-18                   [60, 64]                  --
├─Sequential: 1-4                        [1, 10]                   --
│    └─Sequential: 2-10                  [1, 64]                   --
│    │    └─Linear: 3-19                 [1, 64]                   4,160
│    │    └─ReLU: 3-20                   [1, 64]                   --
│    └─Sequential: 2-11                  [1, 100]                  --
│    │    └─Linear: 3-21                 [1, 100]                  6,500
│    │    └─ReLU: 3-22                   [1, 100]                  --
│    └─Sequential: 2-12                  [1, 100]                  --
│    │    └─Linear: 3-23                 [1, 100]                  10,100
│    │    └─ReLU: 3-24                   [1, 100]                  --
│    └─Linear: 2-13                      [1, 10]                   1,010
│    └─ReLU: 2-14                        [1, 10]                   --
==========================================================================================
Total params: 99,438
Trainable params: 99,438
Non-trainable params: 0
Total mult-adds (M): 48.13
==========================================================================================
Input size (MB): 0.00
Forward/backward pass size (MB): 4.81
Params size (MB): 0.40
Estimated Total Size (MB): 5.21
==========================================================================================
data type:  jetclass
m_logic, pt_logic, eta_logic:  AND AND AND
m1, m2, pt1, pt2, eta1, eta2:  0.0 10000.0 0.0 10000.0 -6.0 6.0
skip labels:  []
classes:  10
Epoch 0
L = 0.0
Best Validation Accuracy: 0
Current Validation Accuracy: 0.5808497685718987
Current Validation Loss: 0.00021513764870240073
Saving best model based on accuracy
Epoch 1
L = 0.1
Best Validation Accuracy: 0.5808497685718987
Current Validation Accuracy: 0.5737481047806798
Current Validation Loss: 0.0002555505540465756
Epoch 2
L = 0.2
Best Validation Accuracy: 0.5808497685718987
Current Validation Accuracy: 0.5738206370938252
Current Validation Loss: 0.00026800337786520197
Epoch 3
L = 0.3
Best Validation Accuracy: 0.5808497685718987
Current Validation Accuracy: 0.57267212543188
Current Validation Loss: 0.0002812308999584627
Epoch 4
L = 0.4
Best Validation Accuracy: 0.5808497685718987
Current Validation Accuracy: 0.5689099493824499
Current Validation Loss: 0.0002877453957763979
Epoch 5
L = 0.5
Best Validation Accuracy: 0.5808497685718987
Current Validation Accuracy: 0.5650627354486424
Current Validation Loss: 0.00029404472623557366
Epoch 6
L = 0.6
Best Validation Accuracy: 0.5808497685718987
Current Validation Accuracy: 0.5662692729611042
Current Validation Loss: 0.0002976398782598451
Epoch 7
L = 0.7
Best Validation Accuracy: 0.5808497685718987
Current Validation Accuracy: 0.5670866370968266
Current Validation Loss: 0.0003003657363070782
Epoch 8
L = 0.8
Best Validation Accuracy: 0.5808497685718987
Current Validation Accuracy: 0.567475810473566
Current Validation Loss: 0.0003028897744604573
Epoch 9
L = 0.9
Best Validation Accuracy: 0.5808497685718987
Current Validation Accuracy: 0.5703690994337978
Current Validation Loss: 0.0003046125382591026
Epoch 10
L = 1.0
Best Validation Accuracy: 0.5808497685718987
Current Validation Accuracy: 0.5674447966569106
Current Validation Loss: 0.0003076907165798369
Epoch 11
L = 1.0
Best Validation Accuracy: 0.5808497685718987
Current Validation Accuracy: 0.5638486945934413
Current Validation Loss: 0.0003072778442707038
Epoch 12
L = 1.0
Best Validation Accuracy: 0.5808497685718987
Current Validation Accuracy: 0.5717982361141889
Current Validation Loss: 0.00030715538537833795
Epoch 13
L = 1.0
Best Validation Accuracy: 0.5808497685718987
Current Validation Accuracy: 0.5766323897296245
Current Validation Loss: 0.00030638925807647947
Epoch 14
L = 1.0
Best Validation Accuracy: 0.5808497685718987
Current Validation Accuracy: 0.5772036442235016
Current Validation Loss: 0.00030722539572897325
Epoch 15
L = 1.0
Best Validation Accuracy: 0.5808497685718987
Current Validation Accuracy: 0.5786322806810434
Current Validation Loss: 0.00030637106316301307
Epoch 16
L = 1.0
Best Validation Accuracy: 0.5808497685718987
Current Validation Accuracy: 0.5810233459005987
Current Validation Loss: 0.00030588676664724423
Saving best model based on accuracy
Epoch 17
L = 1.0
Best Validation Accuracy: 0.5810233459005987
Current Validation Accuracy: 0.5816071059657077
Current Validation Loss: 0.0003058818618012886
Saving best model based on accuracy
Epoch 18
L = 1.0
Best Validation Accuracy: 0.5816071059657077
Current Validation Accuracy: 0.5804961110174582
Current Validation Loss: 0.0003057853935297976
Epoch 19
L = 1.0
Best Validation Accuracy: 0.5816071059657077
Current Validation Accuracy: 0.5805581386507689
Current Validation Loss: 0.0003056678021244339
Epoch 20
L = 1.0
Best Validation Accuracy: 0.5816071059657077
Current Validation Accuracy: 0.5807757355902055
Current Validation Loss: 0.0003058398585009105
Epoch 21
L = 1.0
Best Validation Accuracy: 0.5816071059657077
Current Validation Accuracy: 0.5804670980922001
Current Validation Loss: 0.00030565133770869563
Epoch 22
L = 1.0
Best Validation Accuracy: 0.5816071059657077
Current Validation Accuracy: 0.579584204763222
Current Validation Loss: 0.0003053099642346583
Epoch 23
L = 1.0
Best Validation Accuracy: 0.5816071059657077
Current Validation Accuracy: 0.5796267237054108
Current Validation Loss: 0.00030519414089468536
Epoch 24
L = 1.0
Best Validation Accuracy: 0.5816071059657077
Current Validation Accuracy: 0.5805211221599222
Current Validation Loss: 0.00030493678550041223
Epoch 25
L = 1.0
Best Validation Accuracy: 0.5816071059657077
Current Validation Accuracy: 0.5766669051062249
Current Validation Loss: 0.0003051088973040989
Epoch 26
L = 1.0
Best Validation Accuracy: 0.5816071059657077
Current Validation Accuracy: 0.5791750224725115
Current Validation Loss: 0.0003053652427841914
Epoch 27
L = 1.0
Best Validation Accuracy: 0.5816071059657077
Current Validation Accuracy: 0.5816051050743106
Current Validation Loss: 0.0003052683385191049
Epoch 28
L = 1.0
Best Validation Accuracy: 0.5816071059657077
Current Validation Accuracy: 0.5782606151040288
Current Validation Loss: 0.00030518846612035566
Epoch 29
L = 1.0
[[8.7134991e+00 0.0000000e+00 0.0000000e+00 0.0000000e+00 0.0000000e+00
  0.0000000e+00 0.0000000e+00 0.0000000e+00 0.0000000e+00 0.0000000e+00]
 [0.0000000e+00 0.0000000e+00 0.0000000e+00 1.3716282e-01 0.0000000e+00
  0.0000000e+00 0.0000000e+00 0.0000000e+00 0.0000000e+00 0.0000000e+00]
 [0.0000000e+00 0.0000000e+00 0.0000000e+00 0.0000000e+00 0.0000000e+00
  0.0000000e+00 0.0000000e+00 0.0000000e+00 0.0000000e+00 1.8330406e+02]
 [0.0000000e+00 0.0000000e+00 0.0000000e+00 0.0000000e+00 0.0000000e+00
  0.0000000e+00 0.0000000e+00 0.0000000e+00 0.0000000e+00 0.0000000e+00]
 [0.0000000e+00 0.0000000e+00 0.0000000e+00 0.0000000e+00 0.0000000e+00
  0.0000000e+00 0.0000000e+00 0.0000000e+00 0.0000000e+00 1.7136949e+02]
 [0.0000000e+00 0.0000000e+00 0.0000000e+00 0.0000000e+00 0.0000000e+00
  0.0000000e+00 0.0000000e+00 2.2848746e-01 0.0000000e+00 0.0000000e+00]
 [0.0000000e+00 0.0000000e+00 0.0000000e+00 0.0000000e+00 0.0000000e+00
  0.0000000e+00 0.0000000e+00 7.3243581e-02 0.0000000e+00 0.0000000e+00]
 [0.0000000e+00 0.0000000e+00 0.0000000e+00 0.0000000e+00 3.4382683e+01
  0.0000000e+00 0.0000000e+00 0.0000000e+00 0.0000000e+00 0.0000000e+00]
 [4.1265350e+01 0.0000000e+00 0.0000000e+00 0.0000000e+00 0.0000000e+00
  0.0000000e+00 0.0000000e+00 0.0000000e+00 0.0000000e+00 0.0000000e+00]
 [0.0000000e+00 0.0000000e+00 0.0000000e+00 0.0000000e+00 2.6142574e+01
  0.0000000e+00 0.0000000e+00 0.0000000e+00 0.0000000e+00 0.0000000e+00]
 [0.0000000e+00 0.0000000e+00 0.0000000e+00 0.0000000e+00 0.0000000e+00
  0.0000000e+00 0.0000000e+00 2.8687921e-01 0.0000000e+00 0.0000000e+00]
 [1.4127201e+01 0.0000000e+00 0.0000000e+00 0.0000000e+00 0.0000000e+00
  0.0000000e+00 0.0000000e+00 0.0000000e+00 0.0000000e+00 0.0000000e+00]
 [0.0000000e+00 0.0000000e+00 0.0000000e+00 0.0000000e+00 1.0274880e-01
  0.0000000e+00 0.0000000e+00 0.0000000e+00 0.0000000e+00 0.0000000e+00]
 [0.0000000e+00 0.0000000e+00 0.0000000e+00 0.0000000e+00 0.0000000e+00
  0.0000000e+00 0.0000000e+00 0.0000000e+00 0.0000000e+00 0.0000000e+00]
 [1.7840105e+01 0.0000000e+00 0.0000000e+00 0.0000000e+00 0.0000000e+00
  0.0000000e+00 0.0000000e+00 0.0000000e+00 0.0000000e+00 0.0000000e+00]
 [0.0000000e+00 0.0000000e+00 0.0000000e+00 0.0000000e+00 2.8344733e-01
  0.0000000e+00 0.0000000e+00 0.0000000e+00 0.0000000e+00 0.0000000e+00]
 [0.0000000e+00 0.0000000e+00 0.0000000e+00 0.0000000e+00 0.0000000e+00
  3.2282616e+01 0.0000000e+00 0.0000000e+00 0.0000000e+00 0.0000000e+00]
 [0.0000000e+00 0.0000000e+00 0.0000000e+00 0.0000000e+00 0.0000000e+00
  0.0000000e+00 0.0000000e+00 0.0000000e+00 5.0688261e-01 0.0000000e+00]
 [0.0000000e+00 0.0000000e+00 0.0000000e+00 0.0000000e+00 0.0000000e+00
  0.0000000e+00 0.0000000e+00 0.0000000e+00 1.6971901e+01 0.0000000e+00]
 [0.0000000e+00 0.0000000e+00 0.0000000e+00 0.0000000e+00 0.0000000e+00
  1.2899517e+00 0.0000000e+00 0.0000000e+00 0.0000000e+00 0.0000000e+00]]
[[0.5190638  0.05343736 0.05343736 0.05343736 0.05343736 0.05343736
  0.05343736 0.05343736 0.05343736 0.05343736]
 [0.09864692 0.09864692 0.09864692 0.11217762 0.09864692 0.09864692
  0.09864692 0.09864692 0.09864692 0.09864692]
 [0.0051732  0.0051732  0.0051732  0.0051732  0.0051732  0.0051732
  0.0051732  0.0051732  0.0051732  0.9534412 ]
 [0.1        0.1        0.1        0.1        0.1        0.1
  0.1        0.1        0.1        0.1       ]
 [0.00551361 0.00551361 0.00551361 0.00551361 0.00551361 0.00551361
  0.00551361 0.00551361 0.00551361 0.9503775 ]
 [0.09776617 0.09776617 0.09776617 0.09776617 0.09776617 0.09776617
  0.09776617 0.12010451 0.09776617 0.09776617]
 [0.09927288 0.09927288 0.09927288 0.09927288 0.09927288 0.09927288
  0.09927288 0.10654399 0.09927288 0.09927288]
 [0.02253131 0.02253131 0.02253131 0.02253131 0.7972182  0.02253131
  0.02253131 0.02253131 0.02253131 0.02253131]
 [0.8244428  0.01950635 0.01950635 0.01950635 0.01950635 0.01950635
  0.01950635 0.01950635 0.01950635 0.01950635]
 [0.0276682  0.0276682  0.0276682  0.0276682  0.7509862  0.0276682
  0.0276682  0.0276682  0.0276682  0.0276682 ]
 [0.09721122 0.09721122 0.09721122 0.09721122 0.09721122 0.09721122
  0.09721122 0.1250991  0.09721122 0.09721122]
 [0.626977   0.04144699 0.04144699 0.04144699 0.04144699 0.04144699
  0.04144699 0.04144699 0.04144699 0.04144699]
 [0.09898296 0.09898296 0.09898296 0.09898296 0.10915334 0.09898296
  0.09898296 0.09898296 0.09898296 0.09898296]
 [0.1        0.1        0.1        0.1        0.1        0.1
  0.1        0.1        0.1        0.1       ]
 [0.6767254  0.03591941 0.03591941 0.03591941 0.03591941 0.03591941
  0.03591941 0.03591941 0.03591941 0.03591941]
 [0.09724365 0.09724365 0.09724365 0.09724365 0.1248071  0.09724365
  0.09724365 0.09724365 0.09724365 0.09724365]
 [0.02365038 0.02365038 0.02365038 0.02365038 0.02365038 0.78714657
  0.02365038 0.02365038 0.02365038 0.02365038]
 [0.09517571 0.09517571 0.09517571 0.09517571 0.09517571 0.09517571
  0.09517571 0.09517571 0.14341862 0.09517571]
 [0.03707562 0.03707562 0.03707562 0.03707562 0.03707562 0.03707562
  0.03707562 0.03707562 0.66631943 0.03707562]
 [0.08857434 0.08857434 0.08857434 0.08857434 0.08857434 0.20283097
  0.08857434 0.08857434 0.08857434 0.08857434]]
[[1. 0. 0. 0. 0. 0. 0. 0. 0. 0.]
 [0. 0. 0. 1. 0. 0. 0. 0. 0. 0.]
 [0. 0. 0. 0. 0. 0. 0. 0. 0. 1.]
 [0. 0. 0. 0. 0. 1. 0. 0. 0. 0.]
 [0. 0. 0. 0. 0. 0. 0. 0. 0. 1.]
 [0. 0. 0. 0. 0. 0. 0. 1. 0. 0.]
 [0. 0. 0. 0. 0. 0. 1. 0. 0. 0.]
 [0. 0. 0. 0. 1. 0. 0. 0. 0. 0.]
 [1. 0. 0. 0. 0. 0. 0. 0. 0. 0.]
 [0. 0. 0. 0. 1. 0. 0. 0. 0. 0.]
 [0. 0. 0. 0. 0. 0. 1. 0. 0. 0.]
 [1. 0. 0. 0. 0. 0. 0. 0. 0. 0.]
 [1. 0. 0. 0. 0. 0. 0. 0. 0. 0.]
 [0. 0. 0. 0. 0. 0. 1. 0. 0. 0.]
 [1. 0. 0. 0. 0. 0. 0. 0. 0. 0.]
 [0. 0. 0. 0. 1. 0. 0. 0. 0. 0.]
 [0. 0. 0. 0. 0. 1. 0. 0. 0. 0.]
 [1. 0. 0. 0. 0. 0. 0. 0. 0. 0.]
 [0. 0. 0. 0. 0. 0. 0. 0. 1. 0.]
 [0. 0. 0. 0. 0. 1. 0. 0. 0. 0.]]
Best Validation Accuracy: 0.5816071059657077
Current Validation Accuracy: 0.580295021432048
Current Validation Loss: 0.00030506624262219317
Saving last model
