Running "module reset". Resetting modules to system default. The following $MODULEPATH directories have been removed: None
A conda environment has been detected CONDA_PREFIX=
/u/avroy/.conda/envs/toptagger_env 
anaconda3_gpu is loaded. Consider running conda deactivate and reloading it.

Currently Loaded Modules:
  1) cue-login-env/1.0   4) gcc/11.2.0    7) openmpi/4.1.2
  2) default             5) cuda/11.6.1   8) cudnn/8.4.1.50
  3) modtree/gpu         6) ucx/1.11.2    9) anaconda3_gpu/4.13.0

 

/u/avroy/UQ_XAI_Studies/models/PFIN_UQ/model/jobsub
total 192K
-rw-rw----+ 1 avroy delta_bbhj  925 Mar 31 16:58 jobsubmitter_dummy.py
-rw-rw----+ 1 avroy delta_bbhj  15K May 18 13:59 jobsubmitter.py
-rw-rw----+ 1 avroy delta_bbhj 1.1K May 18 14:02 UQPFIN-run-JNqgmerged_0.1_baseline.slurm
-rw-rw----+ 1 avroy delta_bbhj 1.1K May 18 14:02 UQPFIN-run-JNqgmerged_0.1_skiptop.slurm
-rw-rw----+ 1 avroy delta_bbhj 1.1K May 18 14:02 UQPFIN-run-JNqgmerged_0.1_skipwz.slurm
-rw-rw----+ 1 avroy delta_bbhj 1.1K May 18 14:02 UQPFIN-run-JNqgmerged_0_baseline.slurm
-rw-rw----+ 1 avroy delta_bbhj 1.1K May 18 14:02 UQPFIN-run-JNqgmerged_0_skiptop.slurm
-rw-rw----+ 1 avroy delta_bbhj 1.1K May 18 14:02 UQPFIN-run-JNqgmerged_0_skipwz.slurm
-rw-rw----+ 1 avroy delta_bbhj 1.1K May 18 14:02 UQPFIN-run-JNqgmerged_nominal_baseline.slurm
-rw-rw----+ 1 avroy delta_bbhj 1.1K May 18 14:02 UQPFIN-run-JNqgmerged_nominal_skiptop.slurm
-rw-rw----+ 1 avroy delta_bbhj 1.1K May 18 14:02 UQPFIN-run-JNqgmerged_nominal_skipwz.slurm
-rw-rw----+ 1 avroy delta_bbhj 1.1K May 18 14:02 UQPFIN-run-JNqgmerged_softmax_baseline_0.slurm
-rw-rw----+ 1 avroy delta_bbhj 1.1K May 18 14:02 UQPFIN-run-JNqgmerged_softmax_baseline_1.slurm
-rw-rw----+ 1 avroy delta_bbhj 1.1K May 18 14:02 UQPFIN-run-JNqgmerged_softmax_baseline_2.slurm
-rw-rw----+ 1 avroy delta_bbhj 1.1K May 18 14:02 UQPFIN-run-JNqgmerged_softmax_baseline_3.slurm
-rw-rw----+ 1 avroy delta_bbhj 1.1K May 18 14:02 UQPFIN-run-JNqgmerged_softmax_baseline_4.slurm
-rw-rw----+ 1 avroy delta_bbhj 1.1K May 18 14:02 UQPFIN-run-JNqgmerged_softmax_baseline_5.slurm
-rw-rw----+ 1 avroy delta_bbhj 1.1K May 18 14:02 UQPFIN-run-JNqgmerged_softmax_baseline_6.slurm
-rw-rw----+ 1 avroy delta_bbhj 1.1K May 18 14:02 UQPFIN-run-JNqgmerged_softmax_baseline_7.slurm
-rw-rw----+ 1 avroy delta_bbhj 1.1K May 18 14:02 UQPFIN-run-JNqgmerged_softmax_baseline_8.slurm
-rw-rw----+ 1 avroy delta_bbhj 1.1K May 18 14:02 UQPFIN-run-JNqgmerged_softmax_baseline_9.slurm
-rw-rw----+ 1 avroy delta_bbhj 1.2K May 18 14:02 UQPFIN-run-JNqgmerged_softmax_dropout_baseline.slurm
-rw-rw----+ 1 avroy delta_bbhj 1.2K May 18 14:02 UQPFIN-run-JNqgmerged_softmax_dropout_skiptop.slurm
-rw-rw----+ 1 avroy delta_bbhj 1.2K May 18 14:02 UQPFIN-run-JNqgmerged_softmax_dropout_skipwz.slurm
-rw-rw----+ 1 avroy delta_bbhj 1.1K May 18 14:02 UQPFIN-run-JNqgmerged_softmax_skiptop_0.slurm
-rw-rw----+ 1 avroy delta_bbhj 1.1K May 18 14:02 UQPFIN-run-JNqgmerged_softmax_skiptop_1.slurm
-rw-rw----+ 1 avroy delta_bbhj 1.1K May 18 14:02 UQPFIN-run-JNqgmerged_softmax_skiptop_2.slurm
-rw-rw----+ 1 avroy delta_bbhj 1.1K May 18 14:02 UQPFIN-run-JNqgmerged_softmax_skiptop_3.slurm
-rw-rw----+ 1 avroy delta_bbhj 1.1K May 18 14:02 UQPFIN-run-JNqgmerged_softmax_skiptop_4.slurm
-rw-rw----+ 1 avroy delta_bbhj 1.1K May 18 14:02 UQPFIN-run-JNqgmerged_softmax_skiptop_5.slurm
-rw-rw----+ 1 avroy delta_bbhj 1.1K May 18 14:02 UQPFIN-run-JNqgmerged_softmax_skiptop_6.slurm
-rw-rw----+ 1 avroy delta_bbhj 1.1K May 18 14:02 UQPFIN-run-JNqgmerged_softmax_skiptop_7.slurm
-rw-rw----+ 1 avroy delta_bbhj 1.1K May 18 14:02 UQPFIN-run-JNqgmerged_softmax_skiptop_8.slurm
-rw-rw----+ 1 avroy delta_bbhj 1.1K May 18 14:02 UQPFIN-run-JNqgmerged_softmax_skiptop_9.slurm
-rw-rw----+ 1 avroy delta_bbhj 1.1K May 18 14:02 UQPFIN-run-JNqgmerged_softmax_skipwz_0.slurm
-rw-rw----+ 1 avroy delta_bbhj 1.1K May 18 14:02 UQPFIN-run-JNqgmerged_softmax_skipwz_1.slurm
-rw-rw----+ 1 avroy delta_bbhj 1.1K May 18 14:02 UQPFIN-run-JNqgmerged_softmax_skipwz_2.slurm
-rw-rw----+ 1 avroy delta_bbhj 1.1K May 18 14:02 UQPFIN-run-JNqgmerged_softmax_skipwz_3.slurm
-rw-rw----+ 1 avroy delta_bbhj 1.1K May 18 14:02 UQPFIN-run-JNqgmerged_softmax_skipwz_4.slurm
-rw-rw----+ 1 avroy delta_bbhj 1.1K May 18 14:02 UQPFIN-run-JNqgmerged_softmax_skipwz_5.slurm
-rw-rw----+ 1 avroy delta_bbhj 1.1K May 18 14:02 UQPFIN-run-JNqgmerged_softmax_skipwz_6.slurm
-rw-rw----+ 1 avroy delta_bbhj 1.1K May 18 14:02 UQPFIN-run-JNqgmerged_softmax_skipwz_7.slurm
-rw-rw----+ 1 avroy delta_bbhj 1.1K May 18 14:02 UQPFIN-run-JNqgmerged_softmax_skipwz_8.slurm
-rw-rw----+ 1 avroy delta_bbhj 1.1K May 18 14:02 UQPFIN-run-JNqgmerged_softmax_skipwz_9.slurm
-rw-------+ 1 avroy delta_bbhj  969 May 15 09:44 UQPFIN-run.slurm
/projects/bbhj/avroy/UQ_XAI_Studies/models/PFIN_UQ/model
total 176K
drwxr-s---+ 2 avroy delta_bbhj  12K May 18 14:02 jobouts
drwxr-s---+ 2 avroy delta_bbhj 4.0K May 18 14:02 jobsub
-rw-rw----+ 1 avroy delta_bbhj 8.4K May 15 14:46 PFINDataset.py
drwxrws---+ 2 avroy delta_bbhj 4.0K May 18 09:47 __pycache__
drwxrws---+ 2 avroy delta_bbhj  12K May 18 13:25 trained_model_dicts
drwxr-s---+ 2 avroy delta_bbhj 4.0K Mar 31 15:09 trained_model_dicts_old
drwxrws---+ 2 avroy delta_bbhj  20K May 18 13:31 trained_models
drwxr-s---+ 2 avroy delta_bbhj 4.0K Mar 31 15:10 trained_models_old
-rw-rw----+ 1 avroy delta_bbhj  23K May 18 11:00 train_mod.py
-rw-rw----+ 1 avroy delta_bbhj  23K May 18 10:56 train_mod.py~
-rw-rw----+ 1 avroy delta_bbhj  20K May 18 13:50 train.py
-rw-rw----+ 1 avroy delta_bbhj  20K May 18 13:41 train.py~
-rw-rw----+ 1 avroy delta_bbhj  13K May  5 09:36 UQPFIN.py
job is starting on gpua024.delta.ncsa.illinois.edu
# conda environments:
#
base                     /sw/external/python/anaconda3
toptagger_env         *  /u/avroy/.conda/envs/toptagger_env

/sw/external/python/anaconda3_gpu/bin/python
==========================================================================================
Layer (type:depth-idx)                   Output Shape              Param #
==========================================================================================
UQPFIN                                   [1, 4]                    --
├─Sequential: 1-1                        [30, 64]                  --
│    └─Sequential: 2-1                   [30, 100]                 --
│    │    └─Linear: 3-1                  [30, 100]                 400
│    │    └─ReLU: 3-2                    [30, 100]                 --
│    └─Sequential: 2-2                   [30, 100]                 --
│    │    └─Linear: 3-3                  [30, 100]                 10,100
│    │    └─ReLU: 3-4                    [30, 100]                 --
│    └─Sequential: 2-3                   [30, 64]                  --
│    │    └─Linear: 3-5                  [30, 64]                  6,464
│    │    └─ReLU: 3-6                    [30, 64]                  --
├─Sequential: 1-2                        [435, 64]                 --
│    └─Sequential: 2-4                   [435, 128]                --
│    │    └─Linear: 3-7                  [435, 128]                640
│    │    └─ReLU: 3-8                    [435, 128]                --
│    └─Sequential: 2-5                   [435, 128]                --
│    │    └─Linear: 3-9                  [435, 128]                16,512
│    │    └─ReLU: 3-10                   [435, 128]                --
│    └─Sequential: 2-6                   [435, 64]                 --
│    │    └─Linear: 3-11                 [435, 64]                 8,256
│    │    └─ReLU: 3-12                   [435, 64]                 --
├─Sequential: 1-3                        [30, 64]                  --
│    └─Sequential: 2-7                   [30, 128]                 --
│    │    └─Linear: 3-13                 [30, 128]                 8,704
│    │    └─ReLU: 3-14                   [30, 128]                 --
│    └─Sequential: 2-8                   [30, 128]                 --
│    │    └─Linear: 3-15                 [30, 128]                 16,512
│    │    └─ReLU: 3-16                   [30, 128]                 --
│    └─Sequential: 2-9                   [30, 64]                  --
│    │    └─Linear: 3-17                 [30, 64]                  8,256
│    │    └─ReLU: 3-18                   [30, 64]                  --
├─Sequential: 1-4                        [1, 4]                    --
│    └─Sequential: 2-10                  [1, 64]                   --
│    │    └─Linear: 3-19                 [1, 64]                   4,160
│    │    └─ReLU: 3-20                   [1, 64]                   --
│    └─Sequential: 2-11                  [1, 100]                  --
│    │    └─Linear: 3-21                 [1, 100]                  6,500
│    │    └─ReLU: 3-22                   [1, 100]                  --
│    └─Sequential: 2-12                  [1, 100]                  --
│    │    └─Linear: 3-23                 [1, 100]                  10,100
│    │    └─ReLU: 3-24                   [1, 100]                  --
│    └─Linear: 2-13                      [1, 4]                    404
│    └─Softmax: 2-14                     [1, 4]                    --
==========================================================================================
Total params: 97,008
Trainable params: 97,008
Non-trainable params: 0
Total mult-adds (M): 12.59
==========================================================================================
Input size (MB): 0.00
Forward/backward pass size (MB): 1.26
Params size (MB): 0.39
Estimated Total Size (MB): 1.64
==========================================================================================
data type:  JNqgmerged
m_logic, pt_logic, eta_logic:  AND AND AND
m1, m2, pt1, pt2, eta1, eta2:  0.0 10000.0 0.0 10000.0 -6.0 6.0
skip labels:  []
classes:  4
Epoch 0
Best Validation Accuracy: 0
Current Validation Accuracy: 0.7690887437193012
Current Validation Loss: 0.0026465309662727274
Saving best model based on accuracy
Epoch 1
Best Validation Accuracy: 0.7690887437193012
Current Validation Accuracy: 0.7921185598613137
Current Validation Loss: 0.002360686460609931
Saving best model based on accuracy
Epoch 2
Best Validation Accuracy: 0.7921185598613137
Current Validation Accuracy: 0.8036616562017717
Current Validation Loss: 0.0022326752414392743
Saving best model based on accuracy
Epoch 3
Best Validation Accuracy: 0.8036616562017717
Current Validation Accuracy: 0.8113641008294399
Current Validation Loss: 0.0021937979114214157
Saving best model based on accuracy
Epoch 4
Best Validation Accuracy: 0.8113641008294399
Current Validation Accuracy: 0.7757975518487982
Current Validation Loss: 0.002503170899803571
Epoch 5
Best Validation Accuracy: 0.8113641008294399
Current Validation Accuracy: 0.8269451667688491
Current Validation Loss: 0.001983616366917039
Saving best model based on accuracy
Epoch 6
Best Validation Accuracy: 0.8269451667688491
Current Validation Accuracy: 0.8287703572158446
Current Validation Loss: 0.001957097085484319
Saving best model based on accuracy
Epoch 7
Best Validation Accuracy: 0.8287703572158446
Current Validation Accuracy: 0.820088370224731
Current Validation Loss: 0.0020364657360804287
Epoch 8
Best Validation Accuracy: 0.8287703572158446
Current Validation Accuracy: 0.8193272869495359
Current Validation Loss: 0.0020750747670697403
Epoch 9
Best Validation Accuracy: 0.8287703572158446
Current Validation Accuracy: 0.8149721993192532
Current Validation Loss: 0.0021126387152946655
Epoch 10
Best Validation Accuracy: 0.8287703572158446
Current Validation Accuracy: 0.8352254709202765
Current Validation Loss: 0.0018894433665231723
Saving best model based on accuracy
Epoch 11
Best Validation Accuracy: 0.8352254709202765
Current Validation Accuracy: 0.8314130074769385
Current Validation Loss: 0.001899425429718132
Epoch 12
Best Validation Accuracy: 0.8352254709202765
Current Validation Accuracy: 0.8320895259437785
Current Validation Loss: 0.0019029735919045675
Epoch 13
Best Validation Accuracy: 0.8352254709202765
Current Validation Accuracy: 0.8366842138644003
Current Validation Loss: 0.001853245399973135
Saving best model based on accuracy
Epoch 14
Best Validation Accuracy: 0.8366842138644003
Current Validation Accuracy: 0.8366348843928599
Current Validation Loss: 0.001858467918263479
Epoch 15
Best Validation Accuracy: 0.8366842138644003
Current Validation Accuracy: 0.8395312290790188
Current Validation Loss: 0.0018205157287542386
Saving best model based on accuracy
Epoch 16
Best Validation Accuracy: 0.8395312290790188
Current Validation Accuracy: 0.8410674897641347
Current Validation Loss: 0.001804868525771827
Saving best model based on accuracy
Epoch 17
Best Validation Accuracy: 0.8410674897641347
Current Validation Accuracy: 0.8375298619479503
Current Validation Loss: 0.0018520254751532483
Epoch 18
Best Validation Accuracy: 0.8410674897641347
Current Validation Accuracy: 0.8316385136325518
Current Validation Loss: 0.0019089235027186723
Epoch 19
Best Validation Accuracy: 0.8410674897641347
Current Validation Accuracy: 0.8412295723134817
Current Validation Loss: 0.0017999985470104466
Saving best model based on accuracy
Epoch 20
Best Validation Accuracy: 0.8412295723134817
Current Validation Accuracy: 0.8301727236210651
Current Validation Loss: 0.0019390707199446985
Epoch 21
Best Validation Accuracy: 0.8412295723134817
Current Validation Accuracy: 0.8408913130800617
Current Validation Loss: 0.0017974630230173049
Epoch 22
Best Validation Accuracy: 0.8412295723134817
Current Validation Accuracy: 0.8396439821568255
Current Validation Loss: 0.0018187776008090836
Epoch 23
Best Validation Accuracy: 0.8412295723134817
Current Validation Accuracy: 0.8413070900544738
Current Validation Loss: 0.0017910710029423686
Saving best model based on accuracy
Epoch 24
Best Validation Accuracy: 0.8413070900544738
Current Validation Accuracy: 0.8418356201066926
Current Validation Loss: 0.0017976799684164863
Saving best model based on accuracy
Epoch 25
Best Validation Accuracy: 0.8418356201066926
Current Validation Accuracy: 0.8398342529756242
Current Validation Loss: 0.0018131624814505544
Epoch 26
Best Validation Accuracy: 0.8418356201066926
Current Validation Accuracy: 0.8444148467615202
Current Validation Loss: 0.0017578828575742116
Saving best model based on accuracy
Epoch 27
Best Validation Accuracy: 0.8444148467615202
Current Validation Accuracy: 0.8381993333474275
Current Validation Loss: 0.0018256724354990665
Epoch 28
Best Validation Accuracy: 0.8444148467615202
Current Validation Accuracy: 0.8418638083761443
Current Validation Loss: 0.0017805413306055556
Epoch 29
Best Validation Accuracy: 0.8444148467615202
Current Validation Accuracy: 0.8442316230100844
Current Validation Loss: 0.001765132241884753
Epoch 30
Best Validation Accuracy: 0.8444148467615202
Current Validation Accuracy: 0.8410322544273201
Current Validation Loss: 0.0017975930083803826
Epoch 31
Best Validation Accuracy: 0.8444148467615202
Current Validation Accuracy: 0.8455917070111273
Current Validation Loss: 0.001748737166378386
Saving best model based on accuracy
Epoch 32
Best Validation Accuracy: 0.8455917070111273
Current Validation Accuracy: 0.8417087728941601
Current Validation Loss: 0.0017904333380847435
Epoch 33
Best Validation Accuracy: 0.8455917070111273
Current Validation Accuracy: 0.82721295532864
Current Validation Loss: 0.0019458868120109515
Epoch 34
Best Validation Accuracy: 0.8455917070111273
Current Validation Accuracy: 0.8395030408095671
Current Validation Loss: 0.0018154889128639505
Epoch 35
Best Validation Accuracy: 0.8455917070111273
Current Validation Accuracy: 0.8463105078821448
Current Validation Loss: 0.0017371089041132673
Saving best model based on accuracy
Epoch 36
Best Validation Accuracy: 0.8463105078821448
Current Validation Accuracy: 0.8420611262623059
Current Validation Loss: 0.0017888080438831625
Epoch 37
Best Validation Accuracy: 0.8463105078821448
Current Validation Accuracy: 0.8448235766685693
Current Validation Loss: 0.0017495641211267513
Epoch 38
Best Validation Accuracy: 0.8463105078821448
Current Validation Accuracy: 0.8451970712388039
Current Validation Loss: 0.0017447756610198919
Epoch 39
Best Validation Accuracy: 0.8463105078821448
Current Validation Accuracy: 0.8427517388638718
Current Validation Loss: 0.0017778228828167965
Epoch 40
Best Validation Accuracy: 0.8463105078821448
Current Validation Accuracy: 0.8466064847113873
Current Validation Loss: 0.001726549514511751
Saving best model based on accuracy
Epoch 41
Best Validation Accuracy: 0.8466064847113873
Current Validation Accuracy: 0.8443020936837136
Current Validation Loss: 0.0017532095162173572
Epoch 42
Best Validation Accuracy: 0.8466064847113873
Current Validation Accuracy: 0.8354157417390753
Current Validation Loss: 0.0018489920484688106
Epoch 43
Best Validation Accuracy: 0.8466064847113873
Current Validation Accuracy: 0.839094310902518
Current Validation Loss: 0.0018301001145124064
Epoch 44
Best Validation Accuracy: 0.8466064847113873
Current Validation Accuracy: 0.8461695665348865
Current Validation Loss: 0.0017321690442687224
Epoch 45
Best Validation Accuracy: 0.8466064847113873
Current Validation Accuracy: 0.8441822935385439
Current Validation Loss: 0.001748348107910245
Epoch 46
Best Validation Accuracy: 0.8466064847113873
Current Validation Accuracy: 0.8427658329985976
Current Validation Loss: 0.0017891075326194363
Epoch 47
Best Validation Accuracy: 0.8466064847113873
Current Validation Accuracy: 0.843667857621051
Current Validation Loss: 0.0017573850254492909
Epoch 48
Best Validation Accuracy: 0.8466064847113873
Current Validation Accuracy: 0.847395756256034
Current Validation Loss: 0.0017212110506267032
Saving best model based on accuracy
Epoch 49
Best Validation Accuracy: 0.847395756256034
Current Validation Accuracy: 0.8411379604377638
Current Validation Loss: 0.0018034854779551575
Epoch 50
Best Validation Accuracy: 0.847395756256034
Current Validation Accuracy: 0.8469095086079927
Current Validation Loss: 0.0017285944637956182
Epoch 51
Best Validation Accuracy: 0.847395756256034
Current Validation Accuracy: 0.8418638083761443
Current Validation Loss: 0.0017916314282820566
Epoch 52
Best Validation Accuracy: 0.847395756256034
Current Validation Accuracy: 0.847903145106164
Current Validation Loss: 0.001721190209603893
Saving best model based on accuracy
Epoch 53
Best Validation Accuracy: 0.847903145106164
Current Validation Accuracy: 0.8472618619761386
Current Validation Loss: 0.0017176537744568964
Epoch 54
Best Validation Accuracy: 0.847903145106164
Current Validation Accuracy: 0.8472900502455903
Current Validation Loss: 0.0017221628146105272
Epoch 55
Best Validation Accuracy: 0.847903145106164
Current Validation Accuracy: 0.8432450335792759
Current Validation Loss: 0.0017605023320315675
Epoch 56
Best Validation Accuracy: 0.847903145106164
Current Validation Accuracy: 0.841039301494683
Current Validation Loss: 0.0017905592917135881
Epoch 57
Best Validation Accuracy: 0.847903145106164
Current Validation Accuracy: 0.8473605209192194
Current Validation Loss: 0.0017263228383034733
Epoch 58
Best Validation Accuracy: 0.847903145106164
Current Validation Accuracy: 0.8449856592179165
Current Validation Loss: 0.0017577749699874809
Epoch 59
Best Validation Accuracy: 0.847903145106164
Current Validation Accuracy: 0.8479242863082528
Current Validation Loss: 0.0017154768043060608
Saving best model based on accuracy
Epoch 60
Best Validation Accuracy: 0.8479242863082528
Current Validation Accuracy: 0.8432520806466389
Current Validation Loss: 0.0017592173790369355
Epoch 61
Best Validation Accuracy: 0.8479242863082528
Current Validation Accuracy: 0.8469729322142591
Current Validation Loss: 0.001723999735900825
Epoch 62
Best Validation Accuracy: 0.8479242863082528
Current Validation Accuracy: 0.8415325962100871
Current Validation Loss: 0.0017732747062575225
Epoch 63
Best Validation Accuracy: 0.8479242863082528
Current Validation Accuracy: 0.8453098243166106
Current Validation Loss: 0.0017435387427247886
Epoch 64
Best Validation Accuracy: 0.8479242863082528
Current Validation Accuracy: 0.8478679097693494
Current Validation Loss: 0.0017166621469817433
Epoch 65
Best Validation Accuracy: 0.8479242863082528
Current Validation Accuracy: 0.8447108235907627
Current Validation Loss: 0.0017482130491188257
Epoch 66
Best Validation Accuracy: 0.8479242863082528
Current Validation Accuracy: 0.8455776128764015
Current Validation Loss: 0.0017412251403203848
Epoch 67
Best Validation Accuracy: 0.8479242863082528
Current Validation Accuracy: 0.8458313073014665
Current Validation Loss: 0.0017396922798794121
Epoch 68
Best Validation Accuracy: 0.8479242863082528
Current Validation Accuracy: 0.8364587077087869
Current Validation Loss: 0.0018457883806145235
Epoch 69
Best Validation Accuracy: 0.8479242863082528
Current Validation Accuracy: 0.8416171610184422
Current Validation Loss: 0.0017792539319399778
Epoch 70
Best Validation Accuracy: 0.8479242863082528
Current Validation Accuracy: 0.8479665687124304
Current Validation Loss: 0.0017153046023990755
Saving best model based on accuracy
Epoch 71
Best Validation Accuracy: 0.8479665687124304
Current Validation Accuracy: 0.8467403789912827
Current Validation Loss: 0.0017278756186240385
Epoch 72
Best Validation Accuracy: 0.8479665687124304
Current Validation Accuracy: 0.8413352783239255
Current Validation Loss: 0.0017958112951976701
Epoch 73
Best Validation Accuracy: 0.8479665687124304
Current Validation Accuracy: 0.8441681994038182
Current Validation Loss: 0.0017614724193307481
Epoch 74
Best Validation Accuracy: 0.8479665687124304
Current Validation Accuracy: 0.8486571813139961
Current Validation Loss: 0.0017066613778168574
Saving best model based on accuracy
Epoch 75
Best Validation Accuracy: 0.8486571813139961
Current Validation Accuracy: 0.8446262587824077
Current Validation Loss: 0.0017695038750248225
Epoch 76
Best Validation Accuracy: 0.8486571813139961
Current Validation Accuracy: 0.8469658851468961
Current Validation Loss: 0.0017257934308759911
Epoch 77
Best Validation Accuracy: 0.8486571813139961
Current Validation Accuracy: 0.8450631769589085
Current Validation Loss: 0.0017451241717548883
Epoch 78
Best Validation Accuracy: 0.8486571813139961
Current Validation Accuracy: 0.8458313073014665
Current Validation Loss: 0.0017386679535001898
Epoch 79
Best Validation Accuracy: 0.8486571813139961
Current Validation Accuracy: 0.8432732218487277
Current Validation Loss: 0.0017676655463973836
Epoch 80
Best Validation Accuracy: 0.8486571813139961
Current Validation Accuracy: 0.8404050654320204
Current Validation Loss: 0.001784641239097602
Epoch 81
Best Validation Accuracy: 0.8486571813139961
Current Validation Accuracy: 0.8462823196126932
Current Validation Loss: 0.0017310816115983804
Epoch 82
Best Validation Accuracy: 0.8486571813139961
Current Validation Accuracy: 0.8447953883991177
Current Validation Loss: 0.001754560990621636
Epoch 83
Best Validation Accuracy: 0.8486571813139961
Current Validation Accuracy: 0.8450772710936344
Current Validation Loss: 0.0017444533150786632
Epoch 84
Best Validation Accuracy: 0.8486571813139961
Current Validation Accuracy: 0.8465923905766615
Current Validation Loss: 0.0017252301135750386
Epoch 85
Best Validation Accuracy: 0.8486571813139961
Current Validation Accuracy: 0.8415607844795389
Current Validation Loss: 0.0017886203881500547
Epoch 86
Best Validation Accuracy: 0.8486571813139961
Current Validation Accuracy: 0.8408349365411584
Current Validation Loss: 0.0017886365753624323
Epoch 87
Best Validation Accuracy: 0.8486571813139961
Current Validation Accuracy: 0.8486501342466333
Current Validation Loss: 0.0016976834042028966
Epoch 88
Best Validation Accuracy: 0.8486571813139961
Current Validation Accuracy: 0.8438087989683093
Current Validation Loss: 0.0017604494776066175
Epoch 89
Best Validation Accuracy: 0.8486571813139961
Current Validation Accuracy: 0.8428574448743156
Current Validation Loss: 0.001770125684920086
Epoch 90
Best Validation Accuracy: 0.8486571813139961
Current Validation Accuracy: 0.8475860270748328
Current Validation Loss: 0.0017129578787424466
Epoch 91
Best Validation Accuracy: 0.8486571813139961
Current Validation Accuracy: 0.8469799792816219
Current Validation Loss: 0.0017227341027615784
Epoch 92
Best Validation Accuracy: 0.8486571813139961
Current Validation Accuracy: 0.8471772971677837
Current Validation Loss: 0.0017336727574364854
Epoch 93
Best Validation Accuracy: 0.8486571813139961
Current Validation Accuracy: 0.8448376708032952
Current Validation Loss: 0.0017482330943797454
Epoch 94
Best Validation Accuracy: 0.8486571813139961
Current Validation Accuracy: 0.8479383804429786
Current Validation Loss: 0.0017206312223691255
Epoch 95
Best Validation Accuracy: 0.8486571813139961
Current Validation Accuracy: 0.8483541574173907
Current Validation Loss: 0.0017120534137616875
Epoch 96
Best Validation Accuracy: 0.8486571813139961
Current Validation Accuracy: 0.8446967294560369
Current Validation Loss: 0.0017518651112617433
Epoch 97
Best Validation Accuracy: 0.8486571813139961
Current Validation Accuracy: 0.8451970712388039
Current Validation Loss: 0.0017645657474167705
Epoch 98
Best Validation Accuracy: 0.8486571813139961
Current Validation Accuracy: 0.8425967033818876
Current Validation Loss: 0.0017910997184165688
Epoch 99
[[8.22573662e-01 1.08622657e-02 7.90113807e-02 8.75526518e-02]
 [1.94391042e-01 6.72434032e-01 1.16078248e-02 1.21567115e-01]
 [7.22247064e-01 1.25328600e-01 9.96725559e-02 5.27518280e-02]
 [2.38144994e-01 7.61582255e-01 1.32666202e-04 1.40082542e-04]
 [9.62876249e-04 4.93823513e-02 9.47219491e-01 2.43532890e-03]
 [1.28640775e-02 9.86989677e-01 6.19131970e-05 8.43535236e-05]
 [2.06656978e-02 9.78569508e-01 3.47061374e-04 4.17795964e-04]
 [9.48248029e-01 5.02371602e-02 1.45857781e-03 5.62862406e-05]
 [7.52065361e-01 1.77533720e-02 1.06029540e-01 1.24151677e-01]
 [8.49950194e-01 4.28766524e-03 6.47784993e-02 8.09837058e-02]
 [1.98091850e-01 1.36480987e-01 5.77340007e-01 8.80871266e-02]
 [5.90395229e-03 1.10542616e-02 5.55486222e-05 9.82986271e-01]
 [3.53528410e-02 9.39131081e-01 8.82648490e-03 1.66896284e-02]
 [8.23845744e-01 2.15560962e-02 6.79880232e-02 8.66102502e-02]
 [2.59758369e-03 1.59478076e-02 9.69707072e-01 1.17475307e-02]
 [1.86083454e-03 1.16066709e-02 3.60887730e-03 9.82923687e-01]
 [2.67462451e-02 9.55666509e-03 8.69026005e-01 9.46711004e-02]
 [6.78953171e-01 6.82543665e-02 1.82781164e-02 2.34514281e-01]
 [6.06962442e-01 1.21501558e-01 3.86256352e-02 2.32910395e-01]
 [8.93207791e-04 5.58553897e-02 1.52111781e-04 9.43099320e-01]]
[[8.22573662e-01 1.08622657e-02 7.90113807e-02 8.75526518e-02]
 [1.94391042e-01 6.72434032e-01 1.16078248e-02 1.21567115e-01]
 [7.22247064e-01 1.25328600e-01 9.96725559e-02 5.27518280e-02]
 [2.38144994e-01 7.61582255e-01 1.32666202e-04 1.40082542e-04]
 [9.62876249e-04 4.93823513e-02 9.47219491e-01 2.43532890e-03]
 [1.28640775e-02 9.86989677e-01 6.19131970e-05 8.43535236e-05]
 [2.06656978e-02 9.78569508e-01 3.47061374e-04 4.17795964e-04]
 [9.48248029e-01 5.02371602e-02 1.45857781e-03 5.62862406e-05]
 [7.52065361e-01 1.77533720e-02 1.06029540e-01 1.24151677e-01]
 [8.49950194e-01 4.28766524e-03 6.47784993e-02 8.09837058e-02]
 [1.98091850e-01 1.36480987e-01 5.77340007e-01 8.80871266e-02]
 [5.90395229e-03 1.10542616e-02 5.55486222e-05 9.82986271e-01]
 [3.53528410e-02 9.39131081e-01 8.82648490e-03 1.66896284e-02]
 [8.23845744e-01 2.15560962e-02 6.79880232e-02 8.66102502e-02]
 [2.59758369e-03 1.59478076e-02 9.69707072e-01 1.17475307e-02]
 [1.86083454e-03 1.16066709e-02 3.60887730e-03 9.82923687e-01]
 [2.67462451e-02 9.55666509e-03 8.69026005e-01 9.46711004e-02]
 [6.78953171e-01 6.82543665e-02 1.82781164e-02 2.34514281e-01]
 [6.06962442e-01 1.21501558e-01 3.86256352e-02 2.32910395e-01]
 [8.93207791e-04 5.58553897e-02 1.52111781e-04 9.43099320e-01]]
[[1. 0. 0. 0.]
 [0. 1. 0. 0.]
 [1. 0. 0. 0.]
 [0. 1. 0. 0.]
 [0. 0. 1. 0.]
 [0. 1. 0. 0.]
 [0. 1. 0. 0.]
 [1. 0. 0. 0.]
 [1. 0. 0. 0.]
 [0. 0. 1. 0.]
 [0. 0. 1. 0.]
 [0. 0. 0. 1.]
 [0. 1. 0. 0.]
 [1. 0. 0. 0.]
 [0. 0. 1. 0.]
 [0. 0. 0. 1.]
 [0. 0. 0. 1.]
 [0. 0. 0. 1.]
 [1. 0. 0. 0.]
 [0. 0. 0. 1.]]
Best Validation Accuracy: 0.8486571813139961
Current Validation Accuracy: 0.8424275737651776
Current Validation Loss: 0.0017823998181141789
Saving last model
