Running "module reset". Resetting modules to system default. The following $MODULEPATH directories have been removed: None
A conda environment has been detected CONDA_PREFIX=
/u/avroy/.conda/envs/toptagger_env 
anaconda3_gpu is loaded. Consider running conda deactivate and reloading it.

Currently Loaded Modules:
  1) cue-login-env/1.0   4) gcc/11.2.0    7) openmpi/4.1.2
  2) default             5) cuda/11.6.1   8) cudnn/8.4.1.50
  3) modtree/gpu         6) ucx/1.11.2    9) anaconda3_gpu/4.13.0

 

/u/avroy/UQ_XAI_Studies/models/PFIN_UQ/model/jobsub
total 192K
-rw-rw----+ 1 avroy delta_bbhj  925 Mar 31 16:58 jobsubmitter_dummy.py
-rw-rw----+ 1 avroy delta_bbhj  15K May 18 13:59 jobsubmitter.py
-rw-rw----+ 1 avroy delta_bbhj 1.1K May 18 14:02 UQPFIN-run-JNqgmerged_0.1_baseline.slurm
-rw-rw----+ 1 avroy delta_bbhj 1.1K May 18 14:02 UQPFIN-run-JNqgmerged_0.1_skiptop.slurm
-rw-rw----+ 1 avroy delta_bbhj 1.1K May 18 14:02 UQPFIN-run-JNqgmerged_0.1_skipwz.slurm
-rw-rw----+ 1 avroy delta_bbhj 1.1K May 18 14:02 UQPFIN-run-JNqgmerged_0_baseline.slurm
-rw-rw----+ 1 avroy delta_bbhj 1.1K May 18 14:02 UQPFIN-run-JNqgmerged_0_skiptop.slurm
-rw-rw----+ 1 avroy delta_bbhj 1.1K May 18 14:02 UQPFIN-run-JNqgmerged_0_skipwz.slurm
-rw-rw----+ 1 avroy delta_bbhj 1.1K May 18 14:02 UQPFIN-run-JNqgmerged_nominal_baseline.slurm
-rw-rw----+ 1 avroy delta_bbhj 1.1K May 18 14:02 UQPFIN-run-JNqgmerged_nominal_skiptop.slurm
-rw-rw----+ 1 avroy delta_bbhj 1.1K May 18 14:02 UQPFIN-run-JNqgmerged_nominal_skipwz.slurm
-rw-rw----+ 1 avroy delta_bbhj 1.1K May 18 14:02 UQPFIN-run-JNqgmerged_softmax_baseline_0.slurm
-rw-rw----+ 1 avroy delta_bbhj 1.1K May 18 14:02 UQPFIN-run-JNqgmerged_softmax_baseline_1.slurm
-rw-rw----+ 1 avroy delta_bbhj 1.1K May 18 14:02 UQPFIN-run-JNqgmerged_softmax_baseline_2.slurm
-rw-rw----+ 1 avroy delta_bbhj 1.1K May 18 14:02 UQPFIN-run-JNqgmerged_softmax_baseline_3.slurm
-rw-rw----+ 1 avroy delta_bbhj 1.1K May 18 14:02 UQPFIN-run-JNqgmerged_softmax_baseline_4.slurm
-rw-rw----+ 1 avroy delta_bbhj 1.1K May 18 14:02 UQPFIN-run-JNqgmerged_softmax_baseline_5.slurm
-rw-rw----+ 1 avroy delta_bbhj 1.1K May 18 14:02 UQPFIN-run-JNqgmerged_softmax_baseline_6.slurm
-rw-rw----+ 1 avroy delta_bbhj 1.1K May 18 14:02 UQPFIN-run-JNqgmerged_softmax_baseline_7.slurm
-rw-rw----+ 1 avroy delta_bbhj 1.1K May 18 14:02 UQPFIN-run-JNqgmerged_softmax_baseline_8.slurm
-rw-rw----+ 1 avroy delta_bbhj 1.1K May 18 14:02 UQPFIN-run-JNqgmerged_softmax_baseline_9.slurm
-rw-rw----+ 1 avroy delta_bbhj 1.2K May 18 14:02 UQPFIN-run-JNqgmerged_softmax_dropout_baseline.slurm
-rw-rw----+ 1 avroy delta_bbhj 1.2K May 18 14:02 UQPFIN-run-JNqgmerged_softmax_dropout_skiptop.slurm
-rw-rw----+ 1 avroy delta_bbhj 1.2K May 18 14:02 UQPFIN-run-JNqgmerged_softmax_dropout_skipwz.slurm
-rw-rw----+ 1 avroy delta_bbhj 1.1K May 18 14:02 UQPFIN-run-JNqgmerged_softmax_skiptop_0.slurm
-rw-rw----+ 1 avroy delta_bbhj 1.1K May 18 14:02 UQPFIN-run-JNqgmerged_softmax_skiptop_1.slurm
-rw-rw----+ 1 avroy delta_bbhj 1.1K May 18 14:02 UQPFIN-run-JNqgmerged_softmax_skiptop_2.slurm
-rw-rw----+ 1 avroy delta_bbhj 1.1K May 18 14:02 UQPFIN-run-JNqgmerged_softmax_skiptop_3.slurm
-rw-rw----+ 1 avroy delta_bbhj 1.1K May 18 14:02 UQPFIN-run-JNqgmerged_softmax_skiptop_4.slurm
-rw-rw----+ 1 avroy delta_bbhj 1.1K May 18 14:02 UQPFIN-run-JNqgmerged_softmax_skiptop_5.slurm
-rw-rw----+ 1 avroy delta_bbhj 1.1K May 18 14:02 UQPFIN-run-JNqgmerged_softmax_skiptop_6.slurm
-rw-rw----+ 1 avroy delta_bbhj 1.1K May 18 14:02 UQPFIN-run-JNqgmerged_softmax_skiptop_7.slurm
-rw-rw----+ 1 avroy delta_bbhj 1.1K May 18 14:02 UQPFIN-run-JNqgmerged_softmax_skiptop_8.slurm
-rw-rw----+ 1 avroy delta_bbhj 1.1K May 18 14:02 UQPFIN-run-JNqgmerged_softmax_skiptop_9.slurm
-rw-rw----+ 1 avroy delta_bbhj 1.1K May 18 14:02 UQPFIN-run-JNqgmerged_softmax_skipwz_0.slurm
-rw-rw----+ 1 avroy delta_bbhj 1.1K May 18 14:02 UQPFIN-run-JNqgmerged_softmax_skipwz_1.slurm
-rw-rw----+ 1 avroy delta_bbhj 1.1K May 18 14:02 UQPFIN-run-JNqgmerged_softmax_skipwz_2.slurm
-rw-rw----+ 1 avroy delta_bbhj 1.1K May 18 14:02 UQPFIN-run-JNqgmerged_softmax_skipwz_3.slurm
-rw-rw----+ 1 avroy delta_bbhj 1.1K May 18 14:02 UQPFIN-run-JNqgmerged_softmax_skipwz_4.slurm
-rw-rw----+ 1 avroy delta_bbhj 1.1K May 18 14:02 UQPFIN-run-JNqgmerged_softmax_skipwz_5.slurm
-rw-rw----+ 1 avroy delta_bbhj 1.1K May 18 14:02 UQPFIN-run-JNqgmerged_softmax_skipwz_6.slurm
-rw-rw----+ 1 avroy delta_bbhj 1.1K May 18 14:02 UQPFIN-run-JNqgmerged_softmax_skipwz_7.slurm
-rw-rw----+ 1 avroy delta_bbhj 1.1K May 18 14:02 UQPFIN-run-JNqgmerged_softmax_skipwz_8.slurm
-rw-rw----+ 1 avroy delta_bbhj 1.1K May 18 14:02 UQPFIN-run-JNqgmerged_softmax_skipwz_9.slurm
-rw-------+ 1 avroy delta_bbhj  969 May 15 09:44 UQPFIN-run.slurm
/projects/bbhj/avroy/UQ_XAI_Studies/models/PFIN_UQ/model
total 176K
drwxr-s---+ 2 avroy delta_bbhj  12K May 18 14:02 jobouts
drwxr-s---+ 2 avroy delta_bbhj 4.0K May 18 14:02 jobsub
-rw-rw----+ 1 avroy delta_bbhj 8.4K May 15 14:46 PFINDataset.py
drwxrws---+ 2 avroy delta_bbhj 4.0K May 18 09:47 __pycache__
drwxrws---+ 2 avroy delta_bbhj  12K May 18 13:25 trained_model_dicts
drwxr-s---+ 2 avroy delta_bbhj 4.0K Mar 31 15:09 trained_model_dicts_old
drwxrws---+ 2 avroy delta_bbhj  20K May 18 13:31 trained_models
drwxr-s---+ 2 avroy delta_bbhj 4.0K Mar 31 15:10 trained_models_old
-rw-rw----+ 1 avroy delta_bbhj  23K May 18 11:00 train_mod.py
-rw-rw----+ 1 avroy delta_bbhj  23K May 18 10:56 train_mod.py~
-rw-rw----+ 1 avroy delta_bbhj  20K May 18 13:50 train.py
-rw-rw----+ 1 avroy delta_bbhj  20K May 18 13:41 train.py~
-rw-rw----+ 1 avroy delta_bbhj  13K May  5 09:36 UQPFIN.py
job is starting on gpua069.delta.ncsa.illinois.edu
# conda environments:
#
base                     /sw/external/python/anaconda3
toptagger_env         *  /u/avroy/.conda/envs/toptagger_env

/sw/external/python/anaconda3_gpu/bin/python
==========================================================================================
Layer (type:depth-idx)                   Output Shape              Param #
==========================================================================================
UQPFIN                                   [1, 4]                    --
├─Sequential: 1-1                        [30, 64]                  --
│    └─Sequential: 2-1                   [30, 100]                 --
│    │    └─Linear: 3-1                  [30, 100]                 400
│    │    └─ReLU: 3-2                    [30, 100]                 --
│    └─Sequential: 2-2                   [30, 100]                 --
│    │    └─Linear: 3-3                  [30, 100]                 10,100
│    │    └─ReLU: 3-4                    [30, 100]                 --
│    └─Sequential: 2-3                   [30, 64]                  --
│    │    └─Linear: 3-5                  [30, 64]                  6,464
│    │    └─ReLU: 3-6                    [30, 64]                  --
├─Sequential: 1-2                        [435, 64]                 --
│    └─Sequential: 2-4                   [435, 128]                --
│    │    └─Linear: 3-7                  [435, 128]                640
│    │    └─ReLU: 3-8                    [435, 128]                --
│    └─Sequential: 2-5                   [435, 128]                --
│    │    └─Linear: 3-9                  [435, 128]                16,512
│    │    └─ReLU: 3-10                   [435, 128]                --
│    └─Sequential: 2-6                   [435, 64]                 --
│    │    └─Linear: 3-11                 [435, 64]                 8,256
│    │    └─ReLU: 3-12                   [435, 64]                 --
├─Sequential: 1-3                        [30, 64]                  --
│    └─Sequential: 2-7                   [30, 128]                 --
│    │    └─Linear: 3-13                 [30, 128]                 8,704
│    │    └─ReLU: 3-14                   [30, 128]                 --
│    └─Sequential: 2-8                   [30, 128]                 --
│    │    └─Linear: 3-15                 [30, 128]                 16,512
│    │    └─ReLU: 3-16                   [30, 128]                 --
│    └─Sequential: 2-9                   [30, 64]                  --
│    │    └─Linear: 3-17                 [30, 64]                  8,256
│    │    └─ReLU: 3-18                   [30, 64]                  --
├─Sequential: 1-4                        [1, 4]                    --
│    └─Sequential: 2-10                  [1, 64]                   --
│    │    └─Linear: 3-19                 [1, 64]                   4,160
│    │    └─ReLU: 3-20                   [1, 64]                   --
│    └─Sequential: 2-11                  [1, 100]                  --
│    │    └─Linear: 3-21                 [1, 100]                  6,500
│    │    └─ReLU: 3-22                   [1, 100]                  --
│    └─Sequential: 2-12                  [1, 100]                  --
│    │    └─Linear: 3-23                 [1, 100]                  10,100
│    │    └─ReLU: 3-24                   [1, 100]                  --
│    └─Linear: 2-13                      [1, 4]                    404
│    └─Softmax: 2-14                     [1, 4]                    --
==========================================================================================
Total params: 97,008
Trainable params: 97,008
Non-trainable params: 0
Total mult-adds (M): 12.59
==========================================================================================
Input size (MB): 0.00
Forward/backward pass size (MB): 1.26
Params size (MB): 0.39
Estimated Total Size (MB): 1.64
==========================================================================================
data type:  JNqgmerged
m_logic, pt_logic, eta_logic:  AND AND AND
m1, m2, pt1, pt2, eta1, eta2:  0.0 10000.0 0.0 10000.0 -6.0 6.0
skip labels:  []
classes:  4
Epoch 0
Best Validation Accuracy: 0
Current Validation Accuracy: 0.7622953707814493
Current Validation Loss: 0.0026823226801012683
Saving best model based on accuracy
Epoch 1
Best Validation Accuracy: 0.7622953707814493
Current Validation Accuracy: 0.8002297343960311
Current Validation Loss: 0.002312443333001496
Saving best model based on accuracy
Epoch 2
Best Validation Accuracy: 0.8002297343960311
Current Validation Accuracy: 0.8101379111082923
Current Validation Loss: 0.002174382025490383
Saving best model based on accuracy
Epoch 3
Best Validation Accuracy: 0.8101379111082923
Current Validation Accuracy: 0.8071288133443267
Current Validation Loss: 0.0021825915230890376
Epoch 4
Best Validation Accuracy: 0.8101379111082923
Current Validation Accuracy: 0.8230269973150673
Current Validation Loss: 0.002050195558873762
Saving best model based on accuracy
Epoch 5
Best Validation Accuracy: 0.8230269973150673
Current Validation Accuracy: 0.8182631797777355
Current Validation Loss: 0.002085996512067001
Epoch 6
Best Validation Accuracy: 0.8230269973150673
Current Validation Accuracy: 0.8307083007406468
Current Validation Loss: 0.0019449319019429056
Saving best model based on accuracy
Epoch 7
Best Validation Accuracy: 0.8307083007406468
Current Validation Accuracy: 0.8251340704565795
Current Validation Loss: 0.00198977896688581
Epoch 8
Best Validation Accuracy: 0.8307083007406468
Current Validation Accuracy: 0.824077010352142
Current Validation Loss: 0.0019932443192210757
Epoch 9
Best Validation Accuracy: 0.8307083007406468
Current Validation Accuracy: 0.8322375143583998
Current Validation Loss: 0.0019113732919264017
Saving best model based on accuracy
Epoch 10
Best Validation Accuracy: 0.8322375143583998
Current Validation Accuracy: 0.8236541863103669
Current Validation Loss: 0.001980214623028258
Epoch 11
Best Validation Accuracy: 0.8322375143583998
Current Validation Accuracy: 0.8365362254497791
Current Validation Loss: 0.0018549746035820516
Saving best model based on accuracy
Epoch 12
Best Validation Accuracy: 0.8365362254497791
Current Validation Accuracy: 0.82721295532864
Current Validation Loss: 0.001948668524235117
Epoch 13
Best Validation Accuracy: 0.8365362254497791
Current Validation Accuracy: 0.8391224991719696
Current Validation Loss: 0.0018280211114920723
Saving best model based on accuracy
Epoch 14
Best Validation Accuracy: 0.8391224991719696
Current Validation Accuracy: 0.8393268641254942
Current Validation Loss: 0.0018308338256670018
Saving best model based on accuracy
Epoch 15
Best Validation Accuracy: 0.8393268641254942
Current Validation Accuracy: 0.8395664644158334
Current Validation Loss: 0.0018125804745611558
Saving best model based on accuracy
Epoch 16
Best Validation Accuracy: 0.8395664644158334
Current Validation Accuracy: 0.8362472956878995
Current Validation Loss: 0.0018588062987332917
Epoch 17
Best Validation Accuracy: 0.8395664644158334
Current Validation Accuracy: 0.8410604426967717
Current Validation Loss: 0.0018008521258640747
Saving best model based on accuracy
Epoch 18
Best Validation Accuracy: 0.8410604426967717
Current Validation Accuracy: 0.8429138214132189
Current Validation Loss: 0.0017751059828678714
Saving best model based on accuracy
Epoch 19
Best Validation Accuracy: 0.8429138214132189
Current Validation Accuracy: 0.8395664644158334
Current Validation Loss: 0.0018149594485213265
Epoch 20
Best Validation Accuracy: 0.8429138214132189
Current Validation Accuracy: 0.8422443500137418
Current Validation Loss: 0.0017874810936044311
Epoch 21
Best Validation Accuracy: 0.8429138214132189
Current Validation Accuracy: 0.8331254448461273
Current Validation Loss: 0.0018811106923765587
Epoch 22
Best Validation Accuracy: 0.8429138214132189
Current Validation Accuracy: 0.8365644137192307
Current Validation Loss: 0.0018591909005988166
Epoch 23
Best Validation Accuracy: 0.8429138214132189
Current Validation Accuracy: 0.8385023572440329
Current Validation Loss: 0.0018131530482383435
Epoch 24
Best Validation Accuracy: 0.8429138214132189
Current Validation Accuracy: 0.8358597069829391
Current Validation Loss: 0.00185583249706547
Epoch 25
Best Validation Accuracy: 0.8429138214132189
Current Validation Accuracy: 0.8431393275688323
Current Validation Loss: 0.0017742410755908163
Saving best model based on accuracy
Epoch 26
Best Validation Accuracy: 0.8431393275688323
Current Validation Accuracy: 0.8296794289056609
Current Validation Loss: 0.0019294960765466704
Epoch 27
Best Validation Accuracy: 0.8431393275688323
Current Validation Accuracy: 0.8374452971395954
Current Validation Loss: 0.0018304243701561605
Epoch 28
Best Validation Accuracy: 0.8431393275688323
Current Validation Accuracy: 0.8441541052690923
Current Validation Loss: 0.0017647600452099324
Saving best model based on accuracy
Epoch 29
Best Validation Accuracy: 0.8441541052690923
Current Validation Accuracy: 0.8429279155479448
Current Validation Loss: 0.0017644837163159545
Epoch 30
Best Validation Accuracy: 0.8441541052690923
Current Validation Accuracy: 0.8405671479813676
Current Validation Loss: 0.0018065465345257217
Epoch 31
Best Validation Accuracy: 0.8441541052690923
Current Validation Accuracy: 0.8423430089568226
Current Validation Loss: 0.001784747266126247
Epoch 32
Best Validation Accuracy: 0.8441541052690923
Current Validation Accuracy: 0.8460004369181765
Current Validation Loss: 0.0017422354708251982
Saving best model based on accuracy
Epoch 33
Best Validation Accuracy: 0.8460004369181765
Current Validation Accuracy: 0.8440695404607372
Current Validation Loss: 0.0017656898804826826
Epoch 34
Best Validation Accuracy: 0.8460004369181765
Current Validation Accuracy: 0.8452393536429815
Current Validation Loss: 0.0017451260258023859
Epoch 35
Best Validation Accuracy: 0.8460004369181765
Current Validation Accuracy: 0.8400315708617858
Current Validation Loss: 0.0017946842348873064
Epoch 36
Best Validation Accuracy: 0.8460004369181765
Current Validation Accuracy: 0.8408772189453358
Current Validation Loss: 0.001790718216221073
Epoch 37
Best Validation Accuracy: 0.8460004369181765
Current Validation Accuracy: 0.8445275998393269
Current Validation Loss: 0.001746244283797535
Epoch 38
Best Validation Accuracy: 0.8460004369181765
Current Validation Accuracy: 0.8405530538466417
Current Validation Loss: 0.001813348825195135
Epoch 39
Best Validation Accuracy: 0.8460004369181765
Current Validation Accuracy: 0.8393761935970346
Current Validation Loss: 0.0018078517480507213
Epoch 40
Best Validation Accuracy: 0.8460004369181765
Current Validation Accuracy: 0.8456833188868452
Current Validation Loss: 0.0017361245838282571
Epoch 41
Best Validation Accuracy: 0.8460004369181765
Current Validation Accuracy: 0.8420329379928543
Current Validation Loss: 0.0017876473557548098
Epoch 42
Best Validation Accuracy: 0.8460004369181765
Current Validation Accuracy: 0.8456621776847565
Current Validation Loss: 0.0017421527086483358
Epoch 43
Best Validation Accuracy: 0.8460004369181765
Current Validation Accuracy: 0.8362332015531736
Current Validation Loss: 0.00184632464075109
Epoch 44
Best Validation Accuracy: 0.8460004369181765
Current Validation Accuracy: 0.8452252595082557
Current Validation Loss: 0.0017463233731625902
Epoch 45
Best Validation Accuracy: 0.8460004369181765
Current Validation Accuracy: 0.8461554724001606
Current Validation Loss: 0.0017300768203439914
Saving best model based on accuracy
Epoch 46
Best Validation Accuracy: 0.8461554724001606
Current Validation Accuracy: 0.8448376708032952
Current Validation Loss: 0.0017454529327256606
Epoch 47
Best Validation Accuracy: 0.8461554724001606
Current Validation Accuracy: 0.8465219199030324
Current Validation Loss: 0.0017320882774821266
Saving best model based on accuracy
Epoch 48
Best Validation Accuracy: 0.8465219199030324
Current Validation Accuracy: 0.8433366454549939
Current Validation Loss: 0.001767876680991608
Epoch 49
Best Validation Accuracy: 0.8465219199030324
Current Validation Accuracy: 0.845112506430449
Current Validation Loss: 0.0017455223643682222
Epoch 50
Best Validation Accuracy: 0.8465219199030324
Current Validation Accuracy: 0.847910192173527
Current Validation Loss: 0.0017139743978763504
Saving best model based on accuracy
Epoch 51
Best Validation Accuracy: 0.847910192173527
Current Validation Accuracy: 0.8445416939740527
Current Validation Loss: 0.0017528831007384803
Epoch 52
Best Validation Accuracy: 0.847910192173527
Current Validation Accuracy: 0.8453873420576027
Current Validation Loss: 0.0017504304281802645
Epoch 53
Best Validation Accuracy: 0.847910192173527
Current Validation Accuracy: 0.846388025623137
Current Validation Loss: 0.0017294337607289955
Epoch 54
Best Validation Accuracy: 0.847910192173527
Current Validation Accuracy: 0.846211848939064
Current Validation Loss: 0.0017364442965515968
Epoch 55
Best Validation Accuracy: 0.847910192173527
Current Validation Accuracy: 0.8450843181609973
Current Validation Loss: 0.0017606025562359765
Epoch 56
Best Validation Accuracy: 0.847910192173527
Current Validation Accuracy: 0.8424628091019922
Current Validation Loss: 0.00178362068108882
Epoch 57
Best Validation Accuracy: 0.847910192173527
Current Validation Accuracy: 0.8468672262038153
Current Validation Loss: 0.001721065222902402
Epoch 58
Best Validation Accuracy: 0.847910192173527
Current Validation Accuracy: 0.8474732739970261
Current Validation Loss: 0.0017220059361078815
Epoch 59
Best Validation Accuracy: 0.847910192173527
Current Validation Accuracy: 0.8424064325630889
Current Validation Loss: 0.001777585150999738
Epoch 60
Best Validation Accuracy: 0.847910192173527
Current Validation Accuracy: 0.8449786121505536
Current Validation Loss: 0.0017399569472598708
Epoch 61
Best Validation Accuracy: 0.847910192173527
Current Validation Accuracy: 0.846388025623137
Current Validation Loss: 0.0017397135125876077
Epoch 62
Best Validation Accuracy: 0.847910192173527
Current Validation Accuracy: 0.8480934159249628
Current Validation Loss: 0.0017102594256000346
Saving best model based on accuracy
Epoch 63
Best Validation Accuracy: 0.8480934159249628
Current Validation Accuracy: 0.8453309655186994
Current Validation Loss: 0.0017435650299596178
Epoch 64
Best Validation Accuracy: 0.8480934159249628
Current Validation Accuracy: 0.8484387222257458
Current Validation Loss: 0.0017122914662777184
Saving best model based on accuracy
Epoch 65
Best Validation Accuracy: 0.8484387222257458
Current Validation Accuracy: 0.8487206049202625
Current Validation Loss: 0.0017037241299513624
Saving best model based on accuracy
Epoch 66
Best Validation Accuracy: 0.8487206049202625
Current Validation Accuracy: 0.8357469539051324
Current Validation Loss: 0.001850544849581254
Epoch 67
Best Validation Accuracy: 0.8487206049202625
Current Validation Accuracy: 0.8458383543688294
Current Validation Loss: 0.001738606468975583
Epoch 68
Best Validation Accuracy: 0.8487206049202625
Current Validation Accuracy: 0.8473816621213082
Current Validation Loss: 0.0017157725618452524
Epoch 69
Best Validation Accuracy: 0.8487206049202625
Current Validation Accuracy: 0.8478467685672607
Current Validation Loss: 0.0017120908500637406
Epoch 70
Best Validation Accuracy: 0.8487206049202625
Current Validation Accuracy: 0.8490800053557712
Current Validation Loss: 0.001696987526496233
Saving best model based on accuracy
Epoch 71
Best Validation Accuracy: 0.8490800053557712
Current Validation Accuracy: 0.8481497924638661
Current Validation Loss: 0.0017178400505753679
Epoch 72
Best Validation Accuracy: 0.8490800053557712
Current Validation Accuracy: 0.8449786121505536
Current Validation Loss: 0.0017482225402962734
Epoch 73
Best Validation Accuracy: 0.8490800053557712
Current Validation Accuracy: 0.846296413747419
Current Validation Loss: 0.001724073773049455
Epoch 74
Best Validation Accuracy: 0.8490800053557712
Current Validation Accuracy: 0.8456903659542081
Current Validation Loss: 0.0017364361182027523
Epoch 75
Best Validation Accuracy: 0.8490800053557712
Current Validation Accuracy: 0.8475226034685666
Current Validation Loss: 0.0017127611615307108
Epoch 76
Best Validation Accuracy: 0.8490800053557712
Current Validation Accuracy: 0.84910114655786
Current Validation Loss: 0.001703943911446761
Saving best model based on accuracy
Epoch 77
Best Validation Accuracy: 0.84910114655786
Current Validation Accuracy: 0.8467685672607345
Current Validation Loss: 0.001738136730038644
Epoch 78
Best Validation Accuracy: 0.84910114655786
Current Validation Accuracy: 0.848840405065432
Current Validation Loss: 0.0017035198388253875
Epoch 79
Best Validation Accuracy: 0.84910114655786
Current Validation Accuracy: 0.8486360401119074
Current Validation Loss: 0.0017077745718345192
Epoch 80
Best Validation Accuracy: 0.84910114655786
Current Validation Accuracy: 0.8453521067207882
Current Validation Loss: 0.0017311336864329013
Epoch 81
Best Validation Accuracy: 0.84910114655786
Current Validation Accuracy: 0.8443937055594315
Current Validation Loss: 0.0017473648433906142
Epoch 82
Best Validation Accuracy: 0.84910114655786
Current Validation Accuracy: 0.8458242602341036
Current Validation Loss: 0.0017381796658975357
Epoch 83
Best Validation Accuracy: 0.84910114655786
Current Validation Accuracy: 0.8453239184513365
Current Validation Loss: 0.001740279928718513
Epoch 84
Best Validation Accuracy: 0.84910114655786
Current Validation Accuracy: 0.8482977808784874
Current Validation Loss: 0.0017139790705884906
Epoch 85
Best Validation Accuracy: 0.84910114655786
Current Validation Accuracy: 0.8449151885442873
Current Validation Loss: 0.0017441398785623258
Epoch 86
Best Validation Accuracy: 0.84910114655786
Current Validation Accuracy: 0.8474239445254858
Current Validation Loss: 0.0017187447297754798
Epoch 87
Best Validation Accuracy: 0.84910114655786
Current Validation Accuracy: 0.8475014622664778
Current Validation Loss: 0.0017108245641855246
Epoch 88
Best Validation Accuracy: 0.84910114655786
Current Validation Accuracy: 0.8439779285850193
Current Validation Loss: 0.0017661414181252887
Epoch 89
Best Validation Accuracy: 0.84910114655786
Current Validation Accuracy: 0.8463105078821448
Current Validation Loss: 0.0017393213800717523
Epoch 90
Best Validation Accuracy: 0.84910114655786
Current Validation Accuracy: 0.8476001212095586
Current Validation Loss: 0.001710042078014519
Epoch 91
Best Validation Accuracy: 0.84910114655786
Current Validation Accuracy: 0.8437171870925915
Current Validation Loss: 0.001762039204044952
Epoch 92
Best Validation Accuracy: 0.84910114655786
Current Validation Accuracy: 0.8498481356983292
Current Validation Loss: 0.0016998615342885225
Saving best model based on accuracy
Epoch 93
Best Validation Accuracy: 0.8498481356983292
Current Validation Accuracy: 0.8476776389505507
Current Validation Loss: 0.0017210174139732698
Epoch 94
Best Validation Accuracy: 0.8498481356983292
Current Validation Accuracy: 0.8459017779750957
Current Validation Loss: 0.001749670134504163
Epoch 95
Best Validation Accuracy: 0.8498481356983292
Current Validation Accuracy: 0.8464514492294032
Current Validation Loss: 0.0017333335665034543
Epoch 96
Best Validation Accuracy: 0.8498481356983292
Current Validation Accuracy: 0.8484387222257458
Current Validation Loss: 0.0017072931692838713
Epoch 97
Best Validation Accuracy: 0.8498481356983292
Current Validation Accuracy: 0.8483964398215682
Current Validation Loss: 0.0017078946911362818
Epoch 98
Best Validation Accuracy: 0.8498481356983292
Current Validation Accuracy: 0.8497494767552483
Current Validation Loss: 0.0016981022454616607
Epoch 99
[[5.81752658e-02 9.41037118e-01 1.01504571e-04 6.86146202e-04]
 [8.41844797e-01 4.63191085e-02 5.76053262e-02 5.42308465e-02]
 [1.46173045e-01 5.65096922e-02 7.28389919e-01 6.89273626e-02]
 [2.11600557e-01 7.87731349e-01 2.57263251e-04 4.10839333e-04]
 [1.17106456e-03 9.98696387e-01 1.55460093e-05 1.17026189e-04]
 [7.17919230e-01 7.61715416e-03 2.40944177e-01 3.35194282e-02]
 [1.03669107e-01 1.07622974e-01 1.00503756e-04 7.88607359e-01]
 [1.11536006e-03 9.52748768e-03 9.87072587e-01 2.28450354e-03]
 [4.89159068e-03 2.03210358e-02 1.94085864e-04 9.74593282e-01]
 [7.58929038e-03 9.92393017e-01 1.01584983e-05 7.58025544e-06]
 [1.65807700e-03 2.27761874e-03 3.17245758e-05 9.96032536e-01]
 [8.71748447e-01 1.15130953e-02 5.56366667e-02 6.11018203e-02]
 [1.01273634e-01 8.97494018e-01 9.16734571e-05 1.14068470e-03]
 [4.71509457e-01 7.41725881e-03 3.31365079e-01 1.89708233e-01]
 [5.89117885e-01 2.93713678e-02 3.12324286e-01 6.91864416e-02]
 [4.13354784e-02 2.97832172e-02 8.45243752e-01 8.36376101e-02]
 [6.63004875e-01 3.35536182e-01 4.72879503e-04 9.86122061e-04]
 [2.29144078e-02 2.09187996e-02 1.01742172e-03 9.55149293e-01]
 [2.14956328e-02 1.90156158e-02 4.12875321e-04 9.59075868e-01]
 [4.98820603e-01 4.21261877e-01 1.62404142e-02 6.36771768e-02]]
[[5.81752658e-02 9.41037118e-01 1.01504571e-04 6.86146202e-04]
 [8.41844797e-01 4.63191085e-02 5.76053262e-02 5.42308465e-02]
 [1.46173045e-01 5.65096922e-02 7.28389919e-01 6.89273626e-02]
 [2.11600557e-01 7.87731349e-01 2.57263251e-04 4.10839333e-04]
 [1.17106456e-03 9.98696387e-01 1.55460093e-05 1.17026189e-04]
 [7.17919230e-01 7.61715416e-03 2.40944177e-01 3.35194282e-02]
 [1.03669107e-01 1.07622974e-01 1.00503756e-04 7.88607359e-01]
 [1.11536006e-03 9.52748768e-03 9.87072587e-01 2.28450354e-03]
 [4.89159068e-03 2.03210358e-02 1.94085864e-04 9.74593282e-01]
 [7.58929038e-03 9.92393017e-01 1.01584983e-05 7.58025544e-06]
 [1.65807700e-03 2.27761874e-03 3.17245758e-05 9.96032536e-01]
 [8.71748447e-01 1.15130953e-02 5.56366667e-02 6.11018203e-02]
 [1.01273634e-01 8.97494018e-01 9.16734571e-05 1.14068470e-03]
 [4.71509457e-01 7.41725881e-03 3.31365079e-01 1.89708233e-01]
 [5.89117885e-01 2.93713678e-02 3.12324286e-01 6.91864416e-02]
 [4.13354784e-02 2.97832172e-02 8.45243752e-01 8.36376101e-02]
 [6.63004875e-01 3.35536182e-01 4.72879503e-04 9.86122061e-04]
 [2.29144078e-02 2.09187996e-02 1.01742172e-03 9.55149293e-01]
 [2.14956328e-02 1.90156158e-02 4.12875321e-04 9.59075868e-01]
 [4.98820603e-01 4.21261877e-01 1.62404142e-02 6.36771768e-02]]
[[0. 1. 0. 0.]
 [1. 0. 0. 0.]
 [0. 0. 1. 0.]
 [0. 1. 0. 0.]
 [0. 1. 0. 0.]
 [0. 0. 0. 1.]
 [0. 0. 0. 1.]
 [0. 0. 1. 0.]
 [0. 0. 0. 1.]
 [0. 1. 0. 0.]
 [0. 0. 0. 1.]
 [1. 0. 0. 0.]
 [0. 1. 0. 0.]
 [0. 0. 1. 0.]
 [1. 0. 0. 0.]
 [0. 0. 0. 1.]
 [0. 1. 0. 0.]
 [0. 0. 0. 1.]
 [0. 0. 0. 1.]
 [0. 1. 0. 0.]]
Best Validation Accuracy: 0.8498481356983292
Current Validation Accuracy: 0.848671275448722
Current Validation Loss: 0.00170787925558181
Saving last model
