Running "module reset". Resetting modules to system default. The following $MODULEPATH directories have been removed: None
A conda environment has been detected CONDA_PREFIX=
/u/avroy/.conda/envs/toptagger_env 
anaconda3_gpu is loaded. Consider running conda deactivate and reloading it.

Currently Loaded Modules:
  1) cue-login-env/1.0   4) gcc/11.2.0    7) openmpi/4.1.2
  2) default             5) cuda/11.6.1   8) cudnn/8.4.1.50
  3) modtree/gpu         6) ucx/1.11.2    9) anaconda3_gpu/4.13.0

 

/u/avroy/UQ_XAI_Studies/models/PFIN_UQ/model/jobsub
total 192K
-rw-rw----+ 1 avroy delta_bbhj  925 Mar 31 16:58 jobsubmitter_dummy.py
-rw-rw----+ 1 avroy delta_bbhj  15K May 18 13:59 jobsubmitter.py
-rw-rw----+ 1 avroy delta_bbhj 1.1K May 18 14:02 UQPFIN-run-JNqgmerged_0.1_baseline.slurm
-rw-rw----+ 1 avroy delta_bbhj 1.1K May 18 14:02 UQPFIN-run-JNqgmerged_0.1_skiptop.slurm
-rw-rw----+ 1 avroy delta_bbhj 1.1K May 18 14:02 UQPFIN-run-JNqgmerged_0.1_skipwz.slurm
-rw-rw----+ 1 avroy delta_bbhj 1.1K May 18 14:02 UQPFIN-run-JNqgmerged_0_baseline.slurm
-rw-rw----+ 1 avroy delta_bbhj 1.1K May 18 14:02 UQPFIN-run-JNqgmerged_0_skiptop.slurm
-rw-rw----+ 1 avroy delta_bbhj 1.1K May 18 14:02 UQPFIN-run-JNqgmerged_0_skipwz.slurm
-rw-rw----+ 1 avroy delta_bbhj 1.1K May 18 14:02 UQPFIN-run-JNqgmerged_nominal_baseline.slurm
-rw-rw----+ 1 avroy delta_bbhj 1.1K May 18 14:02 UQPFIN-run-JNqgmerged_nominal_skiptop.slurm
-rw-rw----+ 1 avroy delta_bbhj 1.1K May 18 14:02 UQPFIN-run-JNqgmerged_nominal_skipwz.slurm
-rw-rw----+ 1 avroy delta_bbhj 1.1K May 18 14:02 UQPFIN-run-JNqgmerged_softmax_baseline_0.slurm
-rw-rw----+ 1 avroy delta_bbhj 1.1K May 18 14:02 UQPFIN-run-JNqgmerged_softmax_baseline_1.slurm
-rw-rw----+ 1 avroy delta_bbhj 1.1K May 18 14:02 UQPFIN-run-JNqgmerged_softmax_baseline_2.slurm
-rw-rw----+ 1 avroy delta_bbhj 1.1K May 18 14:02 UQPFIN-run-JNqgmerged_softmax_baseline_3.slurm
-rw-rw----+ 1 avroy delta_bbhj 1.1K May 18 14:02 UQPFIN-run-JNqgmerged_softmax_baseline_4.slurm
-rw-rw----+ 1 avroy delta_bbhj 1.1K May 18 14:02 UQPFIN-run-JNqgmerged_softmax_baseline_5.slurm
-rw-rw----+ 1 avroy delta_bbhj 1.1K May 18 14:02 UQPFIN-run-JNqgmerged_softmax_baseline_6.slurm
-rw-rw----+ 1 avroy delta_bbhj 1.1K May 18 14:02 UQPFIN-run-JNqgmerged_softmax_baseline_7.slurm
-rw-rw----+ 1 avroy delta_bbhj 1.1K May 18 14:02 UQPFIN-run-JNqgmerged_softmax_baseline_8.slurm
-rw-rw----+ 1 avroy delta_bbhj 1.1K May 18 14:02 UQPFIN-run-JNqgmerged_softmax_baseline_9.slurm
-rw-rw----+ 1 avroy delta_bbhj 1.2K May 18 14:02 UQPFIN-run-JNqgmerged_softmax_dropout_baseline.slurm
-rw-rw----+ 1 avroy delta_bbhj 1.2K May 18 14:02 UQPFIN-run-JNqgmerged_softmax_dropout_skiptop.slurm
-rw-rw----+ 1 avroy delta_bbhj 1.2K May 18 14:02 UQPFIN-run-JNqgmerged_softmax_dropout_skipwz.slurm
-rw-rw----+ 1 avroy delta_bbhj 1.1K May 18 14:02 UQPFIN-run-JNqgmerged_softmax_skiptop_0.slurm
-rw-rw----+ 1 avroy delta_bbhj 1.1K May 18 14:02 UQPFIN-run-JNqgmerged_softmax_skiptop_1.slurm
-rw-rw----+ 1 avroy delta_bbhj 1.1K May 18 14:02 UQPFIN-run-JNqgmerged_softmax_skiptop_2.slurm
-rw-rw----+ 1 avroy delta_bbhj 1.1K May 18 14:02 UQPFIN-run-JNqgmerged_softmax_skiptop_3.slurm
-rw-rw----+ 1 avroy delta_bbhj 1.1K May 18 14:02 UQPFIN-run-JNqgmerged_softmax_skiptop_4.slurm
-rw-rw----+ 1 avroy delta_bbhj 1.1K May 18 14:02 UQPFIN-run-JNqgmerged_softmax_skiptop_5.slurm
-rw-rw----+ 1 avroy delta_bbhj 1.1K May 18 14:02 UQPFIN-run-JNqgmerged_softmax_skiptop_6.slurm
-rw-rw----+ 1 avroy delta_bbhj 1.1K May 18 14:02 UQPFIN-run-JNqgmerged_softmax_skiptop_7.slurm
-rw-rw----+ 1 avroy delta_bbhj 1.1K May 18 14:02 UQPFIN-run-JNqgmerged_softmax_skiptop_8.slurm
-rw-rw----+ 1 avroy delta_bbhj 1.1K May 18 14:02 UQPFIN-run-JNqgmerged_softmax_skiptop_9.slurm
-rw-rw----+ 1 avroy delta_bbhj 1.1K May 18 14:02 UQPFIN-run-JNqgmerged_softmax_skipwz_0.slurm
-rw-rw----+ 1 avroy delta_bbhj 1.1K May 18 14:02 UQPFIN-run-JNqgmerged_softmax_skipwz_1.slurm
-rw-rw----+ 1 avroy delta_bbhj 1.1K May 18 14:02 UQPFIN-run-JNqgmerged_softmax_skipwz_2.slurm
-rw-rw----+ 1 avroy delta_bbhj 1.1K May 18 14:02 UQPFIN-run-JNqgmerged_softmax_skipwz_3.slurm
-rw-rw----+ 1 avroy delta_bbhj 1.1K May 18 14:02 UQPFIN-run-JNqgmerged_softmax_skipwz_4.slurm
-rw-rw----+ 1 avroy delta_bbhj 1.1K May 18 14:02 UQPFIN-run-JNqgmerged_softmax_skipwz_5.slurm
-rw-rw----+ 1 avroy delta_bbhj 1.1K May 18 14:02 UQPFIN-run-JNqgmerged_softmax_skipwz_6.slurm
-rw-rw----+ 1 avroy delta_bbhj 1.1K May 18 14:02 UQPFIN-run-JNqgmerged_softmax_skipwz_7.slurm
-rw-rw----+ 1 avroy delta_bbhj 1.1K May 18 14:02 UQPFIN-run-JNqgmerged_softmax_skipwz_8.slurm
-rw-rw----+ 1 avroy delta_bbhj 1.1K May 18 14:02 UQPFIN-run-JNqgmerged_softmax_skipwz_9.slurm
-rw-------+ 1 avroy delta_bbhj  969 May 15 09:44 UQPFIN-run.slurm
/projects/bbhj/avroy/UQ_XAI_Studies/models/PFIN_UQ/model
total 132K
drwxr-s---+ 2 avroy delta_bbhj  12K May 18 17:10 jobouts
drwxr-s---+ 2 avroy delta_bbhj 4.0K May 18 14:02 jobsub
-rw-rw----+ 1 avroy delta_bbhj 8.4K May 15 14:46 PFINDataset.py
drwxrws---+ 2 avroy delta_bbhj 4.0K May 18 09:47 __pycache__
drwxrws---+ 2 avroy delta_bbhj  12K May 18 17:09 trained_model_dicts
drwxr-s---+ 2 avroy delta_bbhj 4.0K Mar 31 15:09 trained_model_dicts_old
drwxrws---+ 2 avroy delta_bbhj  20K May 18 17:10 trained_models
drwxr-s---+ 2 avroy delta_bbhj 4.0K Mar 31 15:10 trained_models_old
-rw-rw----+ 1 avroy delta_bbhj  23K May 18 15:52 train_mod.py
-rw-rw----+ 1 avroy delta_bbhj  20K May 18 13:50 train.py
-rw-rw----+ 1 avroy delta_bbhj  13K May  5 09:36 UQPFIN.py
job is starting on gpua014.delta.ncsa.illinois.edu
# conda environments:
#
base                     /sw/external/python/anaconda3
toptagger_env         *  /u/avroy/.conda/envs/toptagger_env

/sw/external/python/anaconda3_gpu/bin/python
==========================================================================================
Layer (type:depth-idx)                   Output Shape              Param #
==========================================================================================
UQPFIN                                   [1, 4]                    --
├─Sequential: 1-1                        [30, 64]                  --
│    └─Sequential: 2-1                   [30, 100]                 --
│    │    └─Linear: 3-1                  [30, 100]                 400
│    │    └─ReLU: 3-2                    [30, 100]                 --
│    └─Sequential: 2-2                   [30, 100]                 --
│    │    └─Linear: 3-3                  [30, 100]                 10,100
│    │    └─ReLU: 3-4                    [30, 100]                 --
│    └─Sequential: 2-3                   [30, 64]                  --
│    │    └─Linear: 3-5                  [30, 64]                  6,464
│    │    └─ReLU: 3-6                    [30, 64]                  --
├─Sequential: 1-2                        [435, 64]                 --
│    └─Sequential: 2-4                   [435, 128]                --
│    │    └─Linear: 3-7                  [435, 128]                640
│    │    └─ReLU: 3-8                    [435, 128]                --
│    └─Sequential: 2-5                   [435, 128]                --
│    │    └─Linear: 3-9                  [435, 128]                16,512
│    │    └─ReLU: 3-10                   [435, 128]                --
│    └─Sequential: 2-6                   [435, 64]                 --
│    │    └─Linear: 3-11                 [435, 64]                 8,256
│    │    └─ReLU: 3-12                   [435, 64]                 --
├─Sequential: 1-3                        [30, 64]                  --
│    └─Sequential: 2-7                   [30, 128]                 --
│    │    └─Linear: 3-13                 [30, 128]                 8,704
│    │    └─ReLU: 3-14                   [30, 128]                 --
│    └─Sequential: 2-8                   [30, 128]                 --
│    │    └─Linear: 3-15                 [30, 128]                 16,512
│    │    └─ReLU: 3-16                   [30, 128]                 --
│    └─Sequential: 2-9                   [30, 64]                  --
│    │    └─Linear: 3-17                 [30, 64]                  8,256
│    │    └─ReLU: 3-18                   [30, 64]                  --
├─Sequential: 1-4                        [1, 4]                    --
│    └─Sequential: 2-10                  [1, 64]                   --
│    │    └─Linear: 3-19                 [1, 64]                   4,160
│    │    └─ReLU: 3-20                   [1, 64]                   --
│    └─Sequential: 2-11                  [1, 100]                  --
│    │    └─Linear: 3-21                 [1, 100]                  6,500
│    │    └─ReLU: 3-22                   [1, 100]                  --
│    └─Sequential: 2-12                  [1, 100]                  --
│    │    └─Linear: 3-23                 [1, 100]                  10,100
│    │    └─ReLU: 3-24                   [1, 100]                  --
│    └─Linear: 2-13                      [1, 4]                    404
│    └─ReLU: 2-14                        [1, 4]                    --
==========================================================================================
Total params: 97,008
Trainable params: 97,008
Non-trainable params: 0
Total mult-adds (M): 12.59
==========================================================================================
Input size (MB): 0.00
Forward/backward pass size (MB): 1.26
Params size (MB): 0.39
Estimated Total Size (MB): 1.64
==========================================================================================
data type:  JNqgmerged
m_logic, pt_logic, eta_logic:  AND AND AND
m1, m2, pt1, pt2, eta1, eta2:  0.0 10000.0 0.0 10000.0 -6.0 6.0
skip labels:  []
classes:  4
Epoch 0
Best Validation Accuracy: 0
Current Validation Accuracy: 0.7402380499355193
Current Validation Loss: 0.0016194631398737704
Saving best model based on accuracy
Epoch 1
Best Validation Accuracy: 0.7402380499355193
Current Validation Accuracy: 0.7535217719146178
Current Validation Loss: 0.001530813002123819
Saving best model based on accuracy
Epoch 2
Best Validation Accuracy: 0.7535217719146178
Current Validation Accuracy: 0.7755861398279106
Current Validation Loss: 0.0013862884431376154
Saving best model based on accuracy
Epoch 3
Best Validation Accuracy: 0.7755861398279106
Current Validation Accuracy: 0.771224005130265
Current Validation Loss: 0.0014057407386929494
Epoch 4
Best Validation Accuracy: 0.7755861398279106
Current Validation Accuracy: 0.8097432753359689
Current Validation Loss: 0.0011674279386926338
Saving best model based on accuracy
Epoch 5
Best Validation Accuracy: 0.8097432753359689
Current Validation Accuracy: 0.8110681240001973
Current Validation Loss: 0.0011513243234222332
Saving best model based on accuracy
Epoch 6
Best Validation Accuracy: 0.8110681240001973
Current Validation Accuracy: 0.8135627858466699
Current Validation Loss: 0.0011458577531088534
Saving best model based on accuracy
Epoch 7
Best Validation Accuracy: 0.8135627858466699
Current Validation Accuracy: 0.8193131928148101
Current Validation Loss: 0.0011174639602448842
Saving best model based on accuracy
Epoch 8
Best Validation Accuracy: 0.8193131928148101
Current Validation Accuracy: 0.8256766946435241
Current Validation Loss: 0.0010703813754316725
Saving best model based on accuracy
Epoch 9
Best Validation Accuracy: 0.8256766946435241
Current Validation Accuracy: 0.8129215027166444
Current Validation Loss: 0.0011483249528894807
Epoch 10
Best Validation Accuracy: 0.8256766946435241
Current Validation Accuracy: 0.8241897634299487
Current Validation Loss: 0.0010672255893831016
Epoch 11
Best Validation Accuracy: 0.8256766946435241
Current Validation Accuracy: 0.8306237359322918
Current Validation Loss: 0.0010228397775605145
Saving best model based on accuracy
Epoch 12
Best Validation Accuracy: 0.8306237359322918
Current Validation Accuracy: 0.8237176099166332
Current Validation Loss: 0.0010733672573908465
Epoch 13
Best Validation Accuracy: 0.8306237359322918
Current Validation Accuracy: 0.8348801646194935
Current Validation Loss: 0.0010030391082025548
Saving best model based on accuracy
Epoch 14
Best Validation Accuracy: 0.8348801646194935
Current Validation Accuracy: 0.8174245787615484
Current Validation Loss: 0.001125250638720408
Epoch 15
Best Validation Accuracy: 0.8348801646194935
Current Validation Accuracy: 0.8321881848868593
Current Validation Loss: 0.0010148163553021928
Epoch 16
Best Validation Accuracy: 0.8348801646194935
Current Validation Accuracy: 0.8359160835218424
Current Validation Loss: 0.0009906817435442032
Saving best model based on accuracy
Epoch 17
Best Validation Accuracy: 0.8359160835218424
Current Validation Accuracy: 0.8368674376158362
Current Validation Loss: 0.0009894799515524641
Saving best model based on accuracy
Epoch 18
Best Validation Accuracy: 0.8368674376158362
Current Validation Accuracy: 0.8343445874999119
Current Validation Loss: 0.001002942120495536
Epoch 19
Best Validation Accuracy: 0.8368674376158362
Current Validation Accuracy: 0.8313425368033093
Current Validation Loss: 0.0010238001718540137
Epoch 20
Best Validation Accuracy: 0.8368674376158362
Current Validation Accuracy: 0.8291438517860792
Current Validation Loss: 0.0010316251567401976
Epoch 21
Best Validation Accuracy: 0.8368674376158362
Current Validation Accuracy: 0.8396369350894625
Current Validation Loss: 0.0009676899663066438
Saving best model based on accuracy
Epoch 22
Best Validation Accuracy: 0.8396369350894625
Current Validation Accuracy: 0.8301515824189764
Current Validation Loss: 0.001029340482349195
Epoch 23
Best Validation Accuracy: 0.8396369350894625
Current Validation Accuracy: 0.8386714868607429
Current Validation Loss: 0.00096962343762442
Epoch 24
Best Validation Accuracy: 0.8396369350894625
Current Validation Accuracy: 0.837304355792337
Current Validation Loss: 0.0009798563980958261
Epoch 25
Best Validation Accuracy: 0.8396369350894625
Current Validation Accuracy: 0.839256393451865
Current Validation Loss: 0.0009603676870356594
Epoch 26
Best Validation Accuracy: 0.8396369350894625
Current Validation Accuracy: 0.8376355679583941
Current Validation Loss: 0.0009671385779783733
Epoch 27
Best Validation Accuracy: 0.8396369350894625
Current Validation Accuracy: 0.8369590494915541
Current Validation Loss: 0.0009864114711262174
Epoch 28
Best Validation Accuracy: 0.8396369350894625
Current Validation Accuracy: 0.8376708032952087
Current Validation Loss: 0.000968499828660856
Epoch 29
Best Validation Accuracy: 0.8396369350894625
Current Validation Accuracy: 0.840531912644553
Current Validation Loss: 0.0009558479669971914
Saving best model based on accuracy
Epoch 30
Best Validation Accuracy: 0.840531912644553
Current Validation Accuracy: 0.8377765093056525
Current Validation Loss: 0.0009701690669174104
Epoch 31
Best Validation Accuracy: 0.840531912644553
Current Validation Accuracy: 0.8394043818664862
Current Validation Loss: 0.0009644799995633055
Epoch 32
Best Validation Accuracy: 0.840531912644553
Current Validation Accuracy: 0.8396087468200109
Current Validation Loss: 0.0009577318713170086
Epoch 33
Best Validation Accuracy: 0.840531912644553
Current Validation Accuracy: 0.8309831363678005
Current Validation Loss: 0.0010038789849983179
Epoch 34
Best Validation Accuracy: 0.840531912644553
Current Validation Accuracy: 0.8423852913610002
Current Validation Loss: 0.0009440610217464075
Saving best model based on accuracy
Epoch 35
Best Validation Accuracy: 0.8423852913610002
Current Validation Accuracy: 0.8431181863667435
Current Validation Loss: 0.0009400307214178698
Saving best model based on accuracy
Epoch 36
Best Validation Accuracy: 0.8431181863667435
Current Validation Accuracy: 0.826790131286865
Current Validation Loss: 0.001024400916111175
Epoch 37
Best Validation Accuracy: 0.8431181863667435
Current Validation Accuracy: 0.8433648337244456
Current Validation Loss: 0.00093764048077985
Saving best model based on accuracy
Epoch 38
Best Validation Accuracy: 0.8433648337244456
Current Validation Accuracy: 0.8383120864252341
Current Validation Loss: 0.0009687757508530917
Epoch 39
Best Validation Accuracy: 0.8433648337244456
Current Validation Accuracy: 0.8445275998393269
Current Validation Loss: 0.0009301847652190256
Saving best model based on accuracy
Epoch 40
Best Validation Accuracy: 0.8445275998393269
Current Validation Accuracy: 0.8415607844795389
Current Validation Loss: 0.0009512374226785182
Epoch 41
Best Validation Accuracy: 0.8445275998393269
Current Validation Accuracy: 0.8336187395615314
Current Validation Loss: 0.0009961663148988246
Epoch 42
Best Validation Accuracy: 0.8445275998393269
Current Validation Accuracy: 0.8414268901996435
Current Validation Loss: 0.000946364209624947
Epoch 43
Best Validation Accuracy: 0.8445275998393269
Current Validation Accuracy: 0.8434000690612602
Current Validation Loss: 0.0009353351493426581
Epoch 44
Best Validation Accuracy: 0.8445275998393269
Current Validation Accuracy: 0.8429631508847593
Current Validation Loss: 0.0009473163190899821
Epoch 45
Best Validation Accuracy: 0.8445275998393269
Current Validation Accuracy: 0.8415255491427243
Current Validation Loss: 0.0009454550927239263
Epoch 46
Best Validation Accuracy: 0.8445275998393269
Current Validation Accuracy: 0.8442316230100844
Current Validation Loss: 0.0009356394479334613
Epoch 47
Best Validation Accuracy: 0.8445275998393269
Current Validation Accuracy: 0.8372620733881595
Current Validation Loss: 0.0009700296861455369
Epoch 48
Best Validation Accuracy: 0.8445275998393269
Current Validation Accuracy: 0.8443725643573426
Current Validation Loss: 0.000931809920808084
Epoch 49
Best Validation Accuracy: 0.8445275998393269
Current Validation Accuracy: 0.8355214477495191
Current Validation Loss: 0.0009899976264800142
Epoch 50
Best Validation Accuracy: 0.8445275998393269
Current Validation Accuracy: 0.8425473739103472
Current Validation Loss: 0.0009415669842712216
Epoch 51
Best Validation Accuracy: 0.8445275998393269
Current Validation Accuracy: 0.8455635187416757
Current Validation Loss: 0.0009211413592488049
Saving best model based on accuracy
Epoch 52
Best Validation Accuracy: 0.8455635187416757
Current Validation Accuracy: 0.8449997533526423
Current Validation Loss: 0.0009273014594667441
Epoch 53
Best Validation Accuracy: 0.8455635187416757
Current Validation Accuracy: 0.8454719068659577
Current Validation Loss: 0.0009201177347529917
Epoch 54
Best Validation Accuracy: 0.8455635187416757
Current Validation Accuracy: 0.8443302819531652
Current Validation Loss: 0.0009283541460730731
Epoch 55
Best Validation Accuracy: 0.8455635187416757
Current Validation Accuracy: 0.8448658590727469
Current Validation Loss: 0.0009296476021058828
Epoch 56
Best Validation Accuracy: 0.8455635187416757
Current Validation Accuracy: 0.8424064325630889
Current Validation Loss: 0.0009383500541387998
Epoch 57
Best Validation Accuracy: 0.8455635187416757
Current Validation Accuracy: 0.8437735636314948
Current Validation Loss: 0.0009315709790717196
Epoch 58
Best Validation Accuracy: 0.8455635187416757
Current Validation Accuracy: 0.8448094825338436
Current Validation Loss: 0.0009267290580051147
Epoch 59
Best Validation Accuracy: 0.8455635187416757
Current Validation Accuracy: 0.8434071161286231
Current Validation Loss: 0.0009301661874656828
Epoch 60
Best Validation Accuracy: 0.8455635187416757
Current Validation Accuracy: 0.8308140067510905
Current Validation Loss: 0.0010015786131591835
Epoch 61
Best Validation Accuracy: 0.8455635187416757
Current Validation Accuracy: 0.8461061429286203
Current Validation Loss: 0.0009210607992258883
Saving best model based on accuracy
Epoch 62
Best Validation Accuracy: 0.8461061429286203
Current Validation Accuracy: 0.8471209206288803
Current Validation Loss: 0.0009144472792803127
Saving best model based on accuracy
Epoch 63
Best Validation Accuracy: 0.8471209206288803
Current Validation Accuracy: 0.8456762718194824
Current Validation Loss: 0.0009211329948231497
Epoch 64
Best Validation Accuracy: 0.8471209206288803
Current Validation Accuracy: 0.8425685151124359
Current Validation Loss: 0.0009451149587006948
Epoch 65
Best Validation Accuracy: 0.8471209206288803
Current Validation Accuracy: 0.8445839763782302
Current Validation Loss: 0.0009294378639278128
Epoch 66
Best Validation Accuracy: 0.8471209206288803
Current Validation Accuracy: 0.8467051436544681
Current Validation Loss: 0.0009150746063740083
Epoch 67
Best Validation Accuracy: 0.8471209206288803
Current Validation Accuracy: 0.8446685411865852
Current Validation Loss: 0.0009257154442736894
Epoch 68
Best Validation Accuracy: 0.8471209206288803
Current Validation Accuracy: 0.8449151885442873
Current Validation Loss: 0.0009195689773324013
Epoch 69
Best Validation Accuracy: 0.8471209206288803
Current Validation Accuracy: 0.8464796374988548
Current Validation Loss: 0.0009140209661765305
Epoch 70
Best Validation Accuracy: 0.8471209206288803
Current Validation Accuracy: 0.8394396172033008
Current Validation Loss: 0.0009546879784420392
Epoch 71
Best Validation Accuracy: 0.8471209206288803
Current Validation Accuracy: 0.8433718807918085
Current Validation Loss: 0.0009364974530419641
Epoch 72
Best Validation Accuracy: 0.8471209206288803
Current Validation Accuracy: 0.8472054854372353
Current Validation Loss: 0.0009096035242230222
Saving best model based on accuracy
Epoch 73
Best Validation Accuracy: 0.8472054854372353
Current Validation Accuracy: 0.846726284856557
Current Validation Loss: 0.0009109446594982481
Epoch 74
Best Validation Accuracy: 0.8472054854372353
Current Validation Accuracy: 0.8414339372670063
Current Validation Loss: 0.0009431573639735728
Epoch 75
Best Validation Accuracy: 0.8472054854372353
Current Validation Accuracy: 0.8450561298915457
Current Validation Loss: 0.0009217742530004009
Epoch 76
Best Validation Accuracy: 0.8472054854372353
Current Validation Accuracy: 0.8418285730393297
Current Validation Loss: 0.0009476293077408588
Epoch 77
Best Validation Accuracy: 0.8472054854372353
Current Validation Accuracy: 0.8464232609599515
Current Validation Loss: 0.0009145144610946212
Epoch 78
Best Validation Accuracy: 0.8472054854372353
Current Validation Accuracy: 0.846042719322354
Current Validation Loss: 0.000914248137714557
Epoch 79
Best Validation Accuracy: 0.8472054854372353
Current Validation Accuracy: 0.8478185802978091
Current Validation Loss: 0.0009113571987176764
Saving best model based on accuracy
Epoch 80
Best Validation Accuracy: 0.8478185802978091
Current Validation Accuracy: 0.840102041535415
Current Validation Loss: 0.0009633472638052128
Epoch 81
Best Validation Accuracy: 0.8478185802978091
Current Validation Accuracy: 0.8463457432189594
Current Validation Loss: 0.0009192762770394061
Epoch 82
Best Validation Accuracy: 0.8478185802978091
Current Validation Accuracy: 0.8469376968774445
Current Validation Loss: 0.0009092982585998557
Epoch 83
Best Validation Accuracy: 0.8478185802978091
Current Validation Accuracy: 0.8476001212095586
Current Validation Loss: 0.0009076444294353824
Epoch 84
Best Validation Accuracy: 0.8478185802978091
Current Validation Accuracy: 0.8478115332304461
Current Validation Loss: 0.00090302654442854
Epoch 85
Best Validation Accuracy: 0.8478185802978091
Current Validation Accuracy: 0.8452886831145219
Current Validation Loss: 0.0009216687678207074
Epoch 86
Best Validation Accuracy: 0.8478185802978091
Current Validation Accuracy: 0.8455564716743127
Current Validation Loss: 0.000920760070852624
Epoch 87
Best Validation Accuracy: 0.8478185802978091
Current Validation Accuracy: 0.8462048018717011
Current Validation Loss: 0.0009158162094115687
Epoch 88
Best Validation Accuracy: 0.8478185802978091
Current Validation Accuracy: 0.8326744325349006
Current Validation Loss: 0.000991696753271745
Epoch 89
Best Validation Accuracy: 0.8478185802978091
Current Validation Accuracy: 0.842653079920791
Current Validation Loss: 0.0009308590846880848
Epoch 90
Best Validation Accuracy: 0.8478185802978091
Current Validation Accuracy: 0.8470363558205253
Current Validation Loss: 0.0009075599078245699
Epoch 91
Best Validation Accuracy: 0.8478185802978091
Current Validation Accuracy: 0.8470363558205253
Current Validation Loss: 0.000916113534532378
Epoch 92
Best Validation Accuracy: 0.8478185802978091
Current Validation Accuracy: 0.8473464267844937
Current Validation Loss: 0.0009096684787861175
Epoch 93
Best Validation Accuracy: 0.8478185802978091
Current Validation Accuracy: 0.8448940473421985
Current Validation Loss: 0.0009198108569191757
Epoch 94
Best Validation Accuracy: 0.8478185802978091
Current Validation Accuracy: 0.8470011204837107
Current Validation Loss: 0.0009099745186442295
Epoch 95
Best Validation Accuracy: 0.8478185802978091
Current Validation Accuracy: 0.8445416939740527
Current Validation Loss: 0.000927087449397745
Epoch 96
Best Validation Accuracy: 0.8478185802978091
Current Validation Accuracy: 0.8467897084628232
Current Validation Loss: 0.0009152800625802384
Epoch 97
Best Validation Accuracy: 0.8478185802978091
Current Validation Accuracy: 0.8401443239395925
Current Validation Loss: 0.000954366146732267
Epoch 98
Best Validation Accuracy: 0.8478185802978091
Current Validation Accuracy: 0.8469024615406299
Current Validation Loss: 0.0009113323756301205
Epoch 99
[[1295.403        0.         104.76744     90.17821  ]
 [ 650.4934     125.24041     92.46795      8.894204 ]
 [ 222.12503   1177.8083       0.           0.       ]
 [  41.44202      4.702706     0.         383.286    ]
 [ 865.8401       0.          68.97902     84.462616 ]
 [ 604.62024     39.7117      88.156425    47.398182 ]
 [   0.           0.          47.051083   280.51984  ]
 [   0.        2141.402        0.           0.       ]
 [  51.520668     0.           0.         506.94525  ]
 [ 945.7705      74.22885     71.28936     50.164078 ]
 [  69.2949    1376.9736       0.           0.       ]
 [  35.28719     16.986156     0.         435.51813  ]
 [1333.3683       6.1143117    0.           0.       ]
 [   0.           0.           0.         430.9553   ]
 [  20.112911     0.           0.         596.58167  ]
 [ 609.44763     39.847836   144.8283      68.636734 ]
 [ 148.9691      23.31572     66.54286    372.21323  ]
 [ 212.11487   1158.8435       0.           0.       ]
 [  96.024345    45.125862     8.493046   428.30844  ]
 [  13.850934     4.5718436    0.         376.97598  ]]
[[8.6753714e-01 6.6918787e-04 7.0778288e-02 6.1015353e-02]
 [7.3941255e-01 1.4327657e-01 1.0608146e-01 1.1229428e-02]
 [1.5892851e-01 8.3964694e-01 7.1228453e-04 7.1228453e-04]
 [9.7921118e-02 1.3157133e-02 2.3071738e-03 8.8661462e-01]
 [8.4711772e-01 9.7724795e-04 6.8386853e-02 8.3518170e-02]
 [7.7258658e-01 5.1935706e-02 1.1373639e-01 6.1741311e-02]
 [3.0159459e-03 3.0159459e-03 1.4491947e-01 8.4904861e-01]
 [4.6611310e-04 9.9860168e-01 4.6611310e-04 4.6611310e-04]
 [9.3375728e-02 1.7778854e-03 1.7778854e-03 9.0306848e-01]
 [8.2654691e-01 6.5676078e-02 6.3109852e-02 4.4667117e-02]
 [4.8470262e-02 9.5015067e-01 6.8952749e-04 6.8952749e-04]
 [7.3785722e-02 3.6572728e-02 2.0333822e-03 8.8760817e-01]
 [9.9321592e-01 5.2954257e-03 7.4433419e-04 7.4433419e-04]
 [2.2990869e-03 2.2990869e-03 2.2990869e-03 9.9310273e-01]
 [3.4014978e-02 1.6110983e-03 1.6110983e-03 9.6276283e-01]
 [7.0428640e-01 4.7127016e-02 1.6824520e-01 8.0341376e-02]
 [2.4383599e-01 3.9535128e-02 1.0981849e-01 6.0681045e-01]
 [1.5499732e-01 8.4354806e-01 7.2729477e-04 7.2729477e-04]
 [1.6672234e-01 7.9260640e-02 1.6312430e-02 7.3770463e-01]
 [3.7183225e-02 1.3950578e-02 2.5037634e-03 9.4636238e-01]]
[[1. 0. 0. 0.]
 [1. 0. 0. 0.]
 [0. 1. 0. 0.]
 [0. 0. 0. 1.]
 [1. 0. 0. 0.]
 [0. 0. 1. 0.]
 [0. 0. 0. 1.]
 [0. 1. 0. 0.]
 [0. 0. 0. 1.]
 [1. 0. 0. 0.]
 [0. 1. 0. 0.]
 [0. 0. 0. 1.]
 [1. 0. 0. 0.]
 [0. 0. 0. 1.]
 [0. 0. 0. 1.]
 [1. 0. 0. 0.]
 [0. 0. 0. 1.]
 [0. 1. 0. 0.]
 [0. 0. 0. 1.]
 [0. 0. 0. 1.]]
Best Validation Accuracy: 0.8478185802978091
Current Validation Accuracy: 0.8398553941777129
Current Validation Loss: 0.0009549229598506215
Saving last model
