Running "module reset". Resetting modules to system default. The following $MODULEPATH directories have been removed: None
A conda environment has been detected CONDA_PREFIX=
/sw/external/python/anaconda3 
anaconda3_gpu is loaded. Consider running conda deactivate and reloading it.

Currently Loaded Modules:
  1) cue-login-env/1.0   4) gcc/11.2.0    7) openmpi/4.1.2
  2) default             5) cuda/11.6.1   8) cudnn/8.4.1.50
  3) modtree/gpu         6) ucx/1.11.2    9) anaconda3_gpu/4.13.0

 

/u/avroy/UQ_XAI_Studies/models/PFIN_UQ/model/jobsub
total 45K
-rw-rw----+ 1 avroy delta_bbhj  925 Mar 31 16:58 jobsubmitter_dummy.py
-rw-rw----+ 1 avroy delta_bbhj  12K May 16 16:42 jobsubmitter.py
-rw-rw----+ 1 avroy delta_bbhj  12K May 16 16:35 jobsubmitter.py~
-rw-rw----+ 1 avroy delta_bbhj 1.3K May 16 16:35 UQPFIN-run-jetclass_trial0_20Mdata_2.slurm
-rw-rw----+ 1 avroy delta_bbhj 1.2K May 15 17:45 UQPFIN-run-jetclass_trial0_20Mdata.slurm
-rw-rw----+ 1 avroy delta_bbhj 1.2K May 15 09:44 UQPFIN-run-jetclass_trial0_fulldata.slurm
-rw-rw----+ 1 avroy delta_bbhj 1.2K May 16 16:42 UQPFIN-run-jetclass_trial1_20Mdata.slurm
-rw-------+ 1 avroy delta_bbhj  969 May 15 09:44 UQPFIN-run.slurm
/projects/bbhj/avroy/UQ_XAI_Studies/models/PFIN_UQ/model
total 176K
drwxr-s---+ 2 avroy delta_bbhj  12K May 16 16:42 jobouts
drwxr-s---+ 2 avroy delta_bbhj 4.0K May 16 16:42 jobsub
-rw-rw----+ 1 avroy delta_bbhj 8.4K May 15 14:46 PFINDataset.py
drwxrws---+ 2 avroy delta_bbhj 4.0K May 15 14:47 __pycache__
drwxrws---+ 2 avroy delta_bbhj  12K May 16 16:36 trained_model_dicts
drwxr-s---+ 2 avroy delta_bbhj 4.0K Mar 31 15:09 trained_model_dicts_old
drwxrws---+ 2 avroy delta_bbhj  20K May 16 13:12 trained_models
drwxr-s---+ 2 avroy delta_bbhj 4.0K Mar 31 15:10 trained_models_old
-rw-rw----+ 1 avroy delta_bbhj  23K May 16 13:56 train_mod.py
-rw-rw----+ 1 avroy delta_bbhj  23K May 16 13:38 train_mod.py~
-rw-rw----+ 1 avroy delta_bbhj  19K May 16 16:31 train.py
-rw-rw----+ 1 avroy delta_bbhj  19K May 16 13:02 train.py~
-rw-rw----+ 1 avroy delta_bbhj  13K May  5 09:36 UQPFIN.py
job is starting on gpua098.delta.ncsa.illinois.edu
# conda environments:
#
base                     /sw/external/python/anaconda3
toptagger_env         *  /u/avroy/.conda/envs/toptagger_env

/sw/external/python/anaconda3_gpu/bin/python
slurmstepd: error: *** JOB 2001056 ON gpua098 CANCELLED AT 2023-05-18T16:42:24 DUE TO TIME LIMIT ***
