Running "module reset". Resetting modules to system default. The following $MODULEPATH directories have been removed: None
A conda environment has been detected CONDA_PREFIX=
/sw/external/python/anaconda3 
anaconda3_gpu is loaded. Consider running conda deactivate and reloading it.

Currently Loaded Modules:
  1) cue-login-env/1.0   4) gcc/11.2.0    7) openmpi/4.1.2
  2) default             5) cuda/11.6.1   8) cudnn/8.4.1.50
  3) modtree/gpu         6) ucx/1.11.2    9) anaconda3_gpu/4.13.0

 

/u/avroy/UQ_XAI_Studies/models/PFIN_UQ/model/jobsub
total 224K
-rw-rw----+ 1 avroy delta_bbhj  925 Mar 31 16:58 jobsubmitter_dummy.py
-rw-rw----+ 1 avroy delta_bbhj  743 May 19 01:04 jobsubmitter_jetclass.py
-rw-rw----+ 1 avroy delta_bbhj  15K May 19 00:59 jobsubmitter_jetclass.py~
-rw-rw----+ 1 avroy delta_bbhj  15K May 18 13:59 jobsubmitter.py
-rw-rw----+ 1 avroy delta_bbhj 1.2K May 19 01:08 UQPFIN-jetclass-run-jetclass20M_0_baseline.slurm
-rw-------+ 1 avroy delta_bbhj  973 May 19 00:59 UQPFIN-jetclass-run.slurm
-rw-------+ 1 avroy delta_bbhj  969 May 19 00:58 UQPFIN-jetclass-run.slurm~
-rw-rw----+ 1 avroy delta_bbhj 1.1K May 18 14:02 UQPFIN-run-JNqgmerged_0.1_baseline.slurm
-rw-rw----+ 1 avroy delta_bbhj 1.1K May 18 14:02 UQPFIN-run-JNqgmerged_0.1_skiptop.slurm
-rw-rw----+ 1 avroy delta_bbhj 1.1K May 18 14:02 UQPFIN-run-JNqgmerged_0.1_skipwz.slurm
-rw-rw----+ 1 avroy delta_bbhj 1.1K May 18 14:02 UQPFIN-run-JNqgmerged_0_baseline.slurm
-rw-rw----+ 1 avroy delta_bbhj 1.1K May 18 14:02 UQPFIN-run-JNqgmerged_0_skiptop.slurm
-rw-rw----+ 1 avroy delta_bbhj 1.1K May 18 14:02 UQPFIN-run-JNqgmerged_0_skipwz.slurm
-rw-rw----+ 1 avroy delta_bbhj 1.1K May 18 14:02 UQPFIN-run-JNqgmerged_nominal_baseline.slurm
-rw-rw----+ 1 avroy delta_bbhj 1.1K May 18 14:02 UQPFIN-run-JNqgmerged_nominal_skiptop.slurm
-rw-rw----+ 1 avroy delta_bbhj 1.1K May 18 14:02 UQPFIN-run-JNqgmerged_nominal_skipwz.slurm
-rw-rw----+ 1 avroy delta_bbhj 1.1K May 18 14:02 UQPFIN-run-JNqgmerged_softmax_baseline_0.slurm
-rw-rw----+ 1 avroy delta_bbhj 1.1K May 18 14:02 UQPFIN-run-JNqgmerged_softmax_baseline_1.slurm
-rw-rw----+ 1 avroy delta_bbhj 1.1K May 18 14:02 UQPFIN-run-JNqgmerged_softmax_baseline_2.slurm
-rw-rw----+ 1 avroy delta_bbhj 1.1K May 18 14:02 UQPFIN-run-JNqgmerged_softmax_baseline_3.slurm
-rw-rw----+ 1 avroy delta_bbhj 1.1K May 18 14:02 UQPFIN-run-JNqgmerged_softmax_baseline_4.slurm
-rw-rw----+ 1 avroy delta_bbhj 1.1K May 18 14:02 UQPFIN-run-JNqgmerged_softmax_baseline_5.slurm
-rw-rw----+ 1 avroy delta_bbhj 1.1K May 18 14:02 UQPFIN-run-JNqgmerged_softmax_baseline_6.slurm
-rw-rw----+ 1 avroy delta_bbhj 1.1K May 18 14:02 UQPFIN-run-JNqgmerged_softmax_baseline_7.slurm
-rw-rw----+ 1 avroy delta_bbhj 1.1K May 18 14:02 UQPFIN-run-JNqgmerged_softmax_baseline_8.slurm
-rw-rw----+ 1 avroy delta_bbhj 1.1K May 18 14:02 UQPFIN-run-JNqgmerged_softmax_baseline_9.slurm
-rw-rw----+ 1 avroy delta_bbhj 1.2K May 18 14:02 UQPFIN-run-JNqgmerged_softmax_dropout_baseline.slurm
-rw-rw----+ 1 avroy delta_bbhj 1.2K May 18 14:02 UQPFIN-run-JNqgmerged_softmax_dropout_skiptop.slurm
-rw-rw----+ 1 avroy delta_bbhj 1.2K May 18 14:02 UQPFIN-run-JNqgmerged_softmax_dropout_skipwz.slurm
-rw-rw----+ 1 avroy delta_bbhj 1.1K May 18 14:02 UQPFIN-run-JNqgmerged_softmax_skiptop_0.slurm
-rw-rw----+ 1 avroy delta_bbhj 1.1K May 18 14:02 UQPFIN-run-JNqgmerged_softmax_skiptop_1.slurm
-rw-rw----+ 1 avroy delta_bbhj 1.1K May 18 14:02 UQPFIN-run-JNqgmerged_softmax_skiptop_2.slurm
-rw-rw----+ 1 avroy delta_bbhj 1.1K May 18 14:02 UQPFIN-run-JNqgmerged_softmax_skiptop_3.slurm
-rw-rw----+ 1 avroy delta_bbhj 1.1K May 18 14:02 UQPFIN-run-JNqgmerged_softmax_skiptop_4.slurm
-rw-rw----+ 1 avroy delta_bbhj 1.1K May 18 14:02 UQPFIN-run-JNqgmerged_softmax_skiptop_5.slurm
-rw-rw----+ 1 avroy delta_bbhj 1.1K May 18 14:02 UQPFIN-run-JNqgmerged_softmax_skiptop_6.slurm
-rw-rw----+ 1 avroy delta_bbhj 1.1K May 18 14:02 UQPFIN-run-JNqgmerged_softmax_skiptop_7.slurm
-rw-rw----+ 1 avroy delta_bbhj 1.1K May 18 14:02 UQPFIN-run-JNqgmerged_softmax_skiptop_8.slurm
-rw-rw----+ 1 avroy delta_bbhj 1.1K May 18 14:02 UQPFIN-run-JNqgmerged_softmax_skiptop_9.slurm
-rw-rw----+ 1 avroy delta_bbhj 1.1K May 18 14:02 UQPFIN-run-JNqgmerged_softmax_skipwz_0.slurm
-rw-rw----+ 1 avroy delta_bbhj 1.1K May 18 14:02 UQPFIN-run-JNqgmerged_softmax_skipwz_1.slurm
-rw-rw----+ 1 avroy delta_bbhj 1.1K May 18 14:02 UQPFIN-run-JNqgmerged_softmax_skipwz_2.slurm
-rw-rw----+ 1 avroy delta_bbhj 1.1K May 18 14:02 UQPFIN-run-JNqgmerged_softmax_skipwz_3.slurm
-rw-rw----+ 1 avroy delta_bbhj 1.1K May 18 14:02 UQPFIN-run-JNqgmerged_softmax_skipwz_4.slurm
-rw-rw----+ 1 avroy delta_bbhj 1.1K May 18 14:02 UQPFIN-run-JNqgmerged_softmax_skipwz_5.slurm
-rw-rw----+ 1 avroy delta_bbhj 1.1K May 18 14:02 UQPFIN-run-JNqgmerged_softmax_skipwz_6.slurm
-rw-rw----+ 1 avroy delta_bbhj 1.1K May 18 14:02 UQPFIN-run-JNqgmerged_softmax_skipwz_7.slurm
-rw-rw----+ 1 avroy delta_bbhj 1.1K May 18 14:02 UQPFIN-run-JNqgmerged_softmax_skipwz_8.slurm
-rw-rw----+ 1 avroy delta_bbhj 1.1K May 18 14:02 UQPFIN-run-JNqgmerged_softmax_skipwz_9.slurm
-rw-------+ 1 avroy delta_bbhj  969 May 15 09:44 UQPFIN-run.slurm
/projects/bbhj/avroy/UQ_XAI_Studies/models/PFIN_UQ/model
total 148K
drwxr-s---+ 2 avroy delta_bbhj  12K May 19 01:08 jobouts
drwxr-s---+ 2 avroy delta_bbhj 4.0K May 19 01:08 jobsub
-rw-rw----+ 1 avroy delta_bbhj 8.4K May 18 21:37 PFINDataset.py
-rw-rw----+ 1 avroy delta_bbhj 8.4K May 15 14:46 PFINDataset.py~
drwxrws---+ 2 avroy delta_bbhj 4.0K May 18 21:38 __pycache__
drwxrws---+ 2 avroy delta_bbhj  12K May 18 18:17 trained_model_dicts
drwxr-s---+ 2 avroy delta_bbhj 4.0K Mar 31 15:09 trained_model_dicts_old
drwxrws---+ 2 avroy delta_bbhj  24K May 18 22:23 trained_models
drwxr-s---+ 2 avroy delta_bbhj 4.0K Mar 31 15:10 trained_models_old
-rw-rw----+ 1 avroy delta_bbhj  23K May 18 15:52 train_mod.py
-rw-rw----+ 1 avroy delta_bbhj  20K May 18 13:50 train.py
-rw-rw----+ 1 avroy delta_bbhj  13K May  5 09:36 UQPFIN.py
job is starting on gpua061.delta.ncsa.illinois.edu
# conda environments:
#
base                     /sw/external/python/anaconda3
toptagger_env         *  /u/avroy/.conda/envs/toptagger_env

/sw/external/python/anaconda3_gpu/bin/python
Indices selected for rank 3: 15 - 20
Training starting on GPU:  3
Traceback (most recent call last):
  File "/projects/bbhj/avroy/UQ_XAI_Studies/models/PFIN_UQ/model/train_mod.py", line 490, in <module>
    torch.multiprocessing.spawn(train, args=(args, ), nprocs=args.world_size, join=True)
  File "/sw/external/python/anaconda3_gpu/lib/python3.9/site-packages/torch/multiprocessing/spawn.py", line 240, in spawn
    return start_processes(fn, args, nprocs, join, daemon, start_method='spawn')
  File "/sw/external/python/anaconda3_gpu/lib/python3.9/site-packages/torch/multiprocessing/spawn.py", line 198, in start_processes
    while not context.join():
  File "/sw/external/python/anaconda3_gpu/lib/python3.9/site-packages/torch/multiprocessing/spawn.py", line 160, in join
    raise ProcessRaisedException(msg, error_index, failed_process.pid)
torch.multiprocessing.spawn.ProcessRaisedException: 

-- Process 3 terminated with the following error:
Traceback (most recent call last):
  File "/sw/external/python/anaconda3_gpu/lib/python3.9/site-packages/torch/multiprocessing/spawn.py", line 69, in _wrap
    fn(i, *args)
  File "/projects/bbhj/avroy/UQ_XAI_Studies/models/PFIN_UQ/model/train_mod.py", line 258, in train
    for x,m,a,y in tqdm(trainloader, disable=args.batchmode):
  File "/sw/external/python/anaconda3_gpu/lib/python3.9/site-packages/tqdm/std.py", line 1183, in __iter__
    for obj in iterable:
  File "/projects/bbhj/avroy/UQ_XAI_Studies/models/PFIN_UQ/model/PFINDataset.py", line 66, in generate_data
    data, mask, aug_data, labels = self.load_data(cur_file_name)
  File "/projects/bbhj/avroy/UQ_XAI_Studies/models/PFIN_UQ/model/PFINDataset.py", line 153, in load_data
    h5_file = h5py.File(in_file_name, "r")
  File "/sw/external/python/anaconda3_gpu/lib/python3.9/site-packages/h5py/_hl/files.py", line 533, in __init__
    fid = make_fid(name, mode, userblock_size, fapl, fcpl, swmr=swmr)
  File "/sw/external/python/anaconda3_gpu/lib/python3.9/site-packages/h5py/_hl/files.py", line 226, in make_fid
    fid = h5f.open(name, flags, fapl=fapl)
  File "h5py/_objects.pyx", line 54, in h5py._objects.with_phil.wrapper
  File "h5py/_objects.pyx", line 55, in h5py._objects.with_phil.wrapper
  File "h5py/h5f.pyx", line 106, in h5py.h5f.open
PermissionError: [Errno 13] Unable to open file (unable to open file: name = '../datasets//jetclass/train_23.h5', errno = 13, error message = 'Permission denied', flags = 0, o_flags = 0)

/sw/external/python/anaconda3_gpu/lib/python3.9/multiprocessing/resource_tracker.py:216: UserWarning: resource_tracker: There appear to be 3 leaked semaphore objects to clean up at shutdown
  warnings.warn('resource_tracker: There appear to be %d '
