Running "module reset". Resetting modules to system default. The following $MODULEPATH directories have been removed: None
A conda environment has been detected CONDA_PREFIX=
/u/avroy/.conda/envs/toptagger_env 
anaconda3_gpu is loaded. Consider running conda deactivate and reloading it.

Currently Loaded Modules:
  1) cue-login-env/1.0   4) gcc/11.2.0    7) openmpi/4.1.2
  2) default             5) cuda/11.6.1   8) cudnn/8.4.1.50
  3) modtree/gpu         6) ucx/1.11.2    9) anaconda3_gpu/4.13.0

 

/u/avroy/UQ_XAI_Studies/models/PFIN_UQ/model/jobsub
total 192K
-rw-rw----+ 1 avroy delta_bbhj  925 Mar 31 16:58 jobsubmitter_dummy.py
-rw-rw----+ 1 avroy delta_bbhj  15K May 18 13:59 jobsubmitter.py
-rw-rw----+ 1 avroy delta_bbhj 1.1K May 18 14:02 UQPFIN-run-JNqgmerged_0.1_baseline.slurm
-rw-rw----+ 1 avroy delta_bbhj 1.1K May 18 14:02 UQPFIN-run-JNqgmerged_0.1_skiptop.slurm
-rw-rw----+ 1 avroy delta_bbhj 1.1K May 18 14:02 UQPFIN-run-JNqgmerged_0.1_skipwz.slurm
-rw-rw----+ 1 avroy delta_bbhj 1.1K May 18 14:02 UQPFIN-run-JNqgmerged_0_baseline.slurm
-rw-rw----+ 1 avroy delta_bbhj 1.1K May 18 14:02 UQPFIN-run-JNqgmerged_0_skiptop.slurm
-rw-rw----+ 1 avroy delta_bbhj 1.1K May 18 14:02 UQPFIN-run-JNqgmerged_0_skipwz.slurm
-rw-rw----+ 1 avroy delta_bbhj 1.1K May 18 14:02 UQPFIN-run-JNqgmerged_nominal_baseline.slurm
-rw-rw----+ 1 avroy delta_bbhj 1.1K May 18 14:02 UQPFIN-run-JNqgmerged_nominal_skiptop.slurm
-rw-rw----+ 1 avroy delta_bbhj 1.1K May 18 14:02 UQPFIN-run-JNqgmerged_nominal_skipwz.slurm
-rw-rw----+ 1 avroy delta_bbhj 1.1K May 18 14:02 UQPFIN-run-JNqgmerged_softmax_baseline_0.slurm
-rw-rw----+ 1 avroy delta_bbhj 1.1K May 18 14:02 UQPFIN-run-JNqgmerged_softmax_baseline_1.slurm
-rw-rw----+ 1 avroy delta_bbhj 1.1K May 18 14:02 UQPFIN-run-JNqgmerged_softmax_baseline_2.slurm
-rw-rw----+ 1 avroy delta_bbhj 1.1K May 18 14:02 UQPFIN-run-JNqgmerged_softmax_baseline_3.slurm
-rw-rw----+ 1 avroy delta_bbhj 1.1K May 18 14:02 UQPFIN-run-JNqgmerged_softmax_baseline_4.slurm
-rw-rw----+ 1 avroy delta_bbhj 1.1K May 18 14:02 UQPFIN-run-JNqgmerged_softmax_baseline_5.slurm
-rw-rw----+ 1 avroy delta_bbhj 1.1K May 18 14:02 UQPFIN-run-JNqgmerged_softmax_baseline_6.slurm
-rw-rw----+ 1 avroy delta_bbhj 1.1K May 18 14:02 UQPFIN-run-JNqgmerged_softmax_baseline_7.slurm
-rw-rw----+ 1 avroy delta_bbhj 1.1K May 18 14:02 UQPFIN-run-JNqgmerged_softmax_baseline_8.slurm
-rw-rw----+ 1 avroy delta_bbhj 1.1K May 18 14:02 UQPFIN-run-JNqgmerged_softmax_baseline_9.slurm
-rw-rw----+ 1 avroy delta_bbhj 1.2K May 18 14:02 UQPFIN-run-JNqgmerged_softmax_dropout_baseline.slurm
-rw-rw----+ 1 avroy delta_bbhj 1.2K May 18 14:02 UQPFIN-run-JNqgmerged_softmax_dropout_skiptop.slurm
-rw-rw----+ 1 avroy delta_bbhj 1.2K May 18 14:02 UQPFIN-run-JNqgmerged_softmax_dropout_skipwz.slurm
-rw-rw----+ 1 avroy delta_bbhj 1.1K May 18 14:02 UQPFIN-run-JNqgmerged_softmax_skiptop_0.slurm
-rw-rw----+ 1 avroy delta_bbhj 1.1K May 18 14:02 UQPFIN-run-JNqgmerged_softmax_skiptop_1.slurm
-rw-rw----+ 1 avroy delta_bbhj 1.1K May 18 14:02 UQPFIN-run-JNqgmerged_softmax_skiptop_2.slurm
-rw-rw----+ 1 avroy delta_bbhj 1.1K May 18 14:02 UQPFIN-run-JNqgmerged_softmax_skiptop_3.slurm
-rw-rw----+ 1 avroy delta_bbhj 1.1K May 18 14:02 UQPFIN-run-JNqgmerged_softmax_skiptop_4.slurm
-rw-rw----+ 1 avroy delta_bbhj 1.1K May 18 14:02 UQPFIN-run-JNqgmerged_softmax_skiptop_5.slurm
-rw-rw----+ 1 avroy delta_bbhj 1.1K May 18 14:02 UQPFIN-run-JNqgmerged_softmax_skiptop_6.slurm
-rw-rw----+ 1 avroy delta_bbhj 1.1K May 18 14:02 UQPFIN-run-JNqgmerged_softmax_skiptop_7.slurm
-rw-rw----+ 1 avroy delta_bbhj 1.1K May 18 14:02 UQPFIN-run-JNqgmerged_softmax_skiptop_8.slurm
-rw-rw----+ 1 avroy delta_bbhj 1.1K May 18 14:02 UQPFIN-run-JNqgmerged_softmax_skiptop_9.slurm
-rw-rw----+ 1 avroy delta_bbhj 1.1K May 18 14:02 UQPFIN-run-JNqgmerged_softmax_skipwz_0.slurm
-rw-rw----+ 1 avroy delta_bbhj 1.1K May 18 14:02 UQPFIN-run-JNqgmerged_softmax_skipwz_1.slurm
-rw-rw----+ 1 avroy delta_bbhj 1.1K May 18 14:02 UQPFIN-run-JNqgmerged_softmax_skipwz_2.slurm
-rw-rw----+ 1 avroy delta_bbhj 1.1K May 18 14:02 UQPFIN-run-JNqgmerged_softmax_skipwz_3.slurm
-rw-rw----+ 1 avroy delta_bbhj 1.1K May 18 14:02 UQPFIN-run-JNqgmerged_softmax_skipwz_4.slurm
-rw-rw----+ 1 avroy delta_bbhj 1.1K May 18 14:02 UQPFIN-run-JNqgmerged_softmax_skipwz_5.slurm
-rw-rw----+ 1 avroy delta_bbhj 1.1K May 18 14:02 UQPFIN-run-JNqgmerged_softmax_skipwz_6.slurm
-rw-rw----+ 1 avroy delta_bbhj 1.1K May 18 14:02 UQPFIN-run-JNqgmerged_softmax_skipwz_7.slurm
-rw-rw----+ 1 avroy delta_bbhj 1.1K May 18 14:02 UQPFIN-run-JNqgmerged_softmax_skipwz_8.slurm
-rw-rw----+ 1 avroy delta_bbhj 1.1K May 18 14:02 UQPFIN-run-JNqgmerged_softmax_skipwz_9.slurm
-rw-------+ 1 avroy delta_bbhj  969 May 15 09:44 UQPFIN-run.slurm
/projects/bbhj/avroy/UQ_XAI_Studies/models/PFIN_UQ/model
total 156K
drwxr-s---+ 2 avroy delta_bbhj  12K May 18 16:11 jobouts
drwxr-s---+ 2 avroy delta_bbhj 4.0K May 18 14:02 jobsub
-rw-rw----+ 1 avroy delta_bbhj 8.4K May 15 14:46 PFINDataset.py
drwxrws---+ 2 avroy delta_bbhj 4.0K May 18 09:47 __pycache__
drwxrws---+ 2 avroy delta_bbhj  12K May 18 16:10 trained_model_dicts
drwxr-s---+ 2 avroy delta_bbhj 4.0K Mar 31 15:09 trained_model_dicts_old
drwxrws---+ 2 avroy delta_bbhj  20K May 18 16:11 trained_models
drwxr-s---+ 2 avroy delta_bbhj 4.0K Mar 31 15:10 trained_models_old
-rw-rw----+ 1 avroy delta_bbhj  23K May 18 15:52 train_mod.py
-rw-rw----+ 1 avroy delta_bbhj  23K May 18 15:45 train_mod.py~
-rw-rw----+ 1 avroy delta_bbhj  20K May 18 13:50 train.py
-rw-rw----+ 1 avroy delta_bbhj  13K May  5 09:36 UQPFIN.py
job is starting on gpua018.delta.ncsa.illinois.edu
# conda environments:
#
base                     /sw/external/python/anaconda3
toptagger_env         *  /u/avroy/.conda/envs/toptagger_env

/sw/external/python/anaconda3_gpu/bin/python
==========================================================================================
Layer (type:depth-idx)                   Output Shape              Param #
==========================================================================================
UQPFIN                                   [1, 2]                    --
├─Sequential: 1-1                        [30, 64]                  --
│    └─Sequential: 2-1                   [30, 100]                 --
│    │    └─Linear: 3-1                  [30, 100]                 400
│    │    └─ReLU: 3-2                    [30, 100]                 --
│    └─Sequential: 2-2                   [30, 100]                 --
│    │    └─Linear: 3-3                  [30, 100]                 10,100
│    │    └─ReLU: 3-4                    [30, 100]                 --
│    └─Sequential: 2-3                   [30, 64]                  --
│    │    └─Linear: 3-5                  [30, 64]                  6,464
│    │    └─ReLU: 3-6                    [30, 64]                  --
├─Sequential: 1-2                        [435, 64]                 --
│    └─Sequential: 2-4                   [435, 128]                --
│    │    └─Linear: 3-7                  [435, 128]                640
│    │    └─ReLU: 3-8                    [435, 128]                --
│    └─Sequential: 2-5                   [435, 128]                --
│    │    └─Linear: 3-9                  [435, 128]                16,512
│    │    └─ReLU: 3-10                   [435, 128]                --
│    └─Sequential: 2-6                   [435, 64]                 --
│    │    └─Linear: 3-11                 [435, 64]                 8,256
│    │    └─ReLU: 3-12                   [435, 64]                 --
├─Sequential: 1-3                        [30, 64]                  --
│    └─Sequential: 2-7                   [30, 128]                 --
│    │    └─Linear: 3-13                 [30, 128]                 8,704
│    │    └─ReLU: 3-14                   [30, 128]                 --
│    └─Sequential: 2-8                   [30, 128]                 --
│    │    └─Linear: 3-15                 [30, 128]                 16,512
│    │    └─ReLU: 3-16                   [30, 128]                 --
│    └─Sequential: 2-9                   [30, 64]                  --
│    │    └─Linear: 3-17                 [30, 64]                  8,256
│    │    └─ReLU: 3-18                   [30, 64]                  --
├─Sequential: 1-4                        [1, 2]                    --
│    └─Sequential: 2-10                  [1, 64]                   --
│    │    └─Linear: 3-19                 [1, 64]                   4,160
│    │    └─ReLU: 3-20                   [1, 64]                   --
│    └─Sequential: 2-11                  [1, 100]                  --
│    │    └─Linear: 3-21                 [1, 100]                  6,500
│    │    └─ReLU: 3-22                   [1, 100]                  --
│    └─Sequential: 2-12                  [1, 100]                  --
│    │    └─Linear: 3-23                 [1, 100]                  10,100
│    │    └─ReLU: 3-24                   [1, 100]                  --
│    └─Linear: 2-13                      [1, 2]                    202
│    └─Softmax: 2-14                     [1, 2]                    --
==========================================================================================
Total params: 96,806
Trainable params: 96,806
Non-trainable params: 0
Total mult-adds (M): 12.59
==========================================================================================
Input size (MB): 0.00
Forward/backward pass size (MB): 1.26
Params size (MB): 0.39
Estimated Total Size (MB): 1.64
==========================================================================================
data type:  JNqgmerged
m_logic, pt_logic, eta_logic:  AND AND AND
m1, m2, pt1, pt2, eta1, eta2:  0.0 10000.0 0.0 10000.0 -6.0 6.0
skip labels:  [2, 3]
classes:  2
Epoch 0
Best Validation Accuracy: 0
Current Validation Accuracy: 0.8663769461204168
Current Validation Loss: 0.002545949694858936
Saving best model based on accuracy
Epoch 1
Best Validation Accuracy: 0.8663769461204168
Current Validation Accuracy: 0.8851806534182806
Current Validation Loss: 0.0021967125122046493
Saving best model based on accuracy
Epoch 2
Best Validation Accuracy: 0.8851806534182806
Current Validation Accuracy: 0.8898780642166997
Current Validation Loss: 0.0021489129933648936
Saving best model based on accuracy
Epoch 3
Best Validation Accuracy: 0.8898780642166997
Current Validation Accuracy: 0.8890060897571129
Current Validation Loss: 0.002126702489027093
Epoch 4
Best Validation Accuracy: 0.8898780642166997
Current Validation Accuracy: 0.8864886151076607
Current Validation Loss: 0.002185961048083287
Epoch 5
Best Validation Accuracy: 0.8898780642166997
Current Validation Accuracy: 0.8884294614854507
Current Validation Loss: 0.002145161937824317
Epoch 6
Best Validation Accuracy: 0.8898780642166997
Current Validation Accuracy: 0.8952505520160894
Current Validation Loss: 0.0020580292909072894
Saving best model based on accuracy
Epoch 7
Best Validation Accuracy: 0.8952505520160894
Current Validation Accuracy: 0.8947864365779221
Current Validation Loss: 0.00205243948985425
Epoch 8
Best Validation Accuracy: 0.8952505520160894
Current Validation Accuracy: 0.8824803454143988
Current Validation Loss: 0.0022801999316266414
Epoch 9
Best Validation Accuracy: 0.8952505520160894
Current Validation Accuracy: 0.8934784748885419
Current Validation Loss: 0.002040064892182831
Epoch 10
Best Validation Accuracy: 0.8952505520160894
Current Validation Accuracy: 0.8965163213929089
Current Validation Loss: 0.002006947495032904
Saving best model based on accuracy
Epoch 11
Best Validation Accuracy: 0.8965163213929089
Current Validation Accuracy: 0.8940410390560173
Current Validation Loss: 0.0020886889102966853
Epoch 12
Best Validation Accuracy: 0.8965163213929089
Current Validation Accuracy: 0.8921986414075356
Current Validation Loss: 0.002080095106988071
Epoch 13
Best Validation Accuracy: 0.8965163213929089
Current Validation Accuracy: 0.8859119868359985
Current Validation Loss: 0.0021852202820475774
Epoch 14
Best Validation Accuracy: 0.8965163213929089
Current Validation Accuracy: 0.8985978088125677
Current Validation Loss: 0.00197620951277917
Saving best model based on accuracy
Epoch 15
Best Validation Accuracy: 0.8985978088125677
Current Validation Accuracy: 0.8998495140852003
Current Validation Loss: 0.0019305887309371181
Saving best model based on accuracy
Epoch 16
Best Validation Accuracy: 0.8998495140852003
Current Validation Accuracy: 0.8996807448349577
Current Validation Loss: 0.001955570402040499
Epoch 17
Best Validation Accuracy: 0.8998495140852003
Current Validation Accuracy: 0.9020294502341674
Current Validation Loss: 0.0019066241834885698
Saving best model based on accuracy
Epoch 18
Best Validation Accuracy: 0.9020294502341674
Current Validation Accuracy: 0.8999338987103217
Current Validation Loss: 0.001952231424602713
Epoch 19
Best Validation Accuracy: 0.9020294502341674
Current Validation Accuracy: 0.9013121809206363
Current Validation Loss: 0.0019271236160908927
Epoch 20
Best Validation Accuracy: 0.9020294502341674
Current Validation Accuracy: 0.9005667833987314
Current Validation Loss: 0.001938730464559811
Epoch 21
Best Validation Accuracy: 0.9020294502341674
Current Validation Accuracy: 0.8996666807307708
Current Validation Loss: 0.0019268728326894767
Epoch 22
Best Validation Accuracy: 0.9020294502341674
Current Validation Accuracy: 0.9014528219625051
Current Validation Loss: 0.001910095128403896
Epoch 23
Best Validation Accuracy: 0.9020294502341674
Current Validation Accuracy: 0.9011996680871411
Current Validation Loss: 0.001914414741319874
Epoch 24
Best Validation Accuracy: 0.9020294502341674
Current Validation Accuracy: 0.8998354499810135
Current Validation Loss: 0.0019155665925086848
Epoch 25
Best Validation Accuracy: 0.9020294502341674
Current Validation Accuracy: 0.9013825014415707
Current Validation Loss: 0.0019273067840823606
Epoch 26
Best Validation Accuracy: 0.9020294502341674
Current Validation Accuracy: 0.9015512706918133
Current Validation Loss: 0.0019082085568975326
Epoch 27
Best Validation Accuracy: 0.9020294502341674
Current Validation Accuracy: 0.9004120782526757
Current Validation Loss: 0.001902488324525928
Epoch 28
Best Validation Accuracy: 0.9020294502341674
Current Validation Accuracy: 0.9020153861299804
Current Validation Loss: 0.001891414506455379
Epoch 29
Best Validation Accuracy: 0.9020294502341674
Current Validation Accuracy: 0.9015231424834396
Current Validation Loss: 0.0019078768413901763
Epoch 30
Best Validation Accuracy: 0.9020294502341674
Current Validation Accuracy: 0.9023247964220918
Current Validation Loss: 0.0019013336927426736
Saving best model based on accuracy
Epoch 31
Best Validation Accuracy: 0.9023247964220918
Current Validation Accuracy: 0.9031545785691181
Current Validation Loss: 0.0018816915165899696
Saving best model based on accuracy
Epoch 32
Best Validation Accuracy: 0.9031545785691181
Current Validation Accuracy: 0.9034780529654164
Current Validation Loss: 0.0018751422946656597
Saving best model based on accuracy
Epoch 33
Best Validation Accuracy: 0.9034780529654164
Current Validation Accuracy: 0.8980071164367186
Current Validation Loss: 0.0019488545322256256
Epoch 34
Best Validation Accuracy: 0.9034780529654164
Current Validation Accuracy: 0.9011574757745805
Current Validation Loss: 0.0019271896132946303
Epoch 35
Best Validation Accuracy: 0.9034780529654164
Current Validation Accuracy: 0.9019872579216067
Current Validation Loss: 0.0018870955760089373
Epoch 36
Best Validation Accuracy: 0.9034780529654164
Current Validation Accuracy: 0.9023529246304657
Current Validation Loss: 0.001888361739430443
Epoch 37
Best Validation Accuracy: 0.9034780529654164
Current Validation Accuracy: 0.9037733991533409
Current Validation Loss: 0.0018522726675789193
Saving best model based on accuracy
Epoch 38
Best Validation Accuracy: 0.9037733991533409
Current Validation Accuracy: 0.9040828094454524
Current Validation Loss: 0.0018554804646896581
Saving best model based on accuracy
Epoch 39
Best Validation Accuracy: 0.9040828094454524
Current Validation Accuracy: 0.9047156941338621
Current Validation Loss: 0.0018493373773160796
Saving best model based on accuracy
Epoch 40
Best Validation Accuracy: 0.9047156941338621
Current Validation Accuracy: 0.9044062838417507
Current Validation Loss: 0.001873047594470639
Epoch 41
Best Validation Accuracy: 0.9047156941338621
Current Validation Accuracy: 0.9036046299030983
Current Validation Loss: 0.00186994003110426
Epoch 42
Best Validation Accuracy: 0.9047156941338621
Current Validation Accuracy: 0.9040406171328917
Current Validation Loss: 0.0018814434098355414
Epoch 43
Best Validation Accuracy: 0.9047156941338621
Current Validation Accuracy: 0.9006792962322265
Current Validation Loss: 0.0019131785122507904
Epoch 44
Best Validation Accuracy: 0.9047156941338621
Current Validation Accuracy: 0.9039562325077705
Current Validation Loss: 0.0018601462550123567
Epoch 45
Best Validation Accuracy: 0.9047156941338621
Current Validation Accuracy: 0.9037171427365934
Current Validation Loss: 0.0018544657694443908
Epoch 46
Best Validation Accuracy: 0.9047156941338621
Current Validation Accuracy: 0.9049407198008523
Current Validation Loss: 0.0018906420306824244
Saving best model based on accuracy
Epoch 47
Best Validation Accuracy: 0.9049407198008523
Current Validation Accuracy: 0.9034780529654164
Current Validation Loss: 0.0018568284017513963
Epoch 48
Best Validation Accuracy: 0.9049407198008523
Current Validation Accuracy: 0.9045609889878065
Current Validation Loss: 0.001869038820074756
Epoch 49
Best Validation Accuracy: 0.9049407198008523
Current Validation Accuracy: 0.9045891171961802
Current Validation Loss: 0.0018403991742908536
Epoch 50
Best Validation Accuracy: 0.9049407198008523
Current Validation Accuracy: 0.9044344120501244
Current Validation Loss: 0.0018731623265798012
Epoch 51
Best Validation Accuracy: 0.9049407198008523
Current Validation Accuracy: 0.9046313095087408
Current Validation Loss: 0.0018618627690049048
Epoch 52
Best Validation Accuracy: 0.9049407198008523
Current Validation Accuracy: 0.9019310015048592
Current Validation Loss: 0.0019076964402662195
Epoch 53
Best Validation Accuracy: 0.9049407198008523
Current Validation Accuracy: 0.9039421684035835
Current Validation Loss: 0.0018618760459871012
Epoch 54
Best Validation Accuracy: 0.9049407198008523
Current Validation Accuracy: 0.9029436170063148
Current Validation Loss: 0.001884607213386099
Epoch 55
Best Validation Accuracy: 0.9049407198008523
Current Validation Accuracy: 0.9039843607161442
Current Validation Loss: 0.0018476484190396159
Epoch 56
Best Validation Accuracy: 0.9049407198008523
Current Validation Accuracy: 0.9031545785691181
Current Validation Loss: 0.0018781601263338618
Epoch 57
Best Validation Accuracy: 0.9049407198008523
Current Validation Accuracy: 0.9049547839050391
Current Validation Loss: 0.0018625254375985601
Saving best model based on accuracy
Epoch 58
Best Validation Accuracy: 0.9049547839050391
Current Validation Accuracy: 0.9023810528388394
Current Validation Loss: 0.0018980086964472684
Epoch 59
Best Validation Accuracy: 0.9049547839050391
Current Validation Accuracy: 0.9020575784425411
Current Validation Loss: 0.0018991776662731403
Epoch 60
Best Validation Accuracy: 0.9049547839050391
Current Validation Accuracy: 0.9044203479459376
Current Validation Loss: 0.001854216726010217
Epoch 61
Best Validation Accuracy: 0.9049547839050391
Current Validation Accuracy: 0.9024795015681476
Current Validation Loss: 0.001892507075739499
Epoch 62
Best Validation Accuracy: 0.9049547839050391
Current Validation Accuracy: 0.9050672967385343
Current Validation Loss: 0.001850838341798524
Saving best model based on accuracy
Epoch 63
Best Validation Accuracy: 0.9050672967385343
Current Validation Accuracy: 0.9023810528388394
Current Validation Loss: 0.0018985085930701621
Epoch 64
Best Validation Accuracy: 0.9050672967385343
Current Validation Accuracy: 0.9030983221523705
Current Validation Loss: 0.0018842169979900428
Epoch 65
Best Validation Accuracy: 0.9050672967385343
Current Validation Accuracy: 0.9040828094454524
Current Validation Loss: 0.0018678607347276364
Epoch 66
Best Validation Accuracy: 0.9050672967385343
Current Validation Accuracy: 0.9042234504873212
Current Validation Loss: 0.001869943498464455
Epoch 67
Best Validation Accuracy: 0.9050672967385343
Current Validation Accuracy: 0.9043359633208162
Current Validation Loss: 0.0018634306266091787
Epoch 68
Best Validation Accuracy: 0.9050672967385343
Current Validation Accuracy: 0.9040406171328917
Current Validation Loss: 0.0018714595025300582
Epoch 69
Best Validation Accuracy: 0.9050672967385343
Current Validation Accuracy: 0.9045891171961802
Current Validation Loss: 0.0018970960739361287
Epoch 70
Best Validation Accuracy: 0.9050672967385343
Current Validation Accuracy: 0.9004261423568626
Current Validation Loss: 0.0019176929261569304
Epoch 71
Best Validation Accuracy: 0.9050672967385343
Current Validation Accuracy: 0.9040406171328917
Current Validation Loss: 0.0018844592267882865
Epoch 72
Best Validation Accuracy: 0.9050672967385343
Current Validation Accuracy: 0.9015090783792526
Current Validation Loss: 0.0019560617206930008
Epoch 73
Best Validation Accuracy: 0.9050672967385343
Current Validation Accuracy: 0.9040265530287048
Current Validation Loss: 0.0018631616643485665
Epoch 74
Best Validation Accuracy: 0.9050672967385343
Current Validation Accuracy: 0.4979396087366215
Current Validation Loss: nan
Validation accuracy dropped by more than 10%. Reloading best model
Epoch 75
Best Validation Accuracy: 0.9050672967385343
Current Validation Accuracy: 0.4979396087366215
Current Validation Loss: nan
Validation accuracy dropped by more than 10%. Reloading best model
Epoch 76
Best Validation Accuracy: 0.9050672967385343
Current Validation Accuracy: 0.4979396087366215
Current Validation Loss: nan
Validation accuracy dropped by more than 10%. Reloading best model
Epoch 77
Best Validation Accuracy: 0.9050672967385343
Current Validation Accuracy: 0.4979396087366215
Current Validation Loss: nan
Validation accuracy dropped by more than 10%. Reloading best model
Epoch 78
Best Validation Accuracy: 0.9050672967385343
Current Validation Accuracy: 0.4979396087366215
Current Validation Loss: nan
Validation accuracy dropped by more than 10%. Reloading best model
Epoch 79
Best Validation Accuracy: 0.9050672967385343
Current Validation Accuracy: 0.4979396087366215
Current Validation Loss: nan
Validation accuracy dropped by more than 10%. Reloading best model
Epoch 80
Best Validation Accuracy: 0.9050672967385343
Current Validation Accuracy: 0.4979396087366215
Current Validation Loss: nan
Validation accuracy dropped by more than 10%. Reloading best model
Epoch 81
Best Validation Accuracy: 0.9050672967385343
Current Validation Accuracy: 0.4979396087366215
Current Validation Loss: nan
Validation accuracy dropped by more than 10%. Reloading best model
Epoch 82
Best Validation Accuracy: 0.9050672967385343
Current Validation Accuracy: 0.4979396087366215
Current Validation Loss: nan
Validation accuracy dropped by more than 10%. Reloading best model
Epoch 83
Best Validation Accuracy: 0.9050672967385343
Current Validation Accuracy: 0.4979396087366215
Current Validation Loss: nan
Validation accuracy dropped by more than 10%. Reloading best model
Epoch 84
Best Validation Accuracy: 0.9050672967385343
Current Validation Accuracy: 0.4979396087366215
Current Validation Loss: nan
Validation accuracy dropped by more than 10%. Reloading best model
Epoch 85
Best Validation Accuracy: 0.9050672967385343
Current Validation Accuracy: 0.4979396087366215
Current Validation Loss: nan
Validation accuracy dropped by more than 10%. Reloading best model
Epoch 86
Best Validation Accuracy: 0.9050672967385343
Current Validation Accuracy: 0.4979396087366215
Current Validation Loss: nan
Validation accuracy dropped by more than 10%. Reloading best model
Epoch 87
Best Validation Accuracy: 0.9050672967385343
Current Validation Accuracy: 0.4979396087366215
Current Validation Loss: nan
Validation accuracy dropped by more than 10%. Reloading best model
Epoch 88
Best Validation Accuracy: 0.9050672967385343
Current Validation Accuracy: 0.4979396087366215
Current Validation Loss: nan
Validation accuracy dropped by more than 10%. Reloading best model
Epoch 89
Best Validation Accuracy: 0.9050672967385343
Current Validation Accuracy: 0.4979396087366215
Current Validation Loss: nan
Validation accuracy dropped by more than 10%. Reloading best model
Epoch 90
Best Validation Accuracy: 0.9050672967385343
Current Validation Accuracy: 0.4979396087366215
Current Validation Loss: nan
Validation accuracy dropped by more than 10%. Reloading best model
Epoch 91
Best Validation Accuracy: 0.9050672967385343
Current Validation Accuracy: 0.4979396087366215
Current Validation Loss: nan
Validation accuracy dropped by more than 10%. Reloading best model
Epoch 92
Best Validation Accuracy: 0.9050672967385343
Current Validation Accuracy: 0.4979396087366215
Current Validation Loss: nan
Validation accuracy dropped by more than 10%. Reloading best model
Epoch 93
Best Validation Accuracy: 0.9050672967385343
Current Validation Accuracy: 0.4979396087366215
Current Validation Loss: nan
Validation accuracy dropped by more than 10%. Reloading best model
Epoch 94
Best Validation Accuracy: 0.9050672967385343
Current Validation Accuracy: 0.4979396087366215
Current Validation Loss: nan
Validation accuracy dropped by more than 10%. Reloading best model
Epoch 95
Best Validation Accuracy: 0.9050672967385343
Current Validation Accuracy: 0.4979396087366215
Current Validation Loss: nan
Validation accuracy dropped by more than 10%. Reloading best model
Epoch 96
Best Validation Accuracy: 0.9050672967385343
Current Validation Accuracy: 0.4979396087366215
Current Validation Loss: nan
Validation accuracy dropped by more than 10%. Reloading best model
Epoch 97
Best Validation Accuracy: 0.9050672967385343
Current Validation Accuracy: 0.4979396087366215
Current Validation Loss: nan
Validation accuracy dropped by more than 10%. Reloading best model
Epoch 98
Best Validation Accuracy: 0.9050672967385343
Current Validation Accuracy: 0.4979396087366215
Current Validation Loss: nan
Validation accuracy dropped by more than 10%. Reloading best model
Epoch 99
[[nan nan]
 [nan nan]
 [nan nan]
 [nan nan]
 [nan nan]
 [nan nan]
 [nan nan]
 [nan nan]
 [nan nan]
 [nan nan]
 [nan nan]
 [nan nan]
 [nan nan]
 [nan nan]
 [nan nan]
 [nan nan]
 [nan nan]
 [nan nan]
 [nan nan]
 [nan nan]]
[[nan nan]
 [nan nan]
 [nan nan]
 [nan nan]
 [nan nan]
 [nan nan]
 [nan nan]
 [nan nan]
 [nan nan]
 [nan nan]
 [nan nan]
 [nan nan]
 [nan nan]
 [nan nan]
 [nan nan]
 [nan nan]
 [nan nan]
 [nan nan]
 [nan nan]
 [nan nan]]
[[1. 0.]
 [0. 1.]
 [0. 1.]
 [0. 1.]
 [0. 1.]
 [0. 1.]
 [1. 0.]
 [1. 0.]
 [1. 0.]
 [0. 1.]
 [1. 0.]
 [1. 0.]
 [1. 0.]
 [1. 0.]
 [1. 0.]
 [1. 0.]
 [0. 1.]
 [0. 1.]
 [1. 0.]
 [0. 1.]]
Best Validation Accuracy: 0.9050672967385343
Current Validation Accuracy: 0.4979396087366215
Current Validation Loss: nan
Validation accuracy dropped by more than 10%. Reloading best model
Saving last model
