Running "module reset". Resetting modules to system default. The following $MODULEPATH directories have been removed: None
A conda environment has been detected CONDA_PREFIX=
/u/avroy/.conda/envs/toptagger_env 
anaconda3_gpu is loaded. Consider running conda deactivate and reloading it.

Currently Loaded Modules:
  1) cue-login-env/1.0   4) gcc/11.2.0    7) openmpi/4.1.2
  2) default             5) cuda/11.6.1   8) cudnn/8.4.1.50
  3) modtree/gpu         6) ucx/1.11.2    9) anaconda3_gpu/4.13.0

 

/u/avroy/UQ_XAI_Studies/models/PFIN_UQ/model/jobsub
total 192K
-rw-rw----+ 1 avroy delta_bbhj  925 Mar 31 16:58 jobsubmitter_dummy.py
-rw-rw----+ 1 avroy delta_bbhj  15K May 18 13:59 jobsubmitter.py
-rw-rw----+ 1 avroy delta_bbhj 1.1K May 18 14:02 UQPFIN-run-JNqgmerged_0.1_baseline.slurm
-rw-rw----+ 1 avroy delta_bbhj 1.1K May 18 14:02 UQPFIN-run-JNqgmerged_0.1_skiptop.slurm
-rw-rw----+ 1 avroy delta_bbhj 1.1K May 18 14:02 UQPFIN-run-JNqgmerged_0.1_skipwz.slurm
-rw-rw----+ 1 avroy delta_bbhj 1.1K May 18 14:02 UQPFIN-run-JNqgmerged_0_baseline.slurm
-rw-rw----+ 1 avroy delta_bbhj 1.1K May 18 14:02 UQPFIN-run-JNqgmerged_0_skiptop.slurm
-rw-rw----+ 1 avroy delta_bbhj 1.1K May 18 14:02 UQPFIN-run-JNqgmerged_0_skipwz.slurm
-rw-rw----+ 1 avroy delta_bbhj 1.1K May 18 14:02 UQPFIN-run-JNqgmerged_nominal_baseline.slurm
-rw-rw----+ 1 avroy delta_bbhj 1.1K May 18 14:02 UQPFIN-run-JNqgmerged_nominal_skiptop.slurm
-rw-rw----+ 1 avroy delta_bbhj 1.1K May 18 14:02 UQPFIN-run-JNqgmerged_nominal_skipwz.slurm
-rw-rw----+ 1 avroy delta_bbhj 1.1K May 18 14:02 UQPFIN-run-JNqgmerged_softmax_baseline_0.slurm
-rw-rw----+ 1 avroy delta_bbhj 1.1K May 18 14:02 UQPFIN-run-JNqgmerged_softmax_baseline_1.slurm
-rw-rw----+ 1 avroy delta_bbhj 1.1K May 18 14:02 UQPFIN-run-JNqgmerged_softmax_baseline_2.slurm
-rw-rw----+ 1 avroy delta_bbhj 1.1K May 18 14:02 UQPFIN-run-JNqgmerged_softmax_baseline_3.slurm
-rw-rw----+ 1 avroy delta_bbhj 1.1K May 18 14:02 UQPFIN-run-JNqgmerged_softmax_baseline_4.slurm
-rw-rw----+ 1 avroy delta_bbhj 1.1K May 18 14:02 UQPFIN-run-JNqgmerged_softmax_baseline_5.slurm
-rw-rw----+ 1 avroy delta_bbhj 1.1K May 18 14:02 UQPFIN-run-JNqgmerged_softmax_baseline_6.slurm
-rw-rw----+ 1 avroy delta_bbhj 1.1K May 18 14:02 UQPFIN-run-JNqgmerged_softmax_baseline_7.slurm
-rw-rw----+ 1 avroy delta_bbhj 1.1K May 18 14:02 UQPFIN-run-JNqgmerged_softmax_baseline_8.slurm
-rw-rw----+ 1 avroy delta_bbhj 1.1K May 18 14:02 UQPFIN-run-JNqgmerged_softmax_baseline_9.slurm
-rw-rw----+ 1 avroy delta_bbhj 1.2K May 18 14:02 UQPFIN-run-JNqgmerged_softmax_dropout_baseline.slurm
-rw-rw----+ 1 avroy delta_bbhj 1.2K May 18 14:02 UQPFIN-run-JNqgmerged_softmax_dropout_skiptop.slurm
-rw-rw----+ 1 avroy delta_bbhj 1.2K May 18 14:02 UQPFIN-run-JNqgmerged_softmax_dropout_skipwz.slurm
-rw-rw----+ 1 avroy delta_bbhj 1.1K May 18 14:02 UQPFIN-run-JNqgmerged_softmax_skiptop_0.slurm
-rw-rw----+ 1 avroy delta_bbhj 1.1K May 18 14:02 UQPFIN-run-JNqgmerged_softmax_skiptop_1.slurm
-rw-rw----+ 1 avroy delta_bbhj 1.1K May 18 14:02 UQPFIN-run-JNqgmerged_softmax_skiptop_2.slurm
-rw-rw----+ 1 avroy delta_bbhj 1.1K May 18 14:02 UQPFIN-run-JNqgmerged_softmax_skiptop_3.slurm
-rw-rw----+ 1 avroy delta_bbhj 1.1K May 18 14:02 UQPFIN-run-JNqgmerged_softmax_skiptop_4.slurm
-rw-rw----+ 1 avroy delta_bbhj 1.1K May 18 14:02 UQPFIN-run-JNqgmerged_softmax_skiptop_5.slurm
-rw-rw----+ 1 avroy delta_bbhj 1.1K May 18 14:02 UQPFIN-run-JNqgmerged_softmax_skiptop_6.slurm
-rw-rw----+ 1 avroy delta_bbhj 1.1K May 18 14:02 UQPFIN-run-JNqgmerged_softmax_skiptop_7.slurm
-rw-rw----+ 1 avroy delta_bbhj 1.1K May 18 14:02 UQPFIN-run-JNqgmerged_softmax_skiptop_8.slurm
-rw-rw----+ 1 avroy delta_bbhj 1.1K May 18 14:02 UQPFIN-run-JNqgmerged_softmax_skiptop_9.slurm
-rw-rw----+ 1 avroy delta_bbhj 1.1K May 18 14:02 UQPFIN-run-JNqgmerged_softmax_skipwz_0.slurm
-rw-rw----+ 1 avroy delta_bbhj 1.1K May 18 14:02 UQPFIN-run-JNqgmerged_softmax_skipwz_1.slurm
-rw-rw----+ 1 avroy delta_bbhj 1.1K May 18 14:02 UQPFIN-run-JNqgmerged_softmax_skipwz_2.slurm
-rw-rw----+ 1 avroy delta_bbhj 1.1K May 18 14:02 UQPFIN-run-JNqgmerged_softmax_skipwz_3.slurm
-rw-rw----+ 1 avroy delta_bbhj 1.1K May 18 14:02 UQPFIN-run-JNqgmerged_softmax_skipwz_4.slurm
-rw-rw----+ 1 avroy delta_bbhj 1.1K May 18 14:02 UQPFIN-run-JNqgmerged_softmax_skipwz_5.slurm
-rw-rw----+ 1 avroy delta_bbhj 1.1K May 18 14:02 UQPFIN-run-JNqgmerged_softmax_skipwz_6.slurm
-rw-rw----+ 1 avroy delta_bbhj 1.1K May 18 14:02 UQPFIN-run-JNqgmerged_softmax_skipwz_7.slurm
-rw-rw----+ 1 avroy delta_bbhj 1.1K May 18 14:02 UQPFIN-run-JNqgmerged_softmax_skipwz_8.slurm
-rw-rw----+ 1 avroy delta_bbhj 1.1K May 18 14:02 UQPFIN-run-JNqgmerged_softmax_skipwz_9.slurm
-rw-------+ 1 avroy delta_bbhj  969 May 15 09:44 UQPFIN-run.slurm
/projects/bbhj/avroy/UQ_XAI_Studies/models/PFIN_UQ/model
total 156K
drwxr-s---+ 2 avroy delta_bbhj  12K May 18 16:11 jobouts
drwxr-s---+ 2 avroy delta_bbhj 4.0K May 18 14:02 jobsub
-rw-rw----+ 1 avroy delta_bbhj 8.4K May 15 14:46 PFINDataset.py
drwxrws---+ 2 avroy delta_bbhj 4.0K May 18 09:47 __pycache__
drwxrws---+ 2 avroy delta_bbhj  12K May 18 16:10 trained_model_dicts
drwxr-s---+ 2 avroy delta_bbhj 4.0K Mar 31 15:09 trained_model_dicts_old
drwxrws---+ 2 avroy delta_bbhj  20K May 18 16:11 trained_models
drwxr-s---+ 2 avroy delta_bbhj 4.0K Mar 31 15:10 trained_models_old
-rw-rw----+ 1 avroy delta_bbhj  23K May 18 15:52 train_mod.py
-rw-rw----+ 1 avroy delta_bbhj  23K May 18 15:45 train_mod.py~
-rw-rw----+ 1 avroy delta_bbhj  20K May 18 13:50 train.py
-rw-rw----+ 1 avroy delta_bbhj  13K May  5 09:36 UQPFIN.py
job is starting on gpua061.delta.ncsa.illinois.edu
# conda environments:
#
base                     /sw/external/python/anaconda3
toptagger_env         *  /u/avroy/.conda/envs/toptagger_env

/sw/external/python/anaconda3_gpu/bin/python
==========================================================================================
Layer (type:depth-idx)                   Output Shape              Param #
==========================================================================================
UQPFIN                                   [1, 2]                    --
├─Sequential: 1-1                        [30, 64]                  --
│    └─Sequential: 2-1                   [30, 100]                 --
│    │    └─Linear: 3-1                  [30, 100]                 400
│    │    └─ReLU: 3-2                    [30, 100]                 --
│    └─Sequential: 2-2                   [30, 100]                 --
│    │    └─Linear: 3-3                  [30, 100]                 10,100
│    │    └─ReLU: 3-4                    [30, 100]                 --
│    └─Sequential: 2-3                   [30, 64]                  --
│    │    └─Linear: 3-5                  [30, 64]                  6,464
│    │    └─ReLU: 3-6                    [30, 64]                  --
├─Sequential: 1-2                        [435, 64]                 --
│    └─Sequential: 2-4                   [435, 128]                --
│    │    └─Linear: 3-7                  [435, 128]                640
│    │    └─ReLU: 3-8                    [435, 128]                --
│    └─Sequential: 2-5                   [435, 128]                --
│    │    └─Linear: 3-9                  [435, 128]                16,512
│    │    └─ReLU: 3-10                   [435, 128]                --
│    └─Sequential: 2-6                   [435, 64]                 --
│    │    └─Linear: 3-11                 [435, 64]                 8,256
│    │    └─ReLU: 3-12                   [435, 64]                 --
├─Sequential: 1-3                        [30, 64]                  --
│    └─Sequential: 2-7                   [30, 128]                 --
│    │    └─Linear: 3-13                 [30, 128]                 8,704
│    │    └─ReLU: 3-14                   [30, 128]                 --
│    └─Sequential: 2-8                   [30, 128]                 --
│    │    └─Linear: 3-15                 [30, 128]                 16,512
│    │    └─ReLU: 3-16                   [30, 128]                 --
│    └─Sequential: 2-9                   [30, 64]                  --
│    │    └─Linear: 3-17                 [30, 64]                  8,256
│    │    └─ReLU: 3-18                   [30, 64]                  --
├─Sequential: 1-4                        [1, 2]                    --
│    └─Sequential: 2-10                  [1, 64]                   --
│    │    └─Linear: 3-19                 [1, 64]                   4,160
│    │    └─ReLU: 3-20                   [1, 64]                   --
│    └─Sequential: 2-11                  [1, 100]                  --
│    │    └─Linear: 3-21                 [1, 100]                  6,500
│    │    └─ReLU: 3-22                   [1, 100]                  --
│    └─Sequential: 2-12                  [1, 100]                  --
│    │    └─Linear: 3-23                 [1, 100]                  10,100
│    │    └─ReLU: 3-24                   [1, 100]                  --
│    └─Linear: 2-13                      [1, 2]                    202
│    └─Softmax: 2-14                     [1, 2]                    --
==========================================================================================
Total params: 96,806
Trainable params: 96,806
Non-trainable params: 0
Total mult-adds (M): 12.59
==========================================================================================
Input size (MB): 0.00
Forward/backward pass size (MB): 1.26
Params size (MB): 0.39
Estimated Total Size (MB): 1.64
==========================================================================================
data type:  JNqgmerged
m_logic, pt_logic, eta_logic:  AND AND AND
m1, m2, pt1, pt2, eta1, eta2:  0.0 10000.0 0.0 10000.0 -6.0 6.0
skip labels:  [2, 3]
classes:  2
Epoch 0
Best Validation Accuracy: 0
Current Validation Accuracy: 0.8829725890609398
Current Validation Loss: 0.0023154119983741527
Saving best model based on accuracy
Epoch 1
Best Validation Accuracy: 0.8829725890609398
Current Validation Accuracy: 0.881622435058999
Current Validation Loss: 0.0022613460581901146
Epoch 2
Best Validation Accuracy: 0.8829725890609398
Current Validation Accuracy: 0.886572999732782
Current Validation Loss: 0.0021868450046734086
Saving best model based on accuracy
Epoch 3
Best Validation Accuracy: 0.886572999732782
Current Validation Accuracy: 0.888035666568218
Current Validation Loss: 0.0021610450309055536
Saving best model based on accuracy
Epoch 4
Best Validation Accuracy: 0.888035666568218
Current Validation Accuracy: 0.8858979227318116
Current Validation Loss: 0.0021775708126639194
Epoch 5
Best Validation Accuracy: 0.888035666568218
Current Validation Accuracy: 0.8890904743822342
Current Validation Loss: 0.002135067397103961
Saving best model based on accuracy
Epoch 6
Best Validation Accuracy: 0.8890904743822342
Current Validation Accuracy: 0.8952786802244631
Current Validation Loss: 0.002034133144028252
Saving best model based on accuracy
Epoch 7
Best Validation Accuracy: 0.8952786802244631
Current Validation Accuracy: 0.8862635894406706
Current Validation Loss: 0.002205339719740739
Epoch 8
Best Validation Accuracy: 0.8952786802244631
Current Validation Accuracy: 0.8915657567191257
Current Validation Loss: 0.0020911365702603484
Epoch 9
Best Validation Accuracy: 0.8952786802244631
Current Validation Accuracy: 0.8966288342264039
Current Validation Loss: 0.0019937696818528965
Saving best model based on accuracy
Epoch 10
Best Validation Accuracy: 0.8966288342264039
Current Validation Accuracy: 0.8959115649128728
Current Validation Loss: 0.0020166930300745834
Epoch 11
Best Validation Accuracy: 0.8966288342264039
Current Validation Accuracy: 0.8922970901368438
Current Validation Loss: 0.0020536598269081654
Epoch 12
Best Validation Accuracy: 0.8966288342264039
Current Validation Accuracy: 0.8982040138953349
Current Validation Loss: 0.001978945645060705
Saving best model based on accuracy
Epoch 13
Best Validation Accuracy: 0.8982040138953349
Current Validation Accuracy: 0.8952786802244631
Current Validation Loss: 0.0020213905091773787
Epoch 14
Best Validation Accuracy: 0.8982040138953349
Current Validation Accuracy: 0.8969101163101416
Current Validation Loss: 0.0019891052686244162
Epoch 15
Best Validation Accuracy: 0.8982040138953349
Current Validation Accuracy: 0.9006792962322265
Current Validation Loss: 0.0019260924942136027
Saving best model based on accuracy
Epoch 16
Best Validation Accuracy: 0.9006792962322265
Current Validation Accuracy: 0.8967554111640859
Current Validation Loss: 0.001966673887678972
Epoch 17
Best Validation Accuracy: 0.9006792962322265
Current Validation Accuracy: 0.899891706397761
Current Validation Loss: 0.001917355871501674
Epoch 18
Best Validation Accuracy: 0.9006792962322265
Current Validation Accuracy: 0.8820584222887923
Current Validation Loss: 0.0022980786643397037
Epoch 19
Best Validation Accuracy: 0.9006792962322265
Current Validation Accuracy: 0.9002151807940594
Current Validation Loss: 0.001923995012061924
Epoch 20
Best Validation Accuracy: 0.9006792962322265
Current Validation Accuracy: 0.8966710265389646
Current Validation Loss: 0.0019758342360576032
Epoch 21
Best Validation Accuracy: 0.9006792962322265
Current Validation Accuracy: 0.8990478601465479
Current Validation Loss: 0.0019411476829032759
Epoch 22
Best Validation Accuracy: 0.9006792962322265
Current Validation Accuracy: 0.8939003980141484
Current Validation Loss: 0.0020004108403769614
Epoch 23
Best Validation Accuracy: 0.9006792962322265
Current Validation Accuracy: 0.9011715398787674
Current Validation Loss: 0.0019300790568614458
Saving best model based on accuracy
Epoch 24
Best Validation Accuracy: 0.9011715398787674
Current Validation Accuracy: 0.9007074244406003
Current Validation Loss: 0.0018958741267445054
Epoch 25
Best Validation Accuracy: 0.9011715398787674
Current Validation Accuracy: 0.899413526855407
Current Validation Loss: 0.0019232447503422952
Epoch 26
Best Validation Accuracy: 0.9011715398787674
Current Validation Accuracy: 0.9022544759011575
Current Validation Loss: 0.0018834294185050555
Saving best model based on accuracy
Epoch 27
Best Validation Accuracy: 0.9022544759011575
Current Validation Accuracy: 0.901466886066692
Current Validation Loss: 0.0019369536347416583
Epoch 28
Best Validation Accuracy: 0.9022544759011575
Current Validation Accuracy: 0.901832552775551
Current Validation Loss: 0.001897392684124278
Epoch 29
Best Validation Accuracy: 0.9022544759011575
Current Validation Accuracy: 0.9006792962322265
Current Validation Loss: 0.0018985334607176127
Epoch 30
Best Validation Accuracy: 0.9022544759011575
Current Validation Accuracy: 0.8992728858135381
Current Validation Loss: 0.0019424509573478718
Epoch 31
Best Validation Accuracy: 0.9022544759011575
Current Validation Accuracy: 0.8974164240608694
Current Validation Loss: 0.0019601354609913506
Epoch 32
Best Validation Accuracy: 0.9022544759011575
Current Validation Accuracy: 0.9012418603997019
Current Validation Loss: 0.0018906528301105424
Epoch 33
Best Validation Accuracy: 0.9022544759011575
Current Validation Accuracy: 0.9034499247570426
Current Validation Loss: 0.0018740320652117651
Saving best model based on accuracy
Epoch 34
Best Validation Accuracy: 0.9034499247570426
Current Validation Accuracy: 0.9020013220257935
Current Validation Loss: 0.0018841200374378987
Epoch 35
Best Validation Accuracy: 0.9034499247570426
Current Validation Accuracy: 0.9036749504240328
Current Validation Loss: 0.0018666076046614775
Saving best model based on accuracy
Epoch 36
Best Validation Accuracy: 0.9036749504240328
Current Validation Accuracy: 0.9003558218359281
Current Validation Loss: 0.001920283425747556
Epoch 37
Best Validation Accuracy: 0.9036749504240328
Current Validation Accuracy: 0.9008199372740954
Current Validation Loss: 0.001917095807436681
Epoch 38
Best Validation Accuracy: 0.9036749504240328
Current Validation Accuracy: 0.9011715398787674
Current Validation Loss: 0.0019018374260955022
Epoch 39
Best Validation Accuracy: 0.9036749504240328
Current Validation Accuracy: 0.902071642546728
Current Validation Loss: 0.0018797708738948846
Epoch 40
Best Validation Accuracy: 0.9036749504240328
Current Validation Accuracy: 0.9023810528388394
Current Validation Loss: 0.0018980683035021157
Epoch 41
Best Validation Accuracy: 0.9036749504240328
Current Validation Accuracy: 0.9039843607161442
Current Validation Loss: 0.0018564814294400388
Saving best model based on accuracy
Epoch 42
Best Validation Accuracy: 0.9039843607161442
Current Validation Accuracy: 0.9034077324444819
Current Validation Loss: 0.0018612900083590437
Epoch 43
Best Validation Accuracy: 0.9039843607161442
Current Validation Accuracy: 0.9023669887346526
Current Validation Loss: 0.0019002920801360608
Epoch 44
Best Validation Accuracy: 0.9039843607161442
Current Validation Accuracy: 0.9046594377171147
Current Validation Loss: 0.0018405060530230276
Saving best model based on accuracy
Epoch 45
Best Validation Accuracy: 0.9046594377171147
Current Validation Accuracy: 0.9018747450881116
Current Validation Loss: 0.0018943362827106745
Epoch 46
Best Validation Accuracy: 0.9046594377171147
Current Validation Accuracy: 0.9036608863198459
Current Validation Loss: 0.0018604798934428602
Epoch 47
Best Validation Accuracy: 0.9046594377171147
Current Validation Accuracy: 0.9022826041095312
Current Validation Loss: 0.0019210567718708819
Epoch 48
Best Validation Accuracy: 0.9046594377171147
Current Validation Accuracy: 0.9043359633208162
Current Validation Loss: 0.0018562445911347086
Epoch 49
Best Validation Accuracy: 0.9046594377171147
Current Validation Accuracy: 0.9041812581747606
Current Validation Loss: 0.0018651887893713643
Epoch 50
Best Validation Accuracy: 0.9046594377171147
Current Validation Accuracy: 0.9036186940072852
Current Validation Loss: 0.0018624601969478782
Epoch 51
Best Validation Accuracy: 0.9046594377171147
Current Validation Accuracy: 0.9034780529654164
Current Validation Loss: 0.0018554715199691693
Epoch 52
Best Validation Accuracy: 0.9046594377171147
Current Validation Accuracy: 0.9003558218359281
Current Validation Loss: 0.001946287440931425
Epoch 53
Best Validation Accuracy: 0.9046594377171147
Current Validation Accuracy: 0.9001167320647512
Current Validation Loss: 0.001915146831200951
Epoch 54
Best Validation Accuracy: 0.9046594377171147
Current Validation Accuracy: 0.9010308988368986
Current Validation Loss: 0.0019067273316387655
Epoch 55
Best Validation Accuracy: 0.9046594377171147
Current Validation Accuracy: 0.904125001758013
Current Validation Loss: 0.0018617101166123686
Epoch 56
Best Validation Accuracy: 0.9046594377171147
Current Validation Accuracy: 0.9045187966752458
Current Validation Loss: 0.0018632726968923299
Epoch 57
Best Validation Accuracy: 0.9046594377171147
Current Validation Accuracy: 0.9008340013782822
Current Validation Loss: 0.0019048725183854456
Epoch 58
Best Validation Accuracy: 0.9046594377171147
Current Validation Accuracy: 0.9032952196109869
Current Validation Loss: 0.001894820266256466
Epoch 59
Best Validation Accuracy: 0.9046594377171147
Current Validation Accuracy: 0.9043218992166294
Current Validation Loss: 0.0018576763272402821
Epoch 60
Best Validation Accuracy: 0.9046594377171147
Current Validation Accuracy: 0.9005808475029183
Current Validation Loss: 0.0019359031295978562
Epoch 61
Best Validation Accuracy: 0.9046594377171147
Current Validation Accuracy: 0.9036749504240328
Current Validation Loss: 0.0018984754169612467
Epoch 62
Best Validation Accuracy: 0.9046594377171147
Current Validation Accuracy: 0.9022122835885968
Current Validation Loss: 0.0019268109641487504
Epoch 63
Best Validation Accuracy: 0.9046594377171147
Current Validation Accuracy: 0.903885911986836
Current Validation Loss: 0.0018825703140540949
Epoch 64
Best Validation Accuracy: 0.9046594377171147
Current Validation Accuracy: 0.902929552902128
Current Validation Loss: 0.0018965613079715185
Epoch 65
Best Validation Accuracy: 0.9046594377171147
Current Validation Accuracy: 0.904125001758013
Current Validation Loss: 0.0018595762793619404
Epoch 66
Best Validation Accuracy: 0.9046594377171147
Current Validation Accuracy: 0.9035061811737901
Current Validation Loss: 0.001888463106851743
Epoch 67
Best Validation Accuracy: 0.9046594377171147
Current Validation Accuracy: 0.9026201426100164
Current Validation Loss: 0.0018901804748480862
Epoch 68
Best Validation Accuracy: 0.9046594377171147
Current Validation Accuracy: 0.9033514760277345
Current Validation Loss: 0.0018929537479118622
Epoch 69
Best Validation Accuracy: 0.9046594377171147
Current Validation Accuracy: 0.9027748477560722
Current Validation Loss: 0.0019189006907031913
Epoch 70
Best Validation Accuracy: 0.9046594377171147
Current Validation Accuracy: 0.902676399026764
Current Validation Loss: 0.0019169033764904263
Epoch 71
Best Validation Accuracy: 0.9046594377171147
Current Validation Accuracy: 0.9029436170063148
Current Validation Loss: 0.001891186913500831
Epoch 72
Best Validation Accuracy: 0.9046594377171147
Current Validation Accuracy: 0.9041812581747606
Current Validation Loss: 0.00186491195979726
Epoch 73
Best Validation Accuracy: 0.9046594377171147
Current Validation Accuracy: 0.9011856039829543
Current Validation Loss: 0.0019130441729479858
Epoch 74
Best Validation Accuracy: 0.9046594377171147
Current Validation Accuracy: 0.9013121809206363
Current Validation Loss: 0.001941943250310144
Epoch 75
Best Validation Accuracy: 0.9046594377171147
Current Validation Accuracy: 0.9035061811737901
Current Validation Loss: 0.0018973118127940678
Epoch 76
Best Validation Accuracy: 0.9046594377171147
Current Validation Accuracy: 0.9024091810472132
Current Validation Loss: 0.0019293158198377713
Epoch 77
Best Validation Accuracy: 0.9046594377171147
Current Validation Accuracy: 0.902915488797941
Current Validation Loss: 0.0018934294016198978
Epoch 78
Best Validation Accuracy: 0.9046594377171147
Current Validation Accuracy: 0.9031686426733049
Current Validation Loss: nan
Epoch 79
Best Validation Accuracy: 0.9046594377171147
Current Validation Accuracy: 0.4979396087366215
Current Validation Loss: nan
Validation accuracy dropped by more than 10%. Reloading best model
Epoch 80
Best Validation Accuracy: 0.9046594377171147
Current Validation Accuracy: 0.4979396087366215
Current Validation Loss: nan
Validation accuracy dropped by more than 10%. Reloading best model
Epoch 81
Best Validation Accuracy: 0.9046594377171147
Current Validation Accuracy: 0.4979396087366215
Current Validation Loss: nan
Validation accuracy dropped by more than 10%. Reloading best model
Epoch 82
Best Validation Accuracy: 0.9046594377171147
Current Validation Accuracy: 0.4979396087366215
Current Validation Loss: nan
Validation accuracy dropped by more than 10%. Reloading best model
Epoch 83
Best Validation Accuracy: 0.9046594377171147
Current Validation Accuracy: 0.4979396087366215
Current Validation Loss: nan
Validation accuracy dropped by more than 10%. Reloading best model
Epoch 84
Best Validation Accuracy: 0.9046594377171147
Current Validation Accuracy: 0.4979396087366215
Current Validation Loss: nan
Validation accuracy dropped by more than 10%. Reloading best model
Epoch 85
Best Validation Accuracy: 0.9046594377171147
Current Validation Accuracy: 0.4979396087366215
Current Validation Loss: nan
Validation accuracy dropped by more than 10%. Reloading best model
Epoch 86
Best Validation Accuracy: 0.9046594377171147
Current Validation Accuracy: 0.4979396087366215
Current Validation Loss: nan
Validation accuracy dropped by more than 10%. Reloading best model
Epoch 87
Best Validation Accuracy: 0.9046594377171147
Current Validation Accuracy: 0.4979396087366215
Current Validation Loss: nan
Validation accuracy dropped by more than 10%. Reloading best model
Epoch 88
Best Validation Accuracy: 0.9046594377171147
Current Validation Accuracy: 0.4979396087366215
Current Validation Loss: nan
Validation accuracy dropped by more than 10%. Reloading best model
Epoch 89
Best Validation Accuracy: 0.9046594377171147
Current Validation Accuracy: 0.4979396087366215
Current Validation Loss: nan
Validation accuracy dropped by more than 10%. Reloading best model
Epoch 90
Best Validation Accuracy: 0.9046594377171147
Current Validation Accuracy: 0.4979396087366215
Current Validation Loss: nan
Validation accuracy dropped by more than 10%. Reloading best model
Epoch 91
Best Validation Accuracy: 0.9046594377171147
Current Validation Accuracy: 0.4979396087366215
Current Validation Loss: nan
Validation accuracy dropped by more than 10%. Reloading best model
Epoch 92
Best Validation Accuracy: 0.9046594377171147
Current Validation Accuracy: 0.4979396087366215
Current Validation Loss: nan
Validation accuracy dropped by more than 10%. Reloading best model
Epoch 93
Best Validation Accuracy: 0.9046594377171147
Current Validation Accuracy: 0.4979396087366215
Current Validation Loss: nan
Validation accuracy dropped by more than 10%. Reloading best model
Epoch 94
Best Validation Accuracy: 0.9046594377171147
Current Validation Accuracy: 0.4979396087366215
Current Validation Loss: nan
Validation accuracy dropped by more than 10%. Reloading best model
Epoch 95
Best Validation Accuracy: 0.9046594377171147
Current Validation Accuracy: 0.4979396087366215
Current Validation Loss: nan
Validation accuracy dropped by more than 10%. Reloading best model
Epoch 96
Best Validation Accuracy: 0.9046594377171147
Current Validation Accuracy: 0.4979396087366215
Current Validation Loss: nan
Validation accuracy dropped by more than 10%. Reloading best model
Epoch 97
Best Validation Accuracy: 0.9046594377171147
Current Validation Accuracy: 0.4979396087366215
Current Validation Loss: nan
Validation accuracy dropped by more than 10%. Reloading best model
Epoch 98
Best Validation Accuracy: 0.9046594377171147
Current Validation Accuracy: 0.4979396087366215
Current Validation Loss: nan
Validation accuracy dropped by more than 10%. Reloading best model
Epoch 99
[[nan nan]
 [nan nan]
 [nan nan]
 [nan nan]
 [nan nan]
 [nan nan]
 [nan nan]
 [nan nan]
 [nan nan]
 [nan nan]
 [nan nan]
 [nan nan]
 [nan nan]
 [nan nan]
 [nan nan]
 [nan nan]
 [nan nan]
 [nan nan]
 [nan nan]
 [nan nan]]
[[nan nan]
 [nan nan]
 [nan nan]
 [nan nan]
 [nan nan]
 [nan nan]
 [nan nan]
 [nan nan]
 [nan nan]
 [nan nan]
 [nan nan]
 [nan nan]
 [nan nan]
 [nan nan]
 [nan nan]
 [nan nan]
 [nan nan]
 [nan nan]
 [nan nan]
 [nan nan]]
[[0. 1.]
 [0. 1.]
 [0. 1.]
 [0. 1.]
 [1. 0.]
 [0. 1.]
 [1. 0.]
 [0. 1.]
 [0. 1.]
 [0. 1.]
 [1. 0.]
 [1. 0.]
 [0. 1.]
 [0. 1.]
 [1. 0.]
 [1. 0.]
 [1. 0.]
 [1. 0.]
 [1. 0.]
 [1. 0.]]
Best Validation Accuracy: 0.9046594377171147
Current Validation Accuracy: 0.4979396087366215
Current Validation Loss: nan
Validation accuracy dropped by more than 10%. Reloading best model
Saving last model
