Running "module reset". Resetting modules to system default. The following $MODULEPATH directories have been removed: None
A conda environment has been detected CONDA_PREFIX=
/u/avroy/.conda/envs/toptagger_env 
anaconda3_gpu is loaded. Consider running conda deactivate and reloading it.

Currently Loaded Modules:
  1) cue-login-env/1.0   4) gcc/11.2.0    7) openmpi/4.1.2
  2) default             5) cuda/11.6.1   8) cudnn/8.4.1.50
  3) modtree/gpu         6) ucx/1.11.2    9) anaconda3_gpu/4.13.0

 

/u/avroy/UQ_XAI_Studies/models/PFIN_UQ/model/jobsub
total 192K
-rw-rw----+ 1 avroy delta_bbhj  925 Mar 31 16:58 jobsubmitter_dummy.py
-rw-rw----+ 1 avroy delta_bbhj  15K May 18 13:59 jobsubmitter.py
-rw-rw----+ 1 avroy delta_bbhj 1.1K May 18 14:02 UQPFIN-run-JNqgmerged_0.1_baseline.slurm
-rw-rw----+ 1 avroy delta_bbhj 1.1K May 18 14:02 UQPFIN-run-JNqgmerged_0.1_skiptop.slurm
-rw-rw----+ 1 avroy delta_bbhj 1.1K May 18 14:02 UQPFIN-run-JNqgmerged_0.1_skipwz.slurm
-rw-rw----+ 1 avroy delta_bbhj 1.1K May 18 14:02 UQPFIN-run-JNqgmerged_0_baseline.slurm
-rw-rw----+ 1 avroy delta_bbhj 1.1K May 18 14:02 UQPFIN-run-JNqgmerged_0_skiptop.slurm
-rw-rw----+ 1 avroy delta_bbhj 1.1K May 18 14:02 UQPFIN-run-JNqgmerged_0_skipwz.slurm
-rw-rw----+ 1 avroy delta_bbhj 1.1K May 18 14:02 UQPFIN-run-JNqgmerged_nominal_baseline.slurm
-rw-rw----+ 1 avroy delta_bbhj 1.1K May 18 14:02 UQPFIN-run-JNqgmerged_nominal_skiptop.slurm
-rw-rw----+ 1 avroy delta_bbhj 1.1K May 18 14:02 UQPFIN-run-JNqgmerged_nominal_skipwz.slurm
-rw-rw----+ 1 avroy delta_bbhj 1.1K May 18 14:02 UQPFIN-run-JNqgmerged_softmax_baseline_0.slurm
-rw-rw----+ 1 avroy delta_bbhj 1.1K May 18 14:02 UQPFIN-run-JNqgmerged_softmax_baseline_1.slurm
-rw-rw----+ 1 avroy delta_bbhj 1.1K May 18 14:02 UQPFIN-run-JNqgmerged_softmax_baseline_2.slurm
-rw-rw----+ 1 avroy delta_bbhj 1.1K May 18 14:02 UQPFIN-run-JNqgmerged_softmax_baseline_3.slurm
-rw-rw----+ 1 avroy delta_bbhj 1.1K May 18 14:02 UQPFIN-run-JNqgmerged_softmax_baseline_4.slurm
-rw-rw----+ 1 avroy delta_bbhj 1.1K May 18 14:02 UQPFIN-run-JNqgmerged_softmax_baseline_5.slurm
-rw-rw----+ 1 avroy delta_bbhj 1.1K May 18 14:02 UQPFIN-run-JNqgmerged_softmax_baseline_6.slurm
-rw-rw----+ 1 avroy delta_bbhj 1.1K May 18 14:02 UQPFIN-run-JNqgmerged_softmax_baseline_7.slurm
-rw-rw----+ 1 avroy delta_bbhj 1.1K May 18 14:02 UQPFIN-run-JNqgmerged_softmax_baseline_8.slurm
-rw-rw----+ 1 avroy delta_bbhj 1.1K May 18 14:02 UQPFIN-run-JNqgmerged_softmax_baseline_9.slurm
-rw-rw----+ 1 avroy delta_bbhj 1.2K May 18 14:02 UQPFIN-run-JNqgmerged_softmax_dropout_baseline.slurm
-rw-rw----+ 1 avroy delta_bbhj 1.2K May 18 14:02 UQPFIN-run-JNqgmerged_softmax_dropout_skiptop.slurm
-rw-rw----+ 1 avroy delta_bbhj 1.2K May 18 14:02 UQPFIN-run-JNqgmerged_softmax_dropout_skipwz.slurm
-rw-rw----+ 1 avroy delta_bbhj 1.1K May 18 14:02 UQPFIN-run-JNqgmerged_softmax_skiptop_0.slurm
-rw-rw----+ 1 avroy delta_bbhj 1.1K May 18 14:02 UQPFIN-run-JNqgmerged_softmax_skiptop_1.slurm
-rw-rw----+ 1 avroy delta_bbhj 1.1K May 18 14:02 UQPFIN-run-JNqgmerged_softmax_skiptop_2.slurm
-rw-rw----+ 1 avroy delta_bbhj 1.1K May 18 14:02 UQPFIN-run-JNqgmerged_softmax_skiptop_3.slurm
-rw-rw----+ 1 avroy delta_bbhj 1.1K May 18 14:02 UQPFIN-run-JNqgmerged_softmax_skiptop_4.slurm
-rw-rw----+ 1 avroy delta_bbhj 1.1K May 18 14:02 UQPFIN-run-JNqgmerged_softmax_skiptop_5.slurm
-rw-rw----+ 1 avroy delta_bbhj 1.1K May 18 14:02 UQPFIN-run-JNqgmerged_softmax_skiptop_6.slurm
-rw-rw----+ 1 avroy delta_bbhj 1.1K May 18 14:02 UQPFIN-run-JNqgmerged_softmax_skiptop_7.slurm
-rw-rw----+ 1 avroy delta_bbhj 1.1K May 18 14:02 UQPFIN-run-JNqgmerged_softmax_skiptop_8.slurm
-rw-rw----+ 1 avroy delta_bbhj 1.1K May 18 14:02 UQPFIN-run-JNqgmerged_softmax_skiptop_9.slurm
-rw-rw----+ 1 avroy delta_bbhj 1.1K May 18 14:02 UQPFIN-run-JNqgmerged_softmax_skipwz_0.slurm
-rw-rw----+ 1 avroy delta_bbhj 1.1K May 18 14:02 UQPFIN-run-JNqgmerged_softmax_skipwz_1.slurm
-rw-rw----+ 1 avroy delta_bbhj 1.1K May 18 14:02 UQPFIN-run-JNqgmerged_softmax_skipwz_2.slurm
-rw-rw----+ 1 avroy delta_bbhj 1.1K May 18 14:02 UQPFIN-run-JNqgmerged_softmax_skipwz_3.slurm
-rw-rw----+ 1 avroy delta_bbhj 1.1K May 18 14:02 UQPFIN-run-JNqgmerged_softmax_skipwz_4.slurm
-rw-rw----+ 1 avroy delta_bbhj 1.1K May 18 14:02 UQPFIN-run-JNqgmerged_softmax_skipwz_5.slurm
-rw-rw----+ 1 avroy delta_bbhj 1.1K May 18 14:02 UQPFIN-run-JNqgmerged_softmax_skipwz_6.slurm
-rw-rw----+ 1 avroy delta_bbhj 1.1K May 18 14:02 UQPFIN-run-JNqgmerged_softmax_skipwz_7.slurm
-rw-rw----+ 1 avroy delta_bbhj 1.1K May 18 14:02 UQPFIN-run-JNqgmerged_softmax_skipwz_8.slurm
-rw-rw----+ 1 avroy delta_bbhj 1.1K May 18 14:02 UQPFIN-run-JNqgmerged_softmax_skipwz_9.slurm
-rw-------+ 1 avroy delta_bbhj  969 May 15 09:44 UQPFIN-run.slurm
/projects/bbhj/avroy/UQ_XAI_Studies/models/PFIN_UQ/model
total 176K
drwxr-s---+ 2 avroy delta_bbhj  12K May 18 15:05 jobouts
drwxr-s---+ 2 avroy delta_bbhj 4.0K May 18 14:02 jobsub
-rw-rw----+ 1 avroy delta_bbhj 8.4K May 15 14:46 PFINDataset.py
drwxrws---+ 2 avroy delta_bbhj 4.0K May 18 09:47 __pycache__
drwxrws---+ 2 avroy delta_bbhj  12K May 18 15:05 trained_model_dicts
drwxr-s---+ 2 avroy delta_bbhj 4.0K Mar 31 15:09 trained_model_dicts_old
drwxrws---+ 2 avroy delta_bbhj  20K May 18 15:05 trained_models
drwxr-s---+ 2 avroy delta_bbhj 4.0K Mar 31 15:10 trained_models_old
-rw-rw----+ 1 avroy delta_bbhj  23K May 18 11:00 train_mod.py
-rw-rw----+ 1 avroy delta_bbhj  23K May 18 10:56 train_mod.py~
-rw-rw----+ 1 avroy delta_bbhj  20K May 18 13:50 train.py
-rw-rw----+ 1 avroy delta_bbhj  20K May 18 13:41 train.py~
-rw-rw----+ 1 avroy delta_bbhj  13K May  5 09:36 UQPFIN.py
job is starting on gpua018.delta.ncsa.illinois.edu
# conda environments:
#
base                     /sw/external/python/anaconda3
toptagger_env         *  /u/avroy/.conda/envs/toptagger_env

/sw/external/python/anaconda3_gpu/bin/python
==========================================================================================
Layer (type:depth-idx)                   Output Shape              Param #
==========================================================================================
UQPFIN                                   [1, 3]                    --
├─Sequential: 1-1                        [30, 64]                  --
│    └─Sequential: 2-1                   [30, 100]                 --
│    │    └─Linear: 3-1                  [30, 100]                 400
│    │    └─ReLU: 3-2                    [30, 100]                 --
│    └─Sequential: 2-2                   [30, 100]                 --
│    │    └─Linear: 3-3                  [30, 100]                 10,100
│    │    └─ReLU: 3-4                    [30, 100]                 --
│    └─Sequential: 2-3                   [30, 64]                  --
│    │    └─Linear: 3-5                  [30, 64]                  6,464
│    │    └─ReLU: 3-6                    [30, 64]                  --
├─Sequential: 1-2                        [435, 64]                 --
│    └─Sequential: 2-4                   [435, 128]                --
│    │    └─Linear: 3-7                  [435, 128]                640
│    │    └─ReLU: 3-8                    [435, 128]                --
│    └─Sequential: 2-5                   [435, 128]                --
│    │    └─Linear: 3-9                  [435, 128]                16,512
│    │    └─ReLU: 3-10                   [435, 128]                --
│    └─Sequential: 2-6                   [435, 64]                 --
│    │    └─Linear: 3-11                 [435, 64]                 8,256
│    │    └─ReLU: 3-12                   [435, 64]                 --
├─Sequential: 1-3                        [30, 64]                  --
│    └─Sequential: 2-7                   [30, 128]                 --
│    │    └─Linear: 3-13                 [30, 128]                 8,704
│    │    └─ReLU: 3-14                   [30, 128]                 --
│    └─Sequential: 2-8                   [30, 128]                 --
│    │    └─Linear: 3-15                 [30, 128]                 16,512
│    │    └─ReLU: 3-16                   [30, 128]                 --
│    └─Sequential: 2-9                   [30, 64]                  --
│    │    └─Linear: 3-17                 [30, 64]                  8,256
│    │    └─ReLU: 3-18                   [30, 64]                  --
├─Sequential: 1-4                        [1, 3]                    --
│    └─Sequential: 2-10                  [1, 64]                   --
│    │    └─Linear: 3-19                 [1, 64]                   4,160
│    │    └─ReLU: 3-20                   [1, 64]                   --
│    └─Sequential: 2-11                  [1, 100]                  --
│    │    └─Linear: 3-21                 [1, 100]                  6,500
│    │    └─ReLU: 3-22                   [1, 100]                  --
│    └─Sequential: 2-12                  [1, 100]                  --
│    │    └─Linear: 3-23                 [1, 100]                  10,100
│    │    └─ReLU: 3-24                   [1, 100]                  --
│    └─Linear: 2-13                      [1, 3]                    303
│    └─Softmax: 2-14                     [1, 3]                    --
==========================================================================================
Total params: 96,907
Trainable params: 96,907
Non-trainable params: 0
Total mult-adds (M): 12.59
==========================================================================================
Input size (MB): 0.00
Forward/backward pass size (MB): 1.26
Params size (MB): 0.39
Estimated Total Size (MB): 1.64
==========================================================================================
data type:  JNqgmerged
m_logic, pt_logic, eta_logic:  AND AND AND
m1, m2, pt1, pt2, eta1, eta2:  0.0 10000.0 0.0 10000.0 -6.0 6.0
skip labels:  [1]
classes:  3
Epoch 0
Best Validation Accuracy: 0
Current Validation Accuracy: 0.8177769408219951
Current Validation Loss: 0.0026985858224844797
Saving best model based on accuracy
Epoch 1
Best Validation Accuracy: 0.8177769408219951
Current Validation Accuracy: 0.8197730803634481
Current Validation Loss: 0.002631812118708338
Saving best model based on accuracy
Epoch 2
Best Validation Accuracy: 0.8197730803634481
Current Validation Accuracy: 0.8368155924862295
Current Validation Loss: 0.0024320485559225272
Saving best model based on accuracy
Epoch 3
Best Validation Accuracy: 0.8368155924862295
Current Validation Accuracy: 0.8533496539710936
Current Validation Loss: 0.002221753943702224
Saving best model based on accuracy
Epoch 4
Best Validation Accuracy: 0.8533496539710936
Current Validation Accuracy: 0.8568146509109741
Current Validation Loss: 0.0021569391542513444
Saving best model based on accuracy
Epoch 5
Best Validation Accuracy: 0.8568146509109741
Current Validation Accuracy: 0.8606656937055694
Current Validation Loss: 0.002098234486576528
Saving best model based on accuracy
Epoch 6
Best Validation Accuracy: 0.8606656937055694
Current Validation Accuracy: 0.8585753966385763
Current Validation Loss: 0.002129557072557886
Epoch 7
Best Validation Accuracy: 0.8606656937055694
Current Validation Accuracy: 0.8675956875853302
Current Validation Loss: 0.002003973600532279
Saving best model based on accuracy
Epoch 8
Best Validation Accuracy: 0.8675956875853302
Current Validation Accuracy: 0.8509674685749259
Current Validation Loss: 0.002217295309462502
Epoch 9
Best Validation Accuracy: 0.8675956875853302
Current Validation Accuracy: 0.8508638952968316
Current Validation Loss: 0.002217161052111745
Epoch 10
Best Validation Accuracy: 0.8675956875853302
Current Validation Accuracy: 0.8511651993785603
Current Validation Loss: 0.002200761609571105
Epoch 11
Best Validation Accuracy: 0.8675956875853302
Current Validation Accuracy: 0.8632832729155878
Current Validation Loss: 0.0020450011109695177
Epoch 12
Best Validation Accuracy: 0.8675956875853302
Current Validation Accuracy: 0.8556376818417212
Current Validation Loss: 0.0021333169714889645
Epoch 13
Best Validation Accuracy: 0.8675956875853302
Current Validation Accuracy: 0.862981968833859
Current Validation Loss: 0.002038731459147804
Epoch 14
Best Validation Accuracy: 0.8675956875853302
Current Validation Accuracy: 0.8682359587590038
Current Validation Loss: 0.0019804033385759402
Saving best model based on accuracy
Epoch 15
Best Validation Accuracy: 0.8682359587590038
Current Validation Accuracy: 0.8632550256579257
Current Validation Loss: 0.0020337330044048283
Epoch 16
Best Validation Accuracy: 0.8682359587590038
Current Validation Accuracy: 0.8678404971517348
Current Validation Loss: 0.0019691152429463952
Epoch 17
Best Validation Accuracy: 0.8682359587590038
Current Validation Accuracy: 0.8638293865637211
Current Validation Loss: 0.0020180013290508267
Epoch 18
Best Validation Accuracy: 0.8682359587590038
Current Validation Accuracy: 0.8672002259780613
Current Validation Loss: 0.0019683807332055176
Epoch 19
Best Validation Accuracy: 0.8682359587590038
Current Validation Accuracy: 0.8643095899439762
Current Validation Loss: 0.0020112719420664763
Epoch 20
Best Validation Accuracy: 0.8682359587590038
Current Validation Accuracy: 0.8729626665411233
Current Validation Loss: 0.0019097605152187595
Saving best model based on accuracy
Epoch 21
Best Validation Accuracy: 0.8729626665411233
Current Validation Accuracy: 0.8706558071653877
Current Validation Loss: 0.0019253451930483791
Epoch 22
Best Validation Accuracy: 0.8729626665411233
Current Validation Accuracy: 0.8720116755331669
Current Validation Loss: 0.0019067830676261575
Epoch 23
Best Validation Accuracy: 0.8729626665411233
Current Validation Accuracy: 0.8687726566545831
Current Validation Loss: 0.001958178360271036
Epoch 24
Best Validation Accuracy: 0.8729626665411233
Current Validation Accuracy: 0.8719269337601808
Current Validation Loss: 0.0019161145771623392
Epoch 25
Best Validation Accuracy: 0.8729626665411233
Current Validation Accuracy: 0.8734993644367026
Current Validation Loss: 0.0018902916339689558
Saving best model based on accuracy
Epoch 26
Best Validation Accuracy: 0.8734993644367026
Current Validation Accuracy: 0.8713714043594935
Current Validation Loss: 0.001927336104497258
Epoch 27
Best Validation Accuracy: 0.8734993644367026
Current Validation Accuracy: 0.8620403935784567
Current Validation Loss: 0.0020385895218868713
Epoch 28
Best Validation Accuracy: 0.8734993644367026
Current Validation Accuracy: 0.8715220564003578
Current Validation Loss: 0.0019283147418539962
Epoch 29
Best Validation Accuracy: 0.8734993644367026
Current Validation Accuracy: 0.8709571112471164
Current Validation Loss: 0.0019225800429117398
Epoch 30
Best Validation Accuracy: 0.8734993644367026
Current Validation Accuracy: 0.8690080504684337
Current Validation Loss: 0.0019508000017250725
Epoch 31
Best Validation Accuracy: 0.8734993644367026
Current Validation Accuracy: 0.8723694741302198
Current Validation Loss: 0.0019151893405556022
Epoch 32
Best Validation Accuracy: 0.8734993644367026
Current Validation Accuracy: 0.8642813426863142
Current Validation Loss: 0.0020227720998594145
Epoch 33
Best Validation Accuracy: 0.8734993644367026
Current Validation Accuracy: 0.8661739089496728
Current Validation Loss: 0.002008132988082886
Epoch 34
Best Validation Accuracy: 0.8734993644367026
Current Validation Accuracy: 0.8724448001506521
Current Validation Loss: 0.001917848434776445
Epoch 35
Best Validation Accuracy: 0.8734993644367026
Current Validation Accuracy: 0.8749023115672521
Current Validation Loss: 0.0018654048776768014
Saving best model based on accuracy
Epoch 36
Best Validation Accuracy: 0.8749023115672521
Current Validation Accuracy: 0.8730097453038934
Current Validation Loss: 0.0018929063370265865
Epoch 37
Best Validation Accuracy: 0.8749023115672521
Current Validation Accuracy: 0.8601666588202062
Current Validation Loss: 0.002060063278364723
Epoch 38
Best Validation Accuracy: 0.8749023115672521
Current Validation Accuracy: 0.8729532507885692
Current Validation Loss: 0.0018918337531134905
Epoch 39
Best Validation Accuracy: 0.8749023115672521
Current Validation Accuracy: 0.869563579869121
Current Validation Loss: 0.001953239630835692
Epoch 40
Best Validation Accuracy: 0.8749023115672521
Current Validation Accuracy: 0.8657972788475119
Current Validation Loss: 0.001994014184363037
Epoch 41
Best Validation Accuracy: 0.8749023115672521
Current Validation Accuracy: 0.8730850713243256
Current Validation Loss: 0.0018822622071337967
Epoch 42
Best Validation Accuracy: 0.8749023115672521
Current Validation Accuracy: 0.8725577891813003
Current Validation Loss: 0.0019014665871251073
Epoch 43
Best Validation Accuracy: 0.8749023115672521
Current Validation Accuracy: 0.8697989736829717
Current Validation Loss: 0.0019273597170957417
Epoch 44
Best Validation Accuracy: 0.8749023115672521
Current Validation Accuracy: 0.8734240384162704
Current Validation Loss: 0.0018914306899270041
Epoch 45
Best Validation Accuracy: 0.8749023115672521
Current Validation Accuracy: 0.8393578456758156
Current Validation Loss: 0.002466075199594673
Epoch 46
Best Validation Accuracy: 0.8749023115672521
Current Validation Accuracy: 0.8738571630337555
Current Validation Loss: 0.001876875712712052
Epoch 47
Best Validation Accuracy: 0.8749023115672521
Current Validation Accuracy: 0.8753636834423991
Current Validation Loss: 0.0018607171584105043
Saving best model based on accuracy
Epoch 48
Best Validation Accuracy: 0.8753636834423991
Current Validation Accuracy: 0.8739889835695118
Current Validation Loss: 0.0018696105261036672
Epoch 49
Best Validation Accuracy: 0.8753636834423991
Current Validation Accuracy: 0.8649404453650958
Current Validation Loss: 0.0020011642563618607
Epoch 50
Best Validation Accuracy: 0.8753636834423991
Current Validation Accuracy: 0.87492114307236
Current Validation Loss: 0.001876393039119563
Epoch 51
Best Validation Accuracy: 0.8753636834423991
Current Validation Accuracy: 0.8755143354832635
Current Validation Loss: 0.0018581338723126421
Saving best model based on accuracy
Epoch 52
Best Validation Accuracy: 0.8755143354832635
Current Validation Accuracy: 0.8738195000235394
Current Validation Loss: 0.0018820408678207462
Epoch 53
Best Validation Accuracy: 0.8755143354832635
Current Validation Accuracy: 0.8734711171790406
Current Validation Loss: 0.0018971097912134454
Epoch 54
Best Validation Accuracy: 0.8755143354832635
Current Validation Accuracy: 0.8723035638623416
Current Validation Loss: 0.0018962083956227847
Epoch 55
Best Validation Accuracy: 0.8755143354832635
Current Validation Accuracy: 0.8738759945388636
Current Validation Loss: 0.001876492692187178
Epoch 56
Best Validation Accuracy: 0.8755143354832635
Current Validation Accuracy: 0.8695259168589049
Current Validation Loss: 0.0019265058970452478
Epoch 57
Best Validation Accuracy: 0.8755143354832635
Current Validation Accuracy: 0.8701756037851325
Current Validation Loss: 0.0019289343011429192
Epoch 58
Best Validation Accuracy: 0.8755143354832635
Current Validation Accuracy: 0.8764370792335577
Current Validation Loss: 0.0018440299480066119
Saving best model based on accuracy
Epoch 59
Best Validation Accuracy: 0.8764370792335577
Current Validation Accuracy: 0.8751659526387646
Current Validation Loss: 0.0018720024261797425
Epoch 60
Best Validation Accuracy: 0.8764370792335577
Current Validation Accuracy: 0.8720493385433831
Current Validation Loss: 0.001904521460985712
Epoch 61
Best Validation Accuracy: 0.8764370792335577
Current Validation Accuracy: 0.8762016854197072
Current Validation Loss: 0.0018519004114906272
Epoch 62
Best Validation Accuracy: 0.8764370792335577
Current Validation Accuracy: 0.8725672049338543
Current Validation Loss: 0.0018883395995310732
Epoch 63
Best Validation Accuracy: 0.8764370792335577
Current Validation Accuracy: 0.8740454780848359
Current Validation Loss: 0.0018778793161958462
Epoch 64
Best Validation Accuracy: 0.8764370792335577
Current Validation Accuracy: 0.8561743797373005
Current Validation Loss: 0.0021027619056594804
Epoch 65
Best Validation Accuracy: 0.8764370792335577
Current Validation Accuracy: 0.8755802457511417
Current Validation Loss: 0.0018549660091924103
Epoch 66
Best Validation Accuracy: 0.8764370792335577
Current Validation Accuracy: 0.875307188927075
Current Validation Loss: 0.001860723030342119
Epoch 67
Best Validation Accuracy: 0.8764370792335577
Current Validation Accuracy: 0.873245139117744
Current Validation Loss: 0.0018775165121712807
Epoch 68
Best Validation Accuracy: 0.8764370792335577
Current Validation Accuracy: 0.8722659008521256
Current Validation Loss: 0.0018921133195504783
Epoch 69
Best Validation Accuracy: 0.8764370792335577
Current Validation Accuracy: 0.8727649357374888
Current Validation Loss: 0.001908497006889454
Epoch 70
Best Validation Accuracy: 0.8764370792335577
Current Validation Accuracy: 0.8719175180076267
Current Validation Loss: 0.0019008025813925474
Epoch 71
Best Validation Accuracy: 0.8764370792335577
Current Validation Accuracy: 0.8756461560190199
Current Validation Loss: 0.0018603812525217482
Epoch 72
Best Validation Accuracy: 0.8764370792335577
Current Validation Accuracy: 0.8746857492585095
Current Validation Loss: 0.0018795846395699982
Epoch 73
Best Validation Accuracy: 0.8764370792335577
Current Validation Accuracy: 0.8725295419236383
Current Validation Loss: 0.0018979207574296966
Epoch 74
Best Validation Accuracy: 0.8764370792335577
Current Validation Accuracy: 0.8768419565933807
Current Validation Loss: 0.001847075224259463
Saving best model based on accuracy
Epoch 75
Best Validation Accuracy: 0.8768419565933807
Current Validation Accuracy: 0.8720493385433831
Current Validation Loss: 0.0019046201801789435
Epoch 76
Best Validation Accuracy: 0.8768419565933807
Current Validation Accuracy: 0.8696671531472153
Current Validation Loss: 0.001934940799622486
Epoch 77
Best Validation Accuracy: 0.8768419565933807
Current Validation Accuracy: 0.8761828539145992
Current Validation Loss: 0.0018564537321183816
Epoch 78
Best Validation Accuracy: 0.8768419565933807
Current Validation Accuracy: 0.8769926086342451
Current Validation Loss: 0.0018476292730180296
Saving best model based on accuracy
Epoch 79
Best Validation Accuracy: 0.8769926086342451
Current Validation Accuracy: 0.8706840544230497
Current Validation Loss: 0.0019188292555696552
Epoch 80
Best Validation Accuracy: 0.8769926086342451
Current Validation Accuracy: 0.8745445129701992
Current Validation Loss: 0.0018687544391348416
Epoch 81
Best Validation Accuracy: 0.8769926086342451
Current Validation Accuracy: 0.8719834282755049
Current Validation Loss: 0.0019060560229875111
Epoch 82
Best Validation Accuracy: 0.8769926086342451
Current Validation Accuracy: 0.877359822983852
Current Validation Loss: 0.0018452397063651624
Saving best model based on accuracy
Epoch 83
Best Validation Accuracy: 0.877359822983852
Current Validation Accuracy: 0.8705051551245233
Current Validation Loss: 0.0019333929988007935
Epoch 84
Best Validation Accuracy: 0.877359822983852
Current Validation Accuracy: 0.8750153005979003
Current Validation Loss: 0.001867302830180769
Epoch 85
Best Validation Accuracy: 0.877359822983852
Current Validation Accuracy: 0.8753636834423991
Current Validation Loss: 0.0018634588317645259
Epoch 86
Best Validation Accuracy: 0.877359822983852
Current Validation Accuracy: 0.8756179087613577
Current Validation Loss: 0.0018465863429839471
Epoch 87
Best Validation Accuracy: 0.877359822983852
Current Validation Accuracy: 0.8748646485570359
Current Validation Loss: 0.0018683295387775232
Epoch 88
Best Validation Accuracy: 0.877359822983852
Current Validation Accuracy: 0.8732168918600819
Current Validation Loss: 0.0019359963481851983
Epoch 89
Best Validation Accuracy: 0.877359822983852
Current Validation Accuracy: 0.8760981121416129
Current Validation Loss: 0.0018574721537024269
Epoch 90
Best Validation Accuracy: 0.877359822983852
Current Validation Accuracy: 0.8764088319758957
Current Validation Loss: 0.0018451756244268992
Epoch 91
Best Validation Accuracy: 0.877359822983852
Current Validation Accuracy: 0.8746575020008475
Current Validation Loss: 0.001874855771603981
Epoch 92
Best Validation Accuracy: 0.877359822983852
Current Validation Accuracy: 0.8775669695400405
Current Validation Loss: 0.0018337314114059457
Saving best model based on accuracy
Epoch 93
Best Validation Accuracy: 0.8775669695400405
Current Validation Accuracy: 0.8698648839508498
Current Validation Loss: 0.0019430926031471674
Epoch 94
Best Validation Accuracy: 0.8775669695400405
Current Validation Accuracy: 0.8748175697942658
Current Validation Loss: 0.0018828321603792356
Epoch 95
Best Validation Accuracy: 0.8775669695400405
Current Validation Accuracy: 0.8725295419236383
Current Validation Loss: 0.0019022773326405765
Epoch 96
Best Validation Accuracy: 0.8775669695400405
Current Validation Accuracy: 0.8748175697942658
Current Validation Loss: 0.0018795948661679653
Epoch 97
Best Validation Accuracy: 0.8775669695400405
Current Validation Accuracy: 0.8751094581234405
Current Validation Loss: 0.0018673787185585794
Epoch 98
Best Validation Accuracy: 0.8775669695400405
Current Validation Accuracy: 0.8762864271926933
Current Validation Loss: 0.0018587399116091559
Epoch 99
[[1.7276163e-01 4.4607082e-01 3.8116753e-01]
 [9.9599290e-01 1.7991955e-03 2.2079109e-03]
 [8.0445230e-01 8.2675382e-02 1.1287237e-01]
 [3.0645443e-02 8.7618195e-03 9.6059269e-01]
 [1.0252072e-02 8.8031101e-01 1.0943691e-01]
 [6.8551578e-02 7.9506707e-01 1.3638134e-01]
 [9.3245797e-04 2.9836005e-05 9.9903762e-01]
 [1.8639266e-02 1.3662714e-02 9.6769798e-01]
 [8.9783990e-01 3.7381195e-02 6.4778976e-02]
 [8.3940959e-01 7.2950818e-02 8.7639570e-02]
 [6.7567104e-01 1.6129817e-01 1.6303079e-01]
 [3.2043217e-06 1.2040985e-04 9.9987638e-01]
 [8.9927208e-01 4.3351412e-02 5.7376534e-02]
 [1.8763443e-04 9.9885488e-01 9.5751561e-04]
 [1.7453445e-02 7.1618485e-01 2.6636171e-01]
 [8.0849719e-01 8.2405895e-02 1.0909686e-01]
 [9.8602762e-03 7.2549212e-01 2.6464760e-01]
 [9.3119234e-01 4.5374647e-02 2.3432966e-02]
 [8.2297069e-01 8.9767769e-02 8.7261565e-02]
 [6.5867446e-04 1.9641288e-05 9.9932170e-01]]
[[1.7276163e-01 4.4607082e-01 3.8116753e-01]
 [9.9599290e-01 1.7991955e-03 2.2079109e-03]
 [8.0445230e-01 8.2675382e-02 1.1287237e-01]
 [3.0645443e-02 8.7618195e-03 9.6059269e-01]
 [1.0252072e-02 8.8031101e-01 1.0943691e-01]
 [6.8551578e-02 7.9506707e-01 1.3638134e-01]
 [9.3245797e-04 2.9836005e-05 9.9903762e-01]
 [1.8639266e-02 1.3662714e-02 9.6769798e-01]
 [8.9783990e-01 3.7381195e-02 6.4778976e-02]
 [8.3940959e-01 7.2950818e-02 8.7639570e-02]
 [6.7567104e-01 1.6129817e-01 1.6303079e-01]
 [3.2043217e-06 1.2040985e-04 9.9987638e-01]
 [8.9927208e-01 4.3351412e-02 5.7376534e-02]
 [1.8763443e-04 9.9885488e-01 9.5751561e-04]
 [1.7453445e-02 7.1618485e-01 2.6636171e-01]
 [8.0849719e-01 8.2405895e-02 1.0909686e-01]
 [9.8602762e-03 7.2549212e-01 2.6464760e-01]
 [9.3119234e-01 4.5374647e-02 2.3432966e-02]
 [8.2297069e-01 8.9767769e-02 8.7261565e-02]
 [6.5867446e-04 1.9641288e-05 9.9932170e-01]]
[[0. 1. 0.]
 [1. 0. 0.]
 [1. 0. 0.]
 [0. 0. 1.]
 [0. 1. 0.]
 [0. 0. 1.]
 [0. 0. 1.]
 [0. 0. 1.]
 [1. 0. 0.]
 [0. 1. 0.]
 [0. 0. 1.]
 [0. 0. 1.]
 [0. 1. 0.]
 [0. 1. 0.]
 [0. 1. 0.]
 [1. 0. 0.]
 [0. 0. 1.]
 [1. 0. 0.]
 [1. 0. 0.]
 [0. 0. 1.]]
Best Validation Accuracy: 0.8775669695400405
Current Validation Accuracy: 0.876954945624029
Current Validation Loss: 0.0018482385222271256
Saving last model
