Running "module reset". Resetting modules to system default. The following $MODULEPATH directories have been removed: None
A conda environment has been detected CONDA_PREFIX=
/u/avroy/.conda/envs/toptagger_env 
anaconda3_gpu is loaded. Consider running conda deactivate and reloading it.

Currently Loaded Modules:
  1) cue-login-env/1.0   4) gcc/11.2.0    7) openmpi/4.1.2
  2) default             5) cuda/11.6.1   8) cudnn/8.4.1.50
  3) modtree/gpu         6) ucx/1.11.2    9) anaconda3_gpu/4.13.0

 

/u/avroy/UQ_XAI_Studies/models/PFIN_UQ/model/jobsub
total 192K
-rw-rw----+ 1 avroy delta_bbhj  925 Mar 31 16:58 jobsubmitter_dummy.py
-rw-rw----+ 1 avroy delta_bbhj  15K May 18 13:59 jobsubmitter.py
-rw-rw----+ 1 avroy delta_bbhj 1.1K May 18 14:02 UQPFIN-run-JNqgmerged_0.1_baseline.slurm
-rw-rw----+ 1 avroy delta_bbhj 1.1K May 18 14:02 UQPFIN-run-JNqgmerged_0.1_skiptop.slurm
-rw-rw----+ 1 avroy delta_bbhj 1.1K May 18 14:02 UQPFIN-run-JNqgmerged_0.1_skipwz.slurm
-rw-rw----+ 1 avroy delta_bbhj 1.1K May 18 14:02 UQPFIN-run-JNqgmerged_0_baseline.slurm
-rw-rw----+ 1 avroy delta_bbhj 1.1K May 18 14:02 UQPFIN-run-JNqgmerged_0_skiptop.slurm
-rw-rw----+ 1 avroy delta_bbhj 1.1K May 18 14:02 UQPFIN-run-JNqgmerged_0_skipwz.slurm
-rw-rw----+ 1 avroy delta_bbhj 1.1K May 18 14:02 UQPFIN-run-JNqgmerged_nominal_baseline.slurm
-rw-rw----+ 1 avroy delta_bbhj 1.1K May 18 14:02 UQPFIN-run-JNqgmerged_nominal_skiptop.slurm
-rw-rw----+ 1 avroy delta_bbhj 1.1K May 18 14:02 UQPFIN-run-JNqgmerged_nominal_skipwz.slurm
-rw-rw----+ 1 avroy delta_bbhj 1.1K May 18 14:02 UQPFIN-run-JNqgmerged_softmax_baseline_0.slurm
-rw-rw----+ 1 avroy delta_bbhj 1.1K May 18 14:02 UQPFIN-run-JNqgmerged_softmax_baseline_1.slurm
-rw-rw----+ 1 avroy delta_bbhj 1.1K May 18 14:02 UQPFIN-run-JNqgmerged_softmax_baseline_2.slurm
-rw-rw----+ 1 avroy delta_bbhj 1.1K May 18 14:02 UQPFIN-run-JNqgmerged_softmax_baseline_3.slurm
-rw-rw----+ 1 avroy delta_bbhj 1.1K May 18 14:02 UQPFIN-run-JNqgmerged_softmax_baseline_4.slurm
-rw-rw----+ 1 avroy delta_bbhj 1.1K May 18 14:02 UQPFIN-run-JNqgmerged_softmax_baseline_5.slurm
-rw-rw----+ 1 avroy delta_bbhj 1.1K May 18 14:02 UQPFIN-run-JNqgmerged_softmax_baseline_6.slurm
-rw-rw----+ 1 avroy delta_bbhj 1.1K May 18 14:02 UQPFIN-run-JNqgmerged_softmax_baseline_7.slurm
-rw-rw----+ 1 avroy delta_bbhj 1.1K May 18 14:02 UQPFIN-run-JNqgmerged_softmax_baseline_8.slurm
-rw-rw----+ 1 avroy delta_bbhj 1.1K May 18 14:02 UQPFIN-run-JNqgmerged_softmax_baseline_9.slurm
-rw-rw----+ 1 avroy delta_bbhj 1.2K May 18 14:02 UQPFIN-run-JNqgmerged_softmax_dropout_baseline.slurm
-rw-rw----+ 1 avroy delta_bbhj 1.2K May 18 14:02 UQPFIN-run-JNqgmerged_softmax_dropout_skiptop.slurm
-rw-rw----+ 1 avroy delta_bbhj 1.2K May 18 14:02 UQPFIN-run-JNqgmerged_softmax_dropout_skipwz.slurm
-rw-rw----+ 1 avroy delta_bbhj 1.1K May 18 14:02 UQPFIN-run-JNqgmerged_softmax_skiptop_0.slurm
-rw-rw----+ 1 avroy delta_bbhj 1.1K May 18 14:02 UQPFIN-run-JNqgmerged_softmax_skiptop_1.slurm
-rw-rw----+ 1 avroy delta_bbhj 1.1K May 18 14:02 UQPFIN-run-JNqgmerged_softmax_skiptop_2.slurm
-rw-rw----+ 1 avroy delta_bbhj 1.1K May 18 14:02 UQPFIN-run-JNqgmerged_softmax_skiptop_3.slurm
-rw-rw----+ 1 avroy delta_bbhj 1.1K May 18 14:02 UQPFIN-run-JNqgmerged_softmax_skiptop_4.slurm
-rw-rw----+ 1 avroy delta_bbhj 1.1K May 18 14:02 UQPFIN-run-JNqgmerged_softmax_skiptop_5.slurm
-rw-rw----+ 1 avroy delta_bbhj 1.1K May 18 14:02 UQPFIN-run-JNqgmerged_softmax_skiptop_6.slurm
-rw-rw----+ 1 avroy delta_bbhj 1.1K May 18 14:02 UQPFIN-run-JNqgmerged_softmax_skiptop_7.slurm
-rw-rw----+ 1 avroy delta_bbhj 1.1K May 18 14:02 UQPFIN-run-JNqgmerged_softmax_skiptop_8.slurm
-rw-rw----+ 1 avroy delta_bbhj 1.1K May 18 14:02 UQPFIN-run-JNqgmerged_softmax_skiptop_9.slurm
-rw-rw----+ 1 avroy delta_bbhj 1.1K May 18 14:02 UQPFIN-run-JNqgmerged_softmax_skipwz_0.slurm
-rw-rw----+ 1 avroy delta_bbhj 1.1K May 18 14:02 UQPFIN-run-JNqgmerged_softmax_skipwz_1.slurm
-rw-rw----+ 1 avroy delta_bbhj 1.1K May 18 14:02 UQPFIN-run-JNqgmerged_softmax_skipwz_2.slurm
-rw-rw----+ 1 avroy delta_bbhj 1.1K May 18 14:02 UQPFIN-run-JNqgmerged_softmax_skipwz_3.slurm
-rw-rw----+ 1 avroy delta_bbhj 1.1K May 18 14:02 UQPFIN-run-JNqgmerged_softmax_skipwz_4.slurm
-rw-rw----+ 1 avroy delta_bbhj 1.1K May 18 14:02 UQPFIN-run-JNqgmerged_softmax_skipwz_5.slurm
-rw-rw----+ 1 avroy delta_bbhj 1.1K May 18 14:02 UQPFIN-run-JNqgmerged_softmax_skipwz_6.slurm
-rw-rw----+ 1 avroy delta_bbhj 1.1K May 18 14:02 UQPFIN-run-JNqgmerged_softmax_skipwz_7.slurm
-rw-rw----+ 1 avroy delta_bbhj 1.1K May 18 14:02 UQPFIN-run-JNqgmerged_softmax_skipwz_8.slurm
-rw-rw----+ 1 avroy delta_bbhj 1.1K May 18 14:02 UQPFIN-run-JNqgmerged_softmax_skipwz_9.slurm
-rw-------+ 1 avroy delta_bbhj  969 May 15 09:44 UQPFIN-run.slurm
/projects/bbhj/avroy/UQ_XAI_Studies/models/PFIN_UQ/model
total 176K
drwxr-s---+ 2 avroy delta_bbhj  12K May 18 14:31 jobouts
drwxr-s---+ 2 avroy delta_bbhj 4.0K May 18 14:02 jobsub
-rw-rw----+ 1 avroy delta_bbhj 8.4K May 15 14:46 PFINDataset.py
drwxrws---+ 2 avroy delta_bbhj 4.0K May 18 09:47 __pycache__
drwxrws---+ 2 avroy delta_bbhj  12K May 18 14:03 trained_model_dicts
drwxr-s---+ 2 avroy delta_bbhj 4.0K Mar 31 15:09 trained_model_dicts_old
drwxrws---+ 2 avroy delta_bbhj  20K May 18 14:04 trained_models
drwxr-s---+ 2 avroy delta_bbhj 4.0K Mar 31 15:10 trained_models_old
-rw-rw----+ 1 avroy delta_bbhj  23K May 18 11:00 train_mod.py
-rw-rw----+ 1 avroy delta_bbhj  23K May 18 10:56 train_mod.py~
-rw-rw----+ 1 avroy delta_bbhj  20K May 18 13:50 train.py
-rw-rw----+ 1 avroy delta_bbhj  20K May 18 13:41 train.py~
-rw-rw----+ 1 avroy delta_bbhj  13K May  5 09:36 UQPFIN.py
job is starting on gpua012.delta.ncsa.illinois.edu
# conda environments:
#
base                     /sw/external/python/anaconda3
toptagger_env         *  /u/avroy/.conda/envs/toptagger_env

/sw/external/python/anaconda3_gpu/bin/python
==========================================================================================
Layer (type:depth-idx)                   Output Shape              Param #
==========================================================================================
UQPFIN                                   [1, 4]                    --
├─Sequential: 1-1                        [30, 64]                  --
│    └─Sequential: 2-1                   [30, 100]                 --
│    │    └─Linear: 3-1                  [30, 100]                 400
│    │    └─ReLU: 3-2                    [30, 100]                 --
│    └─Sequential: 2-2                   [30, 100]                 --
│    │    └─Linear: 3-3                  [30, 100]                 10,100
│    │    └─ReLU: 3-4                    [30, 100]                 --
│    └─Sequential: 2-3                   [30, 64]                  --
│    │    └─Linear: 3-5                  [30, 64]                  6,464
│    │    └─ReLU: 3-6                    [30, 64]                  --
├─Sequential: 1-2                        [435, 64]                 --
│    └─Sequential: 2-4                   [435, 128]                --
│    │    └─Linear: 3-7                  [435, 128]                640
│    │    └─ReLU: 3-8                    [435, 128]                --
│    └─Sequential: 2-5                   [435, 128]                --
│    │    └─Linear: 3-9                  [435, 128]                16,512
│    │    └─ReLU: 3-10                   [435, 128]                --
│    └─Sequential: 2-6                   [435, 64]                 --
│    │    └─Linear: 3-11                 [435, 64]                 8,256
│    │    └─ReLU: 3-12                   [435, 64]                 --
├─Sequential: 1-3                        [30, 64]                  --
│    └─Sequential: 2-7                   [30, 128]                 --
│    │    └─Linear: 3-13                 [30, 128]                 8,704
│    │    └─ReLU: 3-14                   [30, 128]                 --
│    └─Sequential: 2-8                   [30, 128]                 --
│    │    └─Linear: 3-15                 [30, 128]                 16,512
│    │    └─ReLU: 3-16                   [30, 128]                 --
│    └─Sequential: 2-9                   [30, 64]                  --
│    │    └─Linear: 3-17                 [30, 64]                  8,256
│    │    └─ReLU: 3-18                   [30, 64]                  --
├─Sequential: 1-4                        [1, 4]                    --
│    └─Sequential: 2-10                  [1, 64]                   --
│    │    └─Linear: 3-19                 [1, 64]                   4,160
│    │    └─ReLU: 3-20                   [1, 64]                   --
│    └─Sequential: 2-11                  [1, 100]                  --
│    │    └─Linear: 3-21                 [1, 100]                  6,500
│    │    └─ReLU: 3-22                   [1, 100]                  --
│    └─Sequential: 2-12                  [1, 100]                  --
│    │    └─Linear: 3-23                 [1, 100]                  10,100
│    │    └─ReLU: 3-24                   [1, 100]                  --
│    └─Linear: 2-13                      [1, 4]                    404
│    └─Softmax: 2-14                     [1, 4]                    --
==========================================================================================
Total params: 97,008
Trainable params: 97,008
Non-trainable params: 0
Total mult-adds (M): 12.59
==========================================================================================
Input size (MB): 0.00
Forward/backward pass size (MB): 1.26
Params size (MB): 0.39
Estimated Total Size (MB): 1.64
==========================================================================================
data type:  JNqgmerged
m_logic, pt_logic, eta_logic:  AND AND AND
m1, m2, pt1, pt2, eta1, eta2:  0.0 10000.0 0.0 10000.0 -6.0 6.0
skip labels:  []
classes:  4
Epoch 0
Best Validation Accuracy: 0
Current Validation Accuracy: 0.7566013403522124
Current Validation Loss: 0.0027201292930689
Saving best model based on accuracy
Epoch 1
Best Validation Accuracy: 0.7566013403522124
Current Validation Accuracy: 0.8039505859636512
Current Validation Loss: 0.002269238891765747
Saving best model based on accuracy
Epoch 2
Best Validation Accuracy: 0.8039505859636512
Current Validation Accuracy: 0.8143802456607683
Current Validation Loss: 0.0021489323049534415
Saving best model based on accuracy
Epoch 3
Best Validation Accuracy: 0.8143802456607683
Current Validation Accuracy: 0.8223998083197678
Current Validation Loss: 0.002037513419929801
Saving best model based on accuracy
Epoch 4
Best Validation Accuracy: 0.8223998083197678
Current Validation Accuracy: 0.8175161906372663
Current Validation Loss: 0.0020723239064227533
Epoch 5
Best Validation Accuracy: 0.8223998083197678
Current Validation Accuracy: 0.8191581573328259
Current Validation Loss: 0.0020479870873470435
Epoch 6
Best Validation Accuracy: 0.8223998083197678
Current Validation Accuracy: 0.832209326088948
Current Validation Loss: 0.0019120205760730482
Saving best model based on accuracy
Epoch 7
Best Validation Accuracy: 0.832209326088948
Current Validation Accuracy: 0.8221743021641544
Current Validation Loss: 0.0020137683503136483
Epoch 8
Best Validation Accuracy: 0.832209326088948
Current Validation Accuracy: 0.821617583842484
Current Validation Loss: 0.0020219365619624664
Epoch 9
Best Validation Accuracy: 0.832209326088948
Current Validation Accuracy: 0.8335341747531765
Current Validation Loss: 0.0019022540799227472
Saving best model based on accuracy
Epoch 10
Best Validation Accuracy: 0.8335341747531765
Current Validation Accuracy: 0.8337173985046124
Current Validation Loss: 0.0018795089673442529
Saving best model based on accuracy
Epoch 11
Best Validation Accuracy: 0.8337173985046124
Current Validation Accuracy: 0.8296582877035722
Current Validation Loss: 0.001949752414725453
Epoch 12
Best Validation Accuracy: 0.8337173985046124
Current Validation Accuracy: 0.8284109567803358
Current Validation Loss: 0.0019450848257882812
Epoch 13
Best Validation Accuracy: 0.8337173985046124
Current Validation Accuracy: 0.8382557098863308
Current Validation Loss: 0.001835695661362725
Saving best model based on accuracy
Epoch 14
Best Validation Accuracy: 0.8382557098863308
Current Validation Accuracy: 0.8329915505662319
Current Validation Loss: 0.0019043295132505898
Epoch 15
Best Validation Accuracy: 0.8382557098863308
Current Validation Accuracy: 0.8398624412450758
Current Validation Loss: 0.0018138525166393959
Saving best model based on accuracy
Epoch 16
Best Validation Accuracy: 0.8398624412450758
Current Validation Accuracy: 0.839256393451865
Current Validation Loss: 0.0018163722795486571
Epoch 17
Best Validation Accuracy: 0.8398624412450758
Current Validation Accuracy: 0.8327167149390781
Current Validation Loss: 0.0019103670670824998
Epoch 18
Best Validation Accuracy: 0.8398624412450758
Current Validation Accuracy: 0.8369379082894653
Current Validation Loss: 0.001852743765874738
Epoch 19
Best Validation Accuracy: 0.8398624412450758
Current Validation Accuracy: 0.8358597069829391
Current Validation Loss: 0.001854808586523815
Epoch 20
Best Validation Accuracy: 0.8398624412450758
Current Validation Accuracy: 0.8314200545443013
Current Validation Loss: 0.0019150320490541545
Epoch 21
Best Validation Accuracy: 0.8398624412450758
Current Validation Accuracy: 0.8429138214132189
Current Validation Loss: 0.0017830847592928197
Saving best model based on accuracy
Epoch 22
Best Validation Accuracy: 0.8429138214132189
Current Validation Accuracy: 0.8413846077954659
Current Validation Loss: 0.001799102562385816
Epoch 23
Best Validation Accuracy: 0.8429138214132189
Current Validation Accuracy: 0.8398976765818904
Current Validation Loss: 0.0018073529414377638
Epoch 24
Best Validation Accuracy: 0.8429138214132189
Current Validation Accuracy: 0.8389040400837192
Current Validation Loss: 0.0018193796653505213
Epoch 25
Best Validation Accuracy: 0.8429138214132189
Current Validation Accuracy: 0.842145691070661
Current Validation Loss: 0.001786654713677996
Epoch 26
Best Validation Accuracy: 0.8429138214132189
Current Validation Accuracy: 0.8431322805014693
Current Validation Loss: 0.001776583118974622
Saving best model based on accuracy
Epoch 27
Best Validation Accuracy: 0.8431322805014693
Current Validation Accuracy: 0.8434775868022523
Current Validation Loss: 0.0017652861946130796
Saving best model based on accuracy
Epoch 28
Best Validation Accuracy: 0.8434775868022523
Current Validation Accuracy: 0.8361556838121815
Current Validation Loss: 0.001855202175101213
Epoch 29
Best Validation Accuracy: 0.8434775868022523
Current Validation Accuracy: 0.8423289148220968
Current Validation Loss: 0.0017841316803532804
Epoch 30
Best Validation Accuracy: 0.8434775868022523
Current Validation Accuracy: 0.8448658590727469
Current Validation Loss: 0.001745701014067711
Saving best model based on accuracy
Epoch 31
Best Validation Accuracy: 0.8448658590727469
Current Validation Accuracy: 0.8425826092471618
Current Validation Loss: 0.0017747417005480458
Epoch 32
Best Validation Accuracy: 0.8448658590727469
Current Validation Accuracy: 0.8398413000429871
Current Validation Loss: 0.0017918665464129908
Epoch 33
Best Validation Accuracy: 0.8448658590727469
Current Validation Accuracy: 0.8425473739103472
Current Validation Loss: 0.0017829076983868649
Epoch 34
Best Validation Accuracy: 0.8448658590727469
Current Validation Accuracy: 0.8438158460356723
Current Validation Loss: 0.001766195077552964
Epoch 35
Best Validation Accuracy: 0.8448658590727469
Current Validation Accuracy: 0.8453380125860623
Current Validation Loss: 0.0017512954801603925
Saving best model based on accuracy
Epoch 36
Best Validation Accuracy: 0.8453380125860623
Current Validation Accuracy: 0.8433930219938972
Current Validation Loss: 0.0017653968336583813
Epoch 37
Best Validation Accuracy: 0.8453380125860623
Current Validation Accuracy: 0.8468108496649119
Current Validation Loss: 0.001734388742779704
Saving best model based on accuracy
Epoch 38
Best Validation Accuracy: 0.8468108496649119
Current Validation Accuracy: 0.8413141371218368
Current Validation Loss: 0.0017904224294892441
Epoch 39
Best Validation Accuracy: 0.8468108496649119
Current Validation Accuracy: 0.8348519763500419
Current Validation Loss: 0.0018516313151142234
Epoch 40
Best Validation Accuracy: 0.8468108496649119
Current Validation Accuracy: 0.8453802949902398
Current Validation Loss: 0.0017440766733522696
Epoch 41
Best Validation Accuracy: 0.8468108496649119
Current Validation Accuracy: 0.8448870002748357
Current Validation Loss: 0.001749716982176454
Epoch 42
Best Validation Accuracy: 0.8468108496649119
Current Validation Accuracy: 0.8456762718194824
Current Validation Loss: 0.0017322799882615735
Epoch 43
Best Validation Accuracy: 0.8468108496649119
Current Validation Accuracy: 0.8461343311980719
Current Validation Loss: 0.0017355927015371918
Epoch 44
Best Validation Accuracy: 0.8468108496649119
Current Validation Accuracy: 0.8468460850017265
Current Validation Loss: 0.0017451704618268048
Saving best model based on accuracy
Epoch 45
Best Validation Accuracy: 0.8468460850017265
Current Validation Accuracy: 0.8467051436544681
Current Validation Loss: 0.0017285465532173028
Epoch 46
Best Validation Accuracy: 0.8468460850017265
Current Validation Accuracy: 0.8451547888346265
Current Validation Loss: 0.0017502715221544495
Epoch 47
Best Validation Accuracy: 0.8468460850017265
Current Validation Accuracy: 0.8471420618309691
Current Validation Loss: 0.0017250501882203051
Saving best model based on accuracy
Epoch 48
Best Validation Accuracy: 0.8471420618309691
Current Validation Accuracy: 0.8450913652283603
Current Validation Loss: 0.001738236012727995
Epoch 49
Best Validation Accuracy: 0.8471420618309691
Current Validation Accuracy: 0.8464091668252257
Current Validation Loss: 0.0017458833682918726
Epoch 50
Best Validation Accuracy: 0.8471420618309691
Current Validation Accuracy: 0.847233673706687
Current Validation Loss: 0.001717417078453415
Saving best model based on accuracy
Epoch 51
Best Validation Accuracy: 0.847233673706687
Current Validation Accuracy: 0.8476846860179137
Current Validation Loss: 0.001719615244139088
Saving best model based on accuracy
Epoch 52
Best Validation Accuracy: 0.8476846860179137
Current Validation Accuracy: 0.846634672980839
Current Validation Loss: 0.001731785087161446
Epoch 53
Best Validation Accuracy: 0.8476846860179137
Current Validation Accuracy: 0.8451829771040782
Current Validation Loss: 0.00174101948050076
Epoch 54
Best Validation Accuracy: 0.8476846860179137
Current Validation Accuracy: 0.846127284130709
Current Validation Loss: 0.0017383176282012628
Epoch 55
Best Validation Accuracy: 0.8476846860179137
Current Validation Accuracy: 0.8472477678414128
Current Validation Loss: 0.0017138977531321463
Epoch 56
Best Validation Accuracy: 0.8476846860179137
Current Validation Accuracy: 0.8455212363374982
Current Validation Loss: 0.0017420964550663004
Epoch 57
Best Validation Accuracy: 0.8476846860179137
Current Validation Accuracy: 0.8450490828241827
Current Validation Loss: 0.0017492491563023441
Epoch 58
Best Validation Accuracy: 0.8476846860179137
Current Validation Accuracy: 0.8427446917965089
Current Validation Loss: 0.001776698294639769
Epoch 59
Best Validation Accuracy: 0.8476846860179137
Current Validation Accuracy: 0.8433930219938972
Current Validation Loss: 0.0017646088416299682
Epoch 60
Best Validation Accuracy: 0.8476846860179137
Current Validation Accuracy: 0.8405671479813676
Current Validation Loss: 0.0017960813016804716
Epoch 61
Best Validation Accuracy: 0.8476846860179137
Current Validation Accuracy: 0.8469095086079927
Current Validation Loss: 0.001733248920876438
Epoch 62
Best Validation Accuracy: 0.8476846860179137
Current Validation Accuracy: 0.8433436925223569
Current Validation Loss: 0.0017645879804453366
Epoch 63
Best Validation Accuracy: 0.8476846860179137
Current Validation Accuracy: 0.8388688047469046
Current Validation Loss: 0.00181541594786218
Epoch 64
Best Validation Accuracy: 0.8476846860179137
Current Validation Accuracy: 0.8484246280910199
Current Validation Loss: 0.0017167529971992919
Saving best model based on accuracy
Epoch 65
Best Validation Accuracy: 0.8484246280910199
Current Validation Accuracy: 0.8464866845662178
Current Validation Loss: 0.0017430498878608872
Epoch 66
Best Validation Accuracy: 0.8484246280910199
Current Validation Accuracy: 0.8442175288753585
Current Validation Loss: 0.0017470179852949197
Epoch 67
Best Validation Accuracy: 0.8484246280910199
Current Validation Accuracy: 0.8482554984743099
Current Validation Loss: 0.0017097610799787237
Epoch 68
Best Validation Accuracy: 0.8484246280910199
Current Validation Accuracy: 0.8468038025975491
Current Validation Loss: 0.0017261522069183712
Epoch 69
Best Validation Accuracy: 0.8484246280910199
Current Validation Accuracy: 0.8444782703677864
Current Validation Loss: 0.0017712343616396481
Epoch 70
Best Validation Accuracy: 0.8484246280910199
Current Validation Accuracy: 0.8464866845662178
Current Validation Loss: 0.0017329121535623602
Epoch 71
Best Validation Accuracy: 0.8484246280910199
Current Validation Accuracy: 0.8482977808784874
Current Validation Loss: 0.0017204116596084877
Epoch 72
Best Validation Accuracy: 0.8484246280910199
Current Validation Accuracy: 0.8399188177839791
Current Validation Loss: 0.0018042485289703613
Epoch 73
Best Validation Accuracy: 0.8484246280910199
Current Validation Accuracy: 0.847226626639324
Current Validation Loss: 0.0017218255468212356
Epoch 74
Best Validation Accuracy: 0.8484246280910199
Current Validation Accuracy: 0.8429842920868481
Current Validation Loss: 0.0017760773903463189
Epoch 75
Best Validation Accuracy: 0.8484246280910199
Current Validation Accuracy: 0.8482273102048582
Current Validation Loss: 0.0017081540622582683
Epoch 76
Best Validation Accuracy: 0.8484246280910199
Current Validation Accuracy: 0.8463246020168707
Current Validation Loss: 0.0017362106139003463
Epoch 77
Best Validation Accuracy: 0.8484246280910199
Current Validation Accuracy: 0.848072274722874
Current Validation Loss: 0.0017143713322660145
Epoch 78
Best Validation Accuracy: 0.8484246280910199
Current Validation Accuracy: 0.8448870002748357
Current Validation Loss: 0.0017383889472843384
Epoch 79
Best Validation Accuracy: 0.8484246280910199
Current Validation Accuracy: 0.8469306498100815
Current Validation Loss: 0.0017173385376579185
Epoch 80
Best Validation Accuracy: 0.8484246280910199
Current Validation Accuracy: 0.8473464267844937
Current Validation Loss: 0.0017222543408791512
Epoch 81
Best Validation Accuracy: 0.8484246280910199
Current Validation Accuracy: 0.8436608105536881
Current Validation Loss: 0.001763522691335478
Epoch 82
Best Validation Accuracy: 0.8484246280910199
Current Validation Accuracy: 0.847226626639324
Current Validation Loss: 0.001726560195656702
Epoch 83
Best Validation Accuracy: 0.8484246280910199
Current Validation Accuracy: 0.8396439821568255
Current Validation Loss: 0.0018187999373770036
Epoch 84
Best Validation Accuracy: 0.8484246280910199
Current Validation Accuracy: 0.8414339372670063
Current Validation Loss: 0.0017919565317724066
Epoch 85
Best Validation Accuracy: 0.8484246280910199
Current Validation Accuracy: 0.8452886831145219
Current Validation Loss: 0.0017362217997208907
Epoch 86
Best Validation Accuracy: 0.8484246280910199
Current Validation Accuracy: 0.8449645180158277
Current Validation Loss: 0.0017482797234222851
Epoch 87
Best Validation Accuracy: 0.8484246280910199
Current Validation Accuracy: 0.8469376968774445
Current Validation Loss: 0.0017401233784755232
Epoch 88
Best Validation Accuracy: 0.8484246280910199
Current Validation Accuracy: 0.8472548149087757
Current Validation Loss: 0.0017206719447330466
Epoch 89
Best Validation Accuracy: 0.8484246280910199
Current Validation Accuracy: 0.8468038025975491
Current Validation Loss: 0.0017314896935851356
Epoch 90
Best Validation Accuracy: 0.8484246280910199
Current Validation Accuracy: 0.8398694883124388
Current Validation Loss: 0.0018050239807658704
Epoch 91
Best Validation Accuracy: 0.8484246280910199
Current Validation Accuracy: 0.8478538156346237
Current Validation Loss: 0.0017139230805802669
Epoch 92
Best Validation Accuracy: 0.8484246280910199
Current Validation Accuracy: 0.8451970712388039
Current Validation Loss: 0.0017465765798076684
Epoch 93
Best Validation Accuracy: 0.8484246280910199
Current Validation Accuracy: 0.8493830292523766
Current Validation Loss: 0.0016998138188178333
Saving best model based on accuracy
Epoch 94
Best Validation Accuracy: 0.8493830292523766
Current Validation Accuracy: 0.8448799532074727
Current Validation Loss: 0.0017535992196537657
Epoch 95
Best Validation Accuracy: 0.8493830292523766
Current Validation Accuracy: 0.8468178967322748
Current Validation Loss: 0.0017303427749307382
Epoch 96
Best Validation Accuracy: 0.8493830292523766
Current Validation Accuracy: 0.8475155564012037
Current Validation Loss: 0.0017181826461259773
Epoch 97
Best Validation Accuracy: 0.8493830292523766
Current Validation Accuracy: 0.8453027772492477
Current Validation Loss: 0.0017531750829766052
Epoch 98
Best Validation Accuracy: 0.8493830292523766
Current Validation Accuracy: 0.8457749307625632
Current Validation Loss: 0.0017374778616654608
Epoch 99
[[9.43248391e-01 4.64144303e-03 2.23134421e-02 2.97966376e-02]
 [4.93467093e-01 1.76574197e-02 3.15686911e-01 1.73188657e-01]
 [2.21874099e-02 9.54311490e-01 7.96685088e-03 1.55341923e-02]
 [3.59236985e-01 7.66654080e-03 5.63244164e-01 6.98522925e-02]
 [2.79259514e-02 1.93392262e-01 6.87326729e-01 9.13550779e-02]
 [1.56067952e-03 1.13097252e-02 9.75442469e-01 1.16870832e-02]
 [3.65831673e-01 6.33640885e-01 4.14757757e-04 1.12711183e-04]
 [4.10046615e-03 9.95852351e-01 2.29095385e-05 2.43085233e-05]
 [4.14378196e-03 9.95732367e-01 4.02483711e-05 8.35492465e-05]
 [7.91309550e-02 1.21066347e-01 6.81687534e-01 1.18115164e-01]
 [8.77403014e-04 7.01928837e-03 5.48932888e-02 9.37210023e-01]
 [1.32475933e-03 9.98417616e-01 1.91959130e-04 6.57011260e-05]
 [8.93796757e-02 2.46373266e-02 7.44039655e-01 1.41943350e-01]
 [4.32056433e-04 2.09785309e-02 9.76768970e-01 1.82040781e-03]
 [4.32821782e-03 1.04348753e-02 9.62679684e-01 2.25571916e-02]
 [8.24329257e-01 1.87696714e-03 7.50584751e-02 9.87352952e-02]
 [3.74489695e-01 8.11555237e-03 5.31025231e-01 8.63695443e-02]
 [1.56064674e-01 5.84516466e-01 2.28526309e-01 3.08925621e-02]
 [2.54695280e-03 9.97251332e-01 7.63558055e-05 1.25297040e-04]
 [3.13453376e-04 1.69694528e-03 9.80180264e-01 1.78092849e-02]]
[[9.43248391e-01 4.64144303e-03 2.23134421e-02 2.97966376e-02]
 [4.93467093e-01 1.76574197e-02 3.15686911e-01 1.73188657e-01]
 [2.21874099e-02 9.54311490e-01 7.96685088e-03 1.55341923e-02]
 [3.59236985e-01 7.66654080e-03 5.63244164e-01 6.98522925e-02]
 [2.79259514e-02 1.93392262e-01 6.87326729e-01 9.13550779e-02]
 [1.56067952e-03 1.13097252e-02 9.75442469e-01 1.16870832e-02]
 [3.65831673e-01 6.33640885e-01 4.14757757e-04 1.12711183e-04]
 [4.10046615e-03 9.95852351e-01 2.29095385e-05 2.43085233e-05]
 [4.14378196e-03 9.95732367e-01 4.02483711e-05 8.35492465e-05]
 [7.91309550e-02 1.21066347e-01 6.81687534e-01 1.18115164e-01]
 [8.77403014e-04 7.01928837e-03 5.48932888e-02 9.37210023e-01]
 [1.32475933e-03 9.98417616e-01 1.91959130e-04 6.57011260e-05]
 [8.93796757e-02 2.46373266e-02 7.44039655e-01 1.41943350e-01]
 [4.32056433e-04 2.09785309e-02 9.76768970e-01 1.82040781e-03]
 [4.32821782e-03 1.04348753e-02 9.62679684e-01 2.25571916e-02]
 [8.24329257e-01 1.87696714e-03 7.50584751e-02 9.87352952e-02]
 [3.74489695e-01 8.11555237e-03 5.31025231e-01 8.63695443e-02]
 [1.56064674e-01 5.84516466e-01 2.28526309e-01 3.08925621e-02]
 [2.54695280e-03 9.97251332e-01 7.63558055e-05 1.25297040e-04]
 [3.13453376e-04 1.69694528e-03 9.80180264e-01 1.78092849e-02]]
[[1. 0. 0. 0.]
 [0. 0. 1. 0.]
 [0. 1. 0. 0.]
 [1. 0. 0. 0.]
 [0. 1. 0. 0.]
 [0. 0. 1. 0.]
 [0. 1. 0. 0.]
 [0. 1. 0. 0.]
 [0. 1. 0. 0.]
 [0. 0. 1. 0.]
 [0. 0. 0. 1.]
 [0. 1. 0. 0.]
 [0. 0. 1. 0.]
 [0. 0. 1. 0.]
 [0. 0. 1. 0.]
 [0. 0. 0. 1.]
 [1. 0. 0. 0.]
 [0. 1. 0. 0.]
 [0. 1. 0. 0.]
 [0. 0. 1. 0.]]
Best Validation Accuracy: 0.8493830292523766
Current Validation Accuracy: 0.8483118750132133
Current Validation Loss: 0.0017192721569340614
Saving last model
