Running "module reset". Resetting modules to system default. The following $MODULEPATH directories have been removed: None
A conda environment has been detected CONDA_PREFIX=
/u/avroy/.conda/envs/toptagger_env 
anaconda3_gpu is loaded. Consider running conda deactivate and reloading it.

Currently Loaded Modules:
  1) cue-login-env/1.0   4) gcc/11.2.0    7) openmpi/4.1.2
  2) default             5) cuda/11.6.1   8) cudnn/8.4.1.50
  3) modtree/gpu         6) ucx/1.11.2    9) anaconda3_gpu/4.13.0

 

/u/avroy/UQ_XAI_Studies/models/PFIN_UQ/model/jobsub
total 44K
-rw-rw----+ 1 avroy delta_bbhj  925 Mar 31 16:58 jobsubmitter_dummy.py
-rw-rw----+ 1 avroy delta_bbhj  11K May 15 17:45 jobsubmitter.py
-rw-rw----+ 1 avroy delta_bbhj  11K May 15 09:55 jobsubmitter.py~
-rw-rw----+ 1 avroy delta_bbhj 1.2K May 15 17:45 UQPFIN-run-jetclass_trial0_20Mdata.slurm
-rw-rw----+ 1 avroy delta_bbhj 1.2K May 15 09:44 UQPFIN-run-jetclass_trial0_fulldata.slurm
-rw-------+ 1 avroy delta_bbhj  969 May 15 09:44 UQPFIN-run.slurm
-rw-------+ 1 avroy delta_bbhj  969 May 15 09:44 UQPFIN-run.slurm~
/projects/bbhj/avroy/UQ_XAI_Studies/models/PFIN_UQ/model
total 148K
drwxr-s---+ 2 avroy delta_bbhj  12K May 15 17:45 jobouts
drwxr-s---+ 2 avroy delta_bbhj 4.0K May 15 17:45 jobsub
-rw-rw----+ 1 avroy delta_bbhj 8.4K May 15 14:46 PFINDataset.py
drwxrws---+ 2 avroy delta_bbhj 4.0K May 15 14:47 __pycache__
drwxrws---+ 2 avroy delta_bbhj  12K May 15 09:57 trained_model_dicts
drwxr-s---+ 2 avroy delta_bbhj 4.0K Mar 31 15:09 trained_model_dicts_old
drwxrws---+ 2 avroy delta_bbhj  20K May 15 17:03 trained_models
drwxr-s---+ 2 avroy delta_bbhj 4.0K Mar 31 15:10 trained_models_old
-rw-rw----+ 1 avroy delta_bbhj  20K May 15 17:44 train_mod.py
-rw-rw----+ 1 avroy delta_bbhj  20K May 15 15:11 train_mod.py~
-rw-rw----+ 1 avroy delta_bbhj  19K May 15 09:55 train.py
-rw-rw----+ 1 avroy delta_bbhj  13K May  5 09:36 UQPFIN.py
job is starting on gpua001.delta.ncsa.illinois.edu
# conda environments:
#
base                     /sw/external/python/anaconda3
toptagger_env         *  /u/avroy/.conda/envs/toptagger_env

/sw/external/python/anaconda3_gpu/bin/python
==========================================================================================
Layer (type:depth-idx)                   Output Shape              Param #
==========================================================================================
UQPFIN                                   [1, 10]                   --
├─Sequential: 1-1                        [60, 128]                 --
│    └─Sequential: 2-1                   [60, 100]                 --
│    │    └─Linear: 3-1                  [60, 100]                 1,200
│    │    └─ReLU: 3-2                    [60, 100]                 --
│    └─Sequential: 2-2                   [60, 100]                 --
│    │    └─Linear: 3-3                  [60, 100]                 10,100
│    │    └─ReLU: 3-4                    [60, 100]                 --
│    └─Sequential: 2-3                   [60, 100]                 --
│    │    └─Linear: 3-5                  [60, 100]                 10,100
│    │    └─ReLU: 3-6                    [60, 100]                 --
│    └─Sequential: 2-4                   [60, 128]                 --
│    │    └─Linear: 3-7                  [60, 128]                 12,928
│    │    └─ReLU: 3-8                    [60, 128]                 --
├─Sequential: 1-2                        [1770, 128]               --
│    └─Sequential: 2-5                   [1770, 256]               --
│    │    └─Linear: 3-9                  [1770, 256]               1,280
│    │    └─ReLU: 3-10                   [1770, 256]               --
│    └─Sequential: 2-6                   [1770, 256]               --
│    │    └─Linear: 3-11                 [1770, 256]               65,792
│    │    └─ReLU: 3-12                   [1770, 256]               --
│    └─Sequential: 2-7                   [1770, 128]               --
│    │    └─Linear: 3-13                 [1770, 128]               32,896
│    │    └─ReLU: 3-14                   [1770, 128]               --
├─Sequential: 1-3                        [60, 128]                 --
│    └─Sequential: 2-8                   [60, 256]                 --
│    │    └─Linear: 3-15                 [60, 256]                 35,840
│    │    └─ReLU: 3-16                   [60, 256]                 --
│    └─Sequential: 2-9                   [60, 256]                 --
│    │    └─Linear: 3-17                 [60, 256]                 65,792
│    │    └─ReLU: 3-18                   [60, 256]                 --
│    └─Sequential: 2-10                  [60, 128]                 --
│    │    └─Linear: 3-19                 [60, 128]                 32,896
│    │    └─ReLU: 3-20                   [60, 128]                 --
├─Sequential: 1-4                        [1, 10]                   --
│    └─Sequential: 2-11                  [1, 128]                  --
│    │    └─Linear: 3-21                 [1, 128]                  16,512
│    │    └─ReLU: 3-22                   [1, 128]                  --
│    └─Sequential: 2-12                  [1, 100]                  --
│    │    └─Linear: 3-23                 [1, 100]                  12,900
│    │    └─ReLU: 3-24                   [1, 100]                  --
│    └─Sequential: 2-13                  [1, 100]                  --
│    │    └─Linear: 3-25                 [1, 100]                  10,100
│    │    └─ReLU: 3-26                   [1, 100]                  --
│    └─Sequential: 2-14                  [1, 100]                  --
│    │    └─Linear: 3-27                 [1, 100]                  10,100
│    │    └─ReLU: 3-28                   [1, 100]                  --
│    └─Linear: 2-15                      [1, 10]                   1,010
│    └─Softmax: 2-16                     [1, 10]                   --
==========================================================================================
Total params: 319,446
Trainable params: 319,446
Non-trainable params: 0
Total mult-adds (M): 187.13
==========================================================================================
Input size (MB): 0.00
Forward/backward pass size (MB): 9.58
Params size (MB): 1.28
Estimated Total Size (MB): 10.86
==========================================================================================
data type:  jetclass
m_logic, pt_logic, eta_logic:  AND AND AND
m1, m2, pt1, pt2, eta1, eta2:  0.0 10000.0 0.0 10000.0 -6.0 6.0
skip labels:  []
classes:  10
Epoch 0
Best Validation Accuracy: 0
Current Validation Accuracy: 0.7106140626595367
Current Validation Loss: 0.0003959156696668681
Saving best model based on accuracy
Epoch 1
Best Validation Accuracy: 0.7106140626595367
Current Validation Accuracy: 0.7172142552548284
Current Validation Loss: 0.0003848124267960009
Saving best model based on accuracy
Epoch 2
Best Validation Accuracy: 0.7172142552548284
Current Validation Accuracy: 0.7250326831407047
Current Validation Loss: 0.0003746755825497425
Saving best model based on accuracy
Epoch 3
Best Validation Accuracy: 0.7250326831407047
Current Validation Accuracy: 0.7280272196006751
Current Validation Loss: 0.00037039992338026926
Saving best model based on accuracy
Epoch 4
Best Validation Accuracy: 0.7280272196006751
Current Validation Accuracy: 0.7302094323644175
Current Validation Loss: 0.0003675892265490908
Saving best model based on accuracy
Epoch 5
Best Validation Accuracy: 0.7302094323644175
Current Validation Accuracy: 0.7292789888947393
Current Validation Loss: 0.0003682152991530247
Epoch 6
Best Validation Accuracy: 0.7302094323644175
Current Validation Accuracy: 0.7315332747405869
Current Validation Loss: 0.0003655070229433337
Saving best model based on accuracy
Epoch 7
Best Validation Accuracy: 0.7315332747405869
Current Validation Accuracy: 0.7356714708714637
Current Validation Loss: 0.00036036041691160853
Saving best model based on accuracy
Epoch 8
Best Validation Accuracy: 0.7356714708714637
Current Validation Accuracy: 0.7373261487147968
Current Validation Loss: 0.0003584658561900435
Saving best model based on accuracy
Epoch 9
Best Validation Accuracy: 0.7373261487147968
Current Validation Accuracy: 0.7429298308484804
Current Validation Loss: 0.00035200505057414206
Saving best model based on accuracy
Epoch 10
Best Validation Accuracy: 0.7429298308484804
Current Validation Accuracy: 0.7454403765418134
Current Validation Loss: 0.00034927549938462005
Saving best model based on accuracy
Epoch 11
Best Validation Accuracy: 0.7454403765418134
Current Validation Accuracy: 0.7282859819857336
Current Validation Loss: 0.00037134264645759376
Epoch 12
Best Validation Accuracy: 0.7454403765418134
Current Validation Accuracy: 0.7696864620725415
Current Validation Loss: 0.0003181434351495691
Saving best model based on accuracy
Epoch 13
Best Validation Accuracy: 0.7696864620725415
Current Validation Accuracy: 0.7515050260964619
Current Validation Loss: 0.00034190217814011794
Epoch 14
Best Validation Accuracy: 0.7696864620725415
Current Validation Accuracy: 0.7717815865287402
Current Validation Loss: 0.00031492567355119
Saving best model based on accuracy
Epoch 15
Best Validation Accuracy: 0.7717815865287402
Current Validation Accuracy: 0.7809333664335636
Current Validation Loss: 0.00030218491041750976
Saving best model based on accuracy
Epoch 16
Best Validation Accuracy: 0.7809333664335636
Current Validation Accuracy: 0.7840800571779785
Current Validation Loss: 0.0002977307961398938
Saving best model based on accuracy
Epoch 17
Best Validation Accuracy: 0.7840800571779785
Current Validation Accuracy: 0.7818457916327156
Current Validation Loss: 0.0003007181277851317
Epoch 18
Best Validation Accuracy: 0.7840800571779785
Current Validation Accuracy: 0.7864910018759022
Current Validation Loss: 0.00029436166937825734
Saving best model based on accuracy
Epoch 19
Best Validation Accuracy: 0.7864910018759022
Current Validation Accuracy: 0.7917523368695858
Current Validation Loss: 0.0002869168439619124
Saving best model based on accuracy
Epoch 20
Best Validation Accuracy: 0.7917523368695858
Current Validation Accuracy: 0.7855300274478321
Current Validation Loss: 0.00029556400880781657
Epoch 21
Best Validation Accuracy: 0.7917523368695858
Current Validation Accuracy: 0.7949896194741468
Current Validation Loss: 0.0002823644442153644
Saving best model based on accuracy
Epoch 22
Best Validation Accuracy: 0.7949896194741468
Current Validation Accuracy: 0.7956472863483572
Current Validation Loss: 0.0002814635556529455
Saving best model based on accuracy
Epoch 23
Best Validation Accuracy: 0.7956472863483572
Current Validation Accuracy: 0.7962173644075092
Current Validation Loss: 0.0002806674312694211
Saving best model based on accuracy
Epoch 24
Best Validation Accuracy: 0.7962173644075092
Current Validation Accuracy: 0.7980462188659301
Current Validation Loss: 0.0002779562107041432
Saving best model based on accuracy
Epoch 25
Best Validation Accuracy: 0.7980462188659301
Current Validation Accuracy: 0.7977128808611933
Current Validation Loss: 0.0002781017280268511
Epoch 26
Best Validation Accuracy: 0.7980462188659301
Current Validation Accuracy: 0.7990707577483568
Current Validation Loss: 0.00027658686623596967
Saving best model based on accuracy
Epoch 27
Best Validation Accuracy: 0.7990707577483568
Current Validation Accuracy: 0.7998835819520994
Current Validation Loss: 0.0002752648684769767
Saving best model based on accuracy
Epoch 28
Best Validation Accuracy: 0.7998835819520994
Current Validation Accuracy: 0.8003720772863684
Current Validation Loss: 0.00027456868377853585
Saving best model based on accuracy
Epoch 29
Best Validation Accuracy: 0.8003720772863684
Current Validation Accuracy: 0.8005197270031812
Current Validation Loss: 0.00027432480327304427
Saving best model based on accuracy
Saving last model
