Running "module reset". Resetting modules to system default. The following $MODULEPATH directories have been removed: None
A conda environment has been detected CONDA_PREFIX=
/u/avroy/.conda/envs/toptagger_env 
anaconda3_gpu is loaded. Consider running conda deactivate and reloading it.

Currently Loaded Modules:
  1) cue-login-env/1.0   4) gcc/11.2.0    7) openmpi/4.1.2
  2) default             5) cuda/11.6.1   8) cudnn/8.4.1.50
  3) modtree/gpu         6) ucx/1.11.2    9) anaconda3_gpu/4.13.0

 

/u/avroy/UQ_XAI_Studies/models/PFIN_UQ/model/jobsub
total 192K
-rw-rw----+ 1 avroy delta_bbhj  925 Mar 31 16:58 jobsubmitter_dummy.py
-rw-rw----+ 1 avroy delta_bbhj  15K May 18 13:59 jobsubmitter.py
-rw-rw----+ 1 avroy delta_bbhj 1.1K May 18 14:02 UQPFIN-run-JNqgmerged_0.1_baseline.slurm
-rw-rw----+ 1 avroy delta_bbhj 1.1K May 18 14:02 UQPFIN-run-JNqgmerged_0.1_skiptop.slurm
-rw-rw----+ 1 avroy delta_bbhj 1.1K May 18 14:02 UQPFIN-run-JNqgmerged_0.1_skipwz.slurm
-rw-rw----+ 1 avroy delta_bbhj 1.1K May 18 14:02 UQPFIN-run-JNqgmerged_0_baseline.slurm
-rw-rw----+ 1 avroy delta_bbhj 1.1K May 18 14:02 UQPFIN-run-JNqgmerged_0_skiptop.slurm
-rw-rw----+ 1 avroy delta_bbhj 1.1K May 18 14:02 UQPFIN-run-JNqgmerged_0_skipwz.slurm
-rw-rw----+ 1 avroy delta_bbhj 1.1K May 18 14:02 UQPFIN-run-JNqgmerged_nominal_baseline.slurm
-rw-rw----+ 1 avroy delta_bbhj 1.1K May 18 14:02 UQPFIN-run-JNqgmerged_nominal_skiptop.slurm
-rw-rw----+ 1 avroy delta_bbhj 1.1K May 18 14:02 UQPFIN-run-JNqgmerged_nominal_skipwz.slurm
-rw-rw----+ 1 avroy delta_bbhj 1.1K May 18 14:02 UQPFIN-run-JNqgmerged_softmax_baseline_0.slurm
-rw-rw----+ 1 avroy delta_bbhj 1.1K May 18 14:02 UQPFIN-run-JNqgmerged_softmax_baseline_1.slurm
-rw-rw----+ 1 avroy delta_bbhj 1.1K May 18 14:02 UQPFIN-run-JNqgmerged_softmax_baseline_2.slurm
-rw-rw----+ 1 avroy delta_bbhj 1.1K May 18 14:02 UQPFIN-run-JNqgmerged_softmax_baseline_3.slurm
-rw-rw----+ 1 avroy delta_bbhj 1.1K May 18 14:02 UQPFIN-run-JNqgmerged_softmax_baseline_4.slurm
-rw-rw----+ 1 avroy delta_bbhj 1.1K May 18 14:02 UQPFIN-run-JNqgmerged_softmax_baseline_5.slurm
-rw-rw----+ 1 avroy delta_bbhj 1.1K May 18 14:02 UQPFIN-run-JNqgmerged_softmax_baseline_6.slurm
-rw-rw----+ 1 avroy delta_bbhj 1.1K May 18 14:02 UQPFIN-run-JNqgmerged_softmax_baseline_7.slurm
-rw-rw----+ 1 avroy delta_bbhj 1.1K May 18 14:02 UQPFIN-run-JNqgmerged_softmax_baseline_8.slurm
-rw-rw----+ 1 avroy delta_bbhj 1.1K May 18 14:02 UQPFIN-run-JNqgmerged_softmax_baseline_9.slurm
-rw-rw----+ 1 avroy delta_bbhj 1.2K May 18 14:02 UQPFIN-run-JNqgmerged_softmax_dropout_baseline.slurm
-rw-rw----+ 1 avroy delta_bbhj 1.2K May 18 14:02 UQPFIN-run-JNqgmerged_softmax_dropout_skiptop.slurm
-rw-rw----+ 1 avroy delta_bbhj 1.2K May 18 14:02 UQPFIN-run-JNqgmerged_softmax_dropout_skipwz.slurm
-rw-rw----+ 1 avroy delta_bbhj 1.1K May 18 14:02 UQPFIN-run-JNqgmerged_softmax_skiptop_0.slurm
-rw-rw----+ 1 avroy delta_bbhj 1.1K May 18 14:02 UQPFIN-run-JNqgmerged_softmax_skiptop_1.slurm
-rw-rw----+ 1 avroy delta_bbhj 1.1K May 18 14:02 UQPFIN-run-JNqgmerged_softmax_skiptop_2.slurm
-rw-rw----+ 1 avroy delta_bbhj 1.1K May 18 14:02 UQPFIN-run-JNqgmerged_softmax_skiptop_3.slurm
-rw-rw----+ 1 avroy delta_bbhj 1.1K May 18 14:02 UQPFIN-run-JNqgmerged_softmax_skiptop_4.slurm
-rw-rw----+ 1 avroy delta_bbhj 1.1K May 18 14:02 UQPFIN-run-JNqgmerged_softmax_skiptop_5.slurm
-rw-rw----+ 1 avroy delta_bbhj 1.1K May 18 14:02 UQPFIN-run-JNqgmerged_softmax_skiptop_6.slurm
-rw-rw----+ 1 avroy delta_bbhj 1.1K May 18 14:02 UQPFIN-run-JNqgmerged_softmax_skiptop_7.slurm
-rw-rw----+ 1 avroy delta_bbhj 1.1K May 18 14:02 UQPFIN-run-JNqgmerged_softmax_skiptop_8.slurm
-rw-rw----+ 1 avroy delta_bbhj 1.1K May 18 14:02 UQPFIN-run-JNqgmerged_softmax_skiptop_9.slurm
-rw-rw----+ 1 avroy delta_bbhj 1.1K May 18 14:02 UQPFIN-run-JNqgmerged_softmax_skipwz_0.slurm
-rw-rw----+ 1 avroy delta_bbhj 1.1K May 18 14:02 UQPFIN-run-JNqgmerged_softmax_skipwz_1.slurm
-rw-rw----+ 1 avroy delta_bbhj 1.1K May 18 14:02 UQPFIN-run-JNqgmerged_softmax_skipwz_2.slurm
-rw-rw----+ 1 avroy delta_bbhj 1.1K May 18 14:02 UQPFIN-run-JNqgmerged_softmax_skipwz_3.slurm
-rw-rw----+ 1 avroy delta_bbhj 1.1K May 18 14:02 UQPFIN-run-JNqgmerged_softmax_skipwz_4.slurm
-rw-rw----+ 1 avroy delta_bbhj 1.1K May 18 14:02 UQPFIN-run-JNqgmerged_softmax_skipwz_5.slurm
-rw-rw----+ 1 avroy delta_bbhj 1.1K May 18 14:02 UQPFIN-run-JNqgmerged_softmax_skipwz_6.slurm
-rw-rw----+ 1 avroy delta_bbhj 1.1K May 18 14:02 UQPFIN-run-JNqgmerged_softmax_skipwz_7.slurm
-rw-rw----+ 1 avroy delta_bbhj 1.1K May 18 14:02 UQPFIN-run-JNqgmerged_softmax_skipwz_8.slurm
-rw-rw----+ 1 avroy delta_bbhj 1.1K May 18 14:02 UQPFIN-run-JNqgmerged_softmax_skipwz_9.slurm
-rw-------+ 1 avroy delta_bbhj  969 May 15 09:44 UQPFIN-run.slurm
/projects/bbhj/avroy/UQ_XAI_Studies/models/PFIN_UQ/model
total 176K
drwxr-s---+ 2 avroy delta_bbhj  12K May 18 15:03 jobouts
drwxr-s---+ 2 avroy delta_bbhj 4.0K May 18 14:02 jobsub
-rw-rw----+ 1 avroy delta_bbhj 8.4K May 15 14:46 PFINDataset.py
drwxrws---+ 2 avroy delta_bbhj 4.0K May 18 09:47 __pycache__
drwxrws---+ 2 avroy delta_bbhj  12K May 18 15:01 trained_model_dicts
drwxr-s---+ 2 avroy delta_bbhj 4.0K Mar 31 15:09 trained_model_dicts_old
drwxrws---+ 2 avroy delta_bbhj  20K May 18 15:03 trained_models
drwxr-s---+ 2 avroy delta_bbhj 4.0K Mar 31 15:10 trained_models_old
-rw-rw----+ 1 avroy delta_bbhj  23K May 18 11:00 train_mod.py
-rw-rw----+ 1 avroy delta_bbhj  23K May 18 10:56 train_mod.py~
-rw-rw----+ 1 avroy delta_bbhj  20K May 18 13:50 train.py
-rw-rw----+ 1 avroy delta_bbhj  20K May 18 13:41 train.py~
-rw-rw----+ 1 avroy delta_bbhj  13K May  5 09:36 UQPFIN.py
job is starting on gpua061.delta.ncsa.illinois.edu
# conda environments:
#
base                     /sw/external/python/anaconda3
toptagger_env         *  /u/avroy/.conda/envs/toptagger_env

/sw/external/python/anaconda3_gpu/bin/python
==========================================================================================
Layer (type:depth-idx)                   Output Shape              Param #
==========================================================================================
UQPFIN                                   [1, 3]                    --
├─Sequential: 1-1                        [30, 64]                  --
│    └─Sequential: 2-1                   [30, 100]                 --
│    │    └─Linear: 3-1                  [30, 100]                 400
│    │    └─ReLU: 3-2                    [30, 100]                 --
│    └─Sequential: 2-2                   [30, 100]                 --
│    │    └─Linear: 3-3                  [30, 100]                 10,100
│    │    └─ReLU: 3-4                    [30, 100]                 --
│    └─Sequential: 2-3                   [30, 64]                  --
│    │    └─Linear: 3-5                  [30, 64]                  6,464
│    │    └─ReLU: 3-6                    [30, 64]                  --
├─Sequential: 1-2                        [435, 64]                 --
│    └─Sequential: 2-4                   [435, 128]                --
│    │    └─Linear: 3-7                  [435, 128]                640
│    │    └─ReLU: 3-8                    [435, 128]                --
│    └─Sequential: 2-5                   [435, 128]                --
│    │    └─Linear: 3-9                  [435, 128]                16,512
│    │    └─ReLU: 3-10                   [435, 128]                --
│    └─Sequential: 2-6                   [435, 64]                 --
│    │    └─Linear: 3-11                 [435, 64]                 8,256
│    │    └─ReLU: 3-12                   [435, 64]                 --
├─Sequential: 1-3                        [30, 64]                  --
│    └─Sequential: 2-7                   [30, 128]                 --
│    │    └─Linear: 3-13                 [30, 128]                 8,704
│    │    └─ReLU: 3-14                   [30, 128]                 --
│    └─Sequential: 2-8                   [30, 128]                 --
│    │    └─Linear: 3-15                 [30, 128]                 16,512
│    │    └─ReLU: 3-16                   [30, 128]                 --
│    └─Sequential: 2-9                   [30, 64]                  --
│    │    └─Linear: 3-17                 [30, 64]                  8,256
│    │    └─ReLU: 3-18                   [30, 64]                  --
├─Sequential: 1-4                        [1, 3]                    --
│    └─Sequential: 2-10                  [1, 64]                   --
│    │    └─Linear: 3-19                 [1, 64]                   4,160
│    │    └─ReLU: 3-20                   [1, 64]                   --
│    └─Sequential: 2-11                  [1, 100]                  --
│    │    └─Linear: 3-21                 [1, 100]                  6,500
│    │    └─ReLU: 3-22                   [1, 100]                  --
│    └─Sequential: 2-12                  [1, 100]                  --
│    │    └─Linear: 3-23                 [1, 100]                  10,100
│    │    └─ReLU: 3-24                   [1, 100]                  --
│    └─Linear: 2-13                      [1, 3]                    303
│    └─Softmax: 2-14                     [1, 3]                    --
==========================================================================================
Total params: 96,907
Trainable params: 96,907
Non-trainable params: 0
Total mult-adds (M): 12.59
==========================================================================================
Input size (MB): 0.00
Forward/backward pass size (MB): 1.26
Params size (MB): 0.39
Estimated Total Size (MB): 1.64
==========================================================================================
data type:  JNqgmerged
m_logic, pt_logic, eta_logic:  AND AND AND
m1, m2, pt1, pt2, eta1, eta2:  0.0 10000.0 0.0 10000.0 -6.0 6.0
skip labels:  [1]
classes:  3
Epoch 0
Best Validation Accuracy: 0
Current Validation Accuracy: 0.8052351584200367
Current Validation Loss: 0.0028476487644019197
Saving best model based on accuracy
Epoch 1
Best Validation Accuracy: 0.8052351584200367
Current Validation Accuracy: 0.808662492349701
Current Validation Loss: 0.0027066908610147147
Saving best model based on accuracy
Epoch 2
Best Validation Accuracy: 0.808662492349701
Current Validation Accuracy: 0.8399887010969351
Current Validation Loss: 0.0024299602716534013
Saving best model based on accuracy
Epoch 3
Best Validation Accuracy: 0.8399887010969351
Current Validation Accuracy: 0.8336989783908478
Current Validation Loss: 0.002458571140097503
Epoch 4
Best Validation Accuracy: 0.8399887010969351
Current Validation Accuracy: 0.8524363259733534
Current Validation Loss: 0.002245235268294399
Saving best model based on accuracy
Epoch 5
Best Validation Accuracy: 0.8524363259733534
Current Validation Accuracy: 0.8603549738712867
Current Validation Loss: 0.0021138088929103733
Saving best model based on accuracy
Epoch 6
Best Validation Accuracy: 0.8603549738712867
Current Validation Accuracy: 0.8611364813332706
Current Validation Loss: 0.0020972403256627474
Saving best model based on accuracy
Epoch 7
Best Validation Accuracy: 0.8611364813332706
Current Validation Accuracy: 0.8533779012287557
Current Validation Loss: 0.0021901570419420894
Epoch 8
Best Validation Accuracy: 0.8611364813332706
Current Validation Accuracy: 0.8569276399416224
Current Validation Loss: 0.0021432305436300237
Epoch 9
Best Validation Accuracy: 0.8611364813332706
Current Validation Accuracy: 0.865015771385528
Current Validation Loss: 0.002032543469421563
Saving best model based on accuracy
Epoch 10
Best Validation Accuracy: 0.865015771385528
Current Validation Accuracy: 0.8668989218963326
Current Validation Loss: 0.0019986784192702117
Saving best model based on accuracy
Epoch 11
Best Validation Accuracy: 0.8668989218963326
Current Validation Accuracy: 0.8669083376488866
Current Validation Loss: 0.002004143306244947
Saving best model based on accuracy
Epoch 12
Best Validation Accuracy: 0.8669083376488866
Current Validation Accuracy: 0.8689421402005555
Current Validation Loss: 0.001972019482560259
Saving best model based on accuracy
Epoch 13
Best Validation Accuracy: 0.8689421402005555
Current Validation Accuracy: 0.8619933148156866
Current Validation Loss: 0.002040266185166904
Epoch 14
Best Validation Accuracy: 0.8689421402005555
Current Validation Accuracy: 0.8591215102867097
Current Validation Loss: 0.0021102193836819894
Epoch 15
Best Validation Accuracy: 0.8689421402005555
Current Validation Accuracy: 0.8643190056965303
Current Validation Loss: 0.002008343363351491
Epoch 16
Best Validation Accuracy: 0.8689421402005555
Current Validation Accuracy: 0.8684054423049762
Current Validation Loss: 0.0019552068678112973
Epoch 17
Best Validation Accuracy: 0.8689421402005555
Current Validation Accuracy: 0.8610705710653924
Current Validation Loss: 0.0020734396440925235
Epoch 18
Best Validation Accuracy: 0.8689421402005555
Current Validation Accuracy: 0.8721434960689233
Current Validation Loss: 0.0019174311935640674
Saving best model based on accuracy
Epoch 19
Best Validation Accuracy: 0.8721434960689233
Current Validation Accuracy: 0.8592156678122499
Current Validation Loss: 0.002066428369875485
Epoch 20
Best Validation Accuracy: 0.8721434960689233
Current Validation Accuracy: 0.8653170754672567
Current Validation Loss: 0.0020124067892760443
Epoch 21
Best Validation Accuracy: 0.8721434960689233
Current Validation Accuracy: 0.8722282378419095
Current Validation Loss: 0.001902113549369556
Saving best model based on accuracy
Epoch 22
Best Validation Accuracy: 0.8722282378419095
Current Validation Accuracy: 0.8714655618850337
Current Validation Loss: 0.0019357296573167847
Epoch 23
Best Validation Accuracy: 0.8722282378419095
Current Validation Accuracy: 0.8729061720257991
Current Validation Loss: 0.0018932592027812885
Saving best model based on accuracy
Epoch 24
Best Validation Accuracy: 0.8729061720257991
Current Validation Accuracy: 0.8717009556988843
Current Validation Loss: 0.0019218006804020726
Epoch 25
Best Validation Accuracy: 0.8729061720257991
Current Validation Accuracy: 0.8733110493856221
Current Validation Loss: 0.0018904339901825492
Saving best model based on accuracy
Epoch 26
Best Validation Accuracy: 0.8733110493856221
Current Validation Accuracy: 0.8656654583117556
Current Validation Loss: 0.001988248361559508
Epoch 27
Best Validation Accuracy: 0.8733110493856221
Current Validation Accuracy: 0.8607504354785557
Current Validation Loss: 0.002056130023809887
Epoch 28
Best Validation Accuracy: 0.8733110493856221
Current Validation Accuracy: 0.8751000423708865
Current Validation Loss: 0.0018687856741181864
Saving best model based on accuracy
Epoch 29
Best Validation Accuracy: 0.8751000423708865
Current Validation Accuracy: 0.8711171790405348
Current Validation Loss: 0.0019272379942305326
Epoch 30
Best Validation Accuracy: 0.8751000423708865
Current Validation Accuracy: 0.858001035732781
Current Validation Loss: 0.0020985947962473086
Epoch 31
Best Validation Accuracy: 0.8751000423708865
Current Validation Accuracy: 0.8742149616308084
Current Validation Loss: 0.001876970168577907
Epoch 32
Best Validation Accuracy: 0.8751000423708865
Current Validation Accuracy: 0.8742243773833623
Current Validation Loss: 0.0018888257468107602
Epoch 33
Best Validation Accuracy: 0.8751000423708865
Current Validation Accuracy: 0.87077821194859
Current Validation Loss: 0.0019160327520317056
Epoch 34
Best Validation Accuracy: 0.8751000423708865
Current Validation Accuracy: 0.8701661880325785
Current Validation Loss: 0.0019351770156835477
Epoch 35
Best Validation Accuracy: 0.8751000423708865
Current Validation Accuracy: 0.8747422437738336
Current Validation Loss: 0.0018680706432908332
Epoch 36
Best Validation Accuracy: 0.8751000423708865
Current Validation Accuracy: 0.8731509815922037
Current Validation Loss: 0.0018913193681999866
Epoch 37
Best Validation Accuracy: 0.8751000423708865
Current Validation Accuracy: 0.8719175180076267
Current Validation Loss: 0.0019033564658809485
Epoch 38
Best Validation Accuracy: 0.8751000423708865
Current Validation Accuracy: 0.8683771950473141
Current Validation Loss: 0.001940670768300174
Epoch 39
Best Validation Accuracy: 0.8751000423708865
Current Validation Accuracy: 0.8751471211336566
Current Validation Loss: 0.0018545513504457634
Saving best model based on accuracy
Epoch 40
Best Validation Accuracy: 0.8751471211336566
Current Validation Accuracy: 0.8749023115672521
Current Validation Loss: 0.0018625387469005195
Epoch 41
Best Validation Accuracy: 0.8751471211336566
Current Validation Accuracy: 0.8724071371404359
Current Validation Loss: 0.0019009860495457817
Epoch 42
Best Validation Accuracy: 0.8751471211336566
Current Validation Accuracy: 0.8690551292312038
Current Validation Loss: 0.001934865782121824
Epoch 43
Best Validation Accuracy: 0.8751471211336566
Current Validation Accuracy: 0.8714373146273716
Current Validation Loss: 0.0019200397161579666
Epoch 44
Best Validation Accuracy: 0.8751471211336566
Current Validation Accuracy: 0.8756273245139118
Current Validation Loss: 0.0018551717655991302
Saving best model based on accuracy
Epoch 45
Best Validation Accuracy: 0.8756273245139118
Current Validation Accuracy: 0.8721340803163693
Current Validation Loss: 0.0019024988713279506
Epoch 46
Best Validation Accuracy: 0.8756273245139118
Current Validation Accuracy: 0.874892895814698
Current Validation Loss: 0.001872507908980583
Epoch 47
Best Validation Accuracy: 0.8756273245139118
Current Validation Accuracy: 0.8740454780848359
Current Validation Loss: 0.0018792307887293515
Epoch 48
Best Validation Accuracy: 0.8756273245139118
Current Validation Accuracy: 0.8737347582505531
Current Validation Loss: 0.0018852874010185374
Epoch 49
Best Validation Accuracy: 0.8756273245139118
Current Validation Accuracy: 0.8732074761075279
Current Validation Loss: 0.0018930393300831618
Epoch 50
Best Validation Accuracy: 0.8756273245139118
Current Validation Accuracy: 0.8706369756602796
Current Validation Loss: 0.0019218907498924989
Epoch 51
Best Validation Accuracy: 0.8756273245139118
Current Validation Accuracy: 0.8702603455581187
Current Validation Loss: 0.0019203029003673554
Epoch 52
Best Validation Accuracy: 0.8756273245139118
Current Validation Accuracy: 0.8744126924344429
Current Validation Loss: 0.0018604274938955217
Epoch 53
Best Validation Accuracy: 0.8756273245139118
Current Validation Accuracy: 0.8754860882256015
Current Validation Loss: 0.001861730964920917
Epoch 54
Best Validation Accuracy: 0.8756273245139118
Current Validation Accuracy: 0.8735087801892566
Current Validation Loss: 0.0018872815533875465
Epoch 55
Best Validation Accuracy: 0.8756273245139118
Current Validation Accuracy: 0.8708629537215762
Current Validation Loss: 0.001927563083956995
Epoch 56
Best Validation Accuracy: 0.8756273245139118
Current Validation Accuracy: 0.8701661880325785
Current Validation Loss: 0.001922384038729596
Epoch 57
Best Validation Accuracy: 0.8756273245139118
Current Validation Accuracy: 0.8741490513629302
Current Validation Loss: 0.0018711068625335869
Epoch 58
Best Validation Accuracy: 0.8756273245139118
Current Validation Accuracy: 0.8760039546160727
Current Validation Loss: 0.0018592747052417042
Saving best model based on accuracy
Epoch 59
Best Validation Accuracy: 0.8760039546160727
Current Validation Accuracy: 0.86504401864319
Current Validation Loss: 0.00199173508820283
Epoch 60
Best Validation Accuracy: 0.8760039546160727
Current Validation Accuracy: 0.8751188738759945
Current Validation Loss: 0.001866184061857992
Epoch 61
Best Validation Accuracy: 0.8760039546160727
Current Validation Accuracy: 0.8750812108657785
Current Validation Loss: 0.0018751396156795213
Epoch 62
Best Validation Accuracy: 0.8760039546160727
Current Validation Accuracy: 0.8679817334400451
Current Validation Loss: 0.001958150511985388
Epoch 63
Best Validation Accuracy: 0.8760039546160727
Current Validation Accuracy: 0.8772468339532037
Current Validation Loss: 0.001846455296247301
Saving best model based on accuracy
Epoch 64
Best Validation Accuracy: 0.8772468339532037
Current Validation Accuracy: 0.8755614142460336
Current Validation Loss: 0.0018536606824845335
Epoch 65
Best Validation Accuracy: 0.8772468339532037
Current Validation Accuracy: 0.8749305588249141
Current Validation Loss: 0.001862037891239597
Epoch 66
Best Validation Accuracy: 0.8772468339532037
Current Validation Accuracy: 0.8694694223435808
Current Validation Loss: 0.0019333290055356992
Epoch 67
Best Validation Accuracy: 0.8772468339532037
Current Validation Accuracy: 0.8744315239395508
Current Validation Loss: 0.0018680946422910674
Epoch 68
Best Validation Accuracy: 0.8772468339532037
Current Validation Accuracy: 0.874516265712537
Current Validation Loss: 0.00186707608896002
Epoch 69
Best Validation Accuracy: 0.8772468339532037
Current Validation Accuracy: 0.8760604491313968
Current Validation Loss: 0.0018424450646831426
Epoch 70
Best Validation Accuracy: 0.8772468339532037
Current Validation Accuracy: 0.8760322018737348
Current Validation Loss: 0.0018467374635300592
Epoch 71
Best Validation Accuracy: 0.8772468339532037
Current Validation Accuracy: 0.8738383315286474
Current Validation Loss: 0.0018764463980584813
Epoch 72
Best Validation Accuracy: 0.8772468339532037
Current Validation Accuracy: 0.8639047125841532
Current Validation Loss: 0.0020624526250183368
Epoch 73
Best Validation Accuracy: 0.8772468339532037
Current Validation Accuracy: 0.8720775858010451
Current Validation Loss: 0.0019122737429190376
Epoch 74
Best Validation Accuracy: 0.8772468339532037
Current Validation Accuracy: 0.8754860882256015
Current Validation Loss: 0.0018593385371553051
Epoch 75
Best Validation Accuracy: 0.8772468339532037
Current Validation Accuracy: 0.8768231250882726
Current Validation Loss: 0.0018362563854949544
Epoch 76
Best Validation Accuracy: 0.8772468339532037
Current Validation Accuracy: 0.8738100842709854
Current Validation Loss: 0.0018857084499858574
Epoch 77
Best Validation Accuracy: 0.8772468339532037
Current Validation Accuracy: 0.8757308977920061
Current Validation Loss: 0.0018467387020080015
Epoch 78
Best Validation Accuracy: 0.8772468339532037
Current Validation Accuracy: 0.8768137093357187
Current Validation Loss: 0.0018455042323174491
Epoch 79
Best Validation Accuracy: 0.8772468339532037
Current Validation Accuracy: 0.8738948260439716
Current Validation Loss: 0.0018789530956533566
Epoch 80
Best Validation Accuracy: 0.8772468339532037
Current Validation Accuracy: 0.8759380443481946
Current Validation Loss: 0.0018399508787039943
Epoch 81
Best Validation Accuracy: 0.8772468339532037
Current Validation Accuracy: 0.8726990254696106
Current Validation Loss: 0.0018943608096189057
Epoch 82
Best Validation Accuracy: 0.8772468339532037
Current Validation Accuracy: 0.874488018454875
Current Validation Loss: 0.0018766584202347656
Epoch 83
Best Validation Accuracy: 0.8772468339532037
Current Validation Accuracy: 0.8706934701756038
Current Validation Loss: 0.0019463421729800671
Epoch 84
Best Validation Accuracy: 0.8772468339532037
Current Validation Accuracy: 0.8765877312744221
Current Validation Loss: 0.0018401008828380766
Epoch 85
Best Validation Accuracy: 0.8772468339532037
Current Validation Accuracy: 0.8765124052539899
Current Validation Loss: 0.001856363846568658
Epoch 86
Best Validation Accuracy: 0.8772468339532037
Current Validation Accuracy: 0.8752695259168589
Current Validation Loss: 0.001852962469112895
Epoch 87
Best Validation Accuracy: 0.8772468339532037
Current Validation Accuracy: 0.8749682218351301
Current Validation Loss: 0.0018682134013397985
Epoch 88
Best Validation Accuracy: 0.8772468339532037
Current Validation Accuracy: 0.8695824113742291
Current Validation Loss: 0.001934972139414149
Epoch 89
Best Validation Accuracy: 0.8772468339532037
Current Validation Accuracy: 0.8760886963890588
Current Validation Loss: 0.0018501733212387722
Epoch 90
Best Validation Accuracy: 0.8772468339532037
Current Validation Accuracy: 0.8756084930088037
Current Validation Loss: 0.001858142915993703
Epoch 91
Best Validation Accuracy: 0.8772468339532037
Current Validation Accuracy: 0.8763429217080175
Current Validation Loss: 0.0018568899493888466
Epoch 92
Best Validation Accuracy: 0.8772468339532037
Current Validation Accuracy: 0.8768325408408267
Current Validation Loss: 0.0018467953076195815
Epoch 93
Best Validation Accuracy: 0.8772468339532037
Current Validation Accuracy: 0.8762770114401394
Current Validation Loss: 0.0018515238970788902
Epoch 94
Best Validation Accuracy: 0.8772468339532037
Current Validation Accuracy: 0.874083141095052
Current Validation Loss: 0.0018869103268150174
Epoch 95
Best Validation Accuracy: 0.8772468339532037
Current Validation Accuracy: 0.8767854620780566
Current Validation Loss: 0.0018496594185557756
Epoch 96
Best Validation Accuracy: 0.8772468339532037
Current Validation Accuracy: 0.8752412786591969
Current Validation Loss: 0.0018784810528794025
Epoch 97
Best Validation Accuracy: 0.8772468339532037
Current Validation Accuracy: 0.8735370274469187
Current Validation Loss: 0.0019067513809989363
Epoch 98
Best Validation Accuracy: 0.8772468339532037
Current Validation Accuracy: 0.8760604491313968
Current Validation Loss: 0.0018683883577106778
Epoch 99
[[9.9979335e-01 5.0490995e-05 1.5608547e-04]
 [7.4066898e-05 2.3029496e-07 9.9992573e-01]
 [9.3985426e-01 2.6480231e-02 3.3665504e-02]
 [3.2409371e-04 9.9875093e-01 9.2499505e-04]
 [2.7733142e-02 9.3222135e-01 4.0045522e-02]
 [9.9691570e-01 3.0521187e-04 2.7790985e-03]
 [5.6354929e-02 5.9749180e-01 3.4615323e-01]
 [9.8740596e-01 1.2161707e-02 4.3230571e-04]
 [6.1613739e-01 1.8378203e-01 2.0008062e-01]
 [5.0949692e-03 1.3370842e-03 9.9356800e-01]
 [5.0377011e-01 2.5169939e-01 2.4453051e-01]
 [4.2581810e-03 9.8822623e-01 7.5155194e-03]
 [3.9465973e-01 5.3564620e-01 6.9694072e-02]
 [9.9563980e-01 3.6426524e-03 7.1748334e-04]
 [9.9997163e-01 4.7414392e-07 2.7941112e-05]
 [4.6607797e-06 9.9948442e-01 5.1087164e-04]
 [4.8101807e-01 3.2239681e-01 1.9658512e-01]
 [4.5298501e-03 7.6683216e-05 9.9539351e-01]
 [8.9076966e-02 2.3812749e-03 9.0854180e-01]
 [3.0742513e-03 7.9038204e-04 9.9613535e-01]]
[[9.9979335e-01 5.0490995e-05 1.5608547e-04]
 [7.4066898e-05 2.3029496e-07 9.9992573e-01]
 [9.3985426e-01 2.6480231e-02 3.3665504e-02]
 [3.2409371e-04 9.9875093e-01 9.2499505e-04]
 [2.7733142e-02 9.3222135e-01 4.0045522e-02]
 [9.9691570e-01 3.0521187e-04 2.7790985e-03]
 [5.6354929e-02 5.9749180e-01 3.4615323e-01]
 [9.8740596e-01 1.2161707e-02 4.3230571e-04]
 [6.1613739e-01 1.8378203e-01 2.0008062e-01]
 [5.0949692e-03 1.3370842e-03 9.9356800e-01]
 [5.0377011e-01 2.5169939e-01 2.4453051e-01]
 [4.2581810e-03 9.8822623e-01 7.5155194e-03]
 [3.9465973e-01 5.3564620e-01 6.9694072e-02]
 [9.9563980e-01 3.6426524e-03 7.1748334e-04]
 [9.9997163e-01 4.7414392e-07 2.7941112e-05]
 [4.6607797e-06 9.9948442e-01 5.1087164e-04]
 [4.8101807e-01 3.2239681e-01 1.9658512e-01]
 [4.5298501e-03 7.6683216e-05 9.9539351e-01]
 [8.9076966e-02 2.3812749e-03 9.0854180e-01]
 [3.0742513e-03 7.9038204e-04 9.9613535e-01]]
[[1. 0. 0.]
 [0. 0. 1.]
 [1. 0. 0.]
 [0. 1. 0.]
 [0. 1. 0.]
 [1. 0. 0.]
 [0. 1. 0.]
 [1. 0. 0.]
 [0. 1. 0.]
 [0. 0. 1.]
 [1. 0. 0.]
 [0. 1. 0.]
 [0. 1. 0.]
 [1. 0. 0.]
 [1. 0. 0.]
 [0. 1. 0.]
 [1. 0. 0.]
 [0. 0. 1.]
 [0. 0. 1.]
 [0. 0. 1.]]
Best Validation Accuracy: 0.8772468339532037
Current Validation Accuracy: 0.875721482039452
Current Validation Loss: 0.0018599276543280919
Saving last model
