Running "module reset". Resetting modules to system default. The following $MODULEPATH directories have been removed: None
A conda environment has been detected CONDA_PREFIX=
/u/avroy/.conda/envs/toptagger_env 
anaconda3_gpu is loaded. Consider running conda deactivate and reloading it.

Currently Loaded Modules:
  1) cue-login-env/1.0   4) gcc/11.2.0    7) openmpi/4.1.2
  2) default             5) cuda/11.6.1   8) cudnn/8.4.1.50
  3) modtree/gpu         6) ucx/1.11.2    9) anaconda3_gpu/4.13.0

 

/u/avroy/UQ_XAI_Studies/models/PFIN_UQ/model/jobsub
total 192K
-rw-rw----+ 1 avroy delta_bbhj  925 Mar 31 16:58 jobsubmitter_dummy.py
-rw-rw----+ 1 avroy delta_bbhj  15K May 18 13:59 jobsubmitter.py
-rw-rw----+ 1 avroy delta_bbhj 1.1K May 18 14:02 UQPFIN-run-JNqgmerged_0.1_baseline.slurm
-rw-rw----+ 1 avroy delta_bbhj 1.1K May 18 14:02 UQPFIN-run-JNqgmerged_0.1_skiptop.slurm
-rw-rw----+ 1 avroy delta_bbhj 1.1K May 18 14:02 UQPFIN-run-JNqgmerged_0.1_skipwz.slurm
-rw-rw----+ 1 avroy delta_bbhj 1.1K May 18 14:02 UQPFIN-run-JNqgmerged_0_baseline.slurm
-rw-rw----+ 1 avroy delta_bbhj 1.1K May 18 14:02 UQPFIN-run-JNqgmerged_0_skiptop.slurm
-rw-rw----+ 1 avroy delta_bbhj 1.1K May 18 14:02 UQPFIN-run-JNqgmerged_0_skipwz.slurm
-rw-rw----+ 1 avroy delta_bbhj 1.1K May 18 14:02 UQPFIN-run-JNqgmerged_nominal_baseline.slurm
-rw-rw----+ 1 avroy delta_bbhj 1.1K May 18 14:02 UQPFIN-run-JNqgmerged_nominal_skiptop.slurm
-rw-rw----+ 1 avroy delta_bbhj 1.1K May 18 14:02 UQPFIN-run-JNqgmerged_nominal_skipwz.slurm
-rw-rw----+ 1 avroy delta_bbhj 1.1K May 18 14:02 UQPFIN-run-JNqgmerged_softmax_baseline_0.slurm
-rw-rw----+ 1 avroy delta_bbhj 1.1K May 18 14:02 UQPFIN-run-JNqgmerged_softmax_baseline_1.slurm
-rw-rw----+ 1 avroy delta_bbhj 1.1K May 18 14:02 UQPFIN-run-JNqgmerged_softmax_baseline_2.slurm
-rw-rw----+ 1 avroy delta_bbhj 1.1K May 18 14:02 UQPFIN-run-JNqgmerged_softmax_baseline_3.slurm
-rw-rw----+ 1 avroy delta_bbhj 1.1K May 18 14:02 UQPFIN-run-JNqgmerged_softmax_baseline_4.slurm
-rw-rw----+ 1 avroy delta_bbhj 1.1K May 18 14:02 UQPFIN-run-JNqgmerged_softmax_baseline_5.slurm
-rw-rw----+ 1 avroy delta_bbhj 1.1K May 18 14:02 UQPFIN-run-JNqgmerged_softmax_baseline_6.slurm
-rw-rw----+ 1 avroy delta_bbhj 1.1K May 18 14:02 UQPFIN-run-JNqgmerged_softmax_baseline_7.slurm
-rw-rw----+ 1 avroy delta_bbhj 1.1K May 18 14:02 UQPFIN-run-JNqgmerged_softmax_baseline_8.slurm
-rw-rw----+ 1 avroy delta_bbhj 1.1K May 18 14:02 UQPFIN-run-JNqgmerged_softmax_baseline_9.slurm
-rw-rw----+ 1 avroy delta_bbhj 1.2K May 18 14:02 UQPFIN-run-JNqgmerged_softmax_dropout_baseline.slurm
-rw-rw----+ 1 avroy delta_bbhj 1.2K May 18 14:02 UQPFIN-run-JNqgmerged_softmax_dropout_skiptop.slurm
-rw-rw----+ 1 avroy delta_bbhj 1.2K May 18 14:02 UQPFIN-run-JNqgmerged_softmax_dropout_skipwz.slurm
-rw-rw----+ 1 avroy delta_bbhj 1.1K May 18 14:02 UQPFIN-run-JNqgmerged_softmax_skiptop_0.slurm
-rw-rw----+ 1 avroy delta_bbhj 1.1K May 18 14:02 UQPFIN-run-JNqgmerged_softmax_skiptop_1.slurm
-rw-rw----+ 1 avroy delta_bbhj 1.1K May 18 14:02 UQPFIN-run-JNqgmerged_softmax_skiptop_2.slurm
-rw-rw----+ 1 avroy delta_bbhj 1.1K May 18 14:02 UQPFIN-run-JNqgmerged_softmax_skiptop_3.slurm
-rw-rw----+ 1 avroy delta_bbhj 1.1K May 18 14:02 UQPFIN-run-JNqgmerged_softmax_skiptop_4.slurm
-rw-rw----+ 1 avroy delta_bbhj 1.1K May 18 14:02 UQPFIN-run-JNqgmerged_softmax_skiptop_5.slurm
-rw-rw----+ 1 avroy delta_bbhj 1.1K May 18 14:02 UQPFIN-run-JNqgmerged_softmax_skiptop_6.slurm
-rw-rw----+ 1 avroy delta_bbhj 1.1K May 18 14:02 UQPFIN-run-JNqgmerged_softmax_skiptop_7.slurm
-rw-rw----+ 1 avroy delta_bbhj 1.1K May 18 14:02 UQPFIN-run-JNqgmerged_softmax_skiptop_8.slurm
-rw-rw----+ 1 avroy delta_bbhj 1.1K May 18 14:02 UQPFIN-run-JNqgmerged_softmax_skiptop_9.slurm
-rw-rw----+ 1 avroy delta_bbhj 1.1K May 18 14:02 UQPFIN-run-JNqgmerged_softmax_skipwz_0.slurm
-rw-rw----+ 1 avroy delta_bbhj 1.1K May 18 14:02 UQPFIN-run-JNqgmerged_softmax_skipwz_1.slurm
-rw-rw----+ 1 avroy delta_bbhj 1.1K May 18 14:02 UQPFIN-run-JNqgmerged_softmax_skipwz_2.slurm
-rw-rw----+ 1 avroy delta_bbhj 1.1K May 18 14:02 UQPFIN-run-JNqgmerged_softmax_skipwz_3.slurm
-rw-rw----+ 1 avroy delta_bbhj 1.1K May 18 14:02 UQPFIN-run-JNqgmerged_softmax_skipwz_4.slurm
-rw-rw----+ 1 avroy delta_bbhj 1.1K May 18 14:02 UQPFIN-run-JNqgmerged_softmax_skipwz_5.slurm
-rw-rw----+ 1 avroy delta_bbhj 1.1K May 18 14:02 UQPFIN-run-JNqgmerged_softmax_skipwz_6.slurm
-rw-rw----+ 1 avroy delta_bbhj 1.1K May 18 14:02 UQPFIN-run-JNqgmerged_softmax_skipwz_7.slurm
-rw-rw----+ 1 avroy delta_bbhj 1.1K May 18 14:02 UQPFIN-run-JNqgmerged_softmax_skipwz_8.slurm
-rw-rw----+ 1 avroy delta_bbhj 1.1K May 18 14:02 UQPFIN-run-JNqgmerged_softmax_skipwz_9.slurm
-rw-------+ 1 avroy delta_bbhj  969 May 15 09:44 UQPFIN-run.slurm
/projects/bbhj/avroy/UQ_XAI_Studies/models/PFIN_UQ/model
total 176K
drwxr-s---+ 2 avroy delta_bbhj  12K May 18 14:51 jobouts
drwxr-s---+ 2 avroy delta_bbhj 4.0K May 18 14:02 jobsub
-rw-rw----+ 1 avroy delta_bbhj 8.4K May 15 14:46 PFINDataset.py
drwxrws---+ 2 avroy delta_bbhj 4.0K May 18 09:47 __pycache__
drwxrws---+ 2 avroy delta_bbhj  12K May 18 14:32 trained_model_dicts
drwxr-s---+ 2 avroy delta_bbhj 4.0K Mar 31 15:09 trained_model_dicts_old
drwxrws---+ 2 avroy delta_bbhj  20K May 18 14:34 trained_models
drwxr-s---+ 2 avroy delta_bbhj 4.0K Mar 31 15:10 trained_models_old
-rw-rw----+ 1 avroy delta_bbhj  23K May 18 11:00 train_mod.py
-rw-rw----+ 1 avroy delta_bbhj  23K May 18 10:56 train_mod.py~
-rw-rw----+ 1 avroy delta_bbhj  20K May 18 13:50 train.py
-rw-rw----+ 1 avroy delta_bbhj  20K May 18 13:41 train.py~
-rw-rw----+ 1 avroy delta_bbhj  13K May  5 09:36 UQPFIN.py
job is starting on gpua053.delta.ncsa.illinois.edu
# conda environments:
#
base                     /sw/external/python/anaconda3
toptagger_env         *  /u/avroy/.conda/envs/toptagger_env

/sw/external/python/anaconda3_gpu/bin/python
==========================================================================================
Layer (type:depth-idx)                   Output Shape              Param #
==========================================================================================
UQPFIN                                   [1, 4]                    --
├─Sequential: 1-1                        [30, 64]                  --
│    └─Sequential: 2-1                   [30, 100]                 --
│    │    └─Linear: 3-1                  [30, 100]                 400
│    │    └─ReLU: 3-2                    [30, 100]                 --
│    └─Sequential: 2-2                   [30, 100]                 --
│    │    └─Linear: 3-3                  [30, 100]                 10,100
│    │    └─ReLU: 3-4                    [30, 100]                 --
│    └─Sequential: 2-3                   [30, 64]                  --
│    │    └─Linear: 3-5                  [30, 64]                  6,464
│    │    └─ReLU: 3-6                    [30, 64]                  --
├─Sequential: 1-2                        [435, 64]                 --
│    └─Sequential: 2-4                   [435, 128]                --
│    │    └─Linear: 3-7                  [435, 128]                640
│    │    └─ReLU: 3-8                    [435, 128]                --
│    └─Sequential: 2-5                   [435, 128]                --
│    │    └─Linear: 3-9                  [435, 128]                16,512
│    │    └─ReLU: 3-10                   [435, 128]                --
│    └─Sequential: 2-6                   [435, 64]                 --
│    │    └─Linear: 3-11                 [435, 64]                 8,256
│    │    └─ReLU: 3-12                   [435, 64]                 --
├─Sequential: 1-3                        [30, 64]                  --
│    └─Sequential: 2-7                   [30, 128]                 --
│    │    └─Linear: 3-13                 [30, 128]                 8,704
│    │    └─ReLU: 3-14                   [30, 128]                 --
│    └─Sequential: 2-8                   [30, 128]                 --
│    │    └─Linear: 3-15                 [30, 128]                 16,512
│    │    └─ReLU: 3-16                   [30, 128]                 --
│    └─Sequential: 2-9                   [30, 64]                  --
│    │    └─Linear: 3-17                 [30, 64]                  8,256
│    │    └─ReLU: 3-18                   [30, 64]                  --
├─Sequential: 1-4                        [1, 4]                    --
│    └─Sequential: 2-10                  [1, 64]                   --
│    │    └─Linear: 3-19                 [1, 64]                   4,160
│    │    └─ReLU: 3-20                   [1, 64]                   --
│    └─Sequential: 2-11                  [1, 100]                  --
│    │    └─Linear: 3-21                 [1, 100]                  6,500
│    │    └─ReLU: 3-22                   [1, 100]                  --
│    └─Sequential: 2-12                  [1, 100]                  --
│    │    └─Linear: 3-23                 [1, 100]                  10,100
│    │    └─ReLU: 3-24                   [1, 100]                  --
│    └─Linear: 2-13                      [1, 4]                    404
│    └─Softmax: 2-14                     [1, 4]                    --
==========================================================================================
Total params: 97,008
Trainable params: 97,008
Non-trainable params: 0
Total mult-adds (M): 12.59
==========================================================================================
Input size (MB): 0.00
Forward/backward pass size (MB): 1.26
Params size (MB): 0.39
Estimated Total Size (MB): 1.64
==========================================================================================
data type:  JNqgmerged
m_logic, pt_logic, eta_logic:  AND AND AND
m1, m2, pt1, pt2, eta1, eta2:  0.0 10000.0 0.0 10000.0 -6.0 6.0
skip labels:  []
classes:  4
Epoch 0
Best Validation Accuracy: 0
Current Validation Accuracy: 0.7505690506895556
Current Validation Loss: 0.002774084370333662
Saving best model based on accuracy
Epoch 1
Best Validation Accuracy: 0.7505690506895556
Current Validation Accuracy: 0.807706672868086
Current Validation Loss: 0.002237550965269673
Saving best model based on accuracy
Epoch 2
Best Validation Accuracy: 0.807706672868086
Current Validation Accuracy: 0.8097291812012432
Current Validation Loss: 0.0021785365105629617
Saving best model based on accuracy
Epoch 3
Best Validation Accuracy: 0.8097291812012432
Current Validation Accuracy: 0.812280219586619
Current Validation Loss: 0.0021581252336167725
Saving best model based on accuracy
Epoch 4
Best Validation Accuracy: 0.812280219586619
Current Validation Accuracy: 0.8238937866007061
Current Validation Loss: 0.00201540923779395
Saving best model based on accuracy
Epoch 5
Best Validation Accuracy: 0.8238937866007061
Current Validation Accuracy: 0.8304757475176705
Current Validation Loss: 0.0019418850915893665
Saving best model based on accuracy
Epoch 6
Best Validation Accuracy: 0.8304757475176705
Current Validation Accuracy: 0.8239713043416982
Current Validation Loss: 0.002003133593933381
Epoch 7
Best Validation Accuracy: 0.8304757475176705
Current Validation Accuracy: 0.8316596548346405
Current Validation Loss: 0.0019102759566514433
Saving best model based on accuracy
Epoch 8
Best Validation Accuracy: 0.8316596548346405
Current Validation Accuracy: 0.8295525816931284
Current Validation Loss: 0.0019384084561947716
Epoch 9
Best Validation Accuracy: 0.8316596548346405
Current Validation Accuracy: 0.8277978619197621
Current Validation Loss: 0.0019510606208108052
Epoch 10
Best Validation Accuracy: 0.8316596548346405
Current Validation Accuracy: 0.8377553681035637
Current Validation Loss: 0.001848288311642142
Saving best model based on accuracy
Epoch 11
Best Validation Accuracy: 0.8377553681035637
Current Validation Accuracy: 0.8350492942362036
Current Validation Loss: 0.001872479943341401
Epoch 12
Best Validation Accuracy: 0.8377553681035637
Current Validation Accuracy: 0.8367687786727553
Current Validation Loss: 0.0018558256603178277
Epoch 13
Best Validation Accuracy: 0.8377553681035637
Current Validation Accuracy: 0.838826522342727
Current Validation Loss: 0.0018390262701450512
Saving best model based on accuracy
Epoch 14
Best Validation Accuracy: 0.838826522342727
Current Validation Accuracy: 0.8317230784409069
Current Validation Loss: 0.0019062396055712714
Epoch 15
Best Validation Accuracy: 0.838826522342727
Current Validation Accuracy: 0.8401372768722296
Current Validation Loss: 0.0018098597871300639
Saving best model based on accuracy
Epoch 16
Best Validation Accuracy: 0.8401372768722296
Current Validation Accuracy: 0.8376919444972974
Current Validation Loss: 0.0018318039251472827
Epoch 17
Best Validation Accuracy: 0.8401372768722296
Current Validation Accuracy: 0.8419342790497735
Current Validation Loss: 0.0017946617651673571
Saving best model based on accuracy
Epoch 18
Best Validation Accuracy: 0.8419342790497735
Current Validation Accuracy: 0.8411379604377638
Current Validation Loss: 0.0018028631333515878
Epoch 19
Best Validation Accuracy: 0.8419342790497735
Current Validation Accuracy: 0.835267753324454
Current Validation Loss: 0.0018785671429283849
Epoch 20
Best Validation Accuracy: 0.8419342790497735
Current Validation Accuracy: 0.8399892884576083
Current Validation Loss: 0.0018167699076309903
Epoch 21
Best Validation Accuracy: 0.8419342790497735
Current Validation Accuracy: 0.8406869481265371
Current Validation Loss: 0.0018089087846750378
Epoch 22
Best Validation Accuracy: 0.8419342790497735
Current Validation Accuracy: 0.8427517388638718
Current Validation Loss: 0.001786768497967444
Saving best model based on accuracy
Epoch 23
Best Validation Accuracy: 0.8427517388638718
Current Validation Accuracy: 0.8432591277140018
Current Validation Loss: 0.0017721029035050577
Saving best model based on accuracy
Epoch 24
Best Validation Accuracy: 0.8432591277140018
Current Validation Accuracy: 0.8413211841891997
Current Validation Loss: 0.0017887900866308767
Epoch 25
Best Validation Accuracy: 0.8432591277140018
Current Validation Accuracy: 0.832639197198086
Current Validation Loss: 0.0018839270749528975
Epoch 26
Best Validation Accuracy: 0.8432591277140018
Current Validation Accuracy: 0.8428926802111302
Current Validation Loss: 0.001768528247845161
Epoch 27
Best Validation Accuracy: 0.8432591277140018
Current Validation Accuracy: 0.839087263835155
Current Validation Loss: 0.001811212626237632
Epoch 28
Best Validation Accuracy: 0.8432591277140018
Current Validation Accuracy: 0.8407221834633517
Current Validation Loss: 0.001801810141062643
Epoch 29
Best Validation Accuracy: 0.8432591277140018
Current Validation Accuracy: 0.846380978555774
Current Validation Loss: 0.0017375691113390968
Saving best model based on accuracy
Epoch 30
Best Validation Accuracy: 0.846380978555774
Current Validation Accuracy: 0.8461977548043381
Current Validation Loss: 0.0017390627633379183
Epoch 31
Best Validation Accuracy: 0.846380978555774
Current Validation Accuracy: 0.8427376447291459
Current Validation Loss: 0.001789290349935434
Epoch 32
Best Validation Accuracy: 0.846380978555774
Current Validation Accuracy: 0.8441541052690923
Current Validation Loss: 0.0017664530316769368
Epoch 33
Best Validation Accuracy: 0.846380978555774
Current Validation Accuracy: 0.8411309133704009
Current Validation Loss: 0.0018068016126498723
Epoch 34
Best Validation Accuracy: 0.846380978555774
Current Validation Accuracy: 0.8367335433359407
Current Validation Loss: 0.0018596148518292236
Epoch 35
Best Validation Accuracy: 0.846380978555774
Current Validation Accuracy: 0.8391506874414213
Current Validation Loss: 0.001814379299039729
Epoch 36
Best Validation Accuracy: 0.846380978555774
Current Validation Accuracy: 0.8454789539333206
Current Validation Loss: 0.0017400086528810363
Epoch 37
Best Validation Accuracy: 0.846380978555774
Current Validation Accuracy: 0.8458172131667406
Current Validation Loss: 0.0017419005609189216
Epoch 38
Best Validation Accuracy: 0.846380978555774
Current Validation Accuracy: 0.845951107446636
Current Validation Loss: 0.001732021693066788
Epoch 39
Best Validation Accuracy: 0.846380978555774
Current Validation Accuracy: 0.8372620733881595
Current Validation Loss: 0.0018363011907971867
Epoch 40
Best Validation Accuracy: 0.846380978555774
Current Validation Accuracy: 0.8357399068377694
Current Validation Loss: 0.0018388881408762403
Epoch 41
Best Validation Accuracy: 0.846380978555774
Current Validation Accuracy: 0.8396087468200109
Current Validation Loss: 0.0018257894797030201
Epoch 42
Best Validation Accuracy: 0.846380978555774
Current Validation Accuracy: 0.8438158460356723
Current Validation Loss: 0.0017645609864966618
Epoch 43
Best Validation Accuracy: 0.846380978555774
Current Validation Accuracy: 0.847226626639324
Current Validation Loss: 0.0017322191510154431
Saving best model based on accuracy
Epoch 44
Best Validation Accuracy: 0.847226626639324
Current Validation Accuracy: 0.845366200855514
Current Validation Loss: 0.0017353601072042618
Epoch 45
Best Validation Accuracy: 0.847226626639324
Current Validation Accuracy: 0.8447953883991177
Current Validation Loss: 0.0017590325050051308
Epoch 46
Best Validation Accuracy: 0.847226626639324
Current Validation Accuracy: 0.8459299662445473
Current Validation Loss: 0.0017360706971600525
Epoch 47
Best Validation Accuracy: 0.847226626639324
Current Validation Accuracy: 0.8428503978069526
Current Validation Loss: 0.0017696603855742266
Epoch 48
Best Validation Accuracy: 0.847226626639324
Current Validation Accuracy: 0.8441963876732698
Current Validation Loss: 0.0017593097529421363
Epoch 49
Best Validation Accuracy: 0.847226626639324
Current Validation Accuracy: 0.8435973869474218
Current Validation Loss: 0.0017604373874443736
Epoch 50
Best Validation Accuracy: 0.847226626639324
Current Validation Accuracy: 0.8457256012910227
Current Validation Loss: 0.0017414243630584736
Epoch 51
Best Validation Accuracy: 0.847226626639324
Current Validation Accuracy: 0.8469729322142591
Current Validation Loss: 0.0017263457669148793
Epoch 52
Best Validation Accuracy: 0.847226626639324
Current Validation Accuracy: 0.8427658329985976
Current Validation Loss: 0.001772404615082146
Epoch 53
Best Validation Accuracy: 0.847226626639324
Current Validation Accuracy: 0.8443232348858023
Current Validation Loss: 0.001753952357106747
Epoch 54
Best Validation Accuracy: 0.847226626639324
Current Validation Accuracy: 0.8465782964419357
Current Validation Loss: 0.001730874511888674
Epoch 55
Best Validation Accuracy: 0.847226626639324
Current Validation Accuracy: 0.8442739054142618
Current Validation Loss: 0.0017607209241895197
Epoch 56
Best Validation Accuracy: 0.847226626639324
Current Validation Accuracy: 0.8396721704262771
Current Validation Loss: 0.0018167207192972404
Epoch 57
Best Validation Accuracy: 0.847226626639324
Current Validation Accuracy: 0.8459229191771844
Current Validation Loss: 0.0017375895052315125
Epoch 58
Best Validation Accuracy: 0.847226626639324
Current Validation Accuracy: 0.8432238923771872
Current Validation Loss: 0.0017817721837627251
Epoch 59
Best Validation Accuracy: 0.847226626639324
Current Validation Accuracy: 0.8476212624116474
Current Validation Loss: 0.0017242473927945301
Saving best model based on accuracy
Epoch 60
Best Validation Accuracy: 0.8476212624116474
Current Validation Accuracy: 0.8453802949902398
Current Validation Loss: 0.0017476606551147008
Epoch 61
Best Validation Accuracy: 0.8476212624116474
Current Validation Accuracy: 0.8446192117150448
Current Validation Loss: 0.0017556263219453082
Epoch 62
Best Validation Accuracy: 0.8476212624116474
Current Validation Accuracy: 0.8457608366278373
Current Validation Loss: 0.0017487518805176842
Epoch 63
Best Validation Accuracy: 0.8476212624116474
Current Validation Accuracy: 0.8427728800659605
Current Validation Loss: 0.0017772302304856723
Epoch 64
Best Validation Accuracy: 0.8476212624116474
Current Validation Accuracy: 0.8468249437996378
Current Validation Loss: 0.0017293512873282216
Epoch 65
Best Validation Accuracy: 0.8476212624116474
Current Validation Accuracy: 0.8389533695552596
Current Validation Loss: 0.0018348771743693499
Epoch 66
Best Validation Accuracy: 0.8476212624116474
Current Validation Accuracy: 0.8452604948450703
Current Validation Loss: 0.0017381472981933875
Epoch 67
Best Validation Accuracy: 0.8476212624116474
Current Validation Accuracy: 0.8470293087531624
Current Validation Loss: 0.0017252825498522127
Epoch 68
Best Validation Accuracy: 0.8476212624116474
Current Validation Accuracy: 0.8455000951354094
Current Validation Loss: 0.0017404503706665011
Epoch 69
Best Validation Accuracy: 0.8476212624116474
Current Validation Accuracy: 0.8467756143280973
Current Validation Loss: 0.0017392101357517691
Epoch 70
Best Validation Accuracy: 0.8476212624116474
Current Validation Accuracy: 0.8458313073014665
Current Validation Loss: 0.0017396247386176305
Epoch 71
Best Validation Accuracy: 0.8476212624116474
Current Validation Accuracy: 0.8436326222842364
Current Validation Loss: 0.0017557236191152843
Epoch 72
Best Validation Accuracy: 0.8476212624116474
Current Validation Accuracy: 0.8465994376440245
Current Validation Loss: 0.0017354312616324624
Epoch 73
Best Validation Accuracy: 0.8476212624116474
Current Validation Accuracy: 0.8457608366278373
Current Validation Loss: 0.0017363955805505182
Epoch 74
Best Validation Accuracy: 0.8476212624116474
Current Validation Accuracy: 0.8463598373536853
Current Validation Loss: 0.0017322515432918113
Epoch 75
Best Validation Accuracy: 0.8476212624116474
Current Validation Accuracy: 0.8455635187416757
Current Validation Loss: 0.0017488258401693129
Epoch 76
Best Validation Accuracy: 0.8476212624116474
Current Validation Accuracy: 0.8442034347406326
Current Validation Loss: 0.0017543026922765656
Epoch 77
Best Validation Accuracy: 0.8476212624116474
Current Validation Accuracy: 0.8471209206288803
Current Validation Loss: 0.001720540953799124
Epoch 78
Best Validation Accuracy: 0.8476212624116474
Current Validation Accuracy: 0.8487417461223512
Current Validation Loss: 0.0017022546801190017
Saving best model based on accuracy
Epoch 79
Best Validation Accuracy: 0.8487417461223512
Current Validation Accuracy: 0.8478820039040753
Current Validation Loss: 0.001721017617481655
Epoch 80
Best Validation Accuracy: 0.8487417461223512
Current Validation Accuracy: 0.8379315447876367
Current Validation Loss: 0.001856450206970334
Epoch 81
Best Validation Accuracy: 0.8487417461223512
Current Validation Accuracy: 0.8477762978936315
Current Validation Loss: 0.0017155153625294701
Epoch 82
Best Validation Accuracy: 0.8487417461223512
Current Validation Accuracy: 0.846218896006427
Current Validation Loss: 0.0017401823948571538
Epoch 83
Best Validation Accuracy: 0.8487417461223512
Current Validation Accuracy: 0.8483541574173907
Current Validation Loss: 0.0017133810577330882
Epoch 84
Best Validation Accuracy: 0.8487417461223512
Current Validation Accuracy: 0.8477692508262686
Current Validation Loss: 0.0017122999800268637
Epoch 85
Best Validation Accuracy: 0.8487417461223512
Current Validation Accuracy: 0.848840405065432
Current Validation Loss: 0.0017124241944885894
Saving best model based on accuracy
Epoch 86
Best Validation Accuracy: 0.848840405065432
Current Validation Accuracy: 0.8467615201933715
Current Validation Loss: 0.0017367933852588083
Epoch 87
Best Validation Accuracy: 0.848840405065432
Current Validation Accuracy: 0.8454648597985949
Current Validation Loss: 0.0017329734215574054
Epoch 88
Best Validation Accuracy: 0.848840405065432
Current Validation Accuracy: 0.8481216041944145
Current Validation Loss: 0.001717707852242367
Epoch 89
Best Validation Accuracy: 0.848840405065432
Current Validation Accuracy: 0.8461413782654348
Current Validation Loss: 0.0017295510895086583
Epoch 90
Best Validation Accuracy: 0.848840405065432
Current Validation Accuracy: 0.8465642023072099
Current Validation Loss: 0.0017202309655843114
Epoch 91
Best Validation Accuracy: 0.848840405065432
Current Validation Accuracy: 0.848163886598592
Current Validation Loss: 0.0017141957169206537
Epoch 92
Best Validation Accuracy: 0.848840405065432
Current Validation Accuracy: 0.8431816099730097
Current Validation Loss: 0.0017742067738219416
Epoch 93
Best Validation Accuracy: 0.848840405065432
Current Validation Accuracy: 0.8408208424064325
Current Validation Loss: 0.0017944882472814843
Epoch 94
Best Validation Accuracy: 0.848840405065432
Current Validation Accuracy: 0.8476987801526394
Current Validation Loss: 0.0017199884852382634
Epoch 95
Best Validation Accuracy: 0.848840405065432
Current Validation Accuracy: 0.8487558402570771
Current Validation Loss: 0.0017065863798314239
Epoch 96
Best Validation Accuracy: 0.848840405065432
Current Validation Accuracy: 0.8477058272200024
Current Validation Loss: 0.0017186400706004088
Epoch 97
Best Validation Accuracy: 0.848840405065432
Current Validation Accuracy: 0.847402803323397
Current Validation Loss: 0.001731469829150552
Epoch 98
Best Validation Accuracy: 0.848840405065432
Current Validation Accuracy: 0.8484528163604715
Current Validation Loss: 0.0017142048819386356
Epoch 99
[[7.6192277e-03 8.5802233e-01 1.0422615e-01 3.0132286e-02]
 [4.6782795e-01 8.5974587e-03 2.6912001e-01 2.5445464e-01]
 [1.0465941e-03 1.1311958e-02 9.8112512e-01 6.5163863e-03]
 [1.2941444e-03 9.9867839e-01 2.0661906e-05 6.7426377e-06]
 [3.9798406e-01 5.9009302e-01 9.5975669e-03 2.3253707e-03]
 [1.9985810e-02 4.8155440e-03 7.9819030e-01 1.7700829e-01]
 [3.3413542e-03 9.9029201e-01 5.7348171e-03 6.3185283e-04]
 [6.7536034e-02 8.3230644e-02 5.6904787e-01 2.8018546e-01]
 [7.8465021e-01 2.1399142e-01 1.3524002e-03 6.0563507e-06]
 [2.0801343e-02 9.7856641e-01 1.3484100e-04 4.9736613e-04]
 [9.1212583e-01 2.2339455e-03 3.9248686e-02 4.6391521e-02]
 [7.5233620e-01 2.0351085e-01 1.3681290e-03 4.2784832e-02]
 [9.8367810e-01 2.8765097e-03 5.0199688e-03 8.4255030e-03]
 [2.7812973e-02 9.6680832e-01 1.4021912e-03 3.9765807e-03]
 [2.5523206e-02 2.1618798e-01 7.4486172e-01 1.3427023e-02]
 [8.6972886e-01 3.5654269e-02 6.0500737e-02 3.4116127e-02]
 [2.2732846e-02 9.7669333e-01 3.1335809e-04 2.6047189e-04]
 [8.5360694e-01 1.4048327e-03 6.0460325e-02 8.4527887e-02]
 [2.8859507e-03 9.9151939e-01 5.0724242e-03 5.2214751e-04]
 [9.9107063e-01 4.3914425e-03 1.1089290e-03 3.4290552e-03]]
[[7.6192277e-03 8.5802233e-01 1.0422615e-01 3.0132286e-02]
 [4.6782795e-01 8.5974587e-03 2.6912001e-01 2.5445464e-01]
 [1.0465941e-03 1.1311958e-02 9.8112512e-01 6.5163863e-03]
 [1.2941444e-03 9.9867839e-01 2.0661906e-05 6.7426377e-06]
 [3.9798406e-01 5.9009302e-01 9.5975669e-03 2.3253707e-03]
 [1.9985810e-02 4.8155440e-03 7.9819030e-01 1.7700829e-01]
 [3.3413542e-03 9.9029201e-01 5.7348171e-03 6.3185283e-04]
 [6.7536034e-02 8.3230644e-02 5.6904787e-01 2.8018546e-01]
 [7.8465021e-01 2.1399142e-01 1.3524002e-03 6.0563507e-06]
 [2.0801343e-02 9.7856641e-01 1.3484100e-04 4.9736613e-04]
 [9.1212583e-01 2.2339455e-03 3.9248686e-02 4.6391521e-02]
 [7.5233620e-01 2.0351085e-01 1.3681290e-03 4.2784832e-02]
 [9.8367810e-01 2.8765097e-03 5.0199688e-03 8.4255030e-03]
 [2.7812973e-02 9.6680832e-01 1.4021912e-03 3.9765807e-03]
 [2.5523206e-02 2.1618798e-01 7.4486172e-01 1.3427023e-02]
 [8.6972886e-01 3.5654269e-02 6.0500737e-02 3.4116127e-02]
 [2.2732846e-02 9.7669333e-01 3.1335809e-04 2.6047189e-04]
 [8.5360694e-01 1.4048327e-03 6.0460325e-02 8.4527887e-02]
 [2.8859507e-03 9.9151939e-01 5.0724242e-03 5.2214751e-04]
 [9.9107063e-01 4.3914425e-03 1.1089290e-03 3.4290552e-03]]
[[0. 1. 0. 0.]
 [0. 0. 0. 1.]
 [0. 0. 1. 0.]
 [0. 1. 0. 0.]
 [1. 0. 0. 0.]
 [1. 0. 0. 0.]
 [0. 1. 0. 0.]
 [0. 1. 0. 0.]
 [0. 0. 0. 1.]
 [0. 1. 0. 0.]
 [1. 0. 0. 0.]
 [1. 0. 0. 0.]
 [1. 0. 0. 0.]
 [0. 1. 0. 0.]
 [0. 0. 1. 0.]
 [1. 0. 0. 0.]
 [0. 1. 0. 0.]
 [1. 0. 0. 0.]
 [0. 1. 0. 0.]
 [1. 0. 0. 0.]]
Best Validation Accuracy: 0.848840405065432
Current Validation Accuracy: 0.8420470321275801
Current Validation Loss: 0.0017679144707555936
Saving last model
