Running "module reset". Resetting modules to system default. The following $MODULEPATH directories have been removed: None
A conda environment has been detected CONDA_PREFIX=
/u/avroy/.conda/envs/toptagger_env 
anaconda3_gpu is loaded. Consider running conda deactivate and reloading it.

Currently Loaded Modules:
  1) cue-login-env/1.0   4) gcc/11.2.0    7) openmpi/4.1.2
  2) default             5) cuda/11.6.1   8) cudnn/8.4.1.50
  3) modtree/gpu         6) ucx/1.11.2    9) anaconda3_gpu/4.13.0

 

/u/avroy/UQ_XAI_Studies/models/PFIN_UQ/model/jobsub
total 192K
-rw-rw----+ 1 avroy delta_bbhj  925 Mar 31 16:58 jobsubmitter_dummy.py
-rw-rw----+ 1 avroy delta_bbhj  15K May 18 13:59 jobsubmitter.py
-rw-rw----+ 1 avroy delta_bbhj 1.1K May 18 14:02 UQPFIN-run-JNqgmerged_0.1_baseline.slurm
-rw-rw----+ 1 avroy delta_bbhj 1.1K May 18 14:02 UQPFIN-run-JNqgmerged_0.1_skiptop.slurm
-rw-rw----+ 1 avroy delta_bbhj 1.1K May 18 14:02 UQPFIN-run-JNqgmerged_0.1_skipwz.slurm
-rw-rw----+ 1 avroy delta_bbhj 1.1K May 18 14:02 UQPFIN-run-JNqgmerged_0_baseline.slurm
-rw-rw----+ 1 avroy delta_bbhj 1.1K May 18 14:02 UQPFIN-run-JNqgmerged_0_skiptop.slurm
-rw-rw----+ 1 avroy delta_bbhj 1.1K May 18 14:02 UQPFIN-run-JNqgmerged_0_skipwz.slurm
-rw-rw----+ 1 avroy delta_bbhj 1.1K May 18 14:02 UQPFIN-run-JNqgmerged_nominal_baseline.slurm
-rw-rw----+ 1 avroy delta_bbhj 1.1K May 18 14:02 UQPFIN-run-JNqgmerged_nominal_skiptop.slurm
-rw-rw----+ 1 avroy delta_bbhj 1.1K May 18 14:02 UQPFIN-run-JNqgmerged_nominal_skipwz.slurm
-rw-rw----+ 1 avroy delta_bbhj 1.1K May 18 14:02 UQPFIN-run-JNqgmerged_softmax_baseline_0.slurm
-rw-rw----+ 1 avroy delta_bbhj 1.1K May 18 14:02 UQPFIN-run-JNqgmerged_softmax_baseline_1.slurm
-rw-rw----+ 1 avroy delta_bbhj 1.1K May 18 14:02 UQPFIN-run-JNqgmerged_softmax_baseline_2.slurm
-rw-rw----+ 1 avroy delta_bbhj 1.1K May 18 14:02 UQPFIN-run-JNqgmerged_softmax_baseline_3.slurm
-rw-rw----+ 1 avroy delta_bbhj 1.1K May 18 14:02 UQPFIN-run-JNqgmerged_softmax_baseline_4.slurm
-rw-rw----+ 1 avroy delta_bbhj 1.1K May 18 14:02 UQPFIN-run-JNqgmerged_softmax_baseline_5.slurm
-rw-rw----+ 1 avroy delta_bbhj 1.1K May 18 14:02 UQPFIN-run-JNqgmerged_softmax_baseline_6.slurm
-rw-rw----+ 1 avroy delta_bbhj 1.1K May 18 14:02 UQPFIN-run-JNqgmerged_softmax_baseline_7.slurm
-rw-rw----+ 1 avroy delta_bbhj 1.1K May 18 14:02 UQPFIN-run-JNqgmerged_softmax_baseline_8.slurm
-rw-rw----+ 1 avroy delta_bbhj 1.1K May 18 14:02 UQPFIN-run-JNqgmerged_softmax_baseline_9.slurm
-rw-rw----+ 1 avroy delta_bbhj 1.2K May 18 14:02 UQPFIN-run-JNqgmerged_softmax_dropout_baseline.slurm
-rw-rw----+ 1 avroy delta_bbhj 1.2K May 18 14:02 UQPFIN-run-JNqgmerged_softmax_dropout_skiptop.slurm
-rw-rw----+ 1 avroy delta_bbhj 1.2K May 18 14:02 UQPFIN-run-JNqgmerged_softmax_dropout_skipwz.slurm
-rw-rw----+ 1 avroy delta_bbhj 1.1K May 18 14:02 UQPFIN-run-JNqgmerged_softmax_skiptop_0.slurm
-rw-rw----+ 1 avroy delta_bbhj 1.1K May 18 14:02 UQPFIN-run-JNqgmerged_softmax_skiptop_1.slurm
-rw-rw----+ 1 avroy delta_bbhj 1.1K May 18 14:02 UQPFIN-run-JNqgmerged_softmax_skiptop_2.slurm
-rw-rw----+ 1 avroy delta_bbhj 1.1K May 18 14:02 UQPFIN-run-JNqgmerged_softmax_skiptop_3.slurm
-rw-rw----+ 1 avroy delta_bbhj 1.1K May 18 14:02 UQPFIN-run-JNqgmerged_softmax_skiptop_4.slurm
-rw-rw----+ 1 avroy delta_bbhj 1.1K May 18 14:02 UQPFIN-run-JNqgmerged_softmax_skiptop_5.slurm
-rw-rw----+ 1 avroy delta_bbhj 1.1K May 18 14:02 UQPFIN-run-JNqgmerged_softmax_skiptop_6.slurm
-rw-rw----+ 1 avroy delta_bbhj 1.1K May 18 14:02 UQPFIN-run-JNqgmerged_softmax_skiptop_7.slurm
-rw-rw----+ 1 avroy delta_bbhj 1.1K May 18 14:02 UQPFIN-run-JNqgmerged_softmax_skiptop_8.slurm
-rw-rw----+ 1 avroy delta_bbhj 1.1K May 18 14:02 UQPFIN-run-JNqgmerged_softmax_skiptop_9.slurm
-rw-rw----+ 1 avroy delta_bbhj 1.1K May 18 14:02 UQPFIN-run-JNqgmerged_softmax_skipwz_0.slurm
-rw-rw----+ 1 avroy delta_bbhj 1.1K May 18 14:02 UQPFIN-run-JNqgmerged_softmax_skipwz_1.slurm
-rw-rw----+ 1 avroy delta_bbhj 1.1K May 18 14:02 UQPFIN-run-JNqgmerged_softmax_skipwz_2.slurm
-rw-rw----+ 1 avroy delta_bbhj 1.1K May 18 14:02 UQPFIN-run-JNqgmerged_softmax_skipwz_3.slurm
-rw-rw----+ 1 avroy delta_bbhj 1.1K May 18 14:02 UQPFIN-run-JNqgmerged_softmax_skipwz_4.slurm
-rw-rw----+ 1 avroy delta_bbhj 1.1K May 18 14:02 UQPFIN-run-JNqgmerged_softmax_skipwz_5.slurm
-rw-rw----+ 1 avroy delta_bbhj 1.1K May 18 14:02 UQPFIN-run-JNqgmerged_softmax_skipwz_6.slurm
-rw-rw----+ 1 avroy delta_bbhj 1.1K May 18 14:02 UQPFIN-run-JNqgmerged_softmax_skipwz_7.slurm
-rw-rw----+ 1 avroy delta_bbhj 1.1K May 18 14:02 UQPFIN-run-JNqgmerged_softmax_skipwz_8.slurm
-rw-rw----+ 1 avroy delta_bbhj 1.1K May 18 14:02 UQPFIN-run-JNqgmerged_softmax_skipwz_9.slurm
-rw-------+ 1 avroy delta_bbhj  969 May 15 09:44 UQPFIN-run.slurm
/projects/bbhj/avroy/UQ_XAI_Studies/models/PFIN_UQ/model
total 176K
drwxr-s---+ 2 avroy delta_bbhj  12K May 18 14:51 jobouts
drwxr-s---+ 2 avroy delta_bbhj 4.0K May 18 14:02 jobsub
-rw-rw----+ 1 avroy delta_bbhj 8.4K May 15 14:46 PFINDataset.py
drwxrws---+ 2 avroy delta_bbhj 4.0K May 18 09:47 __pycache__
drwxrws---+ 2 avroy delta_bbhj  12K May 18 14:32 trained_model_dicts
drwxr-s---+ 2 avroy delta_bbhj 4.0K Mar 31 15:09 trained_model_dicts_old
drwxrws---+ 2 avroy delta_bbhj  20K May 18 14:34 trained_models
drwxr-s---+ 2 avroy delta_bbhj 4.0K Mar 31 15:10 trained_models_old
-rw-rw----+ 1 avroy delta_bbhj  23K May 18 11:00 train_mod.py
-rw-rw----+ 1 avroy delta_bbhj  23K May 18 10:56 train_mod.py~
-rw-rw----+ 1 avroy delta_bbhj  20K May 18 13:50 train.py
-rw-rw----+ 1 avroy delta_bbhj  20K May 18 13:41 train.py~
-rw-rw----+ 1 avroy delta_bbhj  13K May  5 09:36 UQPFIN.py
job is starting on gpua055.delta.ncsa.illinois.edu
# conda environments:
#
base                     /sw/external/python/anaconda3
toptagger_env         *  /u/avroy/.conda/envs/toptagger_env

/sw/external/python/anaconda3_gpu/bin/python
==========================================================================================
Layer (type:depth-idx)                   Output Shape              Param #
==========================================================================================
UQPFIN                                   [1, 4]                    --
├─Sequential: 1-1                        [30, 64]                  --
│    └─Sequential: 2-1                   [30, 100]                 --
│    │    └─Linear: 3-1                  [30, 100]                 400
│    │    └─ReLU: 3-2                    [30, 100]                 --
│    └─Sequential: 2-2                   [30, 100]                 --
│    │    └─Linear: 3-3                  [30, 100]                 10,100
│    │    └─ReLU: 3-4                    [30, 100]                 --
│    └─Sequential: 2-3                   [30, 64]                  --
│    │    └─Linear: 3-5                  [30, 64]                  6,464
│    │    └─ReLU: 3-6                    [30, 64]                  --
├─Sequential: 1-2                        [435, 64]                 --
│    └─Sequential: 2-4                   [435, 128]                --
│    │    └─Linear: 3-7                  [435, 128]                640
│    │    └─ReLU: 3-8                    [435, 128]                --
│    └─Sequential: 2-5                   [435, 128]                --
│    │    └─Linear: 3-9                  [435, 128]                16,512
│    │    └─ReLU: 3-10                   [435, 128]                --
│    └─Sequential: 2-6                   [435, 64]                 --
│    │    └─Linear: 3-11                 [435, 64]                 8,256
│    │    └─ReLU: 3-12                   [435, 64]                 --
├─Sequential: 1-3                        [30, 64]                  --
│    └─Sequential: 2-7                   [30, 128]                 --
│    │    └─Linear: 3-13                 [30, 128]                 8,704
│    │    └─ReLU: 3-14                   [30, 128]                 --
│    └─Sequential: 2-8                   [30, 128]                 --
│    │    └─Linear: 3-15                 [30, 128]                 16,512
│    │    └─ReLU: 3-16                   [30, 128]                 --
│    └─Sequential: 2-9                   [30, 64]                  --
│    │    └─Linear: 3-17                 [30, 64]                  8,256
│    │    └─ReLU: 3-18                   [30, 64]                  --
├─Sequential: 1-4                        [1, 4]                    --
│    └─Sequential: 2-10                  [1, 64]                   --
│    │    └─Linear: 3-19                 [1, 64]                   4,160
│    │    └─ReLU: 3-20                   [1, 64]                   --
│    └─Sequential: 2-11                  [1, 100]                  --
│    │    └─Linear: 3-21                 [1, 100]                  6,500
│    │    └─ReLU: 3-22                   [1, 100]                  --
│    └─Sequential: 2-12                  [1, 100]                  --
│    │    └─Linear: 3-23                 [1, 100]                  10,100
│    │    └─ReLU: 3-24                   [1, 100]                  --
│    └─Linear: 2-13                      [1, 4]                    404
│    └─Softmax: 2-14                     [1, 4]                    --
==========================================================================================
Total params: 97,008
Trainable params: 97,008
Non-trainable params: 0
Total mult-adds (M): 12.59
==========================================================================================
Input size (MB): 0.00
Forward/backward pass size (MB): 1.26
Params size (MB): 0.39
Estimated Total Size (MB): 1.64
==========================================================================================
data type:  JNqgmerged
m_logic, pt_logic, eta_logic:  AND AND AND
m1, m2, pt1, pt2, eta1, eta2:  0.0 10000.0 0.0 10000.0 -6.0 6.0
skip labels:  []
classes:  4
Epoch 0
Best Validation Accuracy: 0
Current Validation Accuracy: 0.7690464613151237
Current Validation Loss: 0.0026123150569347907
Saving best model based on accuracy
Epoch 1
Best Validation Accuracy: 0.7690464613151237
Current Validation Accuracy: 0.7997012043438123
Current Validation Loss: 0.0022844212061994113
Saving best model based on accuracy
Epoch 2
Best Validation Accuracy: 0.7997012043438123
Current Validation Accuracy: 0.8140067510905337
Current Validation Loss: 0.0021947724763251098
Saving best model based on accuracy
Epoch 3
Best Validation Accuracy: 0.8140067510905337
Current Validation Accuracy: 0.8150638111949712
Current Validation Loss: 0.002135056209195584
Saving best model based on accuracy
Epoch 4
Best Validation Accuracy: 0.8150638111949712
Current Validation Accuracy: 0.8231538445275999
Current Validation Loss: 0.0020336946879896773
Saving best model based on accuracy
Epoch 5
Best Validation Accuracy: 0.8231538445275999
Current Validation Accuracy: 0.8193484281516247
Current Validation Loss: 0.002037821508733018
Epoch 6
Best Validation Accuracy: 0.8231538445275999
Current Validation Accuracy: 0.8289394868325546
Current Validation Loss: 0.0019623455138154163
Saving best model based on accuracy
Epoch 7
Best Validation Accuracy: 0.8289394868325546
Current Validation Accuracy: 0.8317724079124472
Current Validation Loss: 0.001920000013007668
Saving best model based on accuracy
Epoch 8
Best Validation Accuracy: 0.8317724079124472
Current Validation Accuracy: 0.8260572362811216
Current Validation Loss: 0.0019926819583465285
Epoch 9
Best Validation Accuracy: 0.8317724079124472
Current Validation Accuracy: 0.8298274173202822
Current Validation Loss: 0.0019245222308017869
Epoch 10
Best Validation Accuracy: 0.8317724079124472
Current Validation Accuracy: 0.8335694100899911
Current Validation Loss: 0.0018807078461628116
Saving best model based on accuracy
Epoch 11
Best Validation Accuracy: 0.8335694100899911
Current Validation Accuracy: 0.8356694361641402
Current Validation Loss: 0.0018737703782512778
Saving best model based on accuracy
Epoch 12
Best Validation Accuracy: 0.8356694361641402
Current Validation Accuracy: 0.8398413000429871
Current Validation Loss: 0.0018080269652001083
Saving best model based on accuracy
Epoch 13
Best Validation Accuracy: 0.8398413000429871
Current Validation Accuracy: 0.8371140849735382
Current Validation Loss: 0.0018399607999719147
Epoch 14
Best Validation Accuracy: 0.8398413000429871
Current Validation Accuracy: 0.840102041535415
Current Validation Loss: 0.0018137194778104632
Saving best model based on accuracy
Epoch 15
Best Validation Accuracy: 0.840102041535415
Current Validation Accuracy: 0.8352959415939057
Current Validation Loss: 0.0018582728511708176
Epoch 16
Best Validation Accuracy: 0.840102041535415
Current Validation Accuracy: 0.8383402746946859
Current Validation Loss: 0.0018219758056498337
Epoch 17
Best Validation Accuracy: 0.840102041535415
Current Validation Accuracy: 0.8301586294863392
Current Validation Loss: 0.0019185304909287806
Epoch 18
Best Validation Accuracy: 0.840102041535415
Current Validation Accuracy: 0.836035883667012
Current Validation Loss: 0.0018522768844559518
Epoch 19
Best Validation Accuracy: 0.840102041535415
Current Validation Accuracy: 0.8234357272221166
Current Validation Loss: 0.0019940482094757592
Epoch 20
Best Validation Accuracy: 0.840102041535415
Current Validation Accuracy: 0.838925181285808
Current Validation Loss: 0.001830159345323409
Epoch 21
Best Validation Accuracy: 0.840102041535415
Current Validation Accuracy: 0.8407151363959888
Current Validation Loss: 0.001813467567402489
Saving best model based on accuracy
Epoch 22
Best Validation Accuracy: 0.8407151363959888
Current Validation Accuracy: 0.8449504238811019
Current Validation Loss: 0.0017540141969834568
Saving best model based on accuracy
Epoch 23
Best Validation Accuracy: 0.8449504238811019
Current Validation Accuracy: 0.8442527642121731
Current Validation Loss: 0.001765605799176648
Epoch 24
Best Validation Accuracy: 0.8449504238811019
Current Validation Accuracy: 0.8400174767270601
Current Validation Loss: 0.0017992507053592804
Epoch 25
Best Validation Accuracy: 0.8449504238811019
Current Validation Accuracy: 0.8389463224878967
Current Validation Loss: 0.001816513950787455
Epoch 26
Best Validation Accuracy: 0.8449504238811019
Current Validation Accuracy: 0.8375650972847649
Current Validation Loss: 0.0018193684133740004
Epoch 27
Best Validation Accuracy: 0.8449504238811019
Current Validation Accuracy: 0.8455141892701352
Current Validation Loss: 0.0017589190361641809
Saving best model based on accuracy
Epoch 28
Best Validation Accuracy: 0.8455141892701352
Current Validation Accuracy: 0.8451688829693523
Current Validation Loss: 0.0017511859857184961
Epoch 29
Best Validation Accuracy: 0.8455141892701352
Current Validation Accuracy: 0.8317724079124472
Current Validation Loss: 0.001873626326027378
Epoch 30
Best Validation Accuracy: 0.8455141892701352
Current Validation Accuracy: 0.8416030668837163
Current Validation Loss: 0.0017948787351387584
Epoch 31
Best Validation Accuracy: 0.8455141892701352
Current Validation Accuracy: 0.8410745368314976
Current Validation Loss: 0.0017938227576401252
Epoch 32
Best Validation Accuracy: 0.8455141892701352
Current Validation Accuracy: 0.8426037504492505
Current Validation Loss: 0.0017717140107418865
Epoch 33
Best Validation Accuracy: 0.8455141892701352
Current Validation Accuracy: 0.8380372507980803
Current Validation Loss: 0.0018429847037660398
Epoch 34
Best Validation Accuracy: 0.8455141892701352
Current Validation Accuracy: 0.8443584702226169
Current Validation Loss: 0.0017625744882233487
Epoch 35
Best Validation Accuracy: 0.8455141892701352
Current Validation Accuracy: 0.8455776128764015
Current Validation Loss: 0.0017531905386928984
Saving best model based on accuracy
Epoch 36
Best Validation Accuracy: 0.8455776128764015
Current Validation Accuracy: 0.8462470842758786
Current Validation Loss: 0.001732015153706012
Saving best model based on accuracy
Epoch 37
Best Validation Accuracy: 0.8462470842758786
Current Validation Accuracy: 0.8451900241714411
Current Validation Loss: 0.001745057505852188
Epoch 38
Best Validation Accuracy: 0.8462470842758786
Current Validation Accuracy: 0.8451688829693523
Current Validation Loss: 0.0017431890749952674
Epoch 39
Best Validation Accuracy: 0.8462470842758786
Current Validation Accuracy: 0.8434282573307118
Current Validation Loss: 0.00176363285363771
Epoch 40
Best Validation Accuracy: 0.8462470842758786
Current Validation Accuracy: 0.8396298880220996
Current Validation Loss: 0.0018001600862541506
Epoch 41
Best Validation Accuracy: 0.8462470842758786
Current Validation Accuracy: 0.844266858346899
Current Validation Loss: 0.0017524838233771486
Epoch 42
Best Validation Accuracy: 0.8462470842758786
Current Validation Accuracy: 0.8468108496649119
Current Validation Loss: 0.0017247549063740884
Saving best model based on accuracy
Epoch 43
Best Validation Accuracy: 0.8468108496649119
Current Validation Accuracy: 0.8399892884576083
Current Validation Loss: 0.0017870629838417514
Epoch 44
Best Validation Accuracy: 0.8468108496649119
Current Validation Accuracy: 0.8447037765233998
Current Validation Loss: 0.0017563697956218649
Epoch 45
Best Validation Accuracy: 0.8468108496649119
Current Validation Accuracy: 0.8430759039625659
Current Validation Loss: 0.0017647385041938838
Epoch 46
Best Validation Accuracy: 0.8468108496649119
Current Validation Accuracy: 0.8469588380795332
Current Validation Loss: 0.0017231759112752397
Saving best model based on accuracy
Epoch 47
Best Validation Accuracy: 0.8469588380795332
Current Validation Accuracy: 0.8457678836952003
Current Validation Loss: 0.0017388674551434753
Epoch 48
Best Validation Accuracy: 0.8469588380795332
Current Validation Accuracy: 0.839256393451865
Current Validation Loss: 0.001808506985825911
Epoch 49
Best Validation Accuracy: 0.8469588380795332
Current Validation Accuracy: 0.8414832667385468
Current Validation Loss: 0.001785404795418456
Epoch 50
Best Validation Accuracy: 0.8469588380795332
Current Validation Accuracy: 0.8458947309077327
Current Validation Loss: 0.0017453486169316111
Epoch 51
Best Validation Accuracy: 0.8469588380795332
Current Validation Accuracy: 0.8438299401703981
Current Validation Loss: 0.0017685068805148034
Epoch 52
Best Validation Accuracy: 0.8469588380795332
Current Validation Accuracy: 0.8470504499552511
Current Validation Loss: 0.0017239658669810547
Saving best model based on accuracy
Epoch 53
Best Validation Accuracy: 0.8470504499552511
Current Validation Accuracy: 0.8445628351761415
Current Validation Loss: 0.0017435179857095678
Epoch 54
Best Validation Accuracy: 0.8470504499552511
Current Validation Accuracy: 0.8484105339562941
Current Validation Loss: 0.001715565483347462
Saving best model based on accuracy
Epoch 55
Best Validation Accuracy: 0.8484105339562941
Current Validation Accuracy: 0.8376708032952087
Current Validation Loss: 0.0018294875597332644
Epoch 56
Best Validation Accuracy: 0.8484105339562941
Current Validation Accuracy: 0.8459299662445473
Current Validation Loss: 0.0017321537214944394
Epoch 57
Best Validation Accuracy: 0.8484105339562941
Current Validation Accuracy: 0.8440413521912856
Current Validation Loss: 0.0017620086353633301
Epoch 58
Best Validation Accuracy: 0.8484105339562941
Current Validation Accuracy: 0.8376355679583941
Current Validation Loss: 0.0018295053783730277
Epoch 59
Best Validation Accuracy: 0.8484105339562941
Current Validation Accuracy: 0.8466135317787503
Current Validation Loss: 0.0017245255173507308
Epoch 60
Best Validation Accuracy: 0.8484105339562941
Current Validation Accuracy: 0.8421597852053868
Current Validation Loss: 0.0017706833163773706
Epoch 61
Best Validation Accuracy: 0.8484105339562941
Current Validation Accuracy: 0.8440131639218339
Current Validation Loss: 0.0017694488466934784
Epoch 62
Best Validation Accuracy: 0.8484105339562941
Current Validation Accuracy: 0.8456621776847565
Current Validation Loss: 0.001745077485377169
Epoch 63
Best Validation Accuracy: 0.8484105339562941
Current Validation Accuracy: 0.8397214998978175
Current Validation Loss: 0.0017949874350788786
Epoch 64
Best Validation Accuracy: 0.8484105339562941
Current Validation Accuracy: 0.8466628612502907
Current Validation Loss: 0.0017276607553529597
Epoch 65
Best Validation Accuracy: 0.8484105339562941
Current Validation Accuracy: 0.8461625194675236
Current Validation Loss: 0.0017379795478485631
Epoch 66
Best Validation Accuracy: 0.8484105339562941
Current Validation Accuracy: 0.8452957301818849
Current Validation Loss: 0.0017416492085313598
Epoch 67
Best Validation Accuracy: 0.8484105339562941
Current Validation Accuracy: 0.847571932940107
Current Validation Loss: 0.0017167319199051366
Epoch 68
Best Validation Accuracy: 0.8484105339562941
Current Validation Accuracy: 0.8446544470518593
Current Validation Loss: 0.0017519459624759665
Epoch 69
Best Validation Accuracy: 0.8484105339562941
Current Validation Accuracy: 0.845535330472224
Current Validation Loss: 0.0017442680718335031
Epoch 70
Best Validation Accuracy: 0.8484105339562941
Current Validation Accuracy: 0.8415325962100871
Current Validation Loss: 0.0017851660162367768
Epoch 71
Best Validation Accuracy: 0.8484105339562941
Current Validation Accuracy: 0.848840405065432
Current Validation Loss: 0.0017022410446371514
Saving best model based on accuracy
Epoch 72
Best Validation Accuracy: 0.848840405065432
Current Validation Accuracy: 0.8439849756523823
Current Validation Loss: 0.0017703708383876278
Epoch 73
Best Validation Accuracy: 0.848840405065432
Current Validation Accuracy: 0.8454789539333206
Current Validation Loss: 0.0017488616895680027
Epoch 74
Best Validation Accuracy: 0.848840405065432
Current Validation Accuracy: 0.8467826613954603
Current Validation Loss: 0.0017290204994643366
Epoch 75
Best Validation Accuracy: 0.848840405065432
Current Validation Accuracy: 0.8466980965871053
Current Validation Loss: 0.0017316329639083972
Epoch 76
Best Validation Accuracy: 0.848840405065432
Current Validation Accuracy: 0.8484246280910199
Current Validation Loss: 0.001712066069715046
Epoch 77
Best Validation Accuracy: 0.848840405065432
Current Validation Accuracy: 0.8407715129348922
Current Validation Loss: 0.001785556386063388
Epoch 78
Best Validation Accuracy: 0.848840405065432
Current Validation Accuracy: 0.8488685933348837
Current Validation Loss: 0.0017140540343408314
Saving best model based on accuracy
Epoch 79
Best Validation Accuracy: 0.8488685933348837
Current Validation Accuracy: 0.8416876316920714
Current Validation Loss: 0.0017854177773212608
Epoch 80
Best Validation Accuracy: 0.8488685933348837
Current Validation Accuracy: 0.8475860270748328
Current Validation Loss: 0.001722103910379028
Epoch 81
Best Validation Accuracy: 0.8488685933348837
Current Validation Accuracy: 0.846895414473267
Current Validation Loss: 0.0017375558349896909
Epoch 82
Best Validation Accuracy: 0.8488685933348837
Current Validation Accuracy: 0.849686053148982
Current Validation Loss: 0.0017029321395817328
Saving best model based on accuracy
Epoch 83
Best Validation Accuracy: 0.849686053148982
Current Validation Accuracy: 0.847233673706687
Current Validation Loss: 0.001718994947640547
Epoch 84
Best Validation Accuracy: 0.849686053148982
Current Validation Accuracy: 0.8434775868022523
Current Validation Loss: 0.001759689334934158
Epoch 85
Best Validation Accuracy: 0.849686053148982
Current Validation Accuracy: 0.8456269423479419
Current Validation Loss: 0.0017379938337591743
Epoch 86
Best Validation Accuracy: 0.849686053148982
Current Validation Accuracy: 0.8483612044847537
Current Validation Loss: 0.0017212600394424283
Epoch 87
Best Validation Accuracy: 0.849686053148982
Current Validation Accuracy: 0.8459792957160878
Current Validation Loss: 0.001734207135593031
Epoch 88
Best Validation Accuracy: 0.849686053148982
Current Validation Accuracy: 0.847741062556817
Current Validation Loss: 0.0017224093401320224
Epoch 89
Best Validation Accuracy: 0.849686053148982
Current Validation Accuracy: 0.8486078518424558
Current Validation Loss: 0.0017097617530895336
Epoch 90
Best Validation Accuracy: 0.849686053148982
Current Validation Accuracy: 0.844259811279536
Current Validation Loss: 0.0017523081525867789
Epoch 91
Best Validation Accuracy: 0.849686053148982
Current Validation Accuracy: 0.8486430871792704
Current Validation Loss: 0.0017157037741208634
Epoch 92
Best Validation Accuracy: 0.849686053148982
Current Validation Accuracy: 0.8470293087531624
Current Validation Loss: 0.0017185057922394949
Epoch 93
Best Validation Accuracy: 0.849686053148982
Current Validation Accuracy: 0.8472054854372353
Current Validation Loss: 0.001715426801728751
Epoch 94
Best Validation Accuracy: 0.849686053148982
Current Validation Accuracy: 0.8482132160701324
Current Validation Loss: 0.0017091254006404734
Epoch 95
Best Validation Accuracy: 0.849686053148982
Current Validation Accuracy: 0.8400104296596971
Current Validation Loss: 0.0018018596631165416
Epoch 96
Best Validation Accuracy: 0.849686053148982
Current Validation Accuracy: 0.8453943891249657
Current Validation Loss: 0.001745445410476089
Epoch 97
Best Validation Accuracy: 0.849686053148982
Current Validation Accuracy: 0.8484316751583828
Current Validation Loss: 0.0017170971521407793
Epoch 98
Best Validation Accuracy: 0.849686053148982
Current Validation Accuracy: 0.8471209206288803
Current Validation Loss: 0.0017341391709329989
Epoch 99
[[6.65384857e-03 7.59512279e-03 2.04381649e-03 9.83707130e-01]
 [6.95519984e-01 1.72117412e-01 1.17467437e-02 1.20615914e-01]
 [3.73162737e-04 5.25779789e-04 1.65529254e-05 9.99084473e-01]
 [5.32728508e-02 1.89918503e-02 1.98872641e-01 7.28862584e-01]
 [3.37918871e-03 2.74179294e-03 4.30175627e-04 9.93448913e-01]
 [2.13768362e-04 2.16038665e-03 9.95717943e-01 1.90788950e-03]
 [6.50946081e-01 1.02757094e-02 1.23485439e-02 3.26429725e-01]
 [3.69739044e-03 1.45274540e-03 2.78953958e-04 9.94570911e-01]
 [5.77562547e-04 1.11818621e-02 9.85861421e-01 2.37919996e-03]
 [3.93811017e-02 9.60618198e-01 2.06241438e-07 4.93671905e-07]
 [1.24294721e-01 1.07690804e-02 3.48175853e-01 5.16760349e-01]
 [1.65699702e-03 1.72159653e-02 9.74404931e-01 6.72213640e-03]
 [9.89010513e-01 4.91355406e-03 1.81075360e-03 4.26528230e-03]
 [5.09812951e-01 3.42548005e-02 3.42853338e-01 1.13078937e-01]
 [5.54594153e-04 9.99438345e-01 4.79451319e-06 2.27176338e-06]
 [1.24471486e-02 9.81044233e-01 2.37236964e-03 4.13622940e-03]
 [1.47982523e-01 2.35362295e-02 1.58762604e-01 6.69718623e-01]
 [8.99735913e-02 8.54291081e-01 2.33660247e-02 3.23692374e-02]
 [1.60337053e-02 1.90862492e-02 9.01536644e-01 6.33435026e-02]
 [2.20685862e-02 9.74918902e-01 9.19174810e-04 2.09338311e-03]]
[[6.65384857e-03 7.59512279e-03 2.04381649e-03 9.83707130e-01]
 [6.95519984e-01 1.72117412e-01 1.17467437e-02 1.20615914e-01]
 [3.73162737e-04 5.25779789e-04 1.65529254e-05 9.99084473e-01]
 [5.32728508e-02 1.89918503e-02 1.98872641e-01 7.28862584e-01]
 [3.37918871e-03 2.74179294e-03 4.30175627e-04 9.93448913e-01]
 [2.13768362e-04 2.16038665e-03 9.95717943e-01 1.90788950e-03]
 [6.50946081e-01 1.02757094e-02 1.23485439e-02 3.26429725e-01]
 [3.69739044e-03 1.45274540e-03 2.78953958e-04 9.94570911e-01]
 [5.77562547e-04 1.11818621e-02 9.85861421e-01 2.37919996e-03]
 [3.93811017e-02 9.60618198e-01 2.06241438e-07 4.93671905e-07]
 [1.24294721e-01 1.07690804e-02 3.48175853e-01 5.16760349e-01]
 [1.65699702e-03 1.72159653e-02 9.74404931e-01 6.72213640e-03]
 [9.89010513e-01 4.91355406e-03 1.81075360e-03 4.26528230e-03]
 [5.09812951e-01 3.42548005e-02 3.42853338e-01 1.13078937e-01]
 [5.54594153e-04 9.99438345e-01 4.79451319e-06 2.27176338e-06]
 [1.24471486e-02 9.81044233e-01 2.37236964e-03 4.13622940e-03]
 [1.47982523e-01 2.35362295e-02 1.58762604e-01 6.69718623e-01]
 [8.99735913e-02 8.54291081e-01 2.33660247e-02 3.23692374e-02]
 [1.60337053e-02 1.90862492e-02 9.01536644e-01 6.33435026e-02]
 [2.20685862e-02 9.74918902e-01 9.19174810e-04 2.09338311e-03]]
[[0. 0. 0. 1.]
 [1. 0. 0. 0.]
 [0. 0. 0. 1.]
 [0. 0. 0. 1.]
 [0. 0. 0. 1.]
 [0. 0. 1. 0.]
 [0. 0. 0. 1.]
 [0. 0. 0. 1.]
 [0. 0. 1. 0.]
 [0. 1. 0. 0.]
 [0. 0. 0. 1.]
 [0. 0. 1. 0.]
 [1. 0. 0. 0.]
 [0. 0. 1. 0.]
 [0. 1. 0. 0.]
 [0. 1. 0. 0.]
 [0. 1. 0. 0.]
 [0. 1. 0. 0.]
 [0. 0. 1. 0.]
 [0. 1. 0. 0.]]
Best Validation Accuracy: 0.849686053148982
Current Validation Accuracy: 0.8465782964419357
Current Validation Loss: 0.0017461325516034765
Saving last model
