Running "module reset". Resetting modules to system default. The following $MODULEPATH directories have been removed: None
A conda environment has been detected CONDA_PREFIX=
/sw/external/python/anaconda3 
anaconda3_gpu is loaded. Consider running conda deactivate and reloading it.

Currently Loaded Modules:
  1) cue-login-env/1.0   4) gcc/11.2.0    7) openmpi/4.1.2
  2) default             5) cuda/11.6.1   8) cudnn/8.4.1.50
  3) modtree/gpu         6) ucx/1.11.2    9) anaconda3_gpu/4.13.0

 

/u/avroy/UQ_XAI_Studies/models/PFIN_UQ/model/jobsub
total 23K
-rw-rw----+ 1 avroy delta_bbhj  925 Mar 31 16:58 jobsubmitter_dummy.py
-rw-rw----+ 1 avroy delta_bbhj  12K May 13 01:23 jobsubmitter.py
-rw-rw----+ 1 avroy delta_bbhj  11K May  6 02:17 jobsubmitter.py~
-rw-rw----+ 1 avroy delta_bbhj 1.2K May 13 01:23 UQPFIN-run-jetclass_trial0_partdata.slurm
-rw-rw----+ 1 avroy delta_bbhj 1.2K May 13 01:23 UQPFIN-run-jetclass_trial1_partdata.slurm
-rw-rw----+ 1 avroy delta_bbhj 1.2K May 13 01:23 UQPFIN-run-jetclass_trial2_partdata.slurm
-rw-rw----+ 1 avroy delta_bbhj 1.2K May 13 01:23 UQPFIN-run-jetclass_trial3_partdata.slurm
-rw-------+ 1 avroy delta_bbhj  969 May  2 10:38 UQPFIN-run.slurm
/projects/bbhj/avroy/UQ_XAI_Studies/models/PFIN_UQ/model
total 108K
drwxr-s---+ 2 avroy delta_bbhj  12K May 13 01:23 jobouts
drwxr-s---+ 2 avroy delta_bbhj 4.0K May 13 01:23 jobsub
-rw-rw----+ 1 avroy delta_bbhj 8.3K May  1 09:53 PFINDataset.py
drwxrws---+ 2 avroy delta_bbhj 4.0K May  5 19:52 __pycache__
drwxrws---+ 2 avroy delta_bbhj  12K May 13 01:19 trained_model_dicts
drwxr-s---+ 2 avroy delta_bbhj 4.0K Mar 31 15:09 trained_model_dicts_old
drwxrws---+ 2 avroy delta_bbhj  20K May 13 01:19 trained_models
drwxr-s---+ 2 avroy delta_bbhj 4.0K Mar 31 15:10 trained_models_old
-rw-rw----+ 1 avroy delta_bbhj  19K May 13 01:18 train.py
-rw-rw----+ 1 avroy delta_bbhj  13K May  5 09:36 UQPFIN.py
job is starting on gpua095.delta.ncsa.illinois.edu
# conda environments:
#
base                     /sw/external/python/anaconda3
toptagger_env         *  /u/avroy/.conda/envs/toptagger_env

/sw/external/python/anaconda3_gpu/bin/python
==========================================================================================
Layer (type:depth-idx)                   Output Shape              Param #
==========================================================================================
UQPFIN                                   [1, 10]                   --
├─Sequential: 1-1                        [60, 128]                 --
│    └─Sequential: 2-1                   [60, 100]                 --
│    │    └─Linear: 3-1                  [60, 100]                 1,200
│    │    └─ReLU: 3-2                    [60, 100]                 --
│    └─Sequential: 2-2                   [60, 100]                 --
│    │    └─Linear: 3-3                  [60, 100]                 10,100
│    │    └─ReLU: 3-4                    [60, 100]                 --
│    └─Sequential: 2-3                   [60, 100]                 --
│    │    └─Linear: 3-5                  [60, 100]                 10,100
│    │    └─ReLU: 3-6                    [60, 100]                 --
│    └─Sequential: 2-4                   [60, 128]                 --
│    │    └─Linear: 3-7                  [60, 128]                 12,928
│    │    └─ReLU: 3-8                    [60, 128]                 --
├─Sequential: 1-2                        [1770, 128]               --
│    └─Sequential: 2-5                   [1770, 256]               --
│    │    └─Linear: 3-9                  [1770, 256]               1,280
│    │    └─ReLU: 3-10                   [1770, 256]               --
│    └─Sequential: 2-6                   [1770, 256]               --
│    │    └─Linear: 3-11                 [1770, 256]               65,792
│    │    └─ReLU: 3-12                   [1770, 256]               --
│    └─Sequential: 2-7                   [1770, 128]               --
│    │    └─Linear: 3-13                 [1770, 128]               32,896
│    │    └─ReLU: 3-14                   [1770, 128]               --
├─Sequential: 1-3                        [60, 128]                 --
│    └─Sequential: 2-8                   [60, 256]                 --
│    │    └─Linear: 3-15                 [60, 256]                 35,840
│    │    └─ReLU: 3-16                   [60, 256]                 --
│    └─Sequential: 2-9                   [60, 256]                 --
│    │    └─Linear: 3-17                 [60, 256]                 65,792
│    │    └─ReLU: 3-18                   [60, 256]                 --
│    └─Sequential: 2-10                  [60, 128]                 --
│    │    └─Linear: 3-19                 [60, 128]                 32,896
│    │    └─ReLU: 3-20                   [60, 128]                 --
├─Sequential: 1-4                        [1, 10]                   --
│    └─Sequential: 2-11                  [1, 128]                  --
│    │    └─Linear: 3-21                 [1, 128]                  16,512
│    │    └─ReLU: 3-22                   [1, 128]                  --
│    └─Sequential: 2-12                  [1, 100]                  --
│    │    └─Linear: 3-23                 [1, 100]                  12,900
│    │    └─ReLU: 3-24                   [1, 100]                  --
│    └─Sequential: 2-13                  [1, 100]                  --
│    │    └─Linear: 3-25                 [1, 100]                  10,100
│    │    └─ReLU: 3-26                   [1, 100]                  --
│    └─Sequential: 2-14                  [1, 100]                  --
│    │    └─Linear: 3-27                 [1, 100]                  10,100
│    │    └─ReLU: 3-28                   [1, 100]                  --
│    └─Linear: 2-15                      [1, 10]                   1,010
│    └─Softmax: 2-16                     [1, 10]                   --
==========================================================================================
Total params: 319,446
Trainable params: 319,446
Non-trainable params: 0
Total mult-adds (M): 187.13
==========================================================================================
Input size (MB): 0.00
Forward/backward pass size (MB): 9.58
Params size (MB): 1.28
Estimated Total Size (MB): 10.86
==========================================================================================
data type:  jetclass
m_logic, pt_logic, eta_logic:  AND AND AND
m1, m2, pt1, pt2, eta1, eta2:  0.0 10000.0 0.0 10000.0 -6.0 6.0
skip labels:  []
classes:  10
Epoch 0
Best Validation Accuracy: 0
Current Validation Accuracy: 0.6642215419092783
Current Validation Loss: 0.0003762952960271935
Saving best model based on accuracy
Epoch 1
Best Validation Accuracy: 0.6642215419092783
Current Validation Accuracy: 0.693735118154351
Current Validation Loss: 0.00034257573407053685
Saving best model based on accuracy
Epoch 2
Best Validation Accuracy: 0.693735118154351
Current Validation Accuracy: 0.7054385017107869
Current Validation Loss: 0.00033076944318899556
Saving best model based on accuracy
Epoch 3
Best Validation Accuracy: 0.7054385017107869
Current Validation Accuracy: 0.7108609960581868
Current Validation Loss: 0.00032532065167591075
Saving best model based on accuracy
Epoch 4
Best Validation Accuracy: 0.7108609960581868
Current Validation Accuracy: 0.7130359965584169
Current Validation Loss: 0.000322346129804694
Saving best model based on accuracy
Epoch 5
Best Validation Accuracy: 0.7130359965584169
Current Validation Accuracy: 0.7151879864737779
Current Validation Loss: 0.0003196184948636248
Saving best model based on accuracy
Epoch 6
Best Validation Accuracy: 0.7151879864737779
Current Validation Accuracy: 0.7185955539548192
Current Validation Loss: 0.0003157319933635804
Saving best model based on accuracy
Epoch 7
Best Validation Accuracy: 0.7185955539548192
Current Validation Accuracy: 0.7193418972727454
Current Validation Loss: 0.00031449052749481666
Saving best model based on accuracy
Epoch 8
Best Validation Accuracy: 0.7193418972727454
Current Validation Accuracy: 0.71981611541309
Current Validation Loss: 0.0003133566947196773
Saving best model based on accuracy
Epoch 9
Best Validation Accuracy: 0.71981611541309
Current Validation Accuracy: 0.723822958560938
Current Validation Loss: 0.0003093675310558247
Saving best model based on accuracy
Epoch 10
Best Validation Accuracy: 0.723822958560938
Current Validation Accuracy: 0.7247093663085019
Current Validation Loss: 0.00030834461757872796
Saving best model based on accuracy
Epoch 11
Best Validation Accuracy: 0.7247093663085019
Current Validation Accuracy: 0.7251435660403786
Current Validation Loss: 0.00030773652419944337
Saving best model based on accuracy
Epoch 12
Best Validation Accuracy: 0.7251435660403786
Current Validation Accuracy: 0.7266622646417352
Current Validation Loss: 0.0003061834420348176
Saving best model based on accuracy
Epoch 13
Best Validation Accuracy: 0.7266622646417352
Current Validation Accuracy: 0.7268003281509494
Current Validation Loss: 0.0003055896920182924
Saving best model based on accuracy
Epoch 14
Best Validation Accuracy: 0.7268003281509494
Current Validation Accuracy: 0.7283880585069131
Current Validation Loss: 0.000303892477278516
Saving best model based on accuracy
Epoch 15
Best Validation Accuracy: 0.7283880585069131
Current Validation Accuracy: 0.7300668307421414
Current Validation Loss: 0.0003022826576389385
Saving best model based on accuracy
Epoch 16
Best Validation Accuracy: 0.7300668307421414
Current Validation Accuracy: 0.7316705684614923
Current Validation Loss: 0.00030063578543033405
Saving best model based on accuracy
Epoch 17
Best Validation Accuracy: 0.7316705684614923
Current Validation Accuracy: 0.7328471096704484
Current Validation Loss: 0.0002993659399412406
Saving best model based on accuracy
Epoch 18
Best Validation Accuracy: 0.7328471096704484
Current Validation Accuracy: 0.7341126918382456
Current Validation Loss: 0.0002981150067649016
Saving best model based on accuracy
Epoch 19
Best Validation Accuracy: 0.7341126918382456
Current Validation Accuracy: 0.7344878644176321
Current Validation Loss: 0.00029761722765662133
Saving best model based on accuracy
Epoch 20
Best Validation Accuracy: 0.7344878644176321
Current Validation Accuracy: 0.7346429357504453
Current Validation Loss: 0.0002972870026349015
Saving best model based on accuracy
Epoch 21
Best Validation Accuracy: 0.7346429357504453
Current Validation Accuracy: 0.7344048262200612
Current Validation Loss: 0.00029742946026431466
Epoch 22
Best Validation Accuracy: 0.7346429357504453
Current Validation Accuracy: 0.7337265141965305
Current Validation Loss: 0.00029808344553481405
Epoch 23
Best Validation Accuracy: 0.7346429357504453
Current Validation Accuracy: 0.7327010424795406
Current Validation Loss: 0.00029885878929449835
Epoch 24
Best Validation Accuracy: 0.7346429357504453
Current Validation Accuracy: 0.7329931768613562
Current Validation Loss: 0.0002985153160530863
Epoch 25
Best Validation Accuracy: 0.7346429357504453
Current Validation Accuracy: 0.7343768133341337
Current Validation Loss: 0.000297121018839786
Epoch 26
Best Validation Accuracy: 0.7346429357504453
Current Validation Accuracy: 0.7366308501910879
Current Validation Loss: 0.0002950209875812092
Saving best model based on accuracy
Epoch 27
Best Validation Accuracy: 0.7366308501910879
Current Validation Accuracy: 0.7374752386097605
Current Validation Loss: 0.0002940847403810842
Saving best model based on accuracy
Epoch 28
Best Validation Accuracy: 0.7374752386097605
Current Validation Accuracy: 0.7379114392620606
Current Validation Loss: 0.00029369933499716875
Saving best model based on accuracy
Epoch 29
Best Validation Accuracy: 0.7379114392620606
Current Validation Accuracy: 0.7382616003361546
Current Validation Loss: 0.0002932394870172842
Saving best model based on accuracy
Epoch 30
Best Validation Accuracy: 0.7382616003361546
Current Validation Accuracy: 0.7386937991476079
Current Validation Loss: 0.00029290497027508844
Saving best model based on accuracy
Epoch 31
Best Validation Accuracy: 0.7386937991476079
Current Validation Accuracy: 0.7389209036156632
Current Validation Loss: 0.00029262809646127936
Saving best model based on accuracy
Epoch 32
Best Validation Accuracy: 0.7389209036156632
Current Validation Accuracy: 0.7390509634431839
Current Validation Loss: 0.0002923243696082742
Saving best model based on accuracy
Epoch 33
Best Validation Accuracy: 0.7390509634431839
Current Validation Accuracy: 0.7392930748144146
Current Validation Loss: 0.0002921177140542038
Saving best model based on accuracy
Epoch 34
Best Validation Accuracy: 0.7392930748144146
Current Validation Accuracy: 0.7395191788222583
Current Validation Loss: 0.00029192278950092786
Saving best model based on accuracy
Epoch 35
Best Validation Accuracy: 0.7395191788222583
Current Validation Accuracy: 0.7396802529163415
Current Validation Loss: 0.00029171367054581725
Saving best model based on accuracy
Epoch 36
Best Validation Accuracy: 0.7396802529163415
Current Validation Accuracy: 0.7398603357544471
Current Validation Loss: 0.0002915888898910818
Saving best model based on accuracy
Epoch 37
Best Validation Accuracy: 0.7398603357544471
Current Validation Accuracy: 0.7399743882185805
Current Validation Loss: 0.00029136445205208826
Saving best model based on accuracy
Epoch 38
Best Validation Accuracy: 0.7399743882185805
Current Validation Accuracy: 0.7399723872981572
Current Validation Loss: 0.0002913714665135008
Validation Accuracy has not changed much, will stop in 4 epochs if this continues
Epoch 39
Best Validation Accuracy: 0.7399743882185805
Current Validation Accuracy: 0.7400174080076836
Current Validation Loss: 0.00029143683877262146
Validation Accuracy has not changed much, will stop in 3 epochs if this continues
Saving best model based on accuracy
Epoch 40
Best Validation Accuracy: 0.7400174080076836
Current Validation Accuracy: 0.7401774816415552
Current Validation Loss: 0.00029115515378332654
Saving best model based on accuracy
Epoch 41
Best Validation Accuracy: 0.7401774816415552
Current Validation Accuracy: 0.7403875782860115
Current Validation Loss: 0.0002909390033716619
Saving best model based on accuracy
Epoch 42
Best Validation Accuracy: 0.7403875782860115
Current Validation Accuracy: 0.740098445284831
Current Validation Loss: 0.00029111695043450606
Epoch 43
Best Validation Accuracy: 0.7403875782860115
Current Validation Accuracy: 0.7402675230606078
Current Validation Loss: 0.00029101803435768275
Epoch 44
Best Validation Accuracy: 0.7403875782860115
Current Validation Accuracy: 0.7397983072213218
Current Validation Loss: 0.0002913168555183624
Epoch 45
Best Validation Accuracy: 0.7403875782860115
Current Validation Accuracy: 0.74017448026092
Current Validation Loss: 0.00029098814771554027
Epoch 46
Best Validation Accuracy: 0.7403875782860115
Current Validation Accuracy: 0.740336554815215
Current Validation Loss: 0.00029077182264152635
Epoch 47
Best Validation Accuracy: 0.7403875782860115
Current Validation Accuracy: 0.7407277347579887
Current Validation Loss: 0.0002904063711041965
Saving best model based on accuracy
Epoch 48
Best Validation Accuracy: 0.7407277347579887
Current Validation Accuracy: 0.740521639954379
Current Validation Loss: 0.0002906431638743909
Epoch 49
Best Validation Accuracy: 0.7407277347579887
Current Validation Accuracy: 0.7403945815074935
Current Validation Loss: 0.0002908186301236288
Saving last model
