Running "module reset". Resetting modules to system default. The following $MODULEPATH directories have been removed: None
A conda environment has been detected CONDA_PREFIX=
/sw/external/python/anaconda3 
anaconda3_gpu is loaded. Consider running conda deactivate and reloading it.

Currently Loaded Modules:
  1) cue-login-env/1.0   4) gcc/11.2.0    7) openmpi/4.1.2
  2) default             5) cuda/11.6.1   8) cudnn/8.4.1.50
  3) modtree/gpu         6) ucx/1.11.2    9) anaconda3_gpu/4.13.0

 

/u/avroy/UQ_XAI_Studies/models/PFIN_UQ/model/jobsub
total 508K
-rw-rw----+ 1 avroy delta_bbhj  925 Mar 31 16:58 jobsubmitter_dummy.py
-rw-rw----+ 1 avroy delta_bbhj 5.2K May 27 21:16 jobsubmitter_jetclass_1gpu.py
-rw-rw----+ 1 avroy delta_bbhj  15K May 27 21:04 jobsubmitter_jetclass_1gpu.py~
-rw-rw----+ 1 avroy delta_bbhj  743 May 19 01:04 jobsubmitter_jetclass.py
-rw-rw----+ 1 avroy delta_bbhj  15K May 18 13:59 jobsubmitter.py
-rw-rw----+ 1 avroy delta_bbhj 1.2K May 19 13:52 UQPFIN-jetclass-run-jetclass20M_0_baseline.slurm
-rw-------+ 1 avroy delta_bbhj  973 May 19 00:59 UQPFIN-jetclass-run.slurm
-rw-rw----+ 1 avroy delta_bbhj 1.1K May 27 21:18 UQPFIN-run-jetclass_0.1_baseline.slurm
-rw-rw----+ 1 avroy delta_bbhj 1.1K May 27 21:18 UQPFIN-run-jetclass_0.1_skiph.slurm
-rw-rw----+ 1 avroy delta_bbhj 1.1K May 27 21:18 UQPFIN-run-jetclass_0.1_skiptop.slurm
-rw-rw----+ 1 avroy delta_bbhj 1.1K May 27 21:18 UQPFIN-run-jetclass_0.1_skiptwz.slurm
-rw-rw----+ 1 avroy delta_bbhj 1.1K May 27 21:18 UQPFIN-run-jetclass_0.1_skipwz.slurm
-rw-rw----+ 1 avroy delta_bbhj 1.1K May 27 21:18 UQPFIN-run-jetclass_0_baseline.slurm
-rw-rw----+ 1 avroy delta_bbhj 1.1K May 27 21:18 UQPFIN-run-jetclass_0_skiph.slurm
-rw-rw----+ 1 avroy delta_bbhj 1.1K May 27 21:18 UQPFIN-run-jetclass_0_skiptop.slurm
-rw-rw----+ 1 avroy delta_bbhj 1.1K May 27 21:18 UQPFIN-run-jetclass_0_skiptwz.slurm
-rw-rw----+ 1 avroy delta_bbhj 1.1K May 27 21:18 UQPFIN-run-jetclass_0_skipwz.slurm
-rw-rw----+ 1 avroy delta_bbhj 1.1K May 27 21:18 UQPFIN-run-jetclass_nominal_baseline.slurm
-rw-rw----+ 1 avroy delta_bbhj 1.1K May 27 21:18 UQPFIN-run-jetclass_nominal_skiph.slurm
-rw-rw----+ 1 avroy delta_bbhj 1.1K May 27 21:18 UQPFIN-run-jetclass_nominal_skiptop.slurm
-rw-rw----+ 1 avroy delta_bbhj 1.1K May 27 21:18 UQPFIN-run-jetclass_nominal_skiptwz.slurm
-rw-rw----+ 1 avroy delta_bbhj 1.1K May 27 21:18 UQPFIN-run-jetclass_nominal_skipwz.slurm
-rw-rw----+ 1 avroy delta_bbhj 1.1K May 27 21:18 UQPFIN-run-jetclass_softmax_baseline_0.slurm
-rw-rw----+ 1 avroy delta_bbhj 1.1K May 27 21:18 UQPFIN-run-jetclass_softmax_baseline_1.slurm
-rw-rw----+ 1 avroy delta_bbhj 1.1K May 27 21:18 UQPFIN-run-jetclass_softmax_baseline_2.slurm
-rw-rw----+ 1 avroy delta_bbhj 1.1K May 27 21:18 UQPFIN-run-jetclass_softmax_baseline_3.slurm
-rw-rw----+ 1 avroy delta_bbhj 1.1K May 27 21:18 UQPFIN-run-jetclass_softmax_baseline_4.slurm
-rw-rw----+ 1 avroy delta_bbhj 1.1K May 27 21:18 UQPFIN-run-jetclass_softmax_baseline_5.slurm
-rw-rw----+ 1 avroy delta_bbhj 1.1K May 27 21:18 UQPFIN-run-jetclass_softmax_baseline_6.slurm
-rw-rw----+ 1 avroy delta_bbhj 1.1K May 27 21:18 UQPFIN-run-jetclass_softmax_baseline_7.slurm
-rw-rw----+ 1 avroy delta_bbhj 1.1K May 27 21:18 UQPFIN-run-jetclass_softmax_baseline_8.slurm
-rw-rw----+ 1 avroy delta_bbhj 1.1K May 27 21:18 UQPFIN-run-jetclass_softmax_baseline_9.slurm
-rw-rw----+ 1 avroy delta_bbhj 1.2K May 27 21:18 UQPFIN-run-jetclass_softmax_dropout_baseline.slurm
-rw-rw----+ 1 avroy delta_bbhj 1.2K May 27 21:18 UQPFIN-run-jetclass_softmax_dropout_skiph.slurm
-rw-rw----+ 1 avroy delta_bbhj 1.2K May 27 21:18 UQPFIN-run-jetclass_softmax_dropout_skiptop.slurm
-rw-rw----+ 1 avroy delta_bbhj 1.2K May 27 21:18 UQPFIN-run-jetclass_softmax_dropout_skiptwz.slurm
-rw-rw----+ 1 avroy delta_bbhj 1.2K May 27 21:18 UQPFIN-run-jetclass_softmax_dropout_skipwz.slurm
-rw-rw----+ 1 avroy delta_bbhj 1.2K May 27 21:18 UQPFIN-run-jetclass_softmax_skiph_0.slurm
-rw-rw----+ 1 avroy delta_bbhj 1.2K May 27 21:18 UQPFIN-run-jetclass_softmax_skiph_1.slurm
-rw-rw----+ 1 avroy delta_bbhj 1.2K May 27 21:18 UQPFIN-run-jetclass_softmax_skiph_2.slurm
-rw-rw----+ 1 avroy delta_bbhj 1.2K May 27 21:18 UQPFIN-run-jetclass_softmax_skiph_3.slurm
-rw-rw----+ 1 avroy delta_bbhj 1.2K May 27 21:18 UQPFIN-run-jetclass_softmax_skiph_4.slurm
-rw-rw----+ 1 avroy delta_bbhj 1.2K May 27 21:18 UQPFIN-run-jetclass_softmax_skiph_5.slurm
-rw-rw----+ 1 avroy delta_bbhj 1.2K May 27 21:18 UQPFIN-run-jetclass_softmax_skiph_6.slurm
-rw-rw----+ 1 avroy delta_bbhj 1.2K May 27 21:18 UQPFIN-run-jetclass_softmax_skiph_7.slurm
-rw-rw----+ 1 avroy delta_bbhj 1.2K May 27 21:18 UQPFIN-run-jetclass_softmax_skiph_8.slurm
-rw-rw----+ 1 avroy delta_bbhj 1.2K May 27 21:18 UQPFIN-run-jetclass_softmax_skiph_9.slurm
-rw-rw----+ 1 avroy delta_bbhj 1.2K May 27 21:18 UQPFIN-run-jetclass_softmax_skiptop_0.slurm
-rw-rw----+ 1 avroy delta_bbhj 1.2K May 27 21:18 UQPFIN-run-jetclass_softmax_skiptop_1.slurm
-rw-rw----+ 1 avroy delta_bbhj 1.2K May 27 21:18 UQPFIN-run-jetclass_softmax_skiptop_2.slurm
-rw-rw----+ 1 avroy delta_bbhj 1.2K May 27 21:18 UQPFIN-run-jetclass_softmax_skiptop_3.slurm
-rw-rw----+ 1 avroy delta_bbhj 1.2K May 27 21:18 UQPFIN-run-jetclass_softmax_skiptop_4.slurm
-rw-rw----+ 1 avroy delta_bbhj 1.2K May 27 21:18 UQPFIN-run-jetclass_softmax_skiptop_5.slurm
-rw-rw----+ 1 avroy delta_bbhj 1.2K May 27 21:18 UQPFIN-run-jetclass_softmax_skiptop_6.slurm
-rw-rw----+ 1 avroy delta_bbhj 1.2K May 27 21:18 UQPFIN-run-jetclass_softmax_skiptop_7.slurm
-rw-rw----+ 1 avroy delta_bbhj 1.2K May 27 21:18 UQPFIN-run-jetclass_softmax_skiptop_8.slurm
-rw-rw----+ 1 avroy delta_bbhj 1.2K May 27 21:18 UQPFIN-run-jetclass_softmax_skiptop_9.slurm
-rw-rw----+ 1 avroy delta_bbhj 1.2K May 27 21:18 UQPFIN-run-jetclass_softmax_skiptwz_0.slurm
-rw-rw----+ 1 avroy delta_bbhj 1.2K May 27 21:18 UQPFIN-run-jetclass_softmax_skiptwz_1.slurm
-rw-rw----+ 1 avroy delta_bbhj 1.2K May 27 21:18 UQPFIN-run-jetclass_softmax_skiptwz_2.slurm
-rw-rw----+ 1 avroy delta_bbhj 1.2K May 27 21:18 UQPFIN-run-jetclass_softmax_skiptwz_3.slurm
-rw-rw----+ 1 avroy delta_bbhj 1.2K May 27 21:18 UQPFIN-run-jetclass_softmax_skiptwz_4.slurm
-rw-rw----+ 1 avroy delta_bbhj 1.2K May 27 21:18 UQPFIN-run-jetclass_softmax_skiptwz_5.slurm
-rw-rw----+ 1 avroy delta_bbhj 1.2K May 27 21:18 UQPFIN-run-jetclass_softmax_skiptwz_6.slurm
-rw-rw----+ 1 avroy delta_bbhj 1.2K May 27 21:18 UQPFIN-run-jetclass_softmax_skiptwz_7.slurm
-rw-rw----+ 1 avroy delta_bbhj 1.2K May 27 21:18 UQPFIN-run-jetclass_softmax_skiptwz_8.slurm
-rw-rw----+ 1 avroy delta_bbhj 1.2K May 27 21:18 UQPFIN-run-jetclass_softmax_skiptwz_9.slurm
-rw-rw----+ 1 avroy delta_bbhj 1.2K May 27 21:18 UQPFIN-run-jetclass_softmax_skipwz_0.slurm
-rw-rw----+ 1 avroy delta_bbhj 1.2K May 27 21:18 UQPFIN-run-jetclass_softmax_skipwz_1.slurm
-rw-rw----+ 1 avroy delta_bbhj 1.2K May 27 21:18 UQPFIN-run-jetclass_softmax_skipwz_2.slurm
-rw-rw----+ 1 avroy delta_bbhj 1.2K May 27 21:18 UQPFIN-run-jetclass_softmax_skipwz_3.slurm
-rw-rw----+ 1 avroy delta_bbhj 1.2K May 27 21:18 UQPFIN-run-jetclass_softmax_skipwz_4.slurm
-rw-rw----+ 1 avroy delta_bbhj 1.2K May 27 21:18 UQPFIN-run-jetclass_softmax_skipwz_5.slurm
-rw-rw----+ 1 avroy delta_bbhj 1.2K May 27 21:18 UQPFIN-run-jetclass_softmax_skipwz_6.slurm
-rw-rw----+ 1 avroy delta_bbhj 1.2K May 27 21:18 UQPFIN-run-jetclass_softmax_skipwz_7.slurm
-rw-rw----+ 1 avroy delta_bbhj 1.2K May 27 21:18 UQPFIN-run-jetclass_softmax_skipwz_8.slurm
-rw-rw----+ 1 avroy delta_bbhj 1.2K May 27 21:18 UQPFIN-run-jetclass_softmax_skipwz_9.slurm
-rw-rw----+ 1 avroy delta_bbhj 1.1K May 18 14:02 UQPFIN-run-JNqgmerged_0.1_baseline.slurm
-rw-rw----+ 1 avroy delta_bbhj 1.1K May 18 14:02 UQPFIN-run-JNqgmerged_0.1_skiptop.slurm
-rw-rw----+ 1 avroy delta_bbhj 1.1K May 18 14:02 UQPFIN-run-JNqgmerged_0.1_skipwz.slurm
-rw-rw----+ 1 avroy delta_bbhj 1.1K May 18 14:02 UQPFIN-run-JNqgmerged_0_baseline.slurm
-rw-rw----+ 1 avroy delta_bbhj 1.1K May 18 14:02 UQPFIN-run-JNqgmerged_0_skiptop.slurm
-rw-rw----+ 1 avroy delta_bbhj 1.1K May 18 14:02 UQPFIN-run-JNqgmerged_0_skipwz.slurm
-rw-rw----+ 1 avroy delta_bbhj 1.1K May 18 14:02 UQPFIN-run-JNqgmerged_nominal_baseline.slurm
-rw-rw----+ 1 avroy delta_bbhj 1.1K May 18 14:02 UQPFIN-run-JNqgmerged_nominal_skiptop.slurm
-rw-rw----+ 1 avroy delta_bbhj 1.1K May 18 14:02 UQPFIN-run-JNqgmerged_nominal_skipwz.slurm
-rw-rw----+ 1 avroy delta_bbhj 1.1K May 18 14:02 UQPFIN-run-JNqgmerged_softmax_baseline_0.slurm
-rw-rw----+ 1 avroy delta_bbhj 1.1K May 18 14:02 UQPFIN-run-JNqgmerged_softmax_baseline_1.slurm
-rw-rw----+ 1 avroy delta_bbhj 1.1K May 18 14:02 UQPFIN-run-JNqgmerged_softmax_baseline_2.slurm
-rw-rw----+ 1 avroy delta_bbhj 1.1K May 18 14:02 UQPFIN-run-JNqgmerged_softmax_baseline_3.slurm
-rw-rw----+ 1 avroy delta_bbhj 1.1K May 18 14:02 UQPFIN-run-JNqgmerged_softmax_baseline_4.slurm
-rw-rw----+ 1 avroy delta_bbhj 1.1K May 18 14:02 UQPFIN-run-JNqgmerged_softmax_baseline_5.slurm
-rw-rw----+ 1 avroy delta_bbhj 1.1K May 18 14:02 UQPFIN-run-JNqgmerged_softmax_baseline_6.slurm
-rw-rw----+ 1 avroy delta_bbhj 1.1K May 18 14:02 UQPFIN-run-JNqgmerged_softmax_baseline_7.slurm
-rw-rw----+ 1 avroy delta_bbhj 1.1K May 18 14:02 UQPFIN-run-JNqgmerged_softmax_baseline_8.slurm
-rw-rw----+ 1 avroy delta_bbhj 1.1K May 18 14:02 UQPFIN-run-JNqgmerged_softmax_baseline_9.slurm
-rw-rw----+ 1 avroy delta_bbhj 1.2K May 18 14:02 UQPFIN-run-JNqgmerged_softmax_dropout_baseline.slurm
-rw-rw----+ 1 avroy delta_bbhj 1.2K May 18 14:02 UQPFIN-run-JNqgmerged_softmax_dropout_skiptop.slurm
-rw-rw----+ 1 avroy delta_bbhj 1.2K May 18 14:02 UQPFIN-run-JNqgmerged_softmax_dropout_skipwz.slurm
-rw-rw----+ 1 avroy delta_bbhj 1.1K May 18 14:02 UQPFIN-run-JNqgmerged_softmax_skiptop_0.slurm
-rw-rw----+ 1 avroy delta_bbhj 1.1K May 18 14:02 UQPFIN-run-JNqgmerged_softmax_skiptop_1.slurm
-rw-rw----+ 1 avroy delta_bbhj 1.1K May 18 14:02 UQPFIN-run-JNqgmerged_softmax_skiptop_2.slurm
-rw-rw----+ 1 avroy delta_bbhj 1.1K May 18 14:02 UQPFIN-run-JNqgmerged_softmax_skiptop_3.slurm
-rw-rw----+ 1 avroy delta_bbhj 1.1K May 18 14:02 UQPFIN-run-JNqgmerged_softmax_skiptop_4.slurm
-rw-rw----+ 1 avroy delta_bbhj 1.1K May 18 14:02 UQPFIN-run-JNqgmerged_softmax_skiptop_5.slurm
-rw-rw----+ 1 avroy delta_bbhj 1.1K May 18 14:02 UQPFIN-run-JNqgmerged_softmax_skiptop_6.slurm
-rw-rw----+ 1 avroy delta_bbhj 1.1K May 18 14:02 UQPFIN-run-JNqgmerged_softmax_skiptop_7.slurm
-rw-rw----+ 1 avroy delta_bbhj 1.1K May 18 14:02 UQPFIN-run-JNqgmerged_softmax_skiptop_8.slurm
-rw-rw----+ 1 avroy delta_bbhj 1.1K May 18 14:02 UQPFIN-run-JNqgmerged_softmax_skiptop_9.slurm
-rw-rw----+ 1 avroy delta_bbhj 1.1K May 18 14:02 UQPFIN-run-JNqgmerged_softmax_skipwz_0.slurm
-rw-rw----+ 1 avroy delta_bbhj 1.1K May 18 14:02 UQPFIN-run-JNqgmerged_softmax_skipwz_1.slurm
-rw-rw----+ 1 avroy delta_bbhj 1.1K May 18 14:02 UQPFIN-run-JNqgmerged_softmax_skipwz_2.slurm
-rw-rw----+ 1 avroy delta_bbhj 1.1K May 18 14:02 UQPFIN-run-JNqgmerged_softmax_skipwz_3.slurm
-rw-rw----+ 1 avroy delta_bbhj 1.1K May 18 14:02 UQPFIN-run-JNqgmerged_softmax_skipwz_4.slurm
-rw-rw----+ 1 avroy delta_bbhj 1.1K May 18 14:02 UQPFIN-run-JNqgmerged_softmax_skipwz_5.slurm
-rw-rw----+ 1 avroy delta_bbhj 1.1K May 18 14:02 UQPFIN-run-JNqgmerged_softmax_skipwz_6.slurm
-rw-rw----+ 1 avroy delta_bbhj 1.1K May 18 14:02 UQPFIN-run-JNqgmerged_softmax_skipwz_7.slurm
-rw-rw----+ 1 avroy delta_bbhj 1.1K May 18 14:02 UQPFIN-run-JNqgmerged_softmax_skipwz_8.slurm
-rw-rw----+ 1 avroy delta_bbhj 1.1K May 18 14:02 UQPFIN-run-JNqgmerged_softmax_skipwz_9.slurm
-rw-------+ 1 avroy delta_bbhj  969 May 15 09:44 UQPFIN-run.slurm
/projects/bbhj/avroy/UQ_XAI_Studies/models/PFIN_UQ/model
total 204K
drwxr-s---+ 2 avroy delta_bbhj  16K May 28 17:09 jobouts
drwxr-s---+ 2 avroy delta_bbhj  16K May 27 21:18 jobsub
-rw-rw----+ 1 avroy delta_bbhj 8.4K May 18 21:37 PFINDataset.py
-rw-rw----+ 1 avroy delta_bbhj 8.4K May 15 14:46 PFINDataset.py~
drwxrws---+ 2 avroy delta_bbhj 4.0K May 18 21:38 __pycache__
drwxrws---+ 2 avroy delta_bbhj  20K May 28 17:08 trained_model_dicts
drwxr-s---+ 2 avroy delta_bbhj 4.0K Mar 31 15:09 trained_model_dicts_old
drwxrws---+ 2 avroy delta_bbhj  36K May 28 17:09 trained_models
drwxr-s---+ 2 avroy delta_bbhj 4.0K Mar 31 15:10 trained_models_old
-rw-rw----+ 1 avroy delta_bbhj  23K May 18 15:52 train_mod.py
-rw-rw----+ 1 avroy delta_bbhj  20K May 27 21:06 train.py
-rw-rw----+ 1 avroy delta_bbhj  20K May 18 13:50 train.py~
-rw-rw----+ 1 avroy delta_bbhj  13K May  5 09:36 UQPFIN.py
job is starting on gpua078.delta.ncsa.illinois.edu
# conda environments:
#
base                     /sw/external/python/anaconda3
toptagger_env         *  /u/avroy/.conda/envs/toptagger_env

/sw/external/python/anaconda3_gpu/bin/python
==========================================================================================
Layer (type:depth-idx)                   Output Shape              Param #
==========================================================================================
UQPFIN                                   [1, 5]                    --
├─Sequential: 1-1                        [60, 64]                  --
│    └─Sequential: 2-1                   [60, 100]                 --
│    │    └─Linear: 3-1                  [60, 100]                 1,200
│    │    └─ReLU: 3-2                    [60, 100]                 --
│    └─Sequential: 2-2                   [60, 100]                 --
│    │    └─Linear: 3-3                  [60, 100]                 10,100
│    │    └─ReLU: 3-4                    [60, 100]                 --
│    └─Sequential: 2-3                   [60, 64]                  --
│    │    └─Linear: 3-5                  [60, 64]                  6,464
│    │    └─ReLU: 3-6                    [60, 64]                  --
├─Sequential: 1-2                        [1770, 64]                --
│    └─Sequential: 2-4                   [1770, 128]               --
│    │    └─Linear: 3-7                  [1770, 128]               640
│    │    └─ReLU: 3-8                    [1770, 128]               --
│    └─Sequential: 2-5                   [1770, 128]               --
│    │    └─Linear: 3-9                  [1770, 128]               16,512
│    │    └─ReLU: 3-10                   [1770, 128]               --
│    └─Sequential: 2-6                   [1770, 64]                --
│    │    └─Linear: 3-11                 [1770, 64]                8,256
│    │    └─ReLU: 3-12                   [1770, 64]                --
├─Sequential: 1-3                        [60, 64]                  --
│    └─Sequential: 2-7                   [60, 128]                 --
│    │    └─Linear: 3-13                 [60, 128]                 9,728
│    │    └─ReLU: 3-14                   [60, 128]                 --
│    └─Sequential: 2-8                   [60, 128]                 --
│    │    └─Linear: 3-15                 [60, 128]                 16,512
│    │    └─ReLU: 3-16                   [60, 128]                 --
│    └─Sequential: 2-9                   [60, 64]                  --
│    │    └─Linear: 3-17                 [60, 64]                  8,256
│    │    └─ReLU: 3-18                   [60, 64]                  --
├─Sequential: 1-4                        [1, 5]                    --
│    └─Sequential: 2-10                  [1, 64]                   --
│    │    └─Linear: 3-19                 [1, 64]                   4,160
│    │    └─ReLU: 3-20                   [1, 64]                   --
│    └─Sequential: 2-11                  [1, 100]                  --
│    │    └─Linear: 3-21                 [1, 100]                  6,500
│    │    └─ReLU: 3-22                   [1, 100]                  --
│    └─Sequential: 2-12                  [1, 100]                  --
│    │    └─Linear: 3-23                 [1, 100]                  10,100
│    │    └─ReLU: 3-24                   [1, 100]                  --
│    └─Linear: 2-13                      [1, 5]                    505
│    └─Softmax: 2-14                     [1, 5]                    --
==========================================================================================
Total params: 98,933
Trainable params: 98,933
Non-trainable params: 0
Total mult-adds (M): 48.13
==========================================================================================
Input size (MB): 0.00
Forward/backward pass size (MB): 4.81
Params size (MB): 0.40
Estimated Total Size (MB): 5.21
==========================================================================================
data type:  jetclass
m_logic, pt_logic, eta_logic:  AND AND AND
m1, m2, pt1, pt2, eta1, eta2:  0.0 10000.0 0.0 10000.0 -6.0 6.0
skip labels:  [1, 2, 3, 4, 5]
classes:  5
Epoch 0
Best Validation Accuracy: 0
Current Validation Accuracy: 0.804265714949118
Current Validation Loss: 0.0003864237031568739
Saving best model based on accuracy
Epoch 1
Best Validation Accuracy: 0.804265714949118
Current Validation Accuracy: 0.8186745878603969
Current Validation Loss: 0.00036379263077960833
Saving best model based on accuracy
Epoch 2
Best Validation Accuracy: 0.8186745878603969
Current Validation Accuracy: 0.8202538892047047
Current Validation Loss: 0.00035894175369778646
Saving best model based on accuracy
Epoch 3
Best Validation Accuracy: 0.8202538892047047
Current Validation Accuracy: 0.8221044140371666
Current Validation Loss: 0.0003566217216906428
Saving best model based on accuracy
Epoch 4
Best Validation Accuracy: 0.8221044140371666
Current Validation Accuracy: 0.8234565281792197
Current Validation Loss: 0.0003539353000735636
Saving best model based on accuracy
Epoch 5
Best Validation Accuracy: 0.8234565281792197
Current Validation Accuracy: 0.8250748616860293
Current Validation Loss: 0.00035093071458872224
Saving best model based on accuracy
Epoch 6
Best Validation Accuracy: 0.8250748616860293
Current Validation Accuracy: 0.8250268221014115
Current Validation Loss: 0.0003505876339254444
Epoch 7
Best Validation Accuracy: 0.8250748616860293
Current Validation Accuracy: 0.8244193215209332
Current Validation Loss: 0.00035142169691551806
Epoch 8
Best Validation Accuracy: 0.8250748616860293
Current Validation Accuracy: 0.8231762972689496
Current Validation Loss: 0.0003530009926912629
Epoch 9
Best Validation Accuracy: 0.8250748616860293
Current Validation Accuracy: 0.8228450243000233
Current Validation Loss: 0.0003534639675591906
Epoch 10
Best Validation Accuracy: 0.8250748616860293
Current Validation Accuracy: 0.8244253264690105
Current Validation Loss: 0.00035104466497826994
Epoch 11
Best Validation Accuracy: 0.8250748616860293
Current Validation Accuracy: 0.8233184143734437
Current Validation Loss: 0.00035255487816443937
Epoch 12
Best Validation Accuracy: 0.8250748616860293
Current Validation Accuracy: 0.823744765686926
Current Validation Loss: 0.0003514201837074129
Epoch 13
Best Validation Accuracy: 0.8250748616860293
Current Validation Accuracy: 0.8247726126328094
Current Validation Loss: 0.000350337255296426
Epoch 14
Best Validation Accuracy: 0.8250748616860293
Current Validation Accuracy: 0.8233364292176754
Current Validation Loss: 0.0003516474225082952
Epoch 15
Best Validation Accuracy: 0.8250748616860293
Current Validation Accuracy: 0.8257243969030481
Current Validation Loss: 0.00034914366789427916
Saving best model based on accuracy
Epoch 16
Best Validation Accuracy: 0.8257243969030481
Current Validation Accuracy: 0.8248456728344156
Current Validation Loss: 0.00034999951591504835
Epoch 17
Best Validation Accuracy: 0.8257243969030481
Current Validation Accuracy: 0.8265060409777657
Current Validation Loss: 0.00034783521874166265
Saving best model based on accuracy
Epoch 18
Best Validation Accuracy: 0.8265060409777657
Current Validation Accuracy: 0.8243382547218908
Current Validation Loss: 0.0003509574921950329
Epoch 19
Best Validation Accuracy: 0.8265060409777657
Current Validation Accuracy: 0.8257514191693955
Current Validation Loss: 0.00034831716563554316
Epoch 20
Best Validation Accuracy: 0.8265060409777657
Current Validation Accuracy: 0.8257984579293338
Current Validation Loss: 0.00034809688521175806
Epoch 21
Best Validation Accuracy: 0.8265060409777657
Current Validation Accuracy: 0.826054669047295
Current Validation Loss: 0.0003477164846244518
Epoch 22
Best Validation Accuracy: 0.8265060409777657
Current Validation Accuracy: 0.8257814439097817
Current Validation Loss: 0.00034845606291594846
Epoch 23
Best Validation Accuracy: 0.8265060409777657
Current Validation Accuracy: 0.8258264810203608
Current Validation Loss: 0.0003477276354705783
Epoch 24
Best Validation Accuracy: 0.8265060409777657
Current Validation Accuracy: 0.8283075254009303
Current Validation Loss: 0.00034424906547222625
Saving best model based on accuracy
Epoch 25
Best Validation Accuracy: 0.8283075254009303
Current Validation Accuracy: 0.8281103629390618
Current Validation Loss: 0.0003448475814083183
Epoch 26
Best Validation Accuracy: 0.8283075254009303
Current Validation Accuracy: 0.8279492301656565
Current Validation Loss: 0.000344929432326967
Epoch 27
Best Validation Accuracy: 0.8283075254009303
Current Validation Accuracy: 0.8307245170020097
Current Validation Loss: 0.0003399286748650975
Saving best model based on accuracy
Epoch 28
Best Validation Accuracy: 0.8307245170020097
Current Validation Accuracy: 0.8269343939406071
Current Validation Loss: 0.0003461251459993165
Epoch 29
[[9.77785766e-01 1.39856189e-02 7.45187188e-03 6.79085133e-05
  7.08842126e-04]
 [6.45536460e-08 1.75422784e-07 7.79424436e-09 1.14081375e-08
  9.99999642e-01]
 [7.12197412e-10 4.19438963e-12 7.27928134e-13 7.16155968e-10
  1.00000000e+00]
 [1.29261404e-01 3.71226966e-01 4.99121785e-01 2.97158404e-04
  9.26935318e-05]
 [6.32159710e-02 7.35684156e-01 1.96116284e-01 3.84854921e-03
  1.13498000e-03]
 [9.92366731e-01 3.15286126e-03 4.18801885e-03 1.07824792e-06
  2.91230244e-04]
 [6.89100521e-03 4.08004224e-01 5.85045695e-01 5.27330776e-05
  6.37303083e-06]
 [9.73749459e-01 1.66267958e-02 8.45152140e-03 4.17671617e-05
  1.13038812e-03]
 [1.37627751e-01 1.40015423e-01 1.00050263e-01 6.22246981e-01
  5.95638448e-05]
 [3.46564986e-02 9.42696273e-01 1.80704091e-02 4.32622619e-03
  2.50628247e-04]
 [9.89650369e-01 5.04298229e-03 4.20443155e-03 9.75159113e-04
  1.27047795e-04]
 [1.03212530e-02 9.65532847e-03 8.27754010e-03 9.71745670e-01
  2.03951132e-07]
 [1.81485433e-03 6.64867414e-03 4.52118879e-03 9.86998260e-01
  1.70178191e-05]
 [7.60700405e-02 8.29074740e-01 9.22327861e-02 2.53954995e-03
  8.28738703e-05]
 [5.12428463e-01 7.25471899e-02 7.78534934e-02 3.37067902e-01
  1.02941616e-04]
 [1.57845630e-08 6.44678710e-09 2.40715420e-10 5.78438131e-11
  1.00000000e+00]
 [9.89354491e-01 6.08066330e-03 4.37694369e-03 1.66062625e-06
  1.86222896e-04]
 [1.48976746e-03 1.91614847e-03 5.89875330e-04 9.96002614e-01
  1.62698336e-06]
 [3.71828862e-02 2.39706963e-01 7.13681400e-01 9.13195498e-03
  2.96786689e-04]
 [5.32491785e-03 8.32130294e-03 5.39928442e-03 9.71170902e-01
  9.78361350e-03]]
[[9.77785766e-01 1.39856189e-02 7.45187188e-03 6.79085133e-05
  7.08842126e-04]
 [6.45536460e-08 1.75422784e-07 7.79424436e-09 1.14081375e-08
  9.99999642e-01]
 [7.12197412e-10 4.19438963e-12 7.27928134e-13 7.16155968e-10
  1.00000000e+00]
 [1.29261404e-01 3.71226966e-01 4.99121785e-01 2.97158404e-04
  9.26935318e-05]
 [6.32159710e-02 7.35684156e-01 1.96116284e-01 3.84854921e-03
  1.13498000e-03]
 [9.92366731e-01 3.15286126e-03 4.18801885e-03 1.07824792e-06
  2.91230244e-04]
 [6.89100521e-03 4.08004224e-01 5.85045695e-01 5.27330776e-05
  6.37303083e-06]
 [9.73749459e-01 1.66267958e-02 8.45152140e-03 4.17671617e-05
  1.13038812e-03]
 [1.37627751e-01 1.40015423e-01 1.00050263e-01 6.22246981e-01
  5.95638448e-05]
 [3.46564986e-02 9.42696273e-01 1.80704091e-02 4.32622619e-03
  2.50628247e-04]
 [9.89650369e-01 5.04298229e-03 4.20443155e-03 9.75159113e-04
  1.27047795e-04]
 [1.03212530e-02 9.65532847e-03 8.27754010e-03 9.71745670e-01
  2.03951132e-07]
 [1.81485433e-03 6.64867414e-03 4.52118879e-03 9.86998260e-01
  1.70178191e-05]
 [7.60700405e-02 8.29074740e-01 9.22327861e-02 2.53954995e-03
  8.28738703e-05]
 [5.12428463e-01 7.25471899e-02 7.78534934e-02 3.37067902e-01
  1.02941616e-04]
 [1.57845630e-08 6.44678710e-09 2.40715420e-10 5.78438131e-11
  1.00000000e+00]
 [9.89354491e-01 6.08066330e-03 4.37694369e-03 1.66062625e-06
  1.86222896e-04]
 [1.48976746e-03 1.91614847e-03 5.89875330e-04 9.96002614e-01
  1.62698336e-06]
 [3.71828862e-02 2.39706963e-01 7.13681400e-01 9.13195498e-03
  2.96786689e-04]
 [5.32491785e-03 8.32130294e-03 5.39928442e-03 9.71170902e-01
  9.78361350e-03]]
[[1. 0. 0. 0. 0.]
 [0. 0. 0. 0. 1.]
 [0. 0. 0. 0. 1.]
 [0. 0. 1. 0. 0.]
 [0. 1. 0. 0. 0.]
 [1. 0. 0. 0. 0.]
 [0. 1. 0. 0. 0.]
 [1. 0. 0. 0. 0.]
 [1. 0. 0. 0. 0.]
 [0. 1. 0. 0. 0.]
 [1. 0. 0. 0. 0.]
 [1. 0. 0. 0. 0.]
 [0. 0. 0. 1. 0.]
 [0. 1. 0. 0. 0.]
 [1. 0. 0. 0. 0.]
 [0. 0. 0. 0. 1.]
 [1. 0. 0. 0. 0.]
 [0. 0. 0. 1. 0.]
 [0. 1. 0. 0. 0.]
 [0. 0. 0. 1. 0.]]
Best Validation Accuracy: 0.8307245170020097
Current Validation Accuracy: 0.8269353947652865
Current Validation Loss: 0.00034668722963008994
Saving last model
