Running "module reset". Resetting modules to system default. The following $MODULEPATH directories have been removed: None
A conda environment has been detected CONDA_PREFIX=
/sw/external/python/anaconda3 
anaconda3_gpu is loaded. Consider running conda deactivate and reloading it.

Currently Loaded Modules:
  1) cue-login-env/1.0   4) gcc/11.2.0    7) openmpi/4.1.2
  2) default             5) cuda/11.6.1   8) cudnn/8.4.1.50
  3) modtree/gpu         6) ucx/1.11.2    9) anaconda3_gpu/4.13.0

 

/u/avroy/UQ_XAI_Studies/models/PFIN_UQ/model/jobsub
total 41K
-rw-rw----+ 1 avroy delta_bbhj  925 Mar 31 16:58 jobsubmitter_dummy.py
-rw-rw----+ 1 avroy delta_bbhj  12K May 13 01:27 jobsubmitter.py
-rw-rw----+ 1 avroy delta_bbhj  12K May 13 01:23 jobsubmitter.py~
-rw-rw----+ 1 avroy delta_bbhj 1.2K May 13 01:23 UQPFIN-run-jetclass_trial0_partdata.slurm
-rw-rw----+ 1 avroy delta_bbhj 1.2K May 13 01:23 UQPFIN-run-jetclass_trial1_partdata.slurm
-rw-rw----+ 1 avroy delta_bbhj 1.2K May 13 01:28 UQPFIN-run-jetclass_trial2_partdata.slurm
-rw-rw----+ 1 avroy delta_bbhj 1.2K May 13 01:28 UQPFIN-run-jetclass_trial3_partdata.slurm
-rw-------+ 1 avroy delta_bbhj  969 May  2 10:38 UQPFIN-run.slurm
/projects/bbhj/avroy/UQ_XAI_Studies/models/PFIN_UQ/model
total 108K
drwxr-s---+ 2 avroy delta_bbhj  12K May 13 01:28 jobouts
drwxr-s---+ 2 avroy delta_bbhj 4.0K May 13 01:27 jobsub
-rw-rw----+ 1 avroy delta_bbhj 8.3K May  1 09:53 PFINDataset.py
drwxrws---+ 2 avroy delta_bbhj 4.0K May  5 19:52 __pycache__
drwxrws---+ 2 avroy delta_bbhj  12K May 13 01:24 trained_model_dicts
drwxr-s---+ 2 avroy delta_bbhj 4.0K Mar 31 15:09 trained_model_dicts_old
drwxrws---+ 2 avroy delta_bbhj  20K May 13 01:19 trained_models
drwxr-s---+ 2 avroy delta_bbhj 4.0K Mar 31 15:10 trained_models_old
-rw-rw----+ 1 avroy delta_bbhj  19K May 13 01:18 train.py
-rw-rw----+ 1 avroy delta_bbhj  13K May  5 09:36 UQPFIN.py
job is starting on gpua016.delta.ncsa.illinois.edu
# conda environments:
#
base                     /sw/external/python/anaconda3
toptagger_env         *  /u/avroy/.conda/envs/toptagger_env

/sw/external/python/anaconda3_gpu/bin/python
slurmstepd: error: *** JOB 1995050 ON gpua016 CANCELLED AT 2023-05-15T01:28:44 DUE TO TIME LIMIT ***
